Log file open, 05/01/24 15:58:27
LogWindows: Failed to load 'aqProf.dll' (GetLastError=126)
LogWindows: File 'aqProf.dll' does not exist
LogWindows: Failed to load 'VtuneApi.dll' (GetLastError=126)
LogWindows: File 'VtuneApi.dll' does not exist
LogWindows: Failed to load 'VtuneApi32e.dll' (GetLastError=126)
LogWindows: File 'VtuneApi32e.dll' does not exist
LogConsoleResponse: Display: Failed to find resolution value strings in scalability ini. Falling back to default.
LogConsoleResponse: Display: Failed to find resolution value strings in scalability ini. Falling back to default.
LogInit: Display: Running engine for game: JellyHunt
LogPlatformFile: Not using cached read wrapper
LogTaskGraph: Started task graph with 5 named threads and 83 total threads with 3 sets of task threads.
LogStats: Stats thread started at 0.249719
LogICUInternationalization: ICU TimeZone Detection - Raw Offset: +0:00, Platform Override: ''
LogInit: Display: Loading text-based GConfig....
LogPluginManager: Mounting plugin MeshPainting
LogPluginManager: Mounting plugin XGEController
LogPluginManager: Mounting plugin Paper2D
LogPluginManager: Mounting plugin LiveLink
LogPluginManager: Mounting plugin AISupport
LogPluginManager: Mounting plugin EnvironmentQueryEditor
LogPluginManager: Mounting plugin GameplayCameras
LogPluginManager: Mounting plugin CameraShakePreviewer
LogPluginManager: Mounting plugin LightPropagationVolume
LogPluginManager: Mounting plugin OodleData
LogPluginManager: Mounting plugin OodleNetwork
LogPluginManager: Mounting plugin DatasmithContent
LogPluginManager: Mounting plugin AnimationSharing
LogPluginManager: Mounting plugin AssetManagerEditor
LogPluginManager: Mounting plugin Niagara
LogPluginManager: Mounting plugin CryptoKeys
LogPluginManager: Mounting plugin CurveEditorTools
LogPluginManager: Mounting plugin DataValidation
LogPluginManager: Mounting plugin VariantManagerContent
LogPluginManager: Mounting plugin GameplayTagsEditor
LogPluginManager: Mounting plugin GeometryMode
LogPluginManager: Mounting plugin MacGraphicsSwitching
LogPluginManager: Mounting plugin CLionSourceCodeAccess
LogPluginManager: Mounting plugin CodeLiteSourceCodeAccess
LogPluginManager: Mounting plugin FacialAnimation
LogPluginManager: Mounting plugin MaterialAnalyzer
LogPluginManager: Mounting plugin GitSourceControl
LogPluginManager: Mounting plugin PluginBrowser
LogPluginManager: Mounting plugin MobileLauncherProfileWizard
LogPluginManager: Mounting plugin KDevelopSourceCodeAccess
LogPluginManager: Mounting plugin PerforceSourceControl
LogPluginManager: Mounting plugin PlasticSourceControl
LogPluginManager: Mounting plugin PluginUtils
LogPluginManager: Mounting plugin NullSourceCodeAccess
LogPluginManager: Mounting plugin SubversionSourceControl
LogPluginManager: Mounting plugin SpeedTreeImporter
LogPluginManager: Mounting plugin TextureFormatOodle
LogPluginManager: Mounting plugin RiderSourceCodeAccess
LogPluginManager: Mounting plugin PropertyAccessNode
LogPluginManager: Mounting plugin AlembicImporter
LogPluginManager: Mounting plugin PixWinPlugin
LogPluginManager: Mounting plugin UObjectPlugin
LogPluginManager: Mounting plugin XCodeSourceCodeAccess
LogPluginManager: Mounting plugin BackChannel
LogPluginManager: Mounting plugin VisualStudioSourceCodeAccess
LogPluginManager: Mounting plugin AutomationUtils
LogPluginManager: Mounting plugin ChaosCloth
LogPluginManager: Mounting plugin CharacterAI
LogPluginManager: Mounting plugin ChaosEditor
LogPluginManager: Mounting plugin ChaosNiagara
LogPluginManager: Mounting plugin ChaosSolverPlugin
LogPluginManager: Mounting plugin ChaosClothEditor
LogPluginManager: Mounting plugin VisualStudioCodeSourceCodeAccess
LogPluginManager: Mounting plugin GeometryCollectionPlugin
LogPluginManager: Mounting plugin LuminPlatformFeatures
LogPluginManager: Mounting plugin MagicLeap
LogPluginManager: Mounting plugin GeometryCache
LogPluginManager: Mounting plugin GeometryProcessing
LogPluginManager: Mounting plugin MagicLeapLightEstimation
LogPluginManager: Mounting plugin MagicLeapMedia
LogPluginManager: Mounting plugin MagicLeapPassableWorld
LogPluginManager: Mounting plugin OpenImageDenoise
LogPluginManager: Mounting plugin MotoSynth
LogPluginManager: Mounting plugin PlatformCrypto
LogPluginManager: Mounting plugin PythonScriptPlugin
LogPluginManager: Mounting plugin ProxyLODPlugin
LogPluginManager: Mounting plugin MLSDK
LogPluginManager: Mounting plugin PlanarCut
LogPluginManager: Mounting plugin UdpMessaging
LogPluginManager: Mounting plugin LauncherChunkInstaller
LogPluginManager: Mounting plugin TcpMessaging
LogPluginManager: Mounting plugin OnlineSubsystem
LogPluginManager: Mounting plugin SkeletalReduction
LogPluginManager: Mounting plugin OnlineSubsystemNull
LogPluginManager: Mounting plugin AvfMedia
LogPluginManager: Mounting plugin AndroidMedia
LogPluginManager: Mounting plugin ImgMedia
LogPluginManager: Mounting plugin OnlineSubsystemUtils
LogPluginManager: Mounting plugin MediaCompositing
LogPluginManager: Mounting plugin AndroidMoviePlayer
LogPluginManager: Mounting plugin AndroidDeviceProfileSelector
LogPluginManager: Mounting plugin AndroidPermission
LogPluginManager: Mounting plugin AppleMoviePlayer
LogPluginManager: Mounting plugin ArchVisCharacter
LogPluginManager: Mounting plugin AppleImageUtils
LogPluginManager: Mounting plugin AudioCapture
LogPluginManager: Mounting plugin AudioSynesthesia
LogPluginManager: Mounting plugin AssetTags
LogPluginManager: Mounting plugin ActorLayerUtilities
LogPluginManager: Mounting plugin WebMMedia
LogPluginManager: Mounting plugin MediaPlayerEditor
LogPluginManager: Mounting plugin ChunkDownloader
LogPluginManager: Mounting plugin WmfMedia
LogPluginManager: Mounting plugin CableComponent
LogPluginManager: Mounting plugin CustomMeshComponent
LogPluginManager: Mounting plugin ExampleDeviceProfileSelector
LogPluginManager: Mounting plugin MatineeToLevelSequence
LogPluginManager: Mounting plugin ScreenshotTools
LogPluginManager: Mounting plugin ActorSequence
LogPluginManager: Mounting plugin TemplateSequence
LogPluginManager: Mounting plugin LevelSequenceEditor
LogPluginManager: Mounting plugin GoogleCloudMessaging
LogPluginManager: Mounting plugin LinuxDeviceProfileSelector
LogPluginManager: Mounting plugin GooglePAD
LogPluginManager: Mounting plugin IOSDeviceProfileSelector
LogPluginManager: Mounting plugin EditableMesh
LogPluginManager: Mounting plugin MobilePatchingUtils
LogPluginManager: Mounting plugin LocationServicesBPLibrary
LogPluginManager: Mounting plugin OpenXR
LogPluginManager: Mounting plugin OpenXRHandTracking
LogPluginManager: Mounting plugin PostSplashScreen
LogPluginManager: Mounting plugin Takes
LogPluginManager: Mounting plugin RuntimePhysXCooking
LogPluginManager: Mounting plugin ProceduralMeshComponent
LogPluginManager: Mounting plugin SoundFields
LogPluginManager: Mounting plugin PropertyAccessEditor
LogPluginManager: Mounting plugin PhysXVehicles
LogPluginManager: Mounting plugin SignificanceManager
LogPluginManager: Mounting plugin OpenXREyeTracker
LogPluginManager: Mounting plugin Synthesis
LogPluginManager: Mounting plugin WebMMoviePlayer
LogPluginManager: Mounting plugin WindowsMoviePlayer
LogPluginManager: Mounting plugin ContentBrowserAssetDataSource
LogPluginManager: Mounting plugin ContentBrowserClassDataSource
LogPluginManager: Mounting plugin ContentBrowserFileDataSource
LogPluginManager: Mounting plugin OnlineSubsystemGooglePlay
LogPluginManager: Mounting plugin OnlineSubsystemIOS
LogPluginManager: Mounting plugin OculusVR
LogPluginManager: Mounting plugin SteamVR
PixWinPlugin: PIX capture plugin failed to initialize! Check that the process is launched from PIX.
LogInit: Using libcurl 7.55.1-DEV
LogInit:  - built for x86_64-pc-win32
LogInit:  - supports SSL with OpenSSL/1.1.1
LogInit:  - supports HTTP deflate (compression) using libz 1.2.8
LogInit:  - other features:
LogInit:      CURL_VERSION_SSL
LogInit:      CURL_VERSION_LIBZ
LogInit:      CURL_VERSION_IPV6
LogInit:      CURL_VERSION_ASYNCHDNS
LogInit:      CURL_VERSION_LARGEFILE
LogInit:      CURL_VERSION_IDN
LogInit:  CurlRequestOptions (configurable via config and command line):
LogInit:  - bVerifyPeer = true  - Libcurl will verify peer certificate
LogInit:  - bUseHttpProxy = false  - Libcurl will NOT use HTTP proxy
LogInit:  - bDontReuseConnections = false  - Libcurl will reuse connections
LogInit:  - MaxHostConnections = 16  - Libcurl will limit the number of connections to a host
LogInit:  - LocalHostAddr = Default
LogInit:  - BufferSize = 65536
LogOnline: OSS: Creating online subsystem instance for: NULL
LogInit: WinSock: version 1.1 (2.2), MaxSocks=32767, MaxUdp=65467
LogOnline: OSS: TryLoadSubsystemAndSetDefault: Loaded subsystem for module [NULL]
LogOculusPluginWrapper: OculusPlugin initialized successfully
LogHMD: Failed initializing OVRPlugin 1.59.0
LogInit: Build: ++UE4+Release-4.27-CL-18319896
LogInit: Engine Version: 4.27.2-18319896+++UE4+Release-4.27
LogInit: Compatible Engine Version: 4.27.0-17155196+++UE4+Release-4.27
LogInit: Net CL: 17155196
LogInit: OS: Windows 10 (Release 2009) (), CPU: Intel(R) Core(TM) i9-14900F, GPU: NVIDIA GeForce RTX 4080 SUPER
LogInit: Compiled (64-bit): Nov 30 2021 07:12:08
LogInit: Compiled with Visual C++: 19.24.28315.00
LogInit: Build Configuration: Development
LogInit: Branch Name: ++UE4+Release-4.27
LogInit: Command Line:  -skipcompile
LogInit: Base Directory: C:/Program Files/Epic Games/UE_4.27/Engine/Binaries/Win64/
LogInit: Allocator: TBB
LogInit: Installed Engine Build: 1
LogDevObjectVersion: Number of dev versions registered: 29
LogDevObjectVersion:   Dev-Blueprints (B0D832E4-1F89-4F0D-ACCF-7EB736FD4AA2): 10
LogDevObjectVersion:   Dev-Build (E1C64328-A22C-4D53-A36C-8E866417BD8C): 0
LogDevObjectVersion:   Dev-Core (375EC13C-06E4-48FB-B500-84F0262A717E): 4
LogDevObjectVersion:   Dev-Editor (E4B068ED-F494-42E9-A231-DA0B2E46BB41): 40
LogDevObjectVersion:   Dev-Framework (CFFC743F-43B0-4480-9391-14DF171D2073): 37
LogDevObjectVersion:   Dev-Mobile (B02B49B5-BB20-44E9-A304-32B752E40360): 3
LogDevObjectVersion:   Dev-Networking (A4E4105C-59A1-49B5-A7C5-40C4547EDFEE): 0
LogDevObjectVersion:   Dev-Online (39C831C9-5AE6-47DC-9A44-9C173E1C8E7C): 0
LogDevObjectVersion:   Dev-Physics (78F01B33-EBEA-4F98-B9B4-84EACCB95AA2): 14
LogDevObjectVersion:   Dev-Platform (6631380F-2D4D-43E0-8009-CF276956A95A): 0
LogDevObjectVersion:   Dev-Rendering (12F88B9F-8875-4AFC-A67C-D90C383ABD29): 45
LogDevObjectVersion:   Dev-Sequencer (7B5AE74C-D270-4C10-A958-57980B212A5A): 13
LogDevObjectVersion:   Dev-VR (D7296918-1DD6-4BDD-9DE2-64A83CC13884): 3
LogDevObjectVersion:   Dev-LoadTimes (C2A15278-BFE7-4AFE-6C17-90FF531DF755): 1
LogDevObjectVersion:   Private-Geometry (6EACA3D4-40EC-4CC1-B786-8BED09428FC5): 3
LogDevObjectVersion:   Dev-AnimPhys (29E575DD-E0A3-4627-9D10-D276232CDCEA): 17
LogDevObjectVersion:   Dev-Anim (AF43A65D-7FD3-4947-9873-3E8ED9C1BB05): 15
LogDevObjectVersion:   Dev-ReflectionCapture (6B266CEC-1EC7-4B8F-A30B-E4D90942FC07): 1
LogDevObjectVersion:   Dev-Automation (0DF73D61-A23F-47EA-B727-89E90C41499A): 1
LogDevObjectVersion:   FortniteMain (601D1886-AC64-4F84-AA16-D3DE0DEAC7D6): 47
LogDevObjectVersion:   FortniteRelease (E7086368-6B23-4C58-8439-1B7016265E91): 1
LogDevObjectVersion:   Dev-Enterprise (9DFFBCD6-494F-0158-E221-12823C92A888): 10
LogDevObjectVersion:   Dev-Niagara (F2AED0AC-9AFE-416F-8664-AA7FFA26D6FC): 1
LogDevObjectVersion:   Dev-Destruction (174F1F0B-B4C6-45A5-B13F-2EE8D0FB917D): 10
LogDevObjectVersion:   Dev-Physics-Ext (35F94A83-E258-406C-A318-09F59610247C): 41
LogDevObjectVersion:   Dev-PhysicsMaterial-Chaos (B68FC16E-8B1B-42E2-B453-215C058844FE): 1
LogDevObjectVersion:   Dev-CineCamera (B2E18506-4273-CFC2-A54E-F4BB758BBA07): 1
LogDevObjectVersion:   Dev-VirtualProduction (64F58936-FD1B-42BA-BA96-7289D5D0FA4E): 1
LogDevObjectVersion:   Dev-MediaFramework (6F0ED827-A609-4895-9C91-998D90180EA4): 2
LogInit: Presizing for max 25165824 objects, including 0 objects not considered by GC, pre-allocating 0 bytes for permanent pool.
LogConfig: Applying CVar settings from Section [/Script/Engine.StreamingSettings] File [C:/Users/edgos/Documents/GitHub/Jelly-Hunt/JellyHunt/Saved/Config/Windows/Engine.ini]
LogConfig: Setting CVar [[s.MinBulkDataSizeForAsyncLoading:131072]]
LogConfig: Setting CVar [[s.AsyncLoadingThreadEnabled:0]]
LogConfig: Setting CVar [[s.EventDrivenLoaderEnabled:1]]
LogConfig: Setting CVar [[s.WarnIfTimeLimitExceeded:0]]
LogConfig: Setting CVar [[s.TimeLimitExceededMultiplier:1.5]]
LogConfig: Setting CVar [[s.TimeLimitExceededMinTime:0.005]]
LogConfig: Setting CVar [[s.UseBackgroundLevelStreaming:1]]
LogConfig: Setting CVar [[s.PriorityAsyncLoadingExtraTime:15.0]]
LogConfig: Setting CVar [[s.LevelStreamingActorsUpdateTimeLimit:5.0]]
LogConfig: Setting CVar [[s.PriorityLevelStreamingActorsUpdateExtraTime:5.0]]
LogConfig: Setting CVar [[s.LevelStreamingComponentsRegistrationGranularity:10]]
LogConfig: Setting CVar [[s.UnregisterComponentsTimeLimit:1.0]]
LogConfig: Setting CVar [[s.LevelStreamingComponentsUnregistrationGranularity:5]]
LogConfig: Setting CVar [[s.FlushStreamingOnExit:1]]
LogInit: Object subsystem initialized
LogConfig: Setting CVar [[con.DebugEarlyDefault:1]]
LogConfig: Setting CVar [[r.setres:1280x720]]
[2024.05.01-14.58.28:091][  0]LogConfig: Setting CVar [[r.VSync:0]]
[2024.05.01-14.58.28:091][  0]LogConfig: Setting CVar [[r.RHICmdBypass:0]]
[2024.05.01-14.58.28:091][  0]LogConfig: Applying CVar settings from Section [/Script/Engine.RendererSettings] File [C:/Users/edgos/Documents/GitHub/Jelly-Hunt/JellyHunt/Saved/Config/Windows/Engine.ini]
[2024.05.01-14.58.28:091][  0]LogConfig: Setting CVar [[r.GPUCrashDebugging:0]]
[2024.05.01-14.58.28:091][  0]LogConfig: Applying CVar settings from Section [/Script/Engine.RendererOverrideSettings] File [C:/Users/edgos/Documents/GitHub/Jelly-Hunt/JellyHunt/Saved/Config/Windows/Engine.ini]
[2024.05.01-14.58.28:091][  0]LogConfig: Applying CVar settings from Section [/Script/Engine.StreamingSettings] File [C:/Users/edgos/Documents/GitHub/Jelly-Hunt/JellyHunt/Saved/Config/Windows/Engine.ini]
[2024.05.01-14.58.28:091][  0]LogConfig: Setting CVar [[s.MinBulkDataSizeForAsyncLoading:131072]]
[2024.05.01-14.58.28:091][  0]LogConfig: Setting CVar [[s.AsyncLoadingThreadEnabled:0]]
[2024.05.01-14.58.28:091][  0]LogConfig: Setting CVar [[s.EventDrivenLoaderEnabled:1]]
[2024.05.01-14.58.28:091][  0]LogConfig: Setting CVar [[s.WarnIfTimeLimitExceeded:0]]
[2024.05.01-14.58.28:091][  0]LogConfig: Setting CVar [[s.TimeLimitExceededMultiplier:1.5]]
[2024.05.01-14.58.28:091][  0]LogConfig: Setting CVar [[s.TimeLimitExceededMinTime:0.005]]
[2024.05.01-14.58.28:091][  0]LogConfig: Setting CVar [[s.UseBackgroundLevelStreaming:1]]
[2024.05.01-14.58.28:091][  0]LogConfig: Setting CVar [[s.PriorityAsyncLoadingExtraTime:15.0]]
[2024.05.01-14.58.28:091][  0]LogConfig: Setting CVar [[s.LevelStreamingActorsUpdateTimeLimit:5.0]]
[2024.05.01-14.58.28:091][  0]LogConfig: Setting CVar [[s.PriorityLevelStreamingActorsUpdateExtraTime:5.0]]
[2024.05.01-14.58.28:091][  0]LogConfig: Setting CVar [[s.LevelStreamingComponentsRegistrationGranularity:10]]
[2024.05.01-14.58.28:091][  0]LogConfig: Setting CVar [[s.UnregisterComponentsTimeLimit:1.0]]
[2024.05.01-14.58.28:091][  0]LogConfig: Setting CVar [[s.LevelStreamingComponentsUnregistrationGranularity:5]]
[2024.05.01-14.58.28:091][  0]LogConfig: Setting CVar [[s.FlushStreamingOnExit:1]]
[2024.05.01-14.58.28:091][  0]LogConfig: Applying CVar settings from Section [/Script/Engine.GarbageCollectionSettings] File [C:/Users/edgos/Documents/GitHub/Jelly-Hunt/JellyHunt/Saved/Config/Windows/Engine.ini]
[2024.05.01-14.58.28:091][  0]LogConfig: Setting CVar [[gc.MaxObjectsNotConsideredByGC:1]]
[2024.05.01-14.58.28:091][  0]LogConfig: Setting CVar [[gc.SizeOfPermanentObjectPool:0]]
[2024.05.01-14.58.28:092][  0]LogConfig: Setting CVar [[gc.FlushStreamingOnGC:0]]
[2024.05.01-14.58.28:092][  0]LogConfig: Setting CVar [[gc.NumRetriesBeforeForcingGC:10]]
[2024.05.01-14.58.28:092][  0]LogConfig: Setting CVar [[gc.AllowParallelGC:1]]
[2024.05.01-14.58.28:092][  0]LogConfig: Setting CVar [[gc.TimeBetweenPurgingPendingKillObjects:61.1]]
[2024.05.01-14.58.28:092][  0]LogConfig: Setting CVar [[gc.MaxObjectsInEditor:25165824]]
[2024.05.01-14.58.28:092][  0]LogConfig: Setting CVar [[gc.IncrementalBeginDestroyEnabled:1]]
[2024.05.01-14.58.28:092][  0]LogConfig: Setting CVar [[gc.CreateGCClusters:1]]
[2024.05.01-14.58.28:092][  0]LogConfig: Setting CVar [[gc.MinGCClusterSize:5]]
[2024.05.01-14.58.28:092][  0]LogConfig: Setting CVar [[gc.ActorClusteringEnabled:0]]
[2024.05.01-14.58.28:092][  0]LogConfig: Setting CVar [[gc.BlueprintClusteringEnabled:0]]
[2024.05.01-14.58.28:092][  0]LogConfig: Setting CVar [[gc.UseDisregardForGCOnDedicatedServers:0]]
[2024.05.01-14.58.28:092][  0]LogConfig: Setting CVar [[gc.MultithreadedDestructionEnabled:1]]
[2024.05.01-14.58.28:092][  0]LogConfig: Applying CVar settings from Section [/Script/Engine.NetworkSettings] File [C:/Users/edgos/Documents/GitHub/Jelly-Hunt/JellyHunt/Saved/Config/Windows/Engine.ini]
[2024.05.01-14.58.28:092][  0]LogConfig: Applying CVar settings from Section [/Script/UnrealEd.CookerSettings] File [C:/Users/edgos/Documents/GitHub/Jelly-Hunt/JellyHunt/Saved/Config/Windows/Engine.ini]
[2024.05.01-14.58.28:118][  0]LogConfig: Applying CVar settings from Section [ViewDistanceQuality@3] File [C:/Users/edgos/Documents/GitHub/Jelly-Hunt/JellyHunt/Saved/Config/Windows/Scalability.ini]
[2024.05.01-14.58.28:118][  0]LogConfig: Setting CVar [[r.SkeletalMeshLODBias:0]]
[2024.05.01-14.58.28:118][  0]LogConfig: Setting CVar [[r.ViewDistanceScale:1.0]]
[2024.05.01-14.58.28:118][  0]LogConfig: Applying CVar settings from Section [AntiAliasingQuality@3] File [C:/Users/edgos/Documents/GitHub/Jelly-Hunt/JellyHunt/Saved/Config/Windows/Scalability.ini]
[2024.05.01-14.58.28:118][  0]LogConfig: Setting CVar [[r.PostProcessAAQuality:4]]
[2024.05.01-14.58.28:118][  0]LogConfig: Applying CVar settings from Section [ShadowQuality@3] File [C:/Users/edgos/Documents/GitHub/Jelly-Hunt/JellyHunt/Saved/Config/Windows/Scalability.ini]
[2024.05.01-14.58.28:118][  0]LogConfig: Setting CVar [[r.LightFunctionQuality:1]]
[2024.05.01-14.58.28:118][  0]LogConfig: Setting CVar [[r.ShadowQuality:5]]
[2024.05.01-14.58.28:118][  0]LogConfig: Setting CVar [[r.Shadow.CSM.MaxCascades:10]]
[2024.05.01-14.58.28:118][  0]LogConfig: Setting CVar [[r.Shadow.MaxResolution:2048]]
[2024.05.01-14.58.28:118][  0]LogConfig: Setting CVar [[r.Shadow.MaxCSMResolution:2048]]
[2024.05.01-14.58.28:118][  0]LogConfig: Setting CVar [[r.Shadow.RadiusThreshold:0.01]]
[2024.05.01-14.58.28:119][  0]LogConfig: Setting CVar [[r.Shadow.DistanceScale:1.0]]
[2024.05.01-14.58.28:119][  0]LogConfig: Setting CVar [[r.Shadow.CSM.TransitionScale:1.0]]
[2024.05.01-14.58.28:119][  0]LogConfig: Setting CVar [[r.Shadow.PreShadowResolutionFactor:1.0]]
[2024.05.01-14.58.28:119][  0]LogConfig: Setting CVar [[r.DistanceFieldShadowing:1]]
[2024.05.01-14.58.28:119][  0]LogConfig: Setting CVar [[r.DistanceFieldAO:1]]
[2024.05.01-14.58.28:119][  0]LogConfig: Setting CVar [[r.AOQuality:2]]
[2024.05.01-14.58.28:119][  0]LogConfig: Setting CVar [[r.VolumetricFog:1]]
[2024.05.01-14.58.28:119][  0]LogConfig: Setting CVar [[r.VolumetricFog.GridPixelSize:8]]
[2024.05.01-14.58.28:119][  0]LogConfig: Setting CVar [[r.VolumetricFog.GridSizeZ:128]]
[2024.05.01-14.58.28:119][  0]LogConfig: Setting CVar [[r.VolumetricFog.HistoryMissSupersampleCount:4]]
[2024.05.01-14.58.28:119][  0]LogConfig: Setting CVar [[r.LightMaxDrawDistanceScale:1]]
[2024.05.01-14.58.28:119][  0]LogConfig: Setting CVar [[r.CapsuleShadows:1]]
[2024.05.01-14.58.28:119][  0]LogConfig: Applying CVar settings from Section [PostProcessQuality@3] File [C:/Users/edgos/Documents/GitHub/Jelly-Hunt/JellyHunt/Saved/Config/Windows/Scalability.ini]
[2024.05.01-14.58.28:119][  0]LogConfig: Setting CVar [[r.MotionBlurQuality:4]]
[2024.05.01-14.58.28:119][  0]LogConfig: Setting CVar [[r.AmbientOcclusionMipLevelFactor:0.4]]
[2024.05.01-14.58.28:119][  0]LogConfig: Setting CVar [[r.AmbientOcclusionMaxQuality:100]]
[2024.05.01-14.58.28:119][  0]LogConfig: Setting CVar [[r.AmbientOcclusionLevels:-1]]
[2024.05.01-14.58.28:119][  0]LogConfig: Setting CVar [[r.AmbientOcclusionRadiusScale:1.0]]
[2024.05.01-14.58.28:119][  0]LogConfig: Setting CVar [[r.DepthOfFieldQuality:2]]
[2024.05.01-14.58.28:119][  0]LogConfig: Setting CVar [[r.RenderTargetPoolMin:400]]
[2024.05.01-14.58.28:119][  0]LogConfig: Setting CVar [[r.LensFlareQuality:2]]
[2024.05.01-14.58.28:119][  0]LogConfig: Setting CVar [[r.SceneColorFringeQuality:1]]
[2024.05.01-14.58.28:120][  0]LogConfig: Setting CVar [[r.EyeAdaptationQuality:2]]
[2024.05.01-14.58.28:120][  0]LogConfig: Setting CVar [[r.BloomQuality:5]]
[2024.05.01-14.58.28:120][  0]LogConfig: Setting CVar [[r.FastBlurThreshold:100]]
[2024.05.01-14.58.28:120][  0]LogConfig: Setting CVar [[r.Upscale.Quality:3]]
[2024.05.01-14.58.28:120][  0]LogConfig: Setting CVar [[r.Tonemapper.GrainQuantization:1]]
[2024.05.01-14.58.28:120][  0]LogConfig: Setting CVar [[r.LightShaftQuality:1]]
[2024.05.01-14.58.28:120][  0]LogConfig: Setting CVar [[r.Filter.SizeScale:1]]
[2024.05.01-14.58.28:120][  0]LogConfig: Setting CVar [[r.Tonemapper.Quality:5]]
[2024.05.01-14.58.28:120][  0]LogConfig: Setting CVar [[r.DOF.Gather.AccumulatorQuality:1        ; higher gathering accumulator quality]]
[2024.05.01-14.58.28:120][  0]LogConfig: Setting CVar [[r.DOF.Gather.PostfilterMethod:1          ; Median3x3 postfilering method]]
[2024.05.01-14.58.28:120][  0]LogConfig: Setting CVar [[r.DOF.Gather.EnableBokehSettings:0       ; no bokeh simulation when gathering]]
[2024.05.01-14.58.28:120][  0]LogConfig: Setting CVar [[r.DOF.Gather.RingCount:4                 ; medium number of samples when gathering]]
[2024.05.01-14.58.28:120][  0]LogConfig: Setting CVar [[r.DOF.Scatter.ForegroundCompositing:1    ; additive foreground scattering]]
[2024.05.01-14.58.28:120][  0]LogConfig: Setting CVar [[r.DOF.Scatter.BackgroundCompositing:2    ; additive background scattering]]
[2024.05.01-14.58.28:120][  0]LogConfig: Setting CVar [[r.DOF.Scatter.EnableBokehSettings:1      ; bokeh simulation when scattering]]
[2024.05.01-14.58.28:120][  0]LogConfig: Setting CVar [[r.DOF.Scatter.MaxSpriteRatio:0.1         ; only a maximum of 10% of scattered bokeh]]
[2024.05.01-14.58.28:120][  0]LogConfig: Setting CVar [[r.DOF.Recombine.Quality:1                ; cheap slight out of focus]]
[2024.05.01-14.58.28:120][  0]LogConfig: Setting CVar [[r.DOF.Recombine.EnableBokehSettings:0    ; no bokeh simulation on slight out of focus]]
[2024.05.01-14.58.28:120][  0]LogConfig: Setting CVar [[r.DOF.TemporalAAQuality:1                ; more stable temporal accumulation]]
[2024.05.01-14.58.28:120][  0]LogConfig: Setting CVar [[r.DOF.Kernel.MaxForegroundRadius:0.025]]
[2024.05.01-14.58.28:120][  0]LogConfig: Setting CVar [[r.DOF.Kernel.MaxBackgroundRadius:0.025]]
[2024.05.01-14.58.28:120][  0]LogConfig: Applying CVar settings from Section [TextureQuality@3] File [C:/Users/edgos/Documents/GitHub/Jelly-Hunt/JellyHunt/Saved/Config/Windows/Scalability.ini]
[2024.05.01-14.58.28:120][  0]LogConfig: Setting CVar [[r.Streaming.MipBias:0]]
[2024.05.01-14.58.28:120][  0]LogConfig: Setting CVar [[r.Streaming.AmortizeCPUToGPUCopy:0]]
[2024.05.01-14.58.28:120][  0]LogConfig: Setting CVar [[r.Streaming.MaxNumTexturesToStreamPerFrame:0]]
[2024.05.01-14.58.28:120][  0]LogConfig: Setting CVar [[r.Streaming.Boost:1]]
[2024.05.01-14.58.28:120][  0]LogConfig: Setting CVar [[r.MaxAnisotropy:8]]
[2024.05.01-14.58.28:120][  0]LogConfig: Setting CVar [[r.VT.MaxAnisotropy:8]]
[2024.05.01-14.58.28:120][  0]LogConfig: Setting CVar [[r.Streaming.LimitPoolSizeToVRAM:0]]
[2024.05.01-14.58.28:120][  0]LogConfig: Setting CVar [[r.Streaming.PoolSize:1000]]
[2024.05.01-14.58.28:120][  0]LogConfig: Setting CVar [[r.Streaming.MaxEffectiveScreenSize:0]]
[2024.05.01-14.58.28:120][  0]LogConfig: Applying CVar settings from Section [EffectsQuality@3] File [C:/Users/edgos/Documents/GitHub/Jelly-Hunt/JellyHunt/Saved/Config/Windows/Scalability.ini]
[2024.05.01-14.58.28:120][  0]LogConfig: Setting CVar [[r.TranslucencyLightingVolumeDim:64]]
[2024.05.01-14.58.28:120][  0]LogConfig: Setting CVar [[r.RefractionQuality:2]]
[2024.05.01-14.58.28:120][  0]LogConfig: Setting CVar [[r.SSR.Quality:3]]
[2024.05.01-14.58.28:122][  0]LogConfig: Setting CVar [[r.SSR.HalfResSceneColor:0]]
[2024.05.01-14.58.28:122][  0]LogConfig: Setting CVar [[r.SceneColorFormat:4]]
[2024.05.01-14.58.28:122][  0]LogConfig: Setting CVar [[r.DetailMode:2]]
[2024.05.01-14.58.28:122][  0]LogConfig: Setting CVar [[r.TranslucencyVolumeBlur:1]]
[2024.05.01-14.58.28:122][  0]LogConfig: Setting CVar [[r.MaterialQualityLevel:1 ; High quality]]
[2024.05.01-14.58.28:122][  0]LogConfig: Setting CVar [[r.AnisotropicMaterials:1]]
[2024.05.01-14.58.28:122][  0]LogConfig: Setting CVar [[r.SSS.Scale:1]]
[2024.05.01-14.58.28:122][  0]LogConfig: Setting CVar [[r.SSS.SampleSet:2]]
[2024.05.01-14.58.28:122][  0]LogConfig: Setting CVar [[r.SSS.Quality:1]]
[2024.05.01-14.58.28:122][  0]LogConfig: Setting CVar [[r.SSS.HalfRes:0]]
[2024.05.01-14.58.28:122][  0]LogConfig: Setting CVar [[r.SSGI.Quality:3]]
[2024.05.01-14.58.28:122][  0]LogConfig: Setting CVar [[r.EmitterSpawnRateScale:1.0]]
[2024.05.01-14.58.28:122][  0]LogConfig: Setting CVar [[r.ParticleLightQuality:2]]
[2024.05.01-14.58.28:122][  0]LogConfig: Setting CVar [[r.SkyAtmosphere.AerialPerspectiveLUT.FastApplyOnOpaque:1 ; Always have FastSkyLUT 1 in this case to avoid wrong sky]]
[2024.05.01-14.58.28:122][  0]LogConfig: Setting CVar [[r.SkyAtmosphere.AerialPerspectiveLUT.SampleCountMaxPerSlice:4]]
[2024.05.01-14.58.28:122][  0]LogConfig: Setting CVar [[r.SkyAtmosphere.AerialPerspectiveLUT.DepthResolution:16.0]]
[2024.05.01-14.58.28:122][  0]LogConfig: Setting CVar [[r.SkyAtmosphere.FastSkyLUT:1]]
[2024.05.01-14.58.28:122][  0]LogConfig: Setting CVar [[r.SkyAtmosphere.FastSkyLUT.SampleCountMin:4.0]]
[2024.05.01-14.58.28:122][  0]LogConfig: Setting CVar [[r.SkyAtmosphere.FastSkyLUT.SampleCountMax:128.0]]
[2024.05.01-14.58.28:122][  0]LogConfig: Setting CVar [[r.SkyAtmosphere.SampleCountMin:4.0]]
[2024.05.01-14.58.28:122][  0]LogConfig: Setting CVar [[r.SkyAtmosphere.SampleCountMax:128.0]]
[2024.05.01-14.58.28:122][  0]LogConfig: Setting CVar [[r.SkyAtmosphere.TransmittanceLUT.UseSmallFormat:0]]
[2024.05.01-14.58.28:122][  0]LogConfig: Setting CVar [[r.SkyAtmosphere.TransmittanceLUT.SampleCount:10.0]]
[2024.05.01-14.58.28:123][  0]LogConfig: Setting CVar [[r.SkyAtmosphere.MultiScatteringLUT.SampleCount:15.0]]
[2024.05.01-14.58.28:123][  0]LogConfig: Setting CVar [[r.SkyLight.RealTimeReflectionCapture:1]]
[2024.05.01-14.58.28:123][  0]LogConfig: Applying CVar settings from Section [FoliageQuality@3] File [C:/Users/edgos/Documents/GitHub/Jelly-Hunt/JellyHunt/Saved/Config/Windows/Scalability.ini]
[2024.05.01-14.58.28:123][  0]LogConfig: Setting CVar [[foliage.DensityScale:1.0]]
[2024.05.01-14.58.28:123][  0]LogConfig: Setting CVar [[grass.DensityScale:1.0]]
[2024.05.01-14.58.28:123][  0]LogConfig: Applying CVar settings from Section [ShadingQuality@3] File [C:/Users/edgos/Documents/GitHub/Jelly-Hunt/JellyHunt/Saved/Config/Windows/Scalability.ini]
[2024.05.01-14.58.28:123][  0]LogConfig: Setting CVar [[r.HairStrands.SkyLighting.IntegrationType:2]]
[2024.05.01-14.58.28:123][  0]LogConfig: Setting CVar [[r.HairStrands.SkyAO.SampleCount:4]]
[2024.05.01-14.58.28:123][  0]LogConfig: Setting CVar [[r.HairStrands.Visibility.MSAA.SamplePerPixel:4]]
[2024.05.01-14.58.28:123][  0]LogInit: Selected Device Profile: [Windows]
[2024.05.01-14.58.28:123][  0]LogInit: Applying CVar settings loaded from the selected device profile: [Windows]
[2024.05.01-14.58.28:123][  0]LogHAL: Display: Platform has ~ 64 GB [68423933952 / 68719476736 / 64], which maps to Largest [LargestMinGB=32, LargerMinGB=12, DefaultMinGB=8, SmallerMinGB=6, SmallestMinGB=0)
[2024.05.01-14.58.28:123][  0]LogInit: Going up to parent DeviceProfile []
[2024.05.01-14.58.28:123][  0]LogConfig: Applying CVar settings from Section [ViewDistanceQuality@3] File [C:/Users/edgos/Documents/GitHub/Jelly-Hunt/JellyHunt/Saved/Config/Windows/Scalability.ini]
[2024.05.01-14.58.28:123][  0]LogConfig: Setting CVar [[r.SkeletalMeshLODBias:0]]
[2024.05.01-14.58.28:123][  0]LogConfig: Setting CVar [[r.ViewDistanceScale:1.0]]
[2024.05.01-14.58.28:123][  0]LogConfig: Applying CVar settings from Section [AntiAliasingQuality@3] File [C:/Users/edgos/Documents/GitHub/Jelly-Hunt/JellyHunt/Saved/Config/Windows/Scalability.ini]
[2024.05.01-14.58.28:123][  0]LogConfig: Setting CVar [[r.PostProcessAAQuality:4]]
[2024.05.01-14.58.28:123][  0]LogConfig: Applying CVar settings from Section [ShadowQuality@3] File [C:/Users/edgos/Documents/GitHub/Jelly-Hunt/JellyHunt/Saved/Config/Windows/Scalability.ini]
[2024.05.01-14.58.28:124][  0]LogConfig: Setting CVar [[r.LightFunctionQuality:1]]
[2024.05.01-14.58.28:124][  0]LogConfig: Setting CVar [[r.ShadowQuality:5]]
[2024.05.01-14.58.28:124][  0]LogConfig: Setting CVar [[r.Shadow.CSM.MaxCascades:10]]
[2024.05.01-14.58.28:124][  0]LogConfig: Setting CVar [[r.Shadow.MaxResolution:2048]]
[2024.05.01-14.58.28:124][  0]LogConfig: Setting CVar [[r.Shadow.MaxCSMResolution:2048]]
[2024.05.01-14.58.28:124][  0]LogConfig: Setting CVar [[r.Shadow.RadiusThreshold:0.01]]
[2024.05.01-14.58.28:124][  0]LogConfig: Setting CVar [[r.Shadow.DistanceScale:1.0]]
[2024.05.01-14.58.28:124][  0]LogConfig: Setting CVar [[r.Shadow.CSM.TransitionScale:1.0]]
[2024.05.01-14.58.28:124][  0]LogConfig: Setting CVar [[r.Shadow.PreShadowResolutionFactor:1.0]]
[2024.05.01-14.58.28:124][  0]LogConfig: Setting CVar [[r.DistanceFieldShadowing:1]]
[2024.05.01-14.58.28:124][  0]LogConfig: Setting CVar [[r.DistanceFieldAO:1]]
[2024.05.01-14.58.28:124][  0]LogConfig: Setting CVar [[r.AOQuality:2]]
[2024.05.01-14.58.28:124][  0]LogConfig: Setting CVar [[r.VolumetricFog:1]]
[2024.05.01-14.58.28:124][  0]LogConfig: Setting CVar [[r.VolumetricFog.GridPixelSize:8]]
[2024.05.01-14.58.28:124][  0]LogConfig: Setting CVar [[r.VolumetricFog.GridSizeZ:128]]
[2024.05.01-14.58.28:124][  0]LogConfig: Setting CVar [[r.VolumetricFog.HistoryMissSupersampleCount:4]]
[2024.05.01-14.58.28:124][  0]LogConfig: Setting CVar [[r.LightMaxDrawDistanceScale:1]]
[2024.05.01-14.58.28:124][  0]LogConfig: Setting CVar [[r.CapsuleShadows:1]]
[2024.05.01-14.58.28:124][  0]LogConfig: Applying CVar settings from Section [PostProcessQuality@3] File [C:/Users/edgos/Documents/GitHub/Jelly-Hunt/JellyHunt/Saved/Config/Windows/Scalability.ini]
[2024.05.01-14.58.28:124][  0]LogConfig: Setting CVar [[r.MotionBlurQuality:4]]
[2024.05.01-14.58.28:125][  0]LogConfig: Setting CVar [[r.AmbientOcclusionMipLevelFactor:0.4]]
[2024.05.01-14.58.28:125][  0]LogConfig: Setting CVar [[r.AmbientOcclusionMaxQuality:100]]
[2024.05.01-14.58.28:125][  0]LogConfig: Setting CVar [[r.AmbientOcclusionLevels:-1]]
[2024.05.01-14.58.28:125][  0]LogConfig: Setting CVar [[r.AmbientOcclusionRadiusScale:1.0]]
[2024.05.01-14.58.28:125][  0]LogConfig: Setting CVar [[r.DepthOfFieldQuality:2]]
[2024.05.01-14.58.28:125][  0]LogConfig: Setting CVar [[r.RenderTargetPoolMin:400]]
[2024.05.01-14.58.28:125][  0]LogConfig: Setting CVar [[r.LensFlareQuality:2]]
[2024.05.01-14.58.28:125][  0]LogConfig: Setting CVar [[r.SceneColorFringeQuality:1]]
[2024.05.01-14.58.28:125][  0]LogConfig: Setting CVar [[r.EyeAdaptationQuality:2]]
[2024.05.01-14.58.28:125][  0]LogConfig: Setting CVar [[r.BloomQuality:5]]
[2024.05.01-14.58.28:125][  0]LogConfig: Setting CVar [[r.FastBlurThreshold:100]]
[2024.05.01-14.58.28:125][  0]LogConfig: Setting CVar [[r.Upscale.Quality:3]]
[2024.05.01-14.58.28:125][  0]LogConfig: Setting CVar [[r.Tonemapper.GrainQuantization:1]]
[2024.05.01-14.58.28:125][  0]LogConfig: Setting CVar [[r.LightShaftQuality:1]]
[2024.05.01-14.58.28:125][  0]LogConfig: Setting CVar [[r.Filter.SizeScale:1]]
[2024.05.01-14.58.28:125][  0]LogConfig: Setting CVar [[r.Tonemapper.Quality:5]]
[2024.05.01-14.58.28:125][  0]LogConfig: Setting CVar [[r.DOF.Gather.AccumulatorQuality:1        ; higher gathering accumulator quality]]
[2024.05.01-14.58.28:125][  0]LogConfig: Setting CVar [[r.DOF.Gather.PostfilterMethod:1          ; Median3x3 postfilering method]]
[2024.05.01-14.58.28:125][  0]LogConfig: Setting CVar [[r.DOF.Gather.EnableBokehSettings:0       ; no bokeh simulation when gathering]]
[2024.05.01-14.58.28:125][  0]LogConfig: Setting CVar [[r.DOF.Gather.RingCount:4                 ; medium number of samples when gathering]]
[2024.05.01-14.58.28:126][  0]LogConfig: Setting CVar [[r.DOF.Scatter.ForegroundCompositing:1    ; additive foreground scattering]]
[2024.05.01-14.58.28:126][  0]LogConfig: Setting CVar [[r.DOF.Scatter.BackgroundCompositing:2    ; additive background scattering]]
[2024.05.01-14.58.28:126][  0]LogConfig: Setting CVar [[r.DOF.Scatter.EnableBokehSettings:1      ; bokeh simulation when scattering]]
[2024.05.01-14.58.28:126][  0]LogConfig: Setting CVar [[r.DOF.Scatter.MaxSpriteRatio:0.1         ; only a maximum of 10% of scattered bokeh]]
[2024.05.01-14.58.28:126][  0]LogConfig: Setting CVar [[r.DOF.Recombine.Quality:1                ; cheap slight out of focus]]
[2024.05.01-14.58.28:126][  0]LogConfig: Setting CVar [[r.DOF.Recombine.EnableBokehSettings:0    ; no bokeh simulation on slight out of focus]]
[2024.05.01-14.58.28:126][  0]LogConfig: Setting CVar [[r.DOF.TemporalAAQuality:1                ; more stable temporal accumulation]]
[2024.05.01-14.58.28:126][  0]LogConfig: Setting CVar [[r.DOF.Kernel.MaxForegroundRadius:0.025]]
[2024.05.01-14.58.28:126][  0]LogConfig: Setting CVar [[r.DOF.Kernel.MaxBackgroundRadius:0.025]]
[2024.05.01-14.58.28:126][  0]LogConfig: Applying CVar settings from Section [TextureQuality@3] File [C:/Users/edgos/Documents/GitHub/Jelly-Hunt/JellyHunt/Saved/Config/Windows/Scalability.ini]
[2024.05.01-14.58.28:126][  0]LogConfig: Setting CVar [[r.Streaming.MipBias:0]]
[2024.05.01-14.58.28:126][  0]LogConfig: Setting CVar [[r.Streaming.AmortizeCPUToGPUCopy:0]]
[2024.05.01-14.58.28:126][  0]LogConfig: Setting CVar [[r.Streaming.MaxNumTexturesToStreamPerFrame:0]]
[2024.05.01-14.58.28:126][  0]LogConfig: Setting CVar [[r.Streaming.Boost:1]]
[2024.05.01-14.58.28:126][  0]LogConfig: Setting CVar [[r.MaxAnisotropy:8]]
[2024.05.01-14.58.28:126][  0]LogConfig: Setting CVar [[r.VT.MaxAnisotropy:8]]
[2024.05.01-14.58.28:126][  0]LogConfig: Setting CVar [[r.Streaming.LimitPoolSizeToVRAM:0]]
[2024.05.01-14.58.28:126][  0]LogConfig: Setting CVar [[r.Streaming.PoolSize:1000]]
[2024.05.01-14.58.28:126][  0]LogConfig: Setting CVar [[r.Streaming.MaxEffectiveScreenSize:0]]
[2024.05.01-14.58.28:126][  0]LogConfig: Applying CVar settings from Section [EffectsQuality@3] File [C:/Users/edgos/Documents/GitHub/Jelly-Hunt/JellyHunt/Saved/Config/Windows/Scalability.ini]
[2024.05.01-14.58.28:126][  0]LogConfig: Setting CVar [[r.TranslucencyLightingVolumeDim:64]]
[2024.05.01-14.58.28:126][  0]LogConfig: Setting CVar [[r.RefractionQuality:2]]
[2024.05.01-14.58.28:126][  0]LogConfig: Setting CVar [[r.SSR.Quality:3]]
[2024.05.01-14.58.28:127][  0]LogConfig: Setting CVar [[r.SSR.HalfResSceneColor:0]]
[2024.05.01-14.58.28:127][  0]LogConfig: Setting CVar [[r.SceneColorFormat:4]]
[2024.05.01-14.58.28:127][  0]LogConfig: Setting CVar [[r.DetailMode:2]]
[2024.05.01-14.58.28:127][  0]LogConfig: Setting CVar [[r.TranslucencyVolumeBlur:1]]
[2024.05.01-14.58.28:127][  0]LogConfig: Setting CVar [[r.MaterialQualityLevel:1 ; High quality]]
[2024.05.01-14.58.28:127][  0]LogConfig: Setting CVar [[r.AnisotropicMaterials:1]]
[2024.05.01-14.58.28:127][  0]LogConfig: Setting CVar [[r.SSS.Scale:1]]
[2024.05.01-14.58.28:127][  0]LogConfig: Setting CVar [[r.SSS.SampleSet:2]]
[2024.05.01-14.58.28:127][  0]LogConfig: Setting CVar [[r.SSS.Quality:1]]
[2024.05.01-14.58.28:127][  0]LogConfig: Setting CVar [[r.SSS.HalfRes:0]]
[2024.05.01-14.58.28:127][  0]LogConfig: Setting CVar [[r.SSGI.Quality:3]]
[2024.05.01-14.58.28:127][  0]LogConfig: Setting CVar [[r.EmitterSpawnRateScale:1.0]]
[2024.05.01-14.58.28:127][  0]LogConfig: Setting CVar [[r.ParticleLightQuality:2]]
[2024.05.01-14.58.28:127][  0]LogConfig: Setting CVar [[r.SkyAtmosphere.AerialPerspectiveLUT.FastApplyOnOpaque:1 ; Always have FastSkyLUT 1 in this case to avoid wrong sky]]
[2024.05.01-14.58.28:127][  0]LogConfig: Setting CVar [[r.SkyAtmosphere.AerialPerspectiveLUT.SampleCountMaxPerSlice:4]]
[2024.05.01-14.58.28:127][  0]LogConfig: Setting CVar [[r.SkyAtmosphere.AerialPerspectiveLUT.DepthResolution:16.0]]
[2024.05.01-14.58.28:127][  0]LogConfig: Setting CVar [[r.SkyAtmosphere.FastSkyLUT:1]]
[2024.05.01-14.58.28:127][  0]LogConfig: Setting CVar [[r.SkyAtmosphere.FastSkyLUT.SampleCountMin:4.0]]
[2024.05.01-14.58.28:127][  0]LogConfig: Setting CVar [[r.SkyAtmosphere.FastSkyLUT.SampleCountMax:128.0]]
[2024.05.01-14.58.28:127][  0]LogConfig: Setting CVar [[r.SkyAtmosphere.SampleCountMin:4.0]]
[2024.05.01-14.58.28:127][  0]LogConfig: Setting CVar [[r.SkyAtmosphere.SampleCountMax:128.0]]
[2024.05.01-14.58.28:127][  0]LogConfig: Setting CVar [[r.SkyAtmosphere.TransmittanceLUT.UseSmallFormat:0]]
[2024.05.01-14.58.28:127][  0]LogConfig: Setting CVar [[r.SkyAtmosphere.TransmittanceLUT.SampleCount:10.0]]
[2024.05.01-14.58.28:127][  0]LogConfig: Setting CVar [[r.SkyAtmosphere.MultiScatteringLUT.SampleCount:15.0]]
[2024.05.01-14.58.28:127][  0]LogConfig: Setting CVar [[r.SkyLight.RealTimeReflectionCapture:1]]
[2024.05.01-14.58.28:127][  0]LogConfig: Applying CVar settings from Section [FoliageQuality@3] File [C:/Users/edgos/Documents/GitHub/Jelly-Hunt/JellyHunt/Saved/Config/Windows/Scalability.ini]
[2024.05.01-14.58.28:127][  0]LogConfig: Setting CVar [[foliage.DensityScale:1.0]]
[2024.05.01-14.58.28:127][  0]LogConfig: Setting CVar [[grass.DensityScale:1.0]]
[2024.05.01-14.58.28:127][  0]LogConfig: Applying CVar settings from Section [ShadingQuality@3] File [C:/Users/edgos/Documents/GitHub/Jelly-Hunt/JellyHunt/Saved/Config/Windows/Scalability.ini]
[2024.05.01-14.58.28:127][  0]LogConfig: Setting CVar [[r.HairStrands.SkyLighting.IntegrationType:2]]
[2024.05.01-14.58.28:127][  0]LogConfig: Setting CVar [[r.HairStrands.SkyAO.SampleCount:4]]
[2024.05.01-14.58.28:127][  0]LogConfig: Setting CVar [[r.HairStrands.Visibility.MSAA.SamplePerPixel:4]]
[2024.05.01-14.58.28:127][  0]LogConfig: Applying CVar settings from Section [Startup] File [../../../Engine/Config/ConsoleVariables.ini]
[2024.05.01-14.58.28:128][  0]LogConfig: Setting CVar [[net.UseAdaptiveNetUpdateFrequency:0]]
[2024.05.01-14.58.28:128][  0]LogConfig: Setting CVar [[p.chaos.AllowCreatePhysxBodies:1]]
[2024.05.01-14.58.28:128][  0]LogConfig: Setting CVar [[fx.SkipVectorVMBackendOptimizations:1]]
[2024.05.01-14.58.28:128][  0]LogConfig: Applying CVar settings from Section [ConsoleVariables] File [C:/Users/edgos/Documents/GitHub/Jelly-Hunt/JellyHunt/Saved/Config/Windows/Engine.ini]
[2024.05.01-14.58.28:128][  0]LogConfig: Applying CVar settings from Section [ConsoleVariables] File [C:/Users/edgos/Documents/GitHub/Jelly-Hunt/JellyHunt/Saved/Config/Windows/Editor.ini]
[2024.05.01-14.58.28:128][  0]LogInit: Computer: LASTCHANCE
[2024.05.01-14.58.28:128][  0]LogInit: User: edgos
[2024.05.01-14.58.28:128][  0]LogInit: CPU Page size=4096, Cores=24
[2024.05.01-14.58.28:128][  0]LogInit: High frequency timer resolution =10.000000 MHz
[2024.05.01-14.58.28:128][  0]LogMemory: Memory total: Physical=63.7GB (64GB approx)
[2024.05.01-14.58.28:128][  0]LogMemory: Platform Memory Stats for Windows
[2024.05.01-14.58.28:128][  0]LogMemory: Process Physical Memory: 153.59 MB used, 153.59 MB peak
[2024.05.01-14.58.28:128][  0]LogMemory: Process Virtual Memory: 131.62 MB used, 131.62 MB peak
[2024.05.01-14.58.28:128][  0]LogMemory: Physical Memory: 24308.76 MB used,  40945.39 MB free, 65254.15 MB total
[2024.05.01-14.58.28:128][  0]LogMemory: Virtual Memory: 134179624.00 MB used,  38101.00 MB free, 134217728.00 MB total
[2024.05.01-14.58.28:134][  0]LogWindows: WindowsPlatformFeatures enabled
[2024.05.01-14.58.28:199][  0]LogInit: Physics initialised using underlying interface: PhysX
[2024.05.01-14.58.28:199][  0]LogInit: Using OS detected language (en-US).
[2024.05.01-14.58.28:199][  0]LogInit: Using OS detected locale (en-GB).
[2024.05.01-14.58.28:201][  0]LogTextLocalizationManager: No specific localization for 'en-US' exists, so the 'en' localization will be used.
[2024.05.01-14.58.28:321][  0]LogInit: Setting process to per monitor DPI aware
[2024.05.01-14.58.28:340][  0]LogWindowsTextInputMethodSystem: Display: IME system deactivated.
[2024.05.01-14.58.28:351][  0]LogSlate: New Slate User Created.  User Index 0, Is Virtual User: 0
[2024.05.01-14.58.28:351][  0]LogSlate: Slate User Registered.  User Index 0, Is Virtual User: 0
[2024.05.01-14.58.28:400][  0]LogD3D11RHI: Loaded GFSDK_Aftermath_Lib.x64.dll
[2024.05.01-14.58.28:405][  0]LogHMD: Failed to initialize OpenVR with code 110
[2024.05.01-14.58.28:405][  0]LogD3D11RHI: D3D11 min allowed feature level: 11_0
[2024.05.01-14.58.28:405][  0]LogD3D11RHI: D3D11 max allowed feature level: 11_0
[2024.05.01-14.58.28:405][  0]LogD3D11RHI: D3D11 adapters:
[2024.05.01-14.58.28:509][  0]LogD3D11RHI:    0. 'NVIDIA GeForce RTX 4080 SUPER' (Feature Level 11_0)
[2024.05.01-14.58.28:509][  0]LogD3D11RHI:       16047/0/32627 MB DedicatedVideo/DedicatedSystem/SharedSystem, Outputs:2, VendorId:0x10de
[2024.05.01-14.58.28:512][  0]LogD3D11RHI:    1. 'Microsoft Basic Render Driver' (Feature Level 11_0)
[2024.05.01-14.58.28:512][  0]LogD3D11RHI:       0/0/32627 MB DedicatedVideo/DedicatedSystem/SharedSystem, Outputs:0, VendorId:0x1414
[2024.05.01-14.58.28:512][  0]LogD3D11RHI: Chosen D3D11 Adapter:
[2024.05.01-14.58.28:512][  0]LogD3D11RHI:     Description : NVIDIA GeForce RTX 4080 SUPER
[2024.05.01-14.58.28:512][  0]LogD3D11RHI:     VendorId    : 10de
[2024.05.01-14.58.28:513][  0]LogD3D11RHI:     DeviceId    : 2702
[2024.05.01-14.58.28:513][  0]LogD3D11RHI:     SubSysId    : 511d1028
[2024.05.01-14.58.28:513][  0]LogD3D11RHI:     Revision    : 00a1
[2024.05.01-14.58.28:513][  0]LogD3D11RHI:     DedicatedVideoMemory : 16826499072 bytes
[2024.05.01-14.58.28:513][  0]LogD3D11RHI:     DedicatedSystemMemory : 0 bytes
[2024.05.01-14.58.28:513][  0]LogD3D11RHI:     SharedSystemMemory : 34211966976 bytes
[2024.05.01-14.58.28:513][  0]LogD3D11RHI:     AdapterLuid : 0 73022
[2024.05.01-14.58.28:520][  0]LogD3D11RHI: Creating new Direct3DDevice
[2024.05.01-14.58.28:520][  0]LogD3D11RHI:     GPU DeviceId: 0x2702 (for the marketing name, search the web for "GPU Device Id")
[2024.05.01-14.58.28:520][  0]LogWindows: EnumDisplayDevices:
[2024.05.01-14.58.28:521][  0]LogWindows:    0. 'NVIDIA GeForce RTX 4080 SUPER' (P:1 D:1)
[2024.05.01-14.58.28:521][  0]LogWindows:    1. 'NVIDIA GeForce RTX 4080 SUPER' (P:0 D:1)
[2024.05.01-14.58.28:521][  0]LogWindows:    2. 'NVIDIA GeForce RTX 4080 SUPER' (P:0 D:0)
[2024.05.01-14.58.28:521][  0]LogWindows:    3. 'NVIDIA GeForce RTX 4080 SUPER' (P:0 D:0)
[2024.05.01-14.58.28:521][  0]LogWindows: DebugString: FoundDriverCount:4 
[2024.05.01-14.58.28:521][  0]LogD3D11RHI:     Adapter Name: NVIDIA GeForce RTX 4080 SUPER
[2024.05.01-14.58.28:521][  0]LogD3D11RHI:   Driver Version: 552.22 (internal:31.0.15.5222, unified:552.22)
[2024.05.01-14.58.28:521][  0]LogD3D11RHI:      Driver Date: 4-11-2024
[2024.05.01-14.58.28:522][  0]LogRHI: Texture pool is 11232 MB (70% of 16047 MB)
[2024.05.01-14.58.28:522][  0]LogD3D11RHI: Creating D3DDevice using adapter:
[2024.05.01-14.58.28:522][  0]LogD3D11RHI:     Description : NVIDIA GeForce RTX 4080 SUPER
[2024.05.01-14.58.28:522][  0]LogD3D11RHI:     VendorId    : 10de
[2024.05.01-14.58.28:522][  0]LogD3D11RHI:     DeviceId    : 2702
[2024.05.01-14.58.28:522][  0]LogD3D11RHI:     SubSysId    : 511d1028
[2024.05.01-14.58.28:522][  0]LogD3D11RHI:     Revision    : 00a1
[2024.05.01-14.58.28:522][  0]LogD3D11RHI:     DedicatedVideoMemory : 16826499072 bytes
[2024.05.01-14.58.28:523][  0]LogD3D11RHI:     DedicatedSystemMemory : 0 bytes
[2024.05.01-14.58.28:523][  0]LogD3D11RHI:     SharedSystemMemory : 34211966976 bytes
[2024.05.01-14.58.28:523][  0]LogD3D11RHI:     AdapterLuid : 0 73022
[2024.05.01-14.58.28:577][  0]LogD3D11RHI: RHI has support for 64 bit atomics
[2024.05.01-14.58.28:577][  0]LogD3D11RHI: Async texture creation enabled
[2024.05.01-14.58.28:577][  0]LogD3D11RHI: Array index from any shader is supported
[2024.05.01-14.58.28:577][  0]LogD3D11RHI: HDR output is supported on display 0 (NvId: 0x80061082).
[2024.05.01-14.58.28:596][  0]LogD3D11RHI: GPU Timing Frequency: 1000.000000 (Debug: 2 2)
[2024.05.01-14.58.28:614][  0]LogRHI: GeForceNow SDK initialized: 1
[2024.05.01-14.58.28:773][  0]LogTargetPlatformManager: Display: Loaded TargetPlatform 'AllDesktop'
[2024.05.01-14.58.28:784][  0]LogTargetPlatformManager: Display: Loaded TargetPlatform 'Android'
[2024.05.01-14.58.28:785][  0]LogTargetPlatformManager: Display: Loaded TargetPlatform 'Android_ASTC'
[2024.05.01-14.58.28:785][  0]LogTargetPlatformManager: Display: Loaded TargetPlatform 'Android_DXT'
[2024.05.01-14.58.28:785][  0]LogTargetPlatformManager: Display: Loaded TargetPlatform 'Android_ETC2'
[2024.05.01-14.58.28:785][  0]LogTargetPlatformManager: Display: Loaded TargetPlatform 'AndroidClient'
[2024.05.01-14.58.28:785][  0]LogTargetPlatformManager: Display: Loaded TargetPlatform 'Android_ASTCClient'
[2024.05.01-14.58.28:785][  0]LogTargetPlatformManager: Display: Loaded TargetPlatform 'Android_DXTClient'
[2024.05.01-14.58.28:785][  0]LogTargetPlatformManager: Display: Loaded TargetPlatform 'Android_ETC2Client'
[2024.05.01-14.58.28:785][  0]LogTargetPlatformManager: Display: Loaded TargetPlatform 'Android_Multi'
[2024.05.01-14.58.28:785][  0]LogTargetPlatformManager: Display: Loaded TargetPlatform 'Android_MultiClient'
[2024.05.01-14.58.28:799][  0]LogTargetPlatformManager: Display: Loaded TargetPlatform 'IOSClient'
[2024.05.01-14.58.28:799][  0]LogTargetPlatformManager: Display: Loaded TargetPlatform 'IOS'
[2024.05.01-14.58.28:804][  0]LogTargetPlatformManager: Display: Loaded TargetPlatform 'Linux'
[2024.05.01-14.58.28:807][  0]LogTargetPlatformManager: Display: Loaded TargetPlatform 'LinuxNoEditor'
[2024.05.01-14.58.28:811][  0]LogTargetPlatformManager: Display: Loaded TargetPlatform 'LinuxClient'
[2024.05.01-14.58.28:813][  0]LogTargetPlatformManager: Display: Loaded TargetPlatform 'LinuxServer'
[2024.05.01-14.58.28:819][  0]LogTargetPlatformManager: Display: Loaded TargetPlatform 'LinuxAArch64NoEditor'
[2024.05.01-14.58.28:822][  0]LogTargetPlatformManager: Display: Loaded TargetPlatform 'LinuxAArch64Client'
[2024.05.01-14.58.28:825][  0]LogTargetPlatformManager: Display: Loaded TargetPlatform 'LinuxAArch64Server'
[2024.05.01-14.58.28:837][  0]LogTargetPlatformManager: Display: Loaded TargetPlatform 'Lumin'
[2024.05.01-14.58.28:837][  0]LogTargetPlatformManager: Display: Loaded TargetPlatform 'LuminClient'
[2024.05.01-14.58.28:842][  0]LogTargetPlatformManager: Display: Loaded TargetPlatform 'MacNoEditor'
[2024.05.01-14.58.28:845][  0]LogTargetPlatformManager: Display: Loaded TargetPlatform 'Mac'
[2024.05.01-14.58.28:849][  0]LogTargetPlatformManager: Display: Loaded TargetPlatform 'MacClient'
[2024.05.01-14.58.28:851][  0]LogTargetPlatformManager: Display: Loaded TargetPlatform 'MacServer'
[2024.05.01-14.58.28:857][  0]LogTargetPlatformManager: Display: Loaded TargetPlatform 'TVOSClient'
[2024.05.01-14.58.28:857][  0]LogTargetPlatformManager: Display: Loaded TargetPlatform 'TVOS'
[2024.05.01-14.58.28:863][  0]LogTargetPlatformManager: Display: Loaded TargetPlatform 'WindowsNoEditor'
[2024.05.01-14.58.28:867][  0]LogTargetPlatformManager: Display: Loaded TargetPlatform 'Windows'
[2024.05.01-14.58.28:870][  0]LogTargetPlatformManager: Display: Loaded TargetPlatform 'WindowsClient'
[2024.05.01-14.58.28:874][  0]LogTargetPlatformManager: Display: Loaded TargetPlatform 'WindowsServer'
[2024.05.01-14.58.28:874][  0]LogTargetPlatformManager: Display: Building Assets For Windows
[2024.05.01-14.58.28:882][  0]LogAudioDebug: Display: Lib vorbis DLL was dynamically loaded.
[2024.05.01-14.58.28:912][  0]LogTextureFormatOodle: Display: Oodle Texture 2.9.0 init RDO Off
[2024.05.01-14.58.28:940][  0]LogRendererCore: Ray tracing is disabled. Reason: r.RayTracing=0.
[2024.05.01-14.58.28:940][  0]LogShaderCompilers: Guid format shader working directory is -22 characters bigger than the processId version (../../../../../../Users/edgos/Documents/GitHub/Jelly-Hunt/JellyHunt/Intermediate/Shaders/WorkingDirectory/25276/).
[2024.05.01-14.58.28:940][  0]LogShaderCompilers: Cleaned the shader compiler working directory 'C:/Users/edgos/AppData/Local/Temp/UnrealShaderWorkingDir/04C6600541496C2594CBEA8682D752AE/'.
[2024.05.01-14.58.28:940][  0]LogXGEController: Cannot use XGE Controller as Incredibuild is not installed on this machine.
[2024.05.01-14.58.28:941][  0]LogShaderCompilers: Cannot use XGE Shader Compiler as Incredibuild is not installed on this machine.
[2024.05.01-14.58.28:941][  0]LogShaderCompilers: Display: Using Local Shader Compiler.
[2024.05.01-14.58.29:358][  0]LogDerivedDataCache: Display: Max Cache Size: 512 MB
[2024.05.01-14.58.29:396][  0]LogDerivedDataCache: Loaded boot cache 0.04s 94MB C:/Users/edgos/AppData/Local/UnrealEngine/4.27/DerivedDataCache/Boot.ddc.
[2024.05.01-14.58.29:397][  0]LogDerivedDataCache: Display: Loaded Boot cache: C:/Users/edgos/AppData/Local/UnrealEngine/4.27/DerivedDataCache/Boot.ddc
[2024.05.01-14.58.29:397][  0]LogDerivedDataCache: FDerivedDataBackendGraph:  Pak pak cache file ../../../../../../Users/edgos/Documents/GitHub/Jelly-Hunt/JellyHunt/DerivedDataCache/DDC.ddp not found, will not use a pak cache.
[2024.05.01-14.58.29:397][  0]LogDerivedDataCache: Unable to find inner node Pak for hierarchical cache Hierarchy.
[2024.05.01-14.58.29:397][  0]LogDerivedDataCache: FDerivedDataBackendGraph:  CompressedPak pak cache file ../../../../../../Users/edgos/Documents/GitHub/Jelly-Hunt/JellyHunt/DerivedDataCache/Compressed.ddp not found, will not use a pak cache.
[2024.05.01-14.58.29:397][  0]LogDerivedDataCache: Unable to find inner node CompressedPak for hierarchical cache Hierarchy.
[2024.05.01-14.58.29:407][  0]LogDerivedDataCache: Display: Pak cache opened for reading ../../../Engine/DerivedDataCache/Compressed.ddp.
[2024.05.01-14.58.29:407][  0]LogDerivedDataCache: FDerivedDataBackendGraph:  EnterprisePak pak cache file ../../../Enterprise/DerivedDataCache/Compressed.ddp not found, will not use a pak cache.
[2024.05.01-14.58.29:407][  0]LogDerivedDataCache: Unable to find inner node EnterprisePak for hierarchical cache Hierarchy.
[2024.05.01-14.58.29:411][  0]LogDerivedDataCache: Speed tests for C:/Users/edgos/AppData/Local/UnrealEngine/Common/DerivedDataCache took 0.00 seconds
[2024.05.01-14.58.29:411][  0]LogDerivedDataCache: Display: Performance to C:/Users/edgos/AppData/Local/UnrealEngine/Common/DerivedDataCache: Latency=0.01ms. RandomReadSpeed=2516.75MBs, RandomWriteSpeed=371.89MBs. Assigned SpeedClass 'Local'
[2024.05.01-14.58.29:413][  0]LogDerivedDataCache: Using Local data cache path C:/Users/edgos/AppData/Local/UnrealEngine/Common/DerivedDataCache: Writable
[2024.05.01-14.58.29:413][  0]LogDerivedDataCache: Shared data cache path not found in *engine.ini, will not use an Shared cache.
[2024.05.01-14.58.29:413][  0]LogDerivedDataCache: Unable to find inner node Shared for hierarchical cache Hierarchy.
[2024.05.01-14.58.29:441][  0]LogSlate: Using FreeType 2.10.0
[2024.05.01-14.58.29:441][  0]LogSlate: SlateFontServices - WITH_FREETYPE: 1, WITH_HARFBUZZ: 1
[2024.05.01-14.58.29:458][  0]LogAssetRegistry: FAssetRegistry took 0.0031 seconds to start up
[2024.05.01-14.58.29:580][  0]LogInit: Selected Device Profile: [Windows]
[2024.05.01-14.58.29:580][  0]LogInit: Active device profile: [000001EC78C58B00][000001EC74FE4180 49] Windows
[2024.05.01-14.58.29:580][  0]LogInit: Profiles: [000001EC78C58B00][000001EC74FE4180 49] Windows, [000001EC78C16100][000001EC771DC300 49] WindowsNoEditor, [000001EC78C59900][000001EC771E0480 49] WindowsServer, [000001EC78C16E00][000001EC771E4600 49] WindowsClient, [000001EC78C5BC00][000001EC771D8740 49] IOS, [000001EC78C14F00][000001EC771E8880 49] iPadAir, [000001EC78C5BE00][000001EC771EC9C0 49] iPadAir2, [000001EC78BC4E00][000001EC7945AC40 49] IPadPro, [000001EC78BC4F00][000001EC79452C80 49] iPadAir3, [000001EC78C17B00][000001EC7945EE00 49] iPadAir4, [000001EC78BC7800][000001EC79462F80 49] iPadMini2, [000001EC78C16F00][000001EC79467100 49] iPadMini3, [000001EC78BC7A00][000001EC7946B280 49] iPadMini4, [000001EC78C17800][000001EC7946F400 49] iPadMini5, [000001EC78BE8600][000001EC794776C0 49] iPhone6, [000001EC78BE8700][000001EC79473700 49] iPodTouch6, [000001EC78C5A800][000001EC7947F9C0 49] iPhone7, [000001EC78C5A600][000001EC7947BA00 49] iPodTouch7, [000001EC78BE8100][000001EC79483B80 49] iPhone5S, [000001EC78BC4700][000001EC79486180 49] iPhone6Plus, [000001EC78BEA500][000001EC7948A300 49] iPhone6S, [000001EC78BC5300][000001EC7948E480 49] iPhone6SPlus, [000001EC78BEBB00][000001EC79492600 49] iPhone7Plus, [000001EC78BC7700][000001EC79496780 49] iPhoneSE, [000001EC78C5AB00][000001EC7949A900 49] iPhone8, [000001EC78BC4600][000001EC79456A40 49] iPhone8Plus, [000001EC78C5A100][000001EC7949EB80 49] iPhoneX, [000001EC78BC6900][000001EC794A2CC0 49] iPhoneXS, [000001EC78C5B700][000001EC794AAE40 49] iPhoneXSMax, [000001EC78BC6F00][000001EC794AEFC0 49] iPhoneXR, [000001EC78C5BB00][000001EC794B3140 49] iPhone11, [000001EC78BC5E00][000001EC794B72C0 49] iPhone11Pro, [000001EC78C58700][000001EC794BB440 49] iPhone11ProMax, [000001EC78BC6000][000001EC794BF5C0 49] iPhoneSE2, [000001EC78C5BA00][000001EC794C3740 49] iPhone12Mini, [000001EC78BC6100][000001EC794C78C0 49] iPhone12, [000001EC78C58600][000001EC794CBA40 49] iPhone12Pro, [000001EC78BC7400][000001EC794CFBC0 49] iPhone12ProMax, [000001EC78C58800][000001EC794D21C0 49] iPadPro105, [000001EC78BC5900][000001EC794D6340 49] iPadPro129, [000001EC78C5BF00][000001EC794DA4C0 49] iPadPro97, [000001EC78BC7C00][000001EC794DE640 49] iPadPro2_129, [000001EC78C5B900][000001EC794E27C0 49] iPad5, [000001EC78BC4300][000001EC794E6940 49] iPad6, [000001EC78C59B00][000001EC794EAAC0 49] iPad7, [000001EC78BC7600][000001EC794A6C00 49] iPad8, [000001EC78C59600][000001EC794EED40 49] iPadPro11, [000001EC78BC6D00][000001EC794F2E80 49] iPadPro2_11, [000001EC78C59A00][000001EC794F6FC0 49] iPadPro3_129, [000001EC78BC6E00][000001EC794FF140 49] iPadPro4_129, [000001EC78C58500][000001EC795032C0 49] AppleTV, [000001EC78BC7000][000001EC79507440 49] AppleTV4K, [000001EC78C59C00][000001EC7950B5C0 49] TVOS, [000001EC78BC4800][000001EC7950F740 49] Mac, [000001EC78C5A500][000001EC795138C0 49] MacClient, [000001EC78BC6C00][000001EC79517A40 49] MacNoEditor, [000001EC78C5B500][000001EC7951BBC0 49] MacServer, [000001EC78BC4A00][000001EC7951E1C0 49] Linux, [000001EC78C58400][000001EC79522340 49] LinuxAArch64, [000001EC78BC5A00][000001EC795264C0 49] LinuxNoEditor, [000001EC78C59D00][000001EC7952A640 49] LinuxAArch64NoEditor, [000001EC78BC6700][000001EC7952E7C0 49] LinuxClient, [000001EC78C59400][000001EC79532940 49] LinuxAArch64Client, [000001EC78BC6800][000001EC79536AC0 49] LinuxServer, [000001EC78C5AF00][000001EC7953AC40 49] LinuxAArch64Server, [000001EC78BC5700][000001EC794FAD80 49] Android, [000001EC78C5BD00][000001EC7953EEC0 49] Android_Low, [000001EC78BC4B00][000001EC79543000 49] Android_Mid, [000001EC78C5A200][000001EC79547140 49] Android_High, [000001EC78BC4C00][000001EC7954F2C0 49] Android_Default, [000001EC78C59300][000001EC79553440 49] Android_Adreno4xx, [000001EC78C16300][000001EC795575C0 49] Android_Adreno5xx_Low, [000001EC78BE9C00][000001EC7955B740 49] Android_Adreno5xx, [000001EC78C16600][000001EC7955F8C0 49] Android_Adreno6xx, [000001EC78BEA000][000001EC79563A40 49] Android_Adreno6xx_Vulkan, [000001EC78C14400][000001EC79567BC0 49] Android_Mali_T6xx, [000001EC78BE8F00][000001EC7956A1C0 49] Android_Mali_T7xx, [000001EC78C15C00][000001EC7956E340 49] Android_Mali_T8xx, [000001EC78BE9F00][000001EC795724C0 49] Android_Mali_G71, [000001EC78C16800][000001EC79576640 49] Android_Mali_G72, [000001EC78BEB300][000001EC7957A7C0 49] Android_Mali_G72_Vulkan, [000001EC78C17E00][000001EC7957E940 49] Android_Mali_G76, [000001EC78BEA200][000001EC79582AC0 49] Android_Mali_G76_Vulkan, [000001EC78C15E00][000001EC79586C40 49] Android_Mali_G77, [000001EC78BE8900][000001EC7958ADC0 49] Android_Mali_G77_Vulkan, [000001EC78C17F00][000001EC7958EF40 49] Android_Mali_G78, [000001EC78BE9300][000001EC7954B080 49] Android_Mali_G78_Vulkan, [000001EC78C17400][000001EC795931C0 49] Android_Mali_G710, [000001EC78BEBE00][000001EC79597300 49] Android_Mali_G710_Vulkan, [000001EC78C14700][000001EC7959F480 49] Android_Vulkan_SM5, [000001EC78BEBF00][000001EC795A3600 49] Android_PowerVR_G6xxx, [000001EC78C15F00][000001EC795A7780 49] Android_PowerVR_GT7xxx, [000001EC78BEAB00][000001EC795AB900 49] Android_PowerVR_GE8xxx, [000001EC78C17700][000001EC795AFA80 49] Android_PowerVR_GM9xxx, [000001EC78BEA800][000001EC795B3C00 49] Android_PowerVR_GM9xxx_Vulkan, [000001EC78C15500][000001EC795B6200 49] Android_TegraK1, [000001EC78BE9700][000001EC795BA380 49] Android_Unknown_Vulkan, [000001EC78C16C00][000001EC795BE500 49] Lumin, [000001EC78BEBD00][000001EC795C2680 49] Lumin_Desktop, [000001EC78C14E00][000001EC795C6800 49] HoloLens, 
[2024.05.01-14.58.29:657][  0]LogMeshReduction: Using QuadricMeshReduction for automatic static mesh reduction
[2024.05.01-14.58.29:657][  0]LogMeshReduction: Using SimplygonMeshReduction for automatic skeletal mesh reduction
[2024.05.01-14.58.29:657][  0]LogMeshReduction: Using ProxyLODMeshReduction for automatic mesh merging
[2024.05.01-14.58.29:657][  0]LogMeshReduction: No distributed automatic mesh merging module available
[2024.05.01-14.58.29:657][  0]LogMeshMerging: No distributed automatic mesh merging module available
[2024.05.01-14.58.29:666][  0]LogNetVersion: JellyHunt 1.0.0, NetCL: 17155196, EngineNetVer: 17, GameNetVer: 0 (Checksum: 2506878787)
[2024.05.01-14.58.29:865][  0]LogTexture: Default maximum texture size for cubemaps generated from long-lat sources has been changed from 512 to unlimited. In order to preserve old behaiour for '/Engine/MapTemplates/Sky/DaylightAmbientCubemap.DaylightAmbientCubemap', its maximum texture size has been explicitly set to 512.
[2024.05.01-14.58.29:902][  0]LogHMD: PokeAHoleMaterial loaded successfully
[2024.05.01-14.58.29:905][  0]LogUObjectArray: 17178 objects as part of root set at end of initial load.
[2024.05.01-14.58.29:905][  0]LogUObjectAllocator: 4302048 out of 0 bytes used by permanent object pool.
[2024.05.01-14.58.29:905][  0]LogUObjectArray: CloseDisregardForGC: 0/0 objects in disregard for GC pool
[2024.05.01-14.58.30:079][  0]LogNiagaraDebuggerClient: Niagara Debugger Client Initialized | Session: 54261AED4F418D8616AA2C93EDB50C7F | Instance: 5742C2DA49E1A6022E6C6094F8AC91C5 (LASTCHANCE-25276).
[2024.05.01-14.58.30:174][  0]LogPython: Using Python 3.7.7
[2024.05.01-14.58.30:447][  0]LogUdpMessaging: Initializing bridge on interface 0.0.0.0:0 to multicast group 230.0.0.1:6666.
[2024.05.01-14.58.30:455][  0]LogTcpMessaging: Initializing TcpMessaging bridge
[2024.05.01-14.58.30:509][  0]LogTemp: Warning: set up
[2024.05.01-14.58.30:619][  0]SourceControl: Source control is disabled
[2024.05.01-14.58.30:619][  0]SourceControl: Source control is disabled
[2024.05.01-14.58.30:631][  0]SourceControl: Source control is disabled
[2024.05.01-14.58.30:634][  0]SourceControl: Source control is disabled
[2024.05.01-14.58.30:636][  0]SourceControl: Source control is disabled
[2024.05.01-14.58.30:681][  0]LogUProjectInfo: Found projects:
[2024.05.01-14.58.30:767][  0]LogOpenImageDenoise: OIDN starting up
[2024.05.01-14.58.30:792][  0]LogAndroidPermission: UAndroidPermissionCallbackProxy::GetInstance
[2024.05.01-14.58.30:812][  0]LogAudioCaptureCore: Display: No Audio Capture implementations found. Audio input will be silent.
[2024.05.01-14.58.30:812][  0]LogAudioCaptureCore: Display: No Audio Capture implementations found. Audio input will be silent.
[2024.05.01-14.58.30:911][  0]LogCollectionManager: Loaded 0 collections in 0.001051 seconds
[2024.05.01-14.58.30:930][  0]LogFileCache: Scanning file cache for directory 'C:/Users/edgos/Documents/GitHub/Jelly-Hunt/JellyHunt/Saved/Collections/' took 0.00s
[2024.05.01-14.58.30:931][  0]LogFileCache: Scanning file cache for directory 'C:/Users/edgos/Documents/GitHub/Jelly-Hunt/JellyHunt/Content/Developers/edgos/Collections/' took 0.00s
[2024.05.01-14.58.30:931][  0]LogFileCache: Scanning file cache for directory 'C:/Users/edgos/Documents/GitHub/Jelly-Hunt/JellyHunt/Content/Collections/' took 0.00s
[2024.05.01-14.58.30:931][  0]LogOcInput: OculusInput pre-init called
[2024.05.01-14.58.31:091][  0]LogEngine: Initializing Engine...
[2024.05.01-14.58.31:093][  0]LogHMD: Failed to enumerate extensions. Please check that you have a valid OpenXR runtime installed.
[2024.05.01-14.58.31:093][  0]LogHMD: Failed to initialize OpenVR with code 110
[2024.05.01-14.58.31:094][  0]LogMagicLeap: Warning: VR disabled because ZI is not enabled.  To enable, in the editor, Edit -> Project Settings -> Plugins -> Magic Leap Plugin -> Enable Zero Iteration
[2024.05.01-14.58.31:094][  0]LogStats: UGameplayTagsManager::InitializeManager -  0.000 s
[2024.05.01-14.58.31:170][  0]LogInit: Initializing FReadOnlyCVARCache
[2024.05.01-14.58.31:175][  0]LogAIModule: Creating AISystem for world Untitled
[2024.05.01-14.58.31:175][  0]LogAudio: Display: Initializing Audio Device Manager...
[2024.05.01-14.58.31:177][  0]LogAudio: Display: Loading Default Audio Settings Objects...
[2024.05.01-14.58.31:179][  0]LogAudio: Display: No default SoundConcurrencyObject specified (or failed to load).
[2024.05.01-14.58.31:179][  0]LogAudio: Display: Audio Device Manager Initialized
[2024.05.01-14.58.31:179][  0]LogAudio: Display: Creating Audio Device:                 Id: 1, Scope: Shared, Realtime: True
[2024.05.01-14.58.31:179][  0]LogAudioMixer: Display: Audio Mixer Platform Settings:
[2024.05.01-14.58.31:179][  0]LogAudioMixer: Display: 	Sample Rate:						  48000
[2024.05.01-14.58.31:179][  0]LogAudioMixer: Display: 	Callback Buffer Frame Size Requested: 1024
[2024.05.01-14.58.31:179][  0]LogAudioMixer: Display: 	Callback Buffer Frame Size To Use:	  1024
[2024.05.01-14.58.31:180][  0]LogAudioMixer: Display: 	Number of buffers to queue:			  2
[2024.05.01-14.58.31:180][  0]LogAudioMixer: Display: 	Max Channels (voices):				  32
[2024.05.01-14.58.31:180][  0]LogAudioMixer: Display: 	Number of Async Source Workers:		  0
[2024.05.01-14.58.31:180][  0]LogAudio: Display: AudioDevice MaxSources: 32
[2024.05.01-14.58.31:180][  0]LogAudio: Display: Audio Spatialization Plugin: None (built-in).
[2024.05.01-14.58.31:180][  0]LogAudio: Display: Audio Reverb Plugin: None (built-in).
[2024.05.01-14.58.31:180][  0]LogAudio: Display: Audio Occlusion Plugin: None (built-in).
[2024.05.01-14.58.31:180][  0]LogAudioMixer: Display: Initializing audio mixer.
[2024.05.01-14.58.31:190][  0]LogAudioMixer: Display: 0: FrontLeft
[2024.05.01-14.58.31:190][  0]LogAudioMixer: Display: 1: FrontRight
[2024.05.01-14.58.31:205][  0]LogAudioMixer: Display: Using Audio Device Speakers (Realtek(R) Audio)
[2024.05.01-14.58.31:207][  0]LogAudioMixer: Display: Initializing Sound Submixes...
[2024.05.01-14.58.31:208][  0]LogAudioMixer: Display: Creating Master Submix 'MasterSubmixDefault'
[2024.05.01-14.58.31:208][  0]LogAudioMixer: Display: Creating Master Submix 'MasterReverbSubmixDefault'
[2024.05.01-14.58.31:209][  0]LogAudioMixer: Display: Creating Master Submix 'MasterEQSubmixDefault'
[2024.05.01-14.58.31:209][  0]LogAudioMixer: FMixerPlatformXAudio2::StartAudioStream() called
[2024.05.01-14.58.31:209][  0]LogAudioMixer: Display: Output buffers initialized: Frames=1024, Channels=2, Samples=2048
[2024.05.01-14.58.31:210][  0]LogAudioMixer: Display: Starting AudioMixerPlatformInterface::RunInternal()
[2024.05.01-14.58.31:210][  0]LogAudioMixer: Display: FMixerPlatformXAudio2::SubmitBuffer() called for the first time
[2024.05.01-14.58.31:210][  0]LogInit: FAudioDevice initialized.
[2024.05.01-14.58.31:210][  0]LogAudio: Display: Audio Device (ID: 1) registered with world 'Untitled'.
[2024.05.01-14.58.31:210][  0]LogNetVersion: Set ProjectVersion to 1.0.0.0. Version Checksum will be recalculated on next use.
[2024.05.01-14.58.31:248][  0]LogDerivedDataCache: Saved boot cache 0.04s 94MB C:/Users/edgos/AppData/Local/UnrealEngine/4.27/DerivedDataCache/Boot.ddc.
[2024.05.01-14.58.31:249][  0]LogInit: Texture streaming: Enabled
[2024.05.01-14.58.31:259][  0]LogAnalytics: Display: [UEEditor.Rocket.Release] APIServer = https://datarouter.ol.epicgames.com/. AppVersion = 4.27.2-18319896+++UE4+Release-4.27
[2024.05.01-14.58.31:262][  0]LogEngineSessionManager: EngineSessionManager initialized
[2024.05.01-14.58.31:263][  0]LogEditorSessionSummary: Verbose: Initializing EditorSessionSummaryWriter for editor session tracking
[2024.05.01-14.58.31:264][  0]LogEditorSessionSummary: EditorSessionSummaryWriter initialized
[2024.05.01-14.58.31:277][  0]LogInit: Transaction tracking system initialized
[2024.05.01-14.58.31:295][  0]BlueprintLog: New page: Editor Load
[2024.05.01-14.58.31:342][  0]LocalizationService: Localization service is disabled
[2024.05.01-14.58.31:359][  0]TimingProfiler: Initialize
[2024.05.01-14.58.31:360][  0]TimingProfiler: OnSessionChanged
[2024.05.01-14.58.31:360][  0]LoadingProfiler: Initialize
[2024.05.01-14.58.31:360][  0]LoadingProfiler: OnSessionChanged
[2024.05.01-14.58.31:360][  0]NetworkingProfiler: Initialize
[2024.05.01-14.58.31:360][  0]NetworkingProfiler: OnSessionChanged
[2024.05.01-14.58.31:360][  0]MemoryProfiler: Initialize
[2024.05.01-14.58.31:360][  0]MemoryProfiler: OnSessionChanged
[2024.05.01-14.58.31:445][  0]LogCook: Display: CookSettings for Memory: MemoryMaxUsedVirtual 0MiB, MemoryMaxUsedPhysical 16384MiB, MemoryMinFreeVirtual 0MiB, MemoryMinFreePhysical 1024MiB
[2024.05.01-14.58.31:446][  0]LogCook: Display: Mobile HDR setting 1
[2024.05.01-14.58.31:571][  0]LogFileCache: Scanning file cache for directory 'C:/Users/edgos/Documents/GitHub/Jelly-Hunt/JellyHunt/Content/' took 0.01s
[2024.05.01-14.58.31:663][  0]LogInit: Display: Engine is initialized. Leaving FEngineLoop::Init()
[2024.05.01-14.58.31:665][  0]SourceControl: Source control is disabled
[2024.05.01-14.58.31:665][  0]LogUnrealEdMisc: Loading editor; pre map load, took 4.481
[2024.05.01-14.58.31:665][  0]Cmd: MAP LOAD FILE="../../../../../../Users/edgos/Documents/GitHub/Jelly-Hunt/JellyHunt/Content/StarterContent/Maps/Minimal_Default.umap" TEMPLATE=0 SHOWPROGRESS=1 FEATURELEVEL=3
[2024.05.01-14.58.31:665][  0]LightingResults: New page: Lighting Build
[2024.05.01-14.58.31:666][  0]LogWorld: UWorld::CleanupWorld for Untitled, bSessionEnded=true, bCleanupResources=true
[2024.05.01-14.58.31:666][  0]LogSlate: InvalidateAllWidgets triggered.  All widgets were invalidated
[2024.05.01-14.58.31:666][  0]MapCheck: New page: Map Check
[2024.05.01-14.58.31:666][  0]LightingResults: New page: Lighting Build
[2024.05.01-14.58.31:668][  0]LogAudio: Display: Audio Device unregistered from world 'None'.
[2024.05.01-14.58.31:670][  0]LogUObjectHash: Compacting FUObjectHashTables data took   0.40ms
[2024.05.01-14.58.31:693][  0]LogBlueprint: Warning: [AssetLog] C:\Users\edgos\Documents\GitHub\Jelly-Hunt\JellyHunt\Content\StarterContent\Blueprints\FPSCharacter.uasset: [Compiler] InputAction Event references unknown Action 'Crouch' for  InputAction Crouch
[2024.05.01-14.58.31:694][  0]LogBlueprint: Warning: [AssetLog] C:\Users\edgos\Documents\GitHub\Jelly-Hunt\JellyHunt\Content\StarterContent\Blueprints\FPSCharacter.uasset: [Compiler] Input Axis Event references unknown Axis 'Forwards/Backwards' for  InputAxis Forwards/Backwards
[2024.05.01-14.58.31:694][  0]LogBlueprint: Warning: [AssetLog] C:\Users\edgos\Documents\GitHub\Jelly-Hunt\JellyHunt\Content\StarterContent\Blueprints\FPSCharacter.uasset: [Compiler] Input Axis Event references unknown Axis 'Look Up/LookDown' for  InputAxis Look Up/LookDown
[2024.05.01-14.58.31:694][  0]LogBlueprint: Warning: [AssetLog] C:\Users\edgos\Documents\GitHub\Jelly-Hunt\JellyHunt\Content\StarterContent\Blueprints\FPSCharacter.uasset: [Compiler] Input Axis Event references unknown Axis 'Right/Left' for  InputAxis Right/Left
[2024.05.01-14.58.31:695][  0]LogBlueprint: Warning: [AssetLog] C:\Users\edgos\Documents\GitHub\Jelly-Hunt\JellyHunt\Content\StarterContent\Blueprints\FPSCharacter.uasset: [Compiler] Input Axis Event references unknown Axis 'Look Left/Right' for  InputAxis Look Left/Right
[2024.05.01-14.58.31:710][  0]LogAudio: Display: Audio Device (ID: 1) registered with world 'Minimal_Default'.
[2024.05.01-14.58.31:711][  0]LogAIModule: Creating AISystem for world Minimal_Default
[2024.05.01-14.58.31:717][  0]LogEditorServer: Finished looking for orphan Actors (0.000 secs)
[2024.05.01-14.58.31:722][  0]LogUObjectHash: Compacting FUObjectHashTables data took   0.42ms
[2024.05.01-14.58.31:722][  0]Cmd: MAP CHECKDEP NOCLEARLOG
[2024.05.01-14.58.31:722][  0]MapCheck: Map check complete: 0 Error(s), 0 Warning(s), took 0.084ms to complete.
[2024.05.01-14.58.31:722][  0]LogFileHelpers: Loading map 'Minimal_Default' took 0.057
[2024.05.01-14.58.31:723][  0]LogUnrealEdMisc: Total Editor Startup Time, took 4.540
[2024.05.01-14.58.31:816][  0]LogSlate: Updating window title bar state: overlay mode, drag disabled, window buttons hidden, title bar hidden
[2024.05.01-14.58.31:818][  0]LogSlate: Updating window title bar state: overlay mode, drag disabled, window buttons hidden, title bar hidden
[2024.05.01-14.58.31:822][  0]LogSlate: Updating window title bar state: overlay mode, drag disabled, window buttons hidden, title bar hidden
[2024.05.01-14.58.31:825][  0]LogSlate: Updating window title bar state: overlay mode, drag disabled, window buttons hidden, title bar hidden
[2024.05.01-14.58.31:832][  0]LogNativeClassHierarchy: Verbose: Native class hierarchy populated in 0.0051 seconds. Added 3828 classes and 930 folders.
[2024.05.01-14.58.31:833][  0]LogNativeClassHierarchy: Verbose: Native class hierarchy updated for 'WidgetCarousel' in 0.0001 seconds. Added 0 classes and 0 folders.
[2024.05.01-14.58.31:834][  0]LogPakFile: PakFile PrimaryIndexSize=187
[2024.05.01-14.58.31:834][  0]LogPakFile: PakFile PathHashIndexSize=101
[2024.05.01-14.58.31:834][  0]LogPakFile: PakFile FullDirectoryIndexSize=148
[2024.05.01-14.58.31:835][  0]LogShaderLibrary: Display: ShaderCodeLibraryPakFileMountedCallback: PakFile 'C:/Program Files/Epic Games/UE_4.27/FeaturePacks/FP_FirstPerson.upack' (chunk index -1, root 'root:/') mounted
[2024.05.01-14.58.31:835][  0]LogShaderLibrary: Display: ShaderCodeLibraryPakFileMountedCallback: pending pak file info (ChunkID:-1 Root:root:/ File:C:/Program Files/Epic Games/UE_4.27/FeaturePacks/FP_FirstPerson.upack)
[2024.05.01-14.58.31:835][  0]LogPakFile: OnPakFileMounted2Time == 0.000416
[2024.05.01-14.58.31:835][  0]LogPakFile: PakFile PrimaryIndexSize=189
[2024.05.01-14.58.31:835][  0]LogPakFile: PakFile PathHashIndexSize=101
[2024.05.01-14.58.31:836][  0]LogPakFile: PakFile FullDirectoryIndexSize=152
[2024.05.01-14.58.31:836][  0]LogShaderLibrary: Display: ShaderCodeLibraryPakFileMountedCallback: PakFile 'C:/Program Files/Epic Games/UE_4.27/FeaturePacks/FP_FirstPersonBP.upack' (chunk index -1, root 'root:/') mounted
[2024.05.01-14.58.31:836][  0]LogShaderLibrary: Display: ShaderCodeLibraryPakFileMountedCallback: pending pak file info (ChunkID:-1 Root:root:/ File:C:/Program Files/Epic Games/UE_4.27/FeaturePacks/FP_FirstPersonBP.upack)
[2024.05.01-14.58.31:836][  0]LogPakFile: OnPakFileMounted2Time == 0.000120
[2024.05.01-14.58.31:836][  0]LogPakFile: PakFile PrimaryIndexSize=191
[2024.05.01-14.58.31:836][  0]LogPakFile: PakFile PathHashIndexSize=101
[2024.05.01-14.58.31:836][  0]LogPakFile: PakFile FullDirectoryIndexSize=160
[2024.05.01-14.58.31:836][  0]LogShaderLibrary: Display: ShaderCodeLibraryPakFileMountedCallback: PakFile 'C:/Program Files/Epic Games/UE_4.27/FeaturePacks/MobileStarterContent.upack' (chunk index -1, root 'root:/') mounted
[2024.05.01-14.58.31:836][  0]LogShaderLibrary: Display: ShaderCodeLibraryPakFileMountedCallback: pending pak file info (ChunkID:-1 Root:root:/ File:C:/Program Files/Epic Games/UE_4.27/FeaturePacks/MobileStarterContent.upack)
[2024.05.01-14.58.31:836][  0]LogPakFile: OnPakFileMounted2Time == 0.000122
[2024.05.01-14.58.31:837][  0]LogPakFile: PakFile PrimaryIndexSize=185
[2024.05.01-14.58.31:837][  0]LogPakFile: PakFile PathHashIndexSize=101
[2024.05.01-14.58.31:837][  0]LogPakFile: PakFile FullDirectoryIndexSize=148
[2024.05.01-14.58.31:837][  0]LogShaderLibrary: Display: ShaderCodeLibraryPakFileMountedCallback: PakFile 'C:/Program Files/Epic Games/UE_4.27/FeaturePacks/StarterContent.upack' (chunk index -1, root 'root:/') mounted
[2024.05.01-14.58.31:837][  0]LogShaderLibrary: Display: ShaderCodeLibraryPakFileMountedCallback: pending pak file info (ChunkID:-1 Root:root:/ File:C:/Program Files/Epic Games/UE_4.27/FeaturePacks/StarterContent.upack)
[2024.05.01-14.58.31:837][  0]LogPakFile: OnPakFileMounted2Time == 0.000123
[2024.05.01-14.58.31:837][  0]LogPakFile: PakFile PrimaryIndexSize=190
[2024.05.01-14.58.31:837][  0]LogPakFile: PakFile PathHashIndexSize=101
[2024.05.01-14.58.31:837][  0]LogPakFile: PakFile FullDirectoryIndexSize=154
[2024.05.01-14.58.31:837][  0]LogShaderLibrary: Display: ShaderCodeLibraryPakFileMountedCallback: PakFile 'C:/Program Files/Epic Games/UE_4.27/FeaturePacks/TP_2DSideScroller.upack' (chunk index -1, root 'root:/') mounted
[2024.05.01-14.58.31:837][  0]LogShaderLibrary: Display: ShaderCodeLibraryPakFileMountedCallback: pending pak file info (ChunkID:-1 Root:root:/ File:C:/Program Files/Epic Games/UE_4.27/FeaturePacks/TP_2DSideScroller.upack)
[2024.05.01-14.58.31:837][  0]LogPakFile: OnPakFileMounted2Time == 0.000127
[2024.05.01-14.58.31:837][  0]LogPakFile: PakFile PrimaryIndexSize=192
[2024.05.01-14.58.31:837][  0]LogPakFile: PakFile PathHashIndexSize=101
[2024.05.01-14.58.31:837][  0]LogPakFile: PakFile FullDirectoryIndexSize=158
[2024.05.01-14.58.31:838][  0]LogShaderLibrary: Display: ShaderCodeLibraryPakFileMountedCallback: PakFile 'C:/Program Files/Epic Games/UE_4.27/FeaturePacks/TP_2DSideScrollerBP.upack' (chunk index -1, root 'root:/') mounted
[2024.05.01-14.58.31:838][  0]LogShaderLibrary: Display: ShaderCodeLibraryPakFileMountedCallback: pending pak file info (ChunkID:-1 Root:root:/ File:C:/Program Files/Epic Games/UE_4.27/FeaturePacks/TP_2DSideScrollerBP.upack)
[2024.05.01-14.58.31:838][  0]LogPakFile: OnPakFileMounted2Time == 0.000141
[2024.05.01-14.58.31:838][  0]LogPakFile: PakFile PrimaryIndexSize=182
[2024.05.01-14.58.31:838][  0]LogPakFile: PakFile PathHashIndexSize=101
[2024.05.01-14.58.31:838][  0]LogPakFile: PakFile FullDirectoryIndexSize=138
[2024.05.01-14.58.31:838][  0]LogShaderLibrary: Display: ShaderCodeLibraryPakFileMountedCallback: PakFile 'C:/Program Files/Epic Games/UE_4.27/FeaturePacks/TP_Flying.upack' (chunk index -1, root 'root:/') mounted
[2024.05.01-14.58.31:838][  0]LogShaderLibrary: Display: ShaderCodeLibraryPakFileMountedCallback: pending pak file info (ChunkID:-1 Root:root:/ File:C:/Program Files/Epic Games/UE_4.27/FeaturePacks/TP_Flying.upack)
[2024.05.01-14.58.31:838][  0]LogPakFile: OnPakFileMounted2Time == 0.000118
[2024.05.01-14.58.31:839][  0]LogPakFile: PakFile PrimaryIndexSize=184
[2024.05.01-14.58.31:839][  0]LogPakFile: PakFile PathHashIndexSize=101
[2024.05.01-14.58.31:839][  0]LogPakFile: PakFile FullDirectoryIndexSize=142
[2024.05.01-14.58.31:839][  0]LogShaderLibrary: Display: ShaderCodeLibraryPakFileMountedCallback: PakFile 'C:/Program Files/Epic Games/UE_4.27/FeaturePacks/TP_FlyingBP.upack' (chunk index -1, root 'root:/') mounted
[2024.05.01-14.58.31:839][  0]LogShaderLibrary: Display: ShaderCodeLibraryPakFileMountedCallback: pending pak file info (ChunkID:-1 Root:root:/ File:C:/Program Files/Epic Games/UE_4.27/FeaturePacks/TP_FlyingBP.upack)
[2024.05.01-14.58.31:839][  0]LogPakFile: OnPakFileMounted2Time == 0.000108
[2024.05.01-14.58.31:839][  0]LogPakFile: PakFile PrimaryIndexSize=188
[2024.05.01-14.58.31:839][  0]LogPakFile: PakFile PathHashIndexSize=101
[2024.05.01-14.58.31:839][  0]LogPakFile: PakFile FullDirectoryIndexSize=150
[2024.05.01-14.58.31:839][  0]LogShaderLibrary: Display: ShaderCodeLibraryPakFileMountedCallback: PakFile 'C:/Program Files/Epic Games/UE_4.27/FeaturePacks/TP_HandheldARBP.upack' (chunk index -1, root 'root:/') mounted
[2024.05.01-14.58.31:839][  0]LogShaderLibrary: Display: ShaderCodeLibraryPakFileMountedCallback: pending pak file info (ChunkID:-1 Root:root:/ File:C:/Program Files/Epic Games/UE_4.27/FeaturePacks/TP_HandheldARBP.upack)
[2024.05.01-14.58.31:839][  0]LogPakFile: OnPakFileMounted2Time == 0.000128
[2024.05.01-14.58.31:840][  0]LogPakFile: PakFile PrimaryIndexSize=182
[2024.05.01-14.58.31:840][  0]LogPakFile: PakFile PathHashIndexSize=101
[2024.05.01-14.58.31:840][  0]LogPakFile: PakFile FullDirectoryIndexSize=138
[2024.05.01-14.58.31:840][  0]LogShaderLibrary: Display: ShaderCodeLibraryPakFileMountedCallback: PakFile 'C:/Program Files/Epic Games/UE_4.27/FeaturePacks/TP_Puzzle.upack' (chunk index -1, root 'root:/') mounted
[2024.05.01-14.58.31:840][  0]LogShaderLibrary: Display: ShaderCodeLibraryPakFileMountedCallback: pending pak file info (ChunkID:-1 Root:root:/ File:C:/Program Files/Epic Games/UE_4.27/FeaturePacks/TP_Puzzle.upack)
[2024.05.01-14.58.31:840][  0]LogPakFile: OnPakFileMounted2Time == 0.000099
[2024.05.01-14.58.31:840][  0]LogPakFile: PakFile PrimaryIndexSize=184
[2024.05.01-14.58.31:840][  0]LogPakFile: PakFile PathHashIndexSize=101
[2024.05.01-14.58.31:840][  0]LogPakFile: PakFile FullDirectoryIndexSize=142
[2024.05.01-14.58.31:840][  0]LogShaderLibrary: Display: ShaderCodeLibraryPakFileMountedCallback: PakFile 'C:/Program Files/Epic Games/UE_4.27/FeaturePacks/TP_PuzzleBP.upack' (chunk index -1, root 'root:/') mounted
[2024.05.01-14.58.31:840][  0]LogShaderLibrary: Display: ShaderCodeLibraryPakFileMountedCallback: pending pak file info (ChunkID:-1 Root:root:/ File:C:/Program Files/Epic Games/UE_4.27/FeaturePacks/TP_PuzzleBP.upack)
[2024.05.01-14.58.31:840][  0]LogPakFile: OnPakFileMounted2Time == 0.000115
[2024.05.01-14.58.31:840][  0]LogPakFile: PakFile PrimaryIndexSize=183
[2024.05.01-14.58.31:840][  0]LogPakFile: PakFile PathHashIndexSize=101
[2024.05.01-14.58.31:842][  0]LogPakFile: PakFile FullDirectoryIndexSize=140
[2024.05.01-14.58.31:842][  0]LogShaderLibrary: Display: ShaderCodeLibraryPakFileMountedCallback: PakFile 'C:/Program Files/Epic Games/UE_4.27/FeaturePacks/TP_Rolling.upack' (chunk index -1, root 'root:/') mounted
[2024.05.01-14.58.31:842][  0]LogShaderLibrary: Display: ShaderCodeLibraryPakFileMountedCallback: pending pak file info (ChunkID:-1 Root:root:/ File:C:/Program Files/Epic Games/UE_4.27/FeaturePacks/TP_Rolling.upack)
[2024.05.01-14.58.31:842][  0]LogPakFile: OnPakFileMounted2Time == 0.000117
[2024.05.01-14.58.31:842][  0]LogPakFile: PakFile PrimaryIndexSize=185
[2024.05.01-14.58.31:842][  0]LogPakFile: PakFile PathHashIndexSize=101
[2024.05.01-14.58.31:842][  0]LogPakFile: PakFile FullDirectoryIndexSize=144
[2024.05.01-14.58.31:842][  0]LogShaderLibrary: Display: ShaderCodeLibraryPakFileMountedCallback: PakFile 'C:/Program Files/Epic Games/UE_4.27/FeaturePacks/TP_RollingBP.upack' (chunk index -1, root 'root:/') mounted
[2024.05.01-14.58.31:842][  0]LogShaderLibrary: Display: ShaderCodeLibraryPakFileMountedCallback: pending pak file info (ChunkID:-1 Root:root:/ File:C:/Program Files/Epic Games/UE_4.27/FeaturePacks/TP_RollingBP.upack)
[2024.05.01-14.58.31:842][  0]LogPakFile: OnPakFileMounted2Time == 0.000104
[2024.05.01-14.58.31:843][  0]LogPakFile: PakFile PrimaryIndexSize=188
[2024.05.01-14.58.31:843][  0]LogPakFile: PakFile PathHashIndexSize=101
[2024.05.01-14.58.31:843][  0]LogPakFile: PakFile FullDirectoryIndexSize=150
[2024.05.01-14.58.31:843][  0]LogShaderLibrary: Display: ShaderCodeLibraryPakFileMountedCallback: PakFile 'C:/Program Files/Epic Games/UE_4.27/FeaturePacks/TP_SideScroller.upack' (chunk index -1, root 'root:/') mounted
[2024.05.01-14.58.31:843][  0]LogShaderLibrary: Display: ShaderCodeLibraryPakFileMountedCallback: pending pak file info (ChunkID:-1 Root:root:/ File:C:/Program Files/Epic Games/UE_4.27/FeaturePacks/TP_SideScroller.upack)
[2024.05.01-14.58.31:843][  0]LogPakFile: OnPakFileMounted2Time == 0.000121
[2024.05.01-14.58.31:843][  0]LogPakFile: PakFile PrimaryIndexSize=190
[2024.05.01-14.58.31:843][  0]LogPakFile: PakFile PathHashIndexSize=101
[2024.05.01-14.58.31:843][  0]LogPakFile: PakFile FullDirectoryIndexSize=154
[2024.05.01-14.58.31:844][  0]LogShaderLibrary: Display: ShaderCodeLibraryPakFileMountedCallback: PakFile 'C:/Program Files/Epic Games/UE_4.27/FeaturePacks/TP_SideScrollerBP.upack' (chunk index -1, root 'root:/') mounted
[2024.05.01-14.58.31:844][  0]LogShaderLibrary: Display: ShaderCodeLibraryPakFileMountedCallback: pending pak file info (ChunkID:-1 Root:root:/ File:C:/Program Files/Epic Games/UE_4.27/FeaturePacks/TP_SideScrollerBP.upack)
[2024.05.01-14.58.31:844][  0]LogPakFile: OnPakFileMounted2Time == 0.000119
[2024.05.01-14.58.31:844][  0]LogPakFile: PakFile PrimaryIndexSize=187
[2024.05.01-14.58.31:844][  0]LogPakFile: PakFile PathHashIndexSize=101
[2024.05.01-14.58.31:844][  0]LogPakFile: PakFile FullDirectoryIndexSize=148
[2024.05.01-14.58.31:844][  0]LogShaderLibrary: Display: ShaderCodeLibraryPakFileMountedCallback: PakFile 'C:/Program Files/Epic Games/UE_4.27/FeaturePacks/TP_ThirdPerson.upack' (chunk index -1, root 'root:/') mounted
[2024.05.01-14.58.31:844][  0]LogShaderLibrary: Display: ShaderCodeLibraryPakFileMountedCallback: pending pak file info (ChunkID:-1 Root:root:/ File:C:/Program Files/Epic Games/UE_4.27/FeaturePacks/TP_ThirdPerson.upack)
[2024.05.01-14.58.31:844][  0]LogPakFile: OnPakFileMounted2Time == 0.000111
[2024.05.01-14.58.31:845][  0]LogPakFile: PakFile PrimaryIndexSize=189
[2024.05.01-14.58.31:845][  0]LogPakFile: PakFile PathHashIndexSize=101
[2024.05.01-14.58.31:845][  0]LogPakFile: PakFile FullDirectoryIndexSize=152
[2024.05.01-14.58.31:845][  0]LogShaderLibrary: Display: ShaderCodeLibraryPakFileMountedCallback: PakFile 'C:/Program Files/Epic Games/UE_4.27/FeaturePacks/TP_ThirdPersonBP.upack' (chunk index -1, root 'root:/') mounted
[2024.05.01-14.58.31:845][  0]LogShaderLibrary: Display: ShaderCodeLibraryPakFileMountedCallback: pending pak file info (ChunkID:-1 Root:root:/ File:C:/Program Files/Epic Games/UE_4.27/FeaturePacks/TP_ThirdPersonBP.upack)
[2024.05.01-14.58.31:845][  0]LogPakFile: OnPakFileMounted2Time == 0.000166
[2024.05.01-14.58.31:845][  0]LogPakFile: PakFile PrimaryIndexSize=183
[2024.05.01-14.58.31:845][  0]LogPakFile: PakFile PathHashIndexSize=101
[2024.05.01-14.58.31:846][  0]LogPakFile: PakFile FullDirectoryIndexSize=140
[2024.05.01-14.58.31:846][  0]LogShaderLibrary: Display: ShaderCodeLibraryPakFileMountedCallback: PakFile 'C:/Program Files/Epic Games/UE_4.27/FeaturePacks/TP_TopDown.upack' (chunk index -1, root 'root:/') mounted
[2024.05.01-14.58.31:846][  0]LogShaderLibrary: Display: ShaderCodeLibraryPakFileMountedCallback: pending pak file info (ChunkID:-1 Root:root:/ File:C:/Program Files/Epic Games/UE_4.27/FeaturePacks/TP_TopDown.upack)
[2024.05.01-14.58.31:846][  0]LogPakFile: OnPakFileMounted2Time == 0.000139
[2024.05.01-14.58.31:846][  0]LogPakFile: PakFile PrimaryIndexSize=185
[2024.05.01-14.58.31:846][  0]LogPakFile: PakFile PathHashIndexSize=101
[2024.05.01-14.58.31:846][  0]LogPakFile: PakFile FullDirectoryIndexSize=144
[2024.05.01-14.58.31:846][  0]LogShaderLibrary: Display: ShaderCodeLibraryPakFileMountedCallback: PakFile 'C:/Program Files/Epic Games/UE_4.27/FeaturePacks/TP_TopDownBP.upack' (chunk index -1, root 'root:/') mounted
[2024.05.01-14.58.31:846][  0]LogShaderLibrary: Display: ShaderCodeLibraryPakFileMountedCallback: pending pak file info (ChunkID:-1 Root:root:/ File:C:/Program Files/Epic Games/UE_4.27/FeaturePacks/TP_TopDownBP.upack)
[2024.05.01-14.58.31:846][  0]LogPakFile: OnPakFileMounted2Time == 0.000135
[2024.05.01-14.58.31:847][  0]LogPakFile: PakFile PrimaryIndexSize=185
[2024.05.01-14.58.31:847][  0]LogPakFile: PakFile PathHashIndexSize=101
[2024.05.01-14.58.31:847][  0]LogPakFile: PakFile FullDirectoryIndexSize=144
[2024.05.01-14.58.31:847][  0]LogShaderLibrary: Display: ShaderCodeLibraryPakFileMountedCallback: PakFile 'C:/Program Files/Epic Games/UE_4.27/FeaturePacks/TP_TwinStick.upack' (chunk index -1, root 'root:/') mounted
[2024.05.01-14.58.31:847][  0]LogShaderLibrary: Display: ShaderCodeLibraryPakFileMountedCallback: pending pak file info (ChunkID:-1 Root:root:/ File:C:/Program Files/Epic Games/UE_4.27/FeaturePacks/TP_TwinStick.upack)
[2024.05.01-14.58.31:847][  0]LogPakFile: OnPakFileMounted2Time == 0.000115
[2024.05.01-14.58.31:847][  0]LogPakFile: PakFile PrimaryIndexSize=187
[2024.05.01-14.58.31:847][  0]LogPakFile: PakFile PathHashIndexSize=101
[2024.05.01-14.58.31:847][  0]LogPakFile: PakFile FullDirectoryIndexSize=148
[2024.05.01-14.58.31:847][  0]LogShaderLibrary: Display: ShaderCodeLibraryPakFileMountedCallback: PakFile 'C:/Program Files/Epic Games/UE_4.27/FeaturePacks/TP_TwinStickBP.upack' (chunk index -1, root 'root:/') mounted
[2024.05.01-14.58.31:847][  0]LogShaderLibrary: Display: ShaderCodeLibraryPakFileMountedCallback: pending pak file info (ChunkID:-1 Root:root:/ File:C:/Program Files/Epic Games/UE_4.27/FeaturePacks/TP_TwinStickBP.upack)
[2024.05.01-14.58.31:847][  0]LogPakFile: OnPakFileMounted2Time == 0.000126
[2024.05.01-14.58.31:847][  0]LogPakFile: PakFile PrimaryIndexSize=183
[2024.05.01-14.58.31:847][  0]LogPakFile: PakFile PathHashIndexSize=101
[2024.05.01-14.58.31:848][  0]LogPakFile: PakFile FullDirectoryIndexSize=140
[2024.05.01-14.58.31:848][  0]LogShaderLibrary: Display: ShaderCodeLibraryPakFileMountedCallback: PakFile 'C:/Program Files/Epic Games/UE_4.27/FeaturePacks/TP_Vehicle.upack' (chunk index -1, root 'root:/') mounted
[2024.05.01-14.58.31:848][  0]LogShaderLibrary: Display: ShaderCodeLibraryPakFileMountedCallback: pending pak file info (ChunkID:-1 Root:root:/ File:C:/Program Files/Epic Games/UE_4.27/FeaturePacks/TP_Vehicle.upack)
[2024.05.01-14.58.31:848][  0]LogPakFile: OnPakFileMounted2Time == 0.000132
[2024.05.01-14.58.31:848][  0]LogPakFile: PakFile PrimaryIndexSize=186
[2024.05.01-14.58.31:848][  0]LogPakFile: PakFile PathHashIndexSize=101
[2024.05.01-14.58.31:848][  0]LogPakFile: PakFile FullDirectoryIndexSize=146
[2024.05.01-14.58.31:848][  0]LogShaderLibrary: Display: ShaderCodeLibraryPakFileMountedCallback: PakFile 'C:/Program Files/Epic Games/UE_4.27/FeaturePacks/TP_VehicleAdv.upack' (chunk index -1, root 'root:/') mounted
[2024.05.01-14.58.31:848][  0]LogShaderLibrary: Display: ShaderCodeLibraryPakFileMountedCallback: pending pak file info (ChunkID:-1 Root:root:/ File:C:/Program Files/Epic Games/UE_4.27/FeaturePacks/TP_VehicleAdv.upack)
[2024.05.01-14.58.31:848][  0]LogPakFile: OnPakFileMounted2Time == 0.000130
[2024.05.01-14.58.31:849][  0]LogPakFile: PakFile PrimaryIndexSize=188
[2024.05.01-14.58.31:849][  0]LogPakFile: PakFile PathHashIndexSize=101
[2024.05.01-14.58.31:849][  0]LogPakFile: PakFile FullDirectoryIndexSize=150
[2024.05.01-14.58.31:849][  0]LogShaderLibrary: Display: ShaderCodeLibraryPakFileMountedCallback: PakFile 'C:/Program Files/Epic Games/UE_4.27/FeaturePacks/TP_VehicleAdvBP.upack' (chunk index -1, root 'root:/') mounted
[2024.05.01-14.58.31:849][  0]LogShaderLibrary: Display: ShaderCodeLibraryPakFileMountedCallback: pending pak file info (ChunkID:-1 Root:root:/ File:C:/Program Files/Epic Games/UE_4.27/FeaturePacks/TP_VehicleAdvBP.upack)
[2024.05.01-14.58.31:849][  0]LogPakFile: OnPakFileMounted2Time == 0.000117
[2024.05.01-14.58.31:849][  0]LogPakFile: PakFile PrimaryIndexSize=185
[2024.05.01-14.58.31:849][  0]LogPakFile: PakFile PathHashIndexSize=101
[2024.05.01-14.58.31:850][  0]LogPakFile: PakFile FullDirectoryIndexSize=144
[2024.05.01-14.58.31:850][  0]LogShaderLibrary: Display: ShaderCodeLibraryPakFileMountedCallback: PakFile 'C:/Program Files/Epic Games/UE_4.27/FeaturePacks/TP_VehicleBP.upack' (chunk index -1, root 'root:/') mounted
[2024.05.01-14.58.31:850][  0]LogShaderLibrary: Display: ShaderCodeLibraryPakFileMountedCallback: pending pak file info (ChunkID:-1 Root:root:/ File:C:/Program Files/Epic Games/UE_4.27/FeaturePacks/TP_VehicleBP.upack)
[2024.05.01-14.58.31:850][  0]LogPakFile: OnPakFileMounted2Time == 0.000133
[2024.05.01-14.58.31:850][  0]LogPakFile: PakFile PrimaryIndexSize=192
[2024.05.01-14.58.31:850][  0]LogPakFile: PakFile PathHashIndexSize=101
[2024.05.01-14.58.31:850][  0]LogPakFile: PakFile FullDirectoryIndexSize=158
[2024.05.01-14.58.31:850][  0]LogShaderLibrary: Display: ShaderCodeLibraryPakFileMountedCallback: PakFile 'C:/Program Files/Epic Games/UE_4.27/FeaturePacks/TP_VirtualRealityBP.upack' (chunk index -1, root 'root:/') mounted
[2024.05.01-14.58.31:850][  0]LogShaderLibrary: Display: ShaderCodeLibraryPakFileMountedCallback: pending pak file info (ChunkID:-1 Root:root:/ File:C:/Program Files/Epic Games/UE_4.27/FeaturePacks/TP_VirtualRealityBP.upack)
[2024.05.01-14.58.31:850][  0]LogPakFile: OnPakFileMounted2Time == 0.000302
[2024.05.01-14.58.31:869][  0]LogNativeClassHierarchy: Verbose: Native class hierarchy updated for 'AddContentDialog' in 0.0002 seconds. Added 0 classes and 0 folders.
[2024.05.01-14.58.31:869][  0]LogNativeClassHierarchy: Verbose: Native class hierarchy updated for 'SceneOutliner' in 0.0001 seconds. Added 2 classes and 0 folders.
[2024.05.01-14.58.31:911][  0]LogSlate: Took 0.000107 seconds to synchronously load lazily loaded font '../../../Engine/Content/Slate/Fonts/Roboto-Regular.ttf' (155K)
[2024.05.01-14.58.31:912][  0]LogSlate: Took 0.000082 seconds to synchronously load lazily loaded font '../../../Engine/Content/Editor/Slate/Fonts/FontAwesome.ttf' (139K)
[2024.05.01-14.58.31:912][  0]LogSlate: Took 0.000085 seconds to synchronously load lazily loaded font '../../../Engine/Content/Slate/Fonts/Roboto-Bold.ttf' (160K)
[2024.05.01-14.58.31:916][  0]LogSlate: Took 0.000097 seconds to synchronously load lazily loaded font '../../../Engine/Content/Slate/Fonts/DroidSansMono.ttf' (77K)
[2024.05.01-14.58.31:990][  0]LogRenderer: Reallocating scene render targets to support 1208x600 Format 10 NumSamples 1 (Frame:1).
[2024.05.01-14.58.32:013][  0]LogSlate: Took 0.000086 seconds to synchronously load lazily loaded font '../../../Engine/Content/Slate/Fonts/Roboto-Light.ttf' (167K)
[2024.05.01-14.58.32:046][  0]LogNativeClassHierarchy: Verbose: Native class hierarchy updated for 'HierarchicalLODOutliner' in 0.0002 seconds. Added 0 classes and 0 folders.
[2024.05.01-14.58.32:046][  0]LogLoad: (Engine Initialization) Total time: 4.86 seconds
[2024.05.01-14.58.32:046][  0]LogLoad: (Engine Initialization) Total Blueprint compile time: 0.00 seconds
[2024.05.01-14.58.32:074][  0]LogAssetRegistry: Asset discovery search completed in 2.6180 seconds
[2024.05.01-14.58.32:077][  0]LogCollectionManager: Fixed up redirectors for 0 collections in 0.000003 seconds (updated 0 objects)
[2024.05.01-14.58.32:079][  0]LogContentStreaming: Texture pool size now 1000 MB
[2024.05.01-14.58.35:052][344]LogUObjectHash: Compacting FUObjectHashTables data took   0.38ms
[2024.05.01-14.58.35:059][344]LogSlate: Took 0.000093 seconds to synchronously load lazily loaded font '../../../Engine/Content/Slate/Fonts/Roboto-Light.ttf' (167K)
[2024.05.01-14.58.35:106][344]LogTemp: Warning: set up
[2024.05.01-14.58.35:106][344]LogTemp: Warning: set up
[2024.05.01-14.58.35:113][344]LogTemp: Warning: set up
[2024.05.01-14.58.35:132][344]LogTemp: Warning: set up
[2024.05.01-14.58.35:146][344]LogTemp: Warning: set up
[2024.05.01-14.58.35:175][344]LogTemp: Warning: set up
[2024.05.01-14.58.36:898][344]LogMaterial: Warning: M_Grass_Master: Requesting an invalid TextureIndex! (4294967295 / 6)
[2024.05.01-14.58.36:899][344]LogAssetEditorSubsystem: Opening Asset editor for World /Game/Maps/JellyGrounds.JellyGrounds
[2024.05.01-14.58.36:899][344]Cmd: MAP LOAD FILE="../../../../../../Users/edgos/Documents/GitHub/Jelly-Hunt/JellyHunt/Content/Maps/JellyGrounds.umap" TEMPLATE=0 SHOWPROGRESS=1 FEATURELEVEL=3
[2024.05.01-14.58.36:899][344]LightingResults: New page: Lighting Build
[2024.05.01-14.58.36:899][344]LoadErrors: New page: Loading map: JellyGrounds.umap
[2024.05.01-14.58.36:925][344]LogWorld: UWorld::CleanupWorld for Minimal_Default, bSessionEnded=true, bCleanupResources=true
[2024.05.01-14.58.36:925][344]LogSlate: InvalidateAllWidgets triggered.  All widgets were invalidated
[2024.05.01-14.58.36:925][344]MapCheck: New page: Map Check
[2024.05.01-14.58.36:925][344]LightingResults: New page: Lighting Build
[2024.05.01-14.58.36:931][344]LogAudio: Display: Audio Device unregistered from world 'None'.
[2024.05.01-14.58.36:933][344]LogUObjectHash: Compacting FUObjectHashTables data took   0.52ms
[2024.05.01-14.58.36:934][344]LogAudio: Display: Audio Device (ID: 1) registered with world 'JellyGrounds'.
[2024.05.01-14.58.37:000][344]LogEditorServer: Finished looking for orphan Actors (0.000 secs)
[2024.05.01-14.58.37:000][344]LogAIModule: Creating AISystem for world JellyGrounds
[2024.05.01-14.58.37:095][344]LogUObjectHash: Compacting FUObjectHashTables data took   0.40ms
[2024.05.01-14.58.37:104][344]Cmd: MAP CHECKDEP NOCLEARLOG
[2024.05.01-14.58.37:105][344]MapCheck: Map check complete: 0 Error(s), 0 Warning(s), took 0.08ms to complete.
[2024.05.01-14.58.37:105][344]LogFileHelpers: Loading map 'JellyGrounds' took 0.207
[2024.05.01-14.58.38:273][442]LogTemp: Repeating last play command: Selected Viewport
[2024.05.01-14.58.38:277][442]LogPlayLevel: PlayLevel: No blueprints needed recompiling
[2024.05.01-14.58.38:278][442]PIE: New page: PIE session: JellyGrounds (1 May 2024, 16:58:38)
[2024.05.01-14.58.38:279][442]LogOnline: OSS: Creating online subsystem instance for: NULL
[2024.05.01-14.58.38:281][442]LogOnline: OSS: TryLoadSubsystemAndSetDefault: Loaded subsystem for module [NULL]
[2024.05.01-14.58.38:281][442]LogPlayLevel: Creating play world package: /Game/Maps/UEDPIE_0_JellyGrounds
[2024.05.01-14.58.38:281][442]LogTemp: Warning: set up
[2024.05.01-14.58.39:187][442]LogPlayLevel: PIE: StaticDuplicateObject took: (0.906175s)
[2024.05.01-14.58.39:187][442]LogAIModule: Creating AISystem for world JellyGrounds
[2024.05.01-14.58.39:189][442]LogPlayLevel: PIE: World Init took: (0.000835s)
[2024.05.01-14.58.39:189][442]LogPlayLevel: PIE: Created PIE world by copying editor world from /Game/Maps/JellyGrounds.JellyGrounds to /Game/Maps/UEDPIE_0_JellyGrounds.JellyGrounds (0.907331s)
[2024.05.01-14.58.39:192][442]LogUObjectHash: Compacting FUObjectHashTables data took   0.36ms
[2024.05.01-14.58.39:193][442]LogAudio: Display: Creating Audio Device:                 Id: 2, Scope: Unique, Realtime: True
[2024.05.01-14.58.39:193][442]LogAudioMixer: Display: Audio Mixer Platform Settings:
[2024.05.01-14.58.39:193][442]LogAudioMixer: Display: 	Sample Rate:						  48000
[2024.05.01-14.58.39:193][442]LogAudioMixer: Display: 	Callback Buffer Frame Size Requested: 1024
[2024.05.01-14.58.39:194][442]LogAudioMixer: Display: 	Callback Buffer Frame Size To Use:	  1024
[2024.05.01-14.58.39:194][442]LogAudioMixer: Display: 	Number of buffers to queue:			  2
[2024.05.01-14.58.39:194][442]LogAudioMixer: Display: 	Max Channels (voices):				  32
[2024.05.01-14.58.39:194][442]LogAudioMixer: Display: 	Number of Async Source Workers:		  0
[2024.05.01-14.58.39:194][442]LogAudio: Display: AudioDevice MaxSources: 32
[2024.05.01-14.58.39:194][442]LogAudio: Display: Audio Spatialization Plugin: None (built-in).
[2024.05.01-14.58.39:194][442]LogAudio: Display: Audio Reverb Plugin: None (built-in).
[2024.05.01-14.58.39:194][442]LogAudio: Display: Audio Occlusion Plugin: None (built-in).
[2024.05.01-14.58.39:194][442]LogAudioMixer: Display: Initializing audio mixer.
[2024.05.01-14.58.39:196][442]LogAudioMixer: Display: 0: FrontLeft
[2024.05.01-14.58.39:196][442]LogAudioMixer: Display: 1: FrontRight
[2024.05.01-14.58.39:204][442]LogAudioMixer: Display: Using Audio Device Speakers (Realtek(R) Audio)
[2024.05.01-14.58.39:204][442]LogAudioMixer: Display: Initializing Sound Submixes...
[2024.05.01-14.58.39:205][442]LogAudioMixer: Display: Creating Master Submix 'MasterSubmixDefault'
[2024.05.01-14.58.39:205][442]LogAudioMixer: Display: Creating Master Submix 'MasterReverbSubmixDefault'
[2024.05.01-14.58.39:205][442]LogAudioMixer: Display: Creating Master Submix 'MasterEQSubmixDefault'
[2024.05.01-14.58.39:205][442]LogAudioMixer: FMixerPlatformXAudio2::StartAudioStream() called
[2024.05.01-14.58.39:205][442]LogAudioMixer: Display: Output buffers initialized: Frames=1024, Channels=2, Samples=2048
[2024.05.01-14.58.39:206][442]LogAudioMixer: Display: Starting AudioMixerPlatformInterface::RunInternal()
[2024.05.01-14.58.39:206][442]LogAudioMixer: Display: FMixerPlatformXAudio2::SubmitBuffer() called for the first time
[2024.05.01-14.58.39:206][442]LogInit: FAudioDevice initialized.
[2024.05.01-14.58.39:206][442]LogAudio: Display: Audio Device (ID: 2) registered with world 'JellyGrounds'.
[2024.05.01-14.58.39:219][442]LogLoad: Game class is 'FirstPersonGameMode_C'
[2024.05.01-14.58.39:254][442]LogWorld: Bringing World /Game/Maps/UEDPIE_0_JellyGrounds.JellyGrounds up for play (max tick rate 0) at 2024.05.01-15.58.39
[2024.05.01-14.58.39:255][442]LogWorld: Bringing up level for play took: 0.034773
[2024.05.01-14.58.39:255][442]LogOnline: OSS: Creating online subsystem instance for: :Context_1
[2024.05.01-14.58.39:258][442]LogNativeClassHierarchy: Verbose: Native class hierarchy updated for 'MovieSceneCapture' in 0.0002 seconds. Added 20 classes and 0 folders.
[2024.05.01-14.58.39:258][442]LogTemp: Warning: set up
[2024.05.01-14.58.39:260][442]LogTemp: Warning: ca
[2024.05.01-14.58.39:260][442]LogBlueprintUserMessages: [MyplayerLocPawn_4] X=6,970 Y=-4,710 Z=609.518
[2024.05.01-14.58.39:260][442]PIE: Server logged in
[2024.05.01-14.58.39:262][442]PIE: Play in editor total start time 0.985 seconds.
[2024.05.01-14.58.39:264][442]LogTemp: Warning: in radius
[2024.05.01-14.58.39:264][442]LogTemp: Warning: set location
[2024.05.01-15.06.24:390][445]LogTemp: Warning: in radius
[2024.05.01-15.06.26:321][445]LogTemp: Warning: set location
[2024.05.01-15.06.27:860][448]LogTemp: Warning: in radius
