Log file open, 04/24/24 12:37:20
LogWindows: Failed to load 'aqProf.dll' (GetLastError=126)
LogWindows: File 'aqProf.dll' does not exist
LogWindows: Failed to load 'VtuneApi.dll' (GetLastError=126)
LogWindows: File 'VtuneApi.dll' does not exist
LogWindows: Failed to load 'VtuneApi32e.dll' (GetLastError=126)
LogWindows: File 'VtuneApi32e.dll' does not exist
LogConsoleResponse: Display: Failed to find resolution value strings in scalability ini. Falling back to default.
LogConsoleResponse: Display: Failed to find resolution value strings in scalability ini. Falling back to default.
LogInit: Display: Running engine for game: JellyHunt
LogPlatformFile: Not using cached read wrapper
LogTaskGraph: Started task graph with 5 named threads and 83 total threads with 3 sets of task threads.
LogStats: Stats thread started at 0.149727
LogICUInternationalization: ICU TimeZone Detection - Raw Offset: +0:00, Platform Override: ''
LogInit: Display: Loading text-based GConfig....
LogPluginManager: Mounting plugin MeshPainting
LogPluginManager: Mounting plugin XGEController
LogPluginManager: Mounting plugin Paper2D
LogPluginManager: Mounting plugin LiveLink
LogPluginManager: Mounting plugin AISupport
LogPluginManager: Mounting plugin EnvironmentQueryEditor
LogPluginManager: Mounting plugin CameraShakePreviewer
LogPluginManager: Mounting plugin LightPropagationVolume
LogPluginManager: Mounting plugin GameplayCameras
LogPluginManager: Mounting plugin OodleData
LogPluginManager: Mounting plugin OodleNetwork
LogPluginManager: Mounting plugin PixWinPlugin
LogPluginManager: Mounting plugin CLionSourceCodeAccess
LogPluginManager: Mounting plugin CodeLiteSourceCodeAccess
LogPluginManager: Mounting plugin GitSourceControl
LogPluginManager: Mounting plugin KDevelopSourceCodeAccess
LogPluginManager: Mounting plugin PluginUtils
LogPluginManager: Mounting plugin PropertyAccessNode
LogPluginManager: Mounting plugin RiderSourceCodeAccess
LogPluginManager: Mounting plugin SubversionSourceControl
LogPluginManager: Mounting plugin NullSourceCodeAccess
LogPluginManager: Mounting plugin PlasticSourceControl
LogPluginManager: Mounting plugin TextureFormatOodle
LogPluginManager: Mounting plugin PerforceSourceControl
LogPluginManager: Mounting plugin AssetManagerEditor
LogPluginManager: Mounting plugin VisualStudioSourceCodeAccess
LogPluginManager: Mounting plugin AlembicImporter
LogPluginManager: Mounting plugin AnimationSharing
LogPluginManager: Mounting plugin XCodeSourceCodeAccess
LogPluginManager: Mounting plugin BackChannel
LogPluginManager: Mounting plugin CryptoKeys
LogPluginManager: Mounting plugin AutomationUtils
LogPluginManager: Mounting plugin DataValidation
LogPluginManager: Mounting plugin MacGraphicsSwitching
LogPluginManager: Mounting plugin VisualStudioCodeSourceCodeAccess
LogPluginManager: Mounting plugin CurveEditorTools
LogPluginManager: Mounting plugin MaterialAnalyzer
LogPluginManager: Mounting plugin FacialAnimation
LogPluginManager: Mounting plugin GameplayTagsEditor
LogPluginManager: Mounting plugin GeometryMode
LogPluginManager: Mounting plugin SpeedTreeImporter
LogPluginManager: Mounting plugin MobileLauncherProfileWizard
LogPluginManager: Mounting plugin PluginBrowser
LogPluginManager: Mounting plugin ChaosClothEditor
LogPluginManager: Mounting plugin MagicLeapLightEstimation
LogPluginManager: Mounting plugin UObjectPlugin
LogPluginManager: Mounting plugin MagicLeapMedia
LogPluginManager: Mounting plugin MagicLeap
LogPluginManager: Mounting plugin ChaosCloth
LogPluginManager: Mounting plugin MLSDK
LogPluginManager: Mounting plugin LuminPlatformFeatures
LogPluginManager: Mounting plugin CharacterAI
LogPluginManager: Mounting plugin ChaosSolverPlugin
LogPluginManager: Mounting plugin MagicLeapPassableWorld
LogPluginManager: Mounting plugin ChaosNiagara
LogPluginManager: Mounting plugin AndroidMedia
LogPluginManager: Mounting plugin ChaosEditor
LogPluginManager: Mounting plugin Niagara
LogPluginManager: Mounting plugin AvfMedia
LogPluginManager: Mounting plugin DatasmithContent
LogPluginManager: Mounting plugin ImgMedia
LogPluginManager: Mounting plugin MediaPlayerEditor
LogPluginManager: Mounting plugin MediaCompositing
LogPluginManager: Mounting plugin GeometryCollectionPlugin
LogPluginManager: Mounting plugin GeometryProcessing
LogPluginManager: Mounting plugin WebMMedia
LogPluginManager: Mounting plugin OpenImageDenoise
LogPluginManager: Mounting plugin GeometryCache
LogPluginManager: Mounting plugin MotoSynth
LogPluginManager: Mounting plugin ProxyLODPlugin
LogPluginManager: Mounting plugin PlanarCut
LogPluginManager: Mounting plugin PlatformCrypto
LogPluginManager: Mounting plugin UdpMessaging
LogPluginManager: Mounting plugin SkeletalReduction
LogPluginManager: Mounting plugin PythonScriptPlugin
LogPluginManager: Mounting plugin LevelSequenceEditor
LogPluginManager: Mounting plugin MatineeToLevelSequence
LogPluginManager: Mounting plugin TcpMessaging
LogPluginManager: Mounting plugin ActorSequence
LogPluginManager: Mounting plugin OnlineSubsystem
LogPluginManager: Mounting plugin LauncherChunkInstaller
LogPluginManager: Mounting plugin OnlineSubsystemUtils
LogPluginManager: Mounting plugin OnlineSubsystemNull
LogPluginManager: Mounting plugin ActorLayerUtilities
LogPluginManager: Mounting plugin AndroidDeviceProfileSelector
LogPluginManager: Mounting plugin AndroidPermission
LogPluginManager: Mounting plugin AppleImageUtils
LogPluginManager: Mounting plugin AppleMoviePlayer
LogPluginManager: Mounting plugin AssetTags
LogPluginManager: Mounting plugin EditableMesh
LogPluginManager: Mounting plugin ArchVisCharacter
LogPluginManager: Mounting plugin CableComponent
LogPluginManager: Mounting plugin ChunkDownloader
LogPluginManager: Mounting plugin AudioSynesthesia
LogPluginManager: Mounting plugin CustomMeshComponent
LogPluginManager: Mounting plugin AudioCapture
LogPluginManager: Mounting plugin ExampleDeviceProfileSelector
LogPluginManager: Mounting plugin WmfMedia
LogPluginManager: Mounting plugin VariantManagerContent
LogPluginManager: Mounting plugin TemplateSequence
LogPluginManager: Mounting plugin GoogleCloudMessaging
LogPluginManager: Mounting plugin GooglePAD
LogPluginManager: Mounting plugin Takes
LogPluginManager: Mounting plugin IOSDeviceProfileSelector
LogPluginManager: Mounting plugin AndroidMoviePlayer
LogPluginManager: Mounting plugin ScreenshotTools
LogPluginManager: Mounting plugin LinuxDeviceProfileSelector
LogPluginManager: Mounting plugin MobilePatchingUtils
LogPluginManager: Mounting plugin OpenXREyeTracker
LogPluginManager: Mounting plugin PhysXVehicles
LogPluginManager: Mounting plugin PostSplashScreen
LogPluginManager: Mounting plugin OpenXR
LogPluginManager: Mounting plugin ProceduralMeshComponent
LogPluginManager: Mounting plugin LocationServicesBPLibrary
LogPluginManager: Mounting plugin PropertyAccessEditor
LogPluginManager: Mounting plugin SoundFields
LogPluginManager: Mounting plugin RuntimePhysXCooking
LogPluginManager: Mounting plugin OpenXRHandTracking
LogPluginManager: Mounting plugin Synthesis
LogPluginManager: Mounting plugin WindowsMoviePlayer
LogPluginManager: Mounting plugin SignificanceManager
LogPluginManager: Mounting plugin WebMMoviePlayer
LogPluginManager: Mounting plugin ContentBrowserFileDataSource
LogPluginManager: Mounting plugin ContentBrowserClassDataSource
LogPluginManager: Mounting plugin ContentBrowserAssetDataSource
LogPluginManager: Mounting plugin OnlineSubsystemIOS
LogPluginManager: Mounting plugin OnlineSubsystemGooglePlay
LogPluginManager: Mounting plugin OculusVR
LogPluginManager: Mounting plugin SteamVR
PixWinPlugin: PIX capture plugin failed to initialize! Check that the process is launched from PIX.
LogInit: Using libcurl 7.55.1-DEV
LogInit:  - built for x86_64-pc-win32
LogInit:  - supports SSL with OpenSSL/1.1.1
LogInit:  - supports HTTP deflate (compression) using libz 1.2.8
LogInit:  - other features:
LogInit:      CURL_VERSION_SSL
LogInit:      CURL_VERSION_LIBZ
LogInit:      CURL_VERSION_IPV6
LogInit:      CURL_VERSION_ASYNCHDNS
LogInit:      CURL_VERSION_LARGEFILE
LogInit:      CURL_VERSION_IDN
LogInit:  CurlRequestOptions (configurable via config and command line):
LogInit:  - bVerifyPeer = true  - Libcurl will verify peer certificate
LogInit:  - bUseHttpProxy = false  - Libcurl will NOT use HTTP proxy
LogInit:  - bDontReuseConnections = false  - Libcurl will reuse connections
LogInit:  - MaxHostConnections = 16  - Libcurl will limit the number of connections to a host
LogInit:  - LocalHostAddr = Default
LogInit:  - BufferSize = 65536
LogOnline: OSS: Creating online subsystem instance for: NULL
LogInit: WinSock: version 1.1 (2.2), MaxSocks=32767, MaxUdp=65467
LogOnline: OSS: TryLoadSubsystemAndSetDefault: Loaded subsystem for module [NULL]
LogOculusPluginWrapper: OculusPlugin initialized successfully
LogHMD: Failed initializing OVRPlugin 1.59.0
LogInit: Build: ++UE4+Release-4.27-CL-18319896
LogInit: Engine Version: 4.27.2-18319896+++UE4+Release-4.27
LogInit: Compatible Engine Version: 4.27.0-17155196+++UE4+Release-4.27
LogInit: Net CL: 17155196
LogInit: OS: Windows 10 (Release 2009) (), CPU: Intel(R) Core(TM) i9-14900F, GPU: NVIDIA GeForce RTX 4080 SUPER
LogInit: Compiled (64-bit): Nov 30 2021 07:12:08
LogInit: Compiled with Visual C++: 19.24.28315.00
LogInit: Build Configuration: Development
LogInit: Branch Name: ++UE4+Release-4.27
LogInit: Command Line:  -AUTH_LOGIN=unused -AUTH_PASSWORD=cf90c316feb8459b98a8ba2e39e198b9 -AUTH_TYPE=exchangecode -epicapp=UE_4.27 -epicenv=Prod -EpicPortal -epicusername="edko gaming" -epicuserid=4f6c2e5fb35d4132ac4c07cb3dc93df3 -epiclocale=en -epicsandboxid=ue
LogInit: Base Directory: C:/Program Files/Epic Games/UE_4.27/Engine/Binaries/Win64/
LogInit: Allocator: TBB
LogInit: Installed Engine Build: 1
LogDevObjectVersion: Number of dev versions registered: 29
LogDevObjectVersion:   Dev-Blueprints (B0D832E4-1F89-4F0D-ACCF-7EB736FD4AA2): 10
LogDevObjectVersion:   Dev-Build (E1C64328-A22C-4D53-A36C-8E866417BD8C): 0
LogDevObjectVersion:   Dev-Core (375EC13C-06E4-48FB-B500-84F0262A717E): 4
LogDevObjectVersion:   Dev-Editor (E4B068ED-F494-42E9-A231-DA0B2E46BB41): 40
LogDevObjectVersion:   Dev-Framework (CFFC743F-43B0-4480-9391-14DF171D2073): 37
LogDevObjectVersion:   Dev-Mobile (B02B49B5-BB20-44E9-A304-32B752E40360): 3
LogDevObjectVersion:   Dev-Networking (A4E4105C-59A1-49B5-A7C5-40C4547EDFEE): 0
LogDevObjectVersion:   Dev-Online (39C831C9-5AE6-47DC-9A44-9C173E1C8E7C): 0
LogDevObjectVersion:   Dev-Physics (78F01B33-EBEA-4F98-B9B4-84EACCB95AA2): 14
LogDevObjectVersion:   Dev-Platform (6631380F-2D4D-43E0-8009-CF276956A95A): 0
LogDevObjectVersion:   Dev-Rendering (12F88B9F-8875-4AFC-A67C-D90C383ABD29): 45
LogDevObjectVersion:   Dev-Sequencer (7B5AE74C-D270-4C10-A958-57980B212A5A): 13
LogDevObjectVersion:   Dev-VR (D7296918-1DD6-4BDD-9DE2-64A83CC13884): 3
LogDevObjectVersion:   Dev-LoadTimes (C2A15278-BFE7-4AFE-6C17-90FF531DF755): 1
LogDevObjectVersion:   Private-Geometry (6EACA3D4-40EC-4CC1-B786-8BED09428FC5): 3
LogDevObjectVersion:   Dev-AnimPhys (29E575DD-E0A3-4627-9D10-D276232CDCEA): 17
LogDevObjectVersion:   Dev-Anim (AF43A65D-7FD3-4947-9873-3E8ED9C1BB05): 15
LogDevObjectVersion:   Dev-ReflectionCapture (6B266CEC-1EC7-4B8F-A30B-E4D90942FC07): 1
LogDevObjectVersion:   Dev-Automation (0DF73D61-A23F-47EA-B727-89E90C41499A): 1
LogDevObjectVersion:   FortniteMain (601D1886-AC64-4F84-AA16-D3DE0DEAC7D6): 47
LogDevObjectVersion:   FortniteRelease (E7086368-6B23-4C58-8439-1B7016265E91): 1
LogDevObjectVersion:   Dev-Enterprise (9DFFBCD6-494F-0158-E221-12823C92A888): 10
LogDevObjectVersion:   Dev-Niagara (F2AED0AC-9AFE-416F-8664-AA7FFA26D6FC): 1
LogDevObjectVersion:   Dev-Destruction (174F1F0B-B4C6-45A5-B13F-2EE8D0FB917D): 10
LogDevObjectVersion:   Dev-Physics-Ext (35F94A83-E258-406C-A318-09F59610247C): 41
LogDevObjectVersion:   Dev-PhysicsMaterial-Chaos (B68FC16E-8B1B-42E2-B453-215C058844FE): 1
LogDevObjectVersion:   Dev-CineCamera (B2E18506-4273-CFC2-A54E-F4BB758BBA07): 1
LogDevObjectVersion:   Dev-VirtualProduction (64F58936-FD1B-42BA-BA96-7289D5D0FA4E): 1
LogDevObjectVersion:   Dev-MediaFramework (6F0ED827-A609-4895-9C91-998D90180EA4): 2
LogInit: Presizing for max 25165824 objects, including 0 objects not considered by GC, pre-allocating 0 bytes for permanent pool.
LogConfig: Applying CVar settings from Section [/Script/Engine.StreamingSettings] File [C:/Users/edgos/Documents/GitHub/Jelly-Hunt/JellyHunt/Saved/Config/Windows/Engine.ini]
LogConfig: Setting CVar [[s.MinBulkDataSizeForAsyncLoading:131072]]
LogConfig: Setting CVar [[s.AsyncLoadingThreadEnabled:0]]
LogConfig: Setting CVar [[s.EventDrivenLoaderEnabled:1]]
LogConfig: Setting CVar [[s.WarnIfTimeLimitExceeded:0]]
LogConfig: Setting CVar [[s.TimeLimitExceededMultiplier:1.5]]
LogConfig: Setting CVar [[s.TimeLimitExceededMinTime:0.005]]
LogConfig: Setting CVar [[s.UseBackgroundLevelStreaming:1]]
LogConfig: Setting CVar [[s.PriorityAsyncLoadingExtraTime:15.0]]
LogConfig: Setting CVar [[s.LevelStreamingActorsUpdateTimeLimit:5.0]]
LogConfig: Setting CVar [[s.PriorityLevelStreamingActorsUpdateExtraTime:5.0]]
LogConfig: Setting CVar [[s.LevelStreamingComponentsRegistrationGranularity:10]]
LogConfig: Setting CVar [[s.UnregisterComponentsTimeLimit:1.0]]
LogConfig: Setting CVar [[s.LevelStreamingComponentsUnregistrationGranularity:5]]
LogConfig: Setting CVar [[s.FlushStreamingOnExit:1]]
LogInit: Object subsystem initialized
LogConfig: Setting CVar [[con.DebugEarlyDefault:1]]
LogConfig: Setting CVar [[r.setres:1280x720]]
[2024.04.24-11.37.20:865][  0]LogConfig: Setting CVar [[r.VSync:0]]
[2024.04.24-11.37.20:865][  0]LogConfig: Setting CVar [[r.RHICmdBypass:0]]
[2024.04.24-11.37.20:865][  0]LogConfig: Applying CVar settings from Section [/Script/Engine.RendererSettings] File [C:/Users/edgos/Documents/GitHub/Jelly-Hunt/JellyHunt/Saved/Config/Windows/Engine.ini]
[2024.04.24-11.37.20:865][  0]LogConfig: Setting CVar [[r.GPUCrashDebugging:0]]
[2024.04.24-11.37.20:865][  0]LogConfig: Applying CVar settings from Section [/Script/Engine.RendererOverrideSettings] File [C:/Users/edgos/Documents/GitHub/Jelly-Hunt/JellyHunt/Saved/Config/Windows/Engine.ini]
[2024.04.24-11.37.20:865][  0]LogConfig: Applying CVar settings from Section [/Script/Engine.StreamingSettings] File [C:/Users/edgos/Documents/GitHub/Jelly-Hunt/JellyHunt/Saved/Config/Windows/Engine.ini]
[2024.04.24-11.37.20:865][  0]LogConfig: Setting CVar [[s.MinBulkDataSizeForAsyncLoading:131072]]
[2024.04.24-11.37.20:865][  0]LogConfig: Setting CVar [[s.AsyncLoadingThreadEnabled:0]]
[2024.04.24-11.37.20:865][  0]LogConfig: Setting CVar [[s.EventDrivenLoaderEnabled:1]]
[2024.04.24-11.37.20:865][  0]LogConfig: Setting CVar [[s.WarnIfTimeLimitExceeded:0]]
[2024.04.24-11.37.20:865][  0]LogConfig: Setting CVar [[s.TimeLimitExceededMultiplier:1.5]]
[2024.04.24-11.37.20:865][  0]LogConfig: Setting CVar [[s.TimeLimitExceededMinTime:0.005]]
[2024.04.24-11.37.20:865][  0]LogConfig: Setting CVar [[s.UseBackgroundLevelStreaming:1]]
[2024.04.24-11.37.20:865][  0]LogConfig: Setting CVar [[s.PriorityAsyncLoadingExtraTime:15.0]]
[2024.04.24-11.37.20:865][  0]LogConfig: Setting CVar [[s.LevelStreamingActorsUpdateTimeLimit:5.0]]
[2024.04.24-11.37.20:865][  0]LogConfig: Setting CVar [[s.PriorityLevelStreamingActorsUpdateExtraTime:5.0]]
[2024.04.24-11.37.20:865][  0]LogConfig: Setting CVar [[s.LevelStreamingComponentsRegistrationGranularity:10]]
[2024.04.24-11.37.20:865][  0]LogConfig: Setting CVar [[s.UnregisterComponentsTimeLimit:1.0]]
[2024.04.24-11.37.20:865][  0]LogConfig: Setting CVar [[s.LevelStreamingComponentsUnregistrationGranularity:5]]
[2024.04.24-11.37.20:865][  0]LogConfig: Setting CVar [[s.FlushStreamingOnExit:1]]
[2024.04.24-11.37.20:865][  0]LogConfig: Applying CVar settings from Section [/Script/Engine.GarbageCollectionSettings] File [C:/Users/edgos/Documents/GitHub/Jelly-Hunt/JellyHunt/Saved/Config/Windows/Engine.ini]
[2024.04.24-11.37.20:865][  0]LogConfig: Setting CVar [[gc.MaxObjectsNotConsideredByGC:1]]
[2024.04.24-11.37.20:865][  0]LogConfig: Setting CVar [[gc.SizeOfPermanentObjectPool:0]]
[2024.04.24-11.37.20:865][  0]LogConfig: Setting CVar [[gc.FlushStreamingOnGC:0]]
[2024.04.24-11.37.20:865][  0]LogConfig: Setting CVar [[gc.NumRetriesBeforeForcingGC:10]]
[2024.04.24-11.37.20:865][  0]LogConfig: Setting CVar [[gc.AllowParallelGC:1]]
[2024.04.24-11.37.20:865][  0]LogConfig: Setting CVar [[gc.TimeBetweenPurgingPendingKillObjects:61.1]]
[2024.04.24-11.37.20:865][  0]LogConfig: Setting CVar [[gc.MaxObjectsInEditor:25165824]]
[2024.04.24-11.37.20:865][  0]LogConfig: Setting CVar [[gc.IncrementalBeginDestroyEnabled:1]]
[2024.04.24-11.37.20:865][  0]LogConfig: Setting CVar [[gc.CreateGCClusters:1]]
[2024.04.24-11.37.20:865][  0]LogConfig: Setting CVar [[gc.MinGCClusterSize:5]]
[2024.04.24-11.37.20:865][  0]LogConfig: Setting CVar [[gc.ActorClusteringEnabled:0]]
[2024.04.24-11.37.20:865][  0]LogConfig: Setting CVar [[gc.BlueprintClusteringEnabled:0]]
[2024.04.24-11.37.20:865][  0]LogConfig: Setting CVar [[gc.UseDisregardForGCOnDedicatedServers:0]]
[2024.04.24-11.37.20:865][  0]LogConfig: Setting CVar [[gc.MultithreadedDestructionEnabled:1]]
[2024.04.24-11.37.20:865][  0]LogConfig: Applying CVar settings from Section [/Script/Engine.NetworkSettings] File [C:/Users/edgos/Documents/GitHub/Jelly-Hunt/JellyHunt/Saved/Config/Windows/Engine.ini]
[2024.04.24-11.37.20:865][  0]LogConfig: Applying CVar settings from Section [/Script/UnrealEd.CookerSettings] File [C:/Users/edgos/Documents/GitHub/Jelly-Hunt/JellyHunt/Saved/Config/Windows/Engine.ini]
[2024.04.24-11.37.20:963][  0]LogConfig: Applying CVar settings from Section [ViewDistanceQuality@3] File [C:/Users/edgos/Documents/GitHub/Jelly-Hunt/JellyHunt/Saved/Config/Windows/Scalability.ini]
[2024.04.24-11.37.20:963][  0]LogConfig: Setting CVar [[r.SkeletalMeshLODBias:0]]
[2024.04.24-11.37.20:963][  0]LogConfig: Setting CVar [[r.ViewDistanceScale:1.0]]
[2024.04.24-11.37.20:963][  0]LogConfig: Applying CVar settings from Section [AntiAliasingQuality@3] File [C:/Users/edgos/Documents/GitHub/Jelly-Hunt/JellyHunt/Saved/Config/Windows/Scalability.ini]
[2024.04.24-11.37.20:963][  0]LogConfig: Setting CVar [[r.PostProcessAAQuality:4]]
[2024.04.24-11.37.20:963][  0]LogConfig: Applying CVar settings from Section [ShadowQuality@3] File [C:/Users/edgos/Documents/GitHub/Jelly-Hunt/JellyHunt/Saved/Config/Windows/Scalability.ini]
[2024.04.24-11.37.20:963][  0]LogConfig: Setting CVar [[r.LightFunctionQuality:1]]
[2024.04.24-11.37.20:963][  0]LogConfig: Setting CVar [[r.ShadowQuality:5]]
[2024.04.24-11.37.20:963][  0]LogConfig: Setting CVar [[r.Shadow.CSM.MaxCascades:10]]
[2024.04.24-11.37.20:963][  0]LogConfig: Setting CVar [[r.Shadow.MaxResolution:2048]]
[2024.04.24-11.37.20:963][  0]LogConfig: Setting CVar [[r.Shadow.MaxCSMResolution:2048]]
[2024.04.24-11.37.20:963][  0]LogConfig: Setting CVar [[r.Shadow.RadiusThreshold:0.01]]
[2024.04.24-11.37.20:963][  0]LogConfig: Setting CVar [[r.Shadow.DistanceScale:1.0]]
[2024.04.24-11.37.20:963][  0]LogConfig: Setting CVar [[r.Shadow.CSM.TransitionScale:1.0]]
[2024.04.24-11.37.20:963][  0]LogConfig: Setting CVar [[r.Shadow.PreShadowResolutionFactor:1.0]]
[2024.04.24-11.37.20:963][  0]LogConfig: Setting CVar [[r.DistanceFieldShadowing:1]]
[2024.04.24-11.37.20:963][  0]LogConfig: Setting CVar [[r.DistanceFieldAO:1]]
[2024.04.24-11.37.20:963][  0]LogConfig: Setting CVar [[r.AOQuality:2]]
[2024.04.24-11.37.20:963][  0]LogConfig: Setting CVar [[r.VolumetricFog:1]]
[2024.04.24-11.37.20:963][  0]LogConfig: Setting CVar [[r.VolumetricFog.GridPixelSize:8]]
[2024.04.24-11.37.20:963][  0]LogConfig: Setting CVar [[r.VolumetricFog.GridSizeZ:128]]
[2024.04.24-11.37.20:963][  0]LogConfig: Setting CVar [[r.VolumetricFog.HistoryMissSupersampleCount:4]]
[2024.04.24-11.37.20:963][  0]LogConfig: Setting CVar [[r.LightMaxDrawDistanceScale:1]]
[2024.04.24-11.37.20:963][  0]LogConfig: Setting CVar [[r.CapsuleShadows:1]]
[2024.04.24-11.37.20:963][  0]LogConfig: Applying CVar settings from Section [PostProcessQuality@3] File [C:/Users/edgos/Documents/GitHub/Jelly-Hunt/JellyHunt/Saved/Config/Windows/Scalability.ini]
[2024.04.24-11.37.20:963][  0]LogConfig: Setting CVar [[r.MotionBlurQuality:4]]
[2024.04.24-11.37.20:963][  0]LogConfig: Setting CVar [[r.AmbientOcclusionMipLevelFactor:0.4]]
[2024.04.24-11.37.20:963][  0]LogConfig: Setting CVar [[r.AmbientOcclusionMaxQuality:100]]
[2024.04.24-11.37.20:963][  0]LogConfig: Setting CVar [[r.AmbientOcclusionLevels:-1]]
[2024.04.24-11.37.20:963][  0]LogConfig: Setting CVar [[r.AmbientOcclusionRadiusScale:1.0]]
[2024.04.24-11.37.20:963][  0]LogConfig: Setting CVar [[r.DepthOfFieldQuality:2]]
[2024.04.24-11.37.20:963][  0]LogConfig: Setting CVar [[r.RenderTargetPoolMin:400]]
[2024.04.24-11.37.20:963][  0]LogConfig: Setting CVar [[r.LensFlareQuality:2]]
[2024.04.24-11.37.20:963][  0]LogConfig: Setting CVar [[r.SceneColorFringeQuality:1]]
[2024.04.24-11.37.20:963][  0]LogConfig: Setting CVar [[r.EyeAdaptationQuality:2]]
[2024.04.24-11.37.20:963][  0]LogConfig: Setting CVar [[r.BloomQuality:5]]
[2024.04.24-11.37.20:963][  0]LogConfig: Setting CVar [[r.FastBlurThreshold:100]]
[2024.04.24-11.37.20:963][  0]LogConfig: Setting CVar [[r.Upscale.Quality:3]]
[2024.04.24-11.37.20:963][  0]LogConfig: Setting CVar [[r.Tonemapper.GrainQuantization:1]]
[2024.04.24-11.37.20:963][  0]LogConfig: Setting CVar [[r.LightShaftQuality:1]]
[2024.04.24-11.37.20:963][  0]LogConfig: Setting CVar [[r.Filter.SizeScale:1]]
[2024.04.24-11.37.20:963][  0]LogConfig: Setting CVar [[r.Tonemapper.Quality:5]]
[2024.04.24-11.37.20:963][  0]LogConfig: Setting CVar [[r.DOF.Gather.AccumulatorQuality:1        ; higher gathering accumulator quality]]
[2024.04.24-11.37.20:963][  0]LogConfig: Setting CVar [[r.DOF.Gather.PostfilterMethod:1          ; Median3x3 postfilering method]]
[2024.04.24-11.37.20:963][  0]LogConfig: Setting CVar [[r.DOF.Gather.EnableBokehSettings:0       ; no bokeh simulation when gathering]]
[2024.04.24-11.37.20:963][  0]LogConfig: Setting CVar [[r.DOF.Gather.RingCount:4                 ; medium number of samples when gathering]]
[2024.04.24-11.37.20:963][  0]LogConfig: Setting CVar [[r.DOF.Scatter.ForegroundCompositing:1    ; additive foreground scattering]]
[2024.04.24-11.37.20:963][  0]LogConfig: Setting CVar [[r.DOF.Scatter.BackgroundCompositing:2    ; additive background scattering]]
[2024.04.24-11.37.20:963][  0]LogConfig: Setting CVar [[r.DOF.Scatter.EnableBokehSettings:1      ; bokeh simulation when scattering]]
[2024.04.24-11.37.20:963][  0]LogConfig: Setting CVar [[r.DOF.Scatter.MaxSpriteRatio:0.1         ; only a maximum of 10% of scattered bokeh]]
[2024.04.24-11.37.20:963][  0]LogConfig: Setting CVar [[r.DOF.Recombine.Quality:1                ; cheap slight out of focus]]
[2024.04.24-11.37.20:963][  0]LogConfig: Setting CVar [[r.DOF.Recombine.EnableBokehSettings:0    ; no bokeh simulation on slight out of focus]]
[2024.04.24-11.37.20:963][  0]LogConfig: Setting CVar [[r.DOF.TemporalAAQuality:1                ; more stable temporal accumulation]]
[2024.04.24-11.37.20:963][  0]LogConfig: Setting CVar [[r.DOF.Kernel.MaxForegroundRadius:0.025]]
[2024.04.24-11.37.20:963][  0]LogConfig: Setting CVar [[r.DOF.Kernel.MaxBackgroundRadius:0.025]]
[2024.04.24-11.37.20:963][  0]LogConfig: Applying CVar settings from Section [TextureQuality@3] File [C:/Users/edgos/Documents/GitHub/Jelly-Hunt/JellyHunt/Saved/Config/Windows/Scalability.ini]
[2024.04.24-11.37.20:963][  0]LogConfig: Setting CVar [[r.Streaming.MipBias:0]]
[2024.04.24-11.37.20:963][  0]LogConfig: Setting CVar [[r.Streaming.AmortizeCPUToGPUCopy:0]]
[2024.04.24-11.37.20:963][  0]LogConfig: Setting CVar [[r.Streaming.MaxNumTexturesToStreamPerFrame:0]]
[2024.04.24-11.37.20:963][  0]LogConfig: Setting CVar [[r.Streaming.Boost:1]]
[2024.04.24-11.37.20:963][  0]LogConfig: Setting CVar [[r.MaxAnisotropy:8]]
[2024.04.24-11.37.20:963][  0]LogConfig: Setting CVar [[r.VT.MaxAnisotropy:8]]
[2024.04.24-11.37.20:963][  0]LogConfig: Setting CVar [[r.Streaming.LimitPoolSizeToVRAM:0]]
[2024.04.24-11.37.20:963][  0]LogConfig: Setting CVar [[r.Streaming.PoolSize:1000]]
[2024.04.24-11.37.20:963][  0]LogConfig: Setting CVar [[r.Streaming.MaxEffectiveScreenSize:0]]
[2024.04.24-11.37.20:963][  0]LogConfig: Applying CVar settings from Section [EffectsQuality@3] File [C:/Users/edgos/Documents/GitHub/Jelly-Hunt/JellyHunt/Saved/Config/Windows/Scalability.ini]
[2024.04.24-11.37.20:963][  0]LogConfig: Setting CVar [[r.TranslucencyLightingVolumeDim:64]]
[2024.04.24-11.37.20:963][  0]LogConfig: Setting CVar [[r.RefractionQuality:2]]
[2024.04.24-11.37.20:963][  0]LogConfig: Setting CVar [[r.SSR.Quality:3]]
[2024.04.24-11.37.20:963][  0]LogConfig: Setting CVar [[r.SSR.HalfResSceneColor:0]]
[2024.04.24-11.37.20:963][  0]LogConfig: Setting CVar [[r.SceneColorFormat:4]]
[2024.04.24-11.37.20:964][  0]LogConfig: Setting CVar [[r.DetailMode:2]]
[2024.04.24-11.37.20:964][  0]LogConfig: Setting CVar [[r.TranslucencyVolumeBlur:1]]
[2024.04.24-11.37.20:964][  0]LogConfig: Setting CVar [[r.MaterialQualityLevel:1 ; High quality]]
[2024.04.24-11.37.20:964][  0]LogConfig: Setting CVar [[r.AnisotropicMaterials:1]]
[2024.04.24-11.37.20:964][  0]LogConfig: Setting CVar [[r.SSS.Scale:1]]
[2024.04.24-11.37.20:964][  0]LogConfig: Setting CVar [[r.SSS.SampleSet:2]]
[2024.04.24-11.37.20:964][  0]LogConfig: Setting CVar [[r.SSS.Quality:1]]
[2024.04.24-11.37.20:964][  0]LogConfig: Setting CVar [[r.SSS.HalfRes:0]]
[2024.04.24-11.37.20:964][  0]LogConfig: Setting CVar [[r.SSGI.Quality:3]]
[2024.04.24-11.37.20:964][  0]LogConfig: Setting CVar [[r.EmitterSpawnRateScale:1.0]]
[2024.04.24-11.37.20:964][  0]LogConfig: Setting CVar [[r.ParticleLightQuality:2]]
[2024.04.24-11.37.20:964][  0]LogConfig: Setting CVar [[r.SkyAtmosphere.AerialPerspectiveLUT.FastApplyOnOpaque:1 ; Always have FastSkyLUT 1 in this case to avoid wrong sky]]
[2024.04.24-11.37.20:964][  0]LogConfig: Setting CVar [[r.SkyAtmosphere.AerialPerspectiveLUT.SampleCountMaxPerSlice:4]]
[2024.04.24-11.37.20:964][  0]LogConfig: Setting CVar [[r.SkyAtmosphere.AerialPerspectiveLUT.DepthResolution:16.0]]
[2024.04.24-11.37.20:964][  0]LogConfig: Setting CVar [[r.SkyAtmosphere.FastSkyLUT:1]]
[2024.04.24-11.37.20:964][  0]LogConfig: Setting CVar [[r.SkyAtmosphere.FastSkyLUT.SampleCountMin:4.0]]
[2024.04.24-11.37.20:964][  0]LogConfig: Setting CVar [[r.SkyAtmosphere.FastSkyLUT.SampleCountMax:128.0]]
[2024.04.24-11.37.20:964][  0]LogConfig: Setting CVar [[r.SkyAtmosphere.SampleCountMin:4.0]]
[2024.04.24-11.37.20:964][  0]LogConfig: Setting CVar [[r.SkyAtmosphere.SampleCountMax:128.0]]
[2024.04.24-11.37.20:964][  0]LogConfig: Setting CVar [[r.SkyAtmosphere.TransmittanceLUT.UseSmallFormat:0]]
[2024.04.24-11.37.20:964][  0]LogConfig: Setting CVar [[r.SkyAtmosphere.TransmittanceLUT.SampleCount:10.0]]
[2024.04.24-11.37.20:964][  0]LogConfig: Setting CVar [[r.SkyAtmosphere.MultiScatteringLUT.SampleCount:15.0]]
[2024.04.24-11.37.20:964][  0]LogConfig: Setting CVar [[r.SkyLight.RealTimeReflectionCapture:1]]
[2024.04.24-11.37.20:964][  0]LogConfig: Applying CVar settings from Section [FoliageQuality@3] File [C:/Users/edgos/Documents/GitHub/Jelly-Hunt/JellyHunt/Saved/Config/Windows/Scalability.ini]
[2024.04.24-11.37.20:964][  0]LogConfig: Setting CVar [[foliage.DensityScale:1.0]]
[2024.04.24-11.37.20:964][  0]LogConfig: Setting CVar [[grass.DensityScale:1.0]]
[2024.04.24-11.37.20:964][  0]LogConfig: Applying CVar settings from Section [ShadingQuality@3] File [C:/Users/edgos/Documents/GitHub/Jelly-Hunt/JellyHunt/Saved/Config/Windows/Scalability.ini]
[2024.04.24-11.37.20:964][  0]LogConfig: Setting CVar [[r.HairStrands.SkyLighting.IntegrationType:2]]
[2024.04.24-11.37.20:964][  0]LogConfig: Setting CVar [[r.HairStrands.SkyAO.SampleCount:4]]
[2024.04.24-11.37.20:964][  0]LogConfig: Setting CVar [[r.HairStrands.Visibility.MSAA.SamplePerPixel:4]]
[2024.04.24-11.37.20:964][  0]LogInit: Selected Device Profile: [Windows]
[2024.04.24-11.37.20:964][  0]LogInit: Applying CVar settings loaded from the selected device profile: [Windows]
[2024.04.24-11.37.20:964][  0]LogHAL: Display: Platform has ~ 64 GB [68423933952 / 68719476736 / 64], which maps to Largest [LargestMinGB=32, LargerMinGB=12, DefaultMinGB=8, SmallerMinGB=6, SmallestMinGB=0)
[2024.04.24-11.37.20:964][  0]LogInit: Going up to parent DeviceProfile []
[2024.04.24-11.37.20:964][  0]LogConfig: Applying CVar settings from Section [ViewDistanceQuality@3] File [C:/Users/edgos/Documents/GitHub/Jelly-Hunt/JellyHunt/Saved/Config/Windows/Scalability.ini]
[2024.04.24-11.37.20:964][  0]LogConfig: Setting CVar [[r.SkeletalMeshLODBias:0]]
[2024.04.24-11.37.20:964][  0]LogConfig: Setting CVar [[r.ViewDistanceScale:1.0]]
[2024.04.24-11.37.20:964][  0]LogConfig: Applying CVar settings from Section [AntiAliasingQuality@3] File [C:/Users/edgos/Documents/GitHub/Jelly-Hunt/JellyHunt/Saved/Config/Windows/Scalability.ini]
[2024.04.24-11.37.20:964][  0]LogConfig: Setting CVar [[r.PostProcessAAQuality:4]]
[2024.04.24-11.37.20:964][  0]LogConfig: Applying CVar settings from Section [ShadowQuality@3] File [C:/Users/edgos/Documents/GitHub/Jelly-Hunt/JellyHunt/Saved/Config/Windows/Scalability.ini]
[2024.04.24-11.37.20:964][  0]LogConfig: Setting CVar [[r.LightFunctionQuality:1]]
[2024.04.24-11.37.20:964][  0]LogConfig: Setting CVar [[r.ShadowQuality:5]]
[2024.04.24-11.37.20:964][  0]LogConfig: Setting CVar [[r.Shadow.CSM.MaxCascades:10]]
[2024.04.24-11.37.20:964][  0]LogConfig: Setting CVar [[r.Shadow.MaxResolution:2048]]
[2024.04.24-11.37.20:964][  0]LogConfig: Setting CVar [[r.Shadow.MaxCSMResolution:2048]]
[2024.04.24-11.37.20:964][  0]LogConfig: Setting CVar [[r.Shadow.RadiusThreshold:0.01]]
[2024.04.24-11.37.20:964][  0]LogConfig: Setting CVar [[r.Shadow.DistanceScale:1.0]]
[2024.04.24-11.37.20:964][  0]LogConfig: Setting CVar [[r.Shadow.CSM.TransitionScale:1.0]]
[2024.04.24-11.37.20:964][  0]LogConfig: Setting CVar [[r.Shadow.PreShadowResolutionFactor:1.0]]
[2024.04.24-11.37.20:964][  0]LogConfig: Setting CVar [[r.DistanceFieldShadowing:1]]
[2024.04.24-11.37.20:964][  0]LogConfig: Setting CVar [[r.DistanceFieldAO:1]]
[2024.04.24-11.37.20:964][  0]LogConfig: Setting CVar [[r.AOQuality:2]]
[2024.04.24-11.37.20:964][  0]LogConfig: Setting CVar [[r.VolumetricFog:1]]
[2024.04.24-11.37.20:964][  0]LogConfig: Setting CVar [[r.VolumetricFog.GridPixelSize:8]]
[2024.04.24-11.37.20:964][  0]LogConfig: Setting CVar [[r.VolumetricFog.GridSizeZ:128]]
[2024.04.24-11.37.20:964][  0]LogConfig: Setting CVar [[r.VolumetricFog.HistoryMissSupersampleCount:4]]
[2024.04.24-11.37.20:964][  0]LogConfig: Setting CVar [[r.LightMaxDrawDistanceScale:1]]
[2024.04.24-11.37.20:964][  0]LogConfig: Setting CVar [[r.CapsuleShadows:1]]
[2024.04.24-11.37.20:964][  0]LogConfig: Applying CVar settings from Section [PostProcessQuality@3] File [C:/Users/edgos/Documents/GitHub/Jelly-Hunt/JellyHunt/Saved/Config/Windows/Scalability.ini]
[2024.04.24-11.37.20:964][  0]LogConfig: Setting CVar [[r.MotionBlurQuality:4]]
[2024.04.24-11.37.20:964][  0]LogConfig: Setting CVar [[r.AmbientOcclusionMipLevelFactor:0.4]]
[2024.04.24-11.37.20:964][  0]LogConfig: Setting CVar [[r.AmbientOcclusionMaxQuality:100]]
[2024.04.24-11.37.20:964][  0]LogConfig: Setting CVar [[r.AmbientOcclusionLevels:-1]]
[2024.04.24-11.37.20:964][  0]LogConfig: Setting CVar [[r.AmbientOcclusionRadiusScale:1.0]]
[2024.04.24-11.37.20:964][  0]LogConfig: Setting CVar [[r.DepthOfFieldQuality:2]]
[2024.04.24-11.37.20:964][  0]LogConfig: Setting CVar [[r.RenderTargetPoolMin:400]]
[2024.04.24-11.37.20:964][  0]LogConfig: Setting CVar [[r.LensFlareQuality:2]]
[2024.04.24-11.37.20:964][  0]LogConfig: Setting CVar [[r.SceneColorFringeQuality:1]]
[2024.04.24-11.37.20:964][  0]LogConfig: Setting CVar [[r.EyeAdaptationQuality:2]]
[2024.04.24-11.37.20:964][  0]LogConfig: Setting CVar [[r.BloomQuality:5]]
[2024.04.24-11.37.20:964][  0]LogConfig: Setting CVar [[r.FastBlurThreshold:100]]
[2024.04.24-11.37.20:964][  0]LogConfig: Setting CVar [[r.Upscale.Quality:3]]
[2024.04.24-11.37.20:964][  0]LogConfig: Setting CVar [[r.Tonemapper.GrainQuantization:1]]
[2024.04.24-11.37.20:964][  0]LogConfig: Setting CVar [[r.LightShaftQuality:1]]
[2024.04.24-11.37.20:964][  0]LogConfig: Setting CVar [[r.Filter.SizeScale:1]]
[2024.04.24-11.37.20:964][  0]LogConfig: Setting CVar [[r.Tonemapper.Quality:5]]
[2024.04.24-11.37.20:964][  0]LogConfig: Setting CVar [[r.DOF.Gather.AccumulatorQuality:1        ; higher gathering accumulator quality]]
[2024.04.24-11.37.20:964][  0]LogConfig: Setting CVar [[r.DOF.Gather.PostfilterMethod:1          ; Median3x3 postfilering method]]
[2024.04.24-11.37.20:964][  0]LogConfig: Setting CVar [[r.DOF.Gather.EnableBokehSettings:0       ; no bokeh simulation when gathering]]
[2024.04.24-11.37.20:964][  0]LogConfig: Setting CVar [[r.DOF.Gather.RingCount:4                 ; medium number of samples when gathering]]
[2024.04.24-11.37.20:964][  0]LogConfig: Setting CVar [[r.DOF.Scatter.ForegroundCompositing:1    ; additive foreground scattering]]
[2024.04.24-11.37.20:964][  0]LogConfig: Setting CVar [[r.DOF.Scatter.BackgroundCompositing:2    ; additive background scattering]]
[2024.04.24-11.37.20:964][  0]LogConfig: Setting CVar [[r.DOF.Scatter.EnableBokehSettings:1      ; bokeh simulation when scattering]]
[2024.04.24-11.37.20:964][  0]LogConfig: Setting CVar [[r.DOF.Scatter.MaxSpriteRatio:0.1         ; only a maximum of 10% of scattered bokeh]]
[2024.04.24-11.37.20:964][  0]LogConfig: Setting CVar [[r.DOF.Recombine.Quality:1                ; cheap slight out of focus]]
[2024.04.24-11.37.20:964][  0]LogConfig: Setting CVar [[r.DOF.Recombine.EnableBokehSettings:0    ; no bokeh simulation on slight out of focus]]
[2024.04.24-11.37.20:964][  0]LogConfig: Setting CVar [[r.DOF.TemporalAAQuality:1                ; more stable temporal accumulation]]
[2024.04.24-11.37.20:964][  0]LogConfig: Setting CVar [[r.DOF.Kernel.MaxForegroundRadius:0.025]]
[2024.04.24-11.37.20:964][  0]LogConfig: Setting CVar [[r.DOF.Kernel.MaxBackgroundRadius:0.025]]
[2024.04.24-11.37.20:964][  0]LogConfig: Applying CVar settings from Section [TextureQuality@3] File [C:/Users/edgos/Documents/GitHub/Jelly-Hunt/JellyHunt/Saved/Config/Windows/Scalability.ini]
[2024.04.24-11.37.20:964][  0]LogConfig: Setting CVar [[r.Streaming.MipBias:0]]
[2024.04.24-11.37.20:964][  0]LogConfig: Setting CVar [[r.Streaming.AmortizeCPUToGPUCopy:0]]
[2024.04.24-11.37.20:964][  0]LogConfig: Setting CVar [[r.Streaming.MaxNumTexturesToStreamPerFrame:0]]
[2024.04.24-11.37.20:964][  0]LogConfig: Setting CVar [[r.Streaming.Boost:1]]
[2024.04.24-11.37.20:964][  0]LogConfig: Setting CVar [[r.MaxAnisotropy:8]]
[2024.04.24-11.37.20:964][  0]LogConfig: Setting CVar [[r.VT.MaxAnisotropy:8]]
[2024.04.24-11.37.20:964][  0]LogConfig: Setting CVar [[r.Streaming.LimitPoolSizeToVRAM:0]]
[2024.04.24-11.37.20:964][  0]LogConfig: Setting CVar [[r.Streaming.PoolSize:1000]]
[2024.04.24-11.37.20:964][  0]LogConfig: Setting CVar [[r.Streaming.MaxEffectiveScreenSize:0]]
[2024.04.24-11.37.20:964][  0]LogConfig: Applying CVar settings from Section [EffectsQuality@3] File [C:/Users/edgos/Documents/GitHub/Jelly-Hunt/JellyHunt/Saved/Config/Windows/Scalability.ini]
[2024.04.24-11.37.20:964][  0]LogConfig: Setting CVar [[r.TranslucencyLightingVolumeDim:64]]
[2024.04.24-11.37.20:964][  0]LogConfig: Setting CVar [[r.RefractionQuality:2]]
[2024.04.24-11.37.20:964][  0]LogConfig: Setting CVar [[r.SSR.Quality:3]]
[2024.04.24-11.37.20:964][  0]LogConfig: Setting CVar [[r.SSR.HalfResSceneColor:0]]
[2024.04.24-11.37.20:964][  0]LogConfig: Setting CVar [[r.SceneColorFormat:4]]
[2024.04.24-11.37.20:964][  0]LogConfig: Setting CVar [[r.DetailMode:2]]
[2024.04.24-11.37.20:964][  0]LogConfig: Setting CVar [[r.TranslucencyVolumeBlur:1]]
[2024.04.24-11.37.20:964][  0]LogConfig: Setting CVar [[r.MaterialQualityLevel:1 ; High quality]]
[2024.04.24-11.37.20:964][  0]LogConfig: Setting CVar [[r.AnisotropicMaterials:1]]
[2024.04.24-11.37.20:964][  0]LogConfig: Setting CVar [[r.SSS.Scale:1]]
[2024.04.24-11.37.20:964][  0]LogConfig: Setting CVar [[r.SSS.SampleSet:2]]
[2024.04.24-11.37.20:964][  0]LogConfig: Setting CVar [[r.SSS.Quality:1]]
[2024.04.24-11.37.20:964][  0]LogConfig: Setting CVar [[r.SSS.HalfRes:0]]
[2024.04.24-11.37.20:964][  0]LogConfig: Setting CVar [[r.SSGI.Quality:3]]
[2024.04.24-11.37.20:964][  0]LogConfig: Setting CVar [[r.EmitterSpawnRateScale:1.0]]
[2024.04.24-11.37.20:964][  0]LogConfig: Setting CVar [[r.ParticleLightQuality:2]]
[2024.04.24-11.37.20:964][  0]LogConfig: Setting CVar [[r.SkyAtmosphere.AerialPerspectiveLUT.FastApplyOnOpaque:1 ; Always have FastSkyLUT 1 in this case to avoid wrong sky]]
[2024.04.24-11.37.20:964][  0]LogConfig: Setting CVar [[r.SkyAtmosphere.AerialPerspectiveLUT.SampleCountMaxPerSlice:4]]
[2024.04.24-11.37.20:964][  0]LogConfig: Setting CVar [[r.SkyAtmosphere.AerialPerspectiveLUT.DepthResolution:16.0]]
[2024.04.24-11.37.20:964][  0]LogConfig: Setting CVar [[r.SkyAtmosphere.FastSkyLUT:1]]
[2024.04.24-11.37.20:964][  0]LogConfig: Setting CVar [[r.SkyAtmosphere.FastSkyLUT.SampleCountMin:4.0]]
[2024.04.24-11.37.20:964][  0]LogConfig: Setting CVar [[r.SkyAtmosphere.FastSkyLUT.SampleCountMax:128.0]]
[2024.04.24-11.37.20:964][  0]LogConfig: Setting CVar [[r.SkyAtmosphere.SampleCountMin:4.0]]
[2024.04.24-11.37.20:964][  0]LogConfig: Setting CVar [[r.SkyAtmosphere.SampleCountMax:128.0]]
[2024.04.24-11.37.20:964][  0]LogConfig: Setting CVar [[r.SkyAtmosphere.TransmittanceLUT.UseSmallFormat:0]]
[2024.04.24-11.37.20:964][  0]LogConfig: Setting CVar [[r.SkyAtmosphere.TransmittanceLUT.SampleCount:10.0]]
[2024.04.24-11.37.20:964][  0]LogConfig: Setting CVar [[r.SkyAtmosphere.MultiScatteringLUT.SampleCount:15.0]]
[2024.04.24-11.37.20:964][  0]LogConfig: Setting CVar [[r.SkyLight.RealTimeReflectionCapture:1]]
[2024.04.24-11.37.20:964][  0]LogConfig: Applying CVar settings from Section [FoliageQuality@3] File [C:/Users/edgos/Documents/GitHub/Jelly-Hunt/JellyHunt/Saved/Config/Windows/Scalability.ini]
[2024.04.24-11.37.20:964][  0]LogConfig: Setting CVar [[foliage.DensityScale:1.0]]
[2024.04.24-11.37.20:964][  0]LogConfig: Setting CVar [[grass.DensityScale:1.0]]
[2024.04.24-11.37.20:964][  0]LogConfig: Applying CVar settings from Section [ShadingQuality@3] File [C:/Users/edgos/Documents/GitHub/Jelly-Hunt/JellyHunt/Saved/Config/Windows/Scalability.ini]
[2024.04.24-11.37.20:964][  0]LogConfig: Setting CVar [[r.HairStrands.SkyLighting.IntegrationType:2]]
[2024.04.24-11.37.20:964][  0]LogConfig: Setting CVar [[r.HairStrands.SkyAO.SampleCount:4]]
[2024.04.24-11.37.20:964][  0]LogConfig: Setting CVar [[r.HairStrands.Visibility.MSAA.SamplePerPixel:4]]
[2024.04.24-11.37.20:964][  0]LogConfig: Applying CVar settings from Section [Startup] File [../../../Engine/Config/ConsoleVariables.ini]
[2024.04.24-11.37.20:964][  0]LogConfig: Setting CVar [[net.UseAdaptiveNetUpdateFrequency:0]]
[2024.04.24-11.37.20:964][  0]LogConfig: Setting CVar [[p.chaos.AllowCreatePhysxBodies:1]]
[2024.04.24-11.37.20:964][  0]LogConfig: Setting CVar [[fx.SkipVectorVMBackendOptimizations:1]]
[2024.04.24-11.37.20:964][  0]LogConfig: Applying CVar settings from Section [ConsoleVariables] File [C:/Users/edgos/Documents/GitHub/Jelly-Hunt/JellyHunt/Saved/Config/Windows/Engine.ini]
[2024.04.24-11.37.20:965][  0]LogConfig: Applying CVar settings from Section [ConsoleVariables] File [C:/Users/edgos/Documents/GitHub/Jelly-Hunt/JellyHunt/Saved/Config/Windows/Editor.ini]
[2024.04.24-11.37.20:965][  0]LogInit: Computer: LASTCHANCE
[2024.04.24-11.37.20:965][  0]LogInit: User: edgos
[2024.04.24-11.37.20:965][  0]LogInit: CPU Page size=4096, Cores=24
[2024.04.24-11.37.20:965][  0]LogInit: High frequency timer resolution =10.000000 MHz
[2024.04.24-11.37.20:965][  0]LogMemory: Memory total: Physical=63.7GB (64GB approx)
[2024.04.24-11.37.20:965][  0]LogMemory: Platform Memory Stats for Windows
[2024.04.24-11.37.20:965][  0]LogMemory: Process Physical Memory: 152.01 MB used, 152.01 MB peak
[2024.04.24-11.37.20:965][  0]LogMemory: Process Virtual Memory: 129.74 MB used, 129.74 MB peak
[2024.04.24-11.37.20:965][  0]LogMemory: Physical Memory: 17435.25 MB used,  47818.90 MB free, 65254.15 MB total
[2024.04.24-11.37.20:965][  0]LogMemory: Virtual Memory: 134169384.00 MB used,  48345.15 MB free, 134217728.00 MB total
[2024.04.24-11.37.20:973][  0]LogWindows: WindowsPlatformFeatures enabled
[2024.04.24-11.37.21:032][  0]LogInit: Physics initialised using underlying interface: PhysX
[2024.04.24-11.37.21:042][  0]LogInit: Using OS detected language (en-US).
[2024.04.24-11.37.21:042][  0]LogInit: Using OS detected locale (en-GB).
[2024.04.24-11.37.21:043][  0]LogTextLocalizationManager: No specific localization for 'en-US' exists, so the 'en' localization will be used.
[2024.04.24-11.37.21:284][  0]LogInit: Setting process to per monitor DPI aware
[2024.04.24-11.37.21:358][  0]LogWindowsTextInputMethodSystem: Display: IME system deactivated.
[2024.04.24-11.37.21:383][  0]LogSlate: New Slate User Created.  User Index 0, Is Virtual User: 0
[2024.04.24-11.37.21:383][  0]LogSlate: Slate User Registered.  User Index 0, Is Virtual User: 0
[2024.04.24-11.37.21:461][  0]LogD3D11RHI: Loaded GFSDK_Aftermath_Lib.x64.dll
[2024.04.24-11.37.21:463][  0]LogHMD: Failed to initialize OpenVR with code 110
[2024.04.24-11.37.21:463][  0]LogD3D11RHI: D3D11 min allowed feature level: 11_0
[2024.04.24-11.37.21:463][  0]LogD3D11RHI: D3D11 max allowed feature level: 11_0
[2024.04.24-11.37.21:463][  0]LogD3D11RHI: D3D11 adapters:
[2024.04.24-11.37.21:652][  0]LogD3D11RHI:    0. 'NVIDIA GeForce RTX 4080 SUPER' (Feature Level 11_0)
[2024.04.24-11.37.21:652][  0]LogD3D11RHI:       16047/0/32627 MB DedicatedVideo/DedicatedSystem/SharedSystem, Outputs:2, VendorId:0x10de
[2024.04.24-11.37.21:653][  0]LogD3D11RHI:    1. 'Microsoft Basic Render Driver' (Feature Level 11_0)
[2024.04.24-11.37.21:653][  0]LogD3D11RHI:       0/0/32627 MB DedicatedVideo/DedicatedSystem/SharedSystem, Outputs:0, VendorId:0x1414
[2024.04.24-11.37.21:653][  0]LogD3D11RHI: Chosen D3D11 Adapter:
[2024.04.24-11.37.21:653][  0]LogD3D11RHI:     Description : NVIDIA GeForce RTX 4080 SUPER
[2024.04.24-11.37.21:653][  0]LogD3D11RHI:     VendorId    : 10de
[2024.04.24-11.37.21:653][  0]LogD3D11RHI:     DeviceId    : 2702
[2024.04.24-11.37.21:653][  0]LogD3D11RHI:     SubSysId    : 511d1028
[2024.04.24-11.37.21:653][  0]LogD3D11RHI:     Revision    : 00a1
[2024.04.24-11.37.21:653][  0]LogD3D11RHI:     DedicatedVideoMemory : 16826499072 bytes
[2024.04.24-11.37.21:653][  0]LogD3D11RHI:     DedicatedSystemMemory : 0 bytes
[2024.04.24-11.37.21:653][  0]LogD3D11RHI:     SharedSystemMemory : 34211966976 bytes
[2024.04.24-11.37.21:653][  0]LogD3D11RHI:     AdapterLuid : 0 73323
[2024.04.24-11.37.21:659][  0]LogD3D11RHI: Creating new Direct3DDevice
[2024.04.24-11.37.21:659][  0]LogD3D11RHI:     GPU DeviceId: 0x2702 (for the marketing name, search the web for "GPU Device Id")
[2024.04.24-11.37.21:659][  0]LogWindows: EnumDisplayDevices:
[2024.04.24-11.37.21:659][  0]LogWindows:    0. 'NVIDIA GeForce RTX 4080 SUPER' (P:1 D:1)
[2024.04.24-11.37.21:659][  0]LogWindows:    1. 'NVIDIA GeForce RTX 4080 SUPER' (P:0 D:1)
[2024.04.24-11.37.21:659][  0]LogWindows:    2. 'NVIDIA GeForce RTX 4080 SUPER' (P:0 D:0)
[2024.04.24-11.37.21:659][  0]LogWindows:    3. 'NVIDIA GeForce RTX 4080 SUPER' (P:0 D:0)
[2024.04.24-11.37.21:659][  0]LogWindows: DebugString: FoundDriverCount:4 
[2024.04.24-11.37.21:659][  0]LogD3D11RHI:     Adapter Name: NVIDIA GeForce RTX 4080 SUPER
[2024.04.24-11.37.21:659][  0]LogD3D11RHI:   Driver Version: 552.22 (internal:31.0.15.5222, unified:552.22)
[2024.04.24-11.37.21:659][  0]LogD3D11RHI:      Driver Date: 4-11-2024
[2024.04.24-11.37.21:659][  0]LogRHI: Texture pool is 11232 MB (70% of 16047 MB)
[2024.04.24-11.37.21:659][  0]LogD3D11RHI: Creating D3DDevice using adapter:
[2024.04.24-11.37.21:659][  0]LogD3D11RHI:     Description : NVIDIA GeForce RTX 4080 SUPER
[2024.04.24-11.37.21:659][  0]LogD3D11RHI:     VendorId    : 10de
[2024.04.24-11.37.21:659][  0]LogD3D11RHI:     DeviceId    : 2702
[2024.04.24-11.37.21:659][  0]LogD3D11RHI:     SubSysId    : 511d1028
[2024.04.24-11.37.21:659][  0]LogD3D11RHI:     Revision    : 00a1
[2024.04.24-11.37.21:659][  0]LogD3D11RHI:     DedicatedVideoMemory : 16826499072 bytes
[2024.04.24-11.37.21:659][  0]LogD3D11RHI:     DedicatedSystemMemory : 0 bytes
[2024.04.24-11.37.21:659][  0]LogD3D11RHI:     SharedSystemMemory : 34211966976 bytes
[2024.04.24-11.37.21:659][  0]LogD3D11RHI:     AdapterLuid : 0 73323
[2024.04.24-11.37.21:707][  0]LogD3D11RHI: RHI has support for 64 bit atomics
[2024.04.24-11.37.21:707][  0]LogD3D11RHI: Async texture creation enabled
[2024.04.24-11.37.21:707][  0]LogD3D11RHI: Array index from any shader is supported
[2024.04.24-11.37.21:708][  0]LogD3D11RHI: HDR output is supported on display 0 (NvId: 0x80061082).
[2024.04.24-11.37.21:725][  0]LogD3D11RHI: GPU Timing Frequency: 1000.000000 (Debug: 2 2)
[2024.04.24-11.37.21:740][  0]LogRHI: GeForceNow SDK initialized: 1
[2024.04.24-11.37.21:900][  0]LogTargetPlatformManager: Display: Loaded TargetPlatform 'AllDesktop'
[2024.04.24-11.37.21:912][  0]LogTargetPlatformManager: Display: Loaded TargetPlatform 'Android'
[2024.04.24-11.37.21:912][  0]LogTargetPlatformManager: Display: Loaded TargetPlatform 'Android_ASTC'
[2024.04.24-11.37.21:912][  0]LogTargetPlatformManager: Display: Loaded TargetPlatform 'Android_DXT'
[2024.04.24-11.37.21:912][  0]LogTargetPlatformManager: Display: Loaded TargetPlatform 'Android_ETC2'
[2024.04.24-11.37.21:912][  0]LogTargetPlatformManager: Display: Loaded TargetPlatform 'AndroidClient'
[2024.04.24-11.37.21:912][  0]LogTargetPlatformManager: Display: Loaded TargetPlatform 'Android_ASTCClient'
[2024.04.24-11.37.21:912][  0]LogTargetPlatformManager: Display: Loaded TargetPlatform 'Android_DXTClient'
[2024.04.24-11.37.21:912][  0]LogTargetPlatformManager: Display: Loaded TargetPlatform 'Android_ETC2Client'
[2024.04.24-11.37.21:912][  0]LogTargetPlatformManager: Display: Loaded TargetPlatform 'Android_Multi'
[2024.04.24-11.37.21:912][  0]LogTargetPlatformManager: Display: Loaded TargetPlatform 'Android_MultiClient'
[2024.04.24-11.37.21:923][  0]LogTargetPlatformManager: Display: Loaded TargetPlatform 'IOSClient'
[2024.04.24-11.37.21:923][  0]LogTargetPlatformManager: Display: Loaded TargetPlatform 'IOS'
[2024.04.24-11.37.21:928][  0]LogTargetPlatformManager: Display: Loaded TargetPlatform 'Linux'
[2024.04.24-11.37.21:931][  0]LogTargetPlatformManager: Display: Loaded TargetPlatform 'LinuxNoEditor'
[2024.04.24-11.37.21:933][  0]LogTargetPlatformManager: Display: Loaded TargetPlatform 'LinuxClient'
[2024.04.24-11.37.21:936][  0]LogTargetPlatformManager: Display: Loaded TargetPlatform 'LinuxServer'
[2024.04.24-11.37.21:940][  0]LogTargetPlatformManager: Display: Loaded TargetPlatform 'LinuxAArch64NoEditor'
[2024.04.24-11.37.21:943][  0]LogTargetPlatformManager: Display: Loaded TargetPlatform 'LinuxAArch64Client'
[2024.04.24-11.37.21:946][  0]LogTargetPlatformManager: Display: Loaded TargetPlatform 'LinuxAArch64Server'
[2024.04.24-11.37.21:958][  0]LogTargetPlatformManager: Display: Loaded TargetPlatform 'Lumin'
[2024.04.24-11.37.21:958][  0]LogTargetPlatformManager: Display: Loaded TargetPlatform 'LuminClient'
[2024.04.24-11.37.21:963][  0]LogTargetPlatformManager: Display: Loaded TargetPlatform 'MacNoEditor'
[2024.04.24-11.37.21:966][  0]LogTargetPlatformManager: Display: Loaded TargetPlatform 'Mac'
[2024.04.24-11.37.21:968][  0]LogTargetPlatformManager: Display: Loaded TargetPlatform 'MacClient'
[2024.04.24-11.37.21:971][  0]LogTargetPlatformManager: Display: Loaded TargetPlatform 'MacServer'
[2024.04.24-11.37.21:977][  0]LogTargetPlatformManager: Display: Loaded TargetPlatform 'TVOSClient'
[2024.04.24-11.37.21:977][  0]LogTargetPlatformManager: Display: Loaded TargetPlatform 'TVOS'
[2024.04.24-11.37.21:981][  0]LogTargetPlatformManager: Display: Loaded TargetPlatform 'WindowsNoEditor'
[2024.04.24-11.37.21:984][  0]LogTargetPlatformManager: Display: Loaded TargetPlatform 'Windows'
[2024.04.24-11.37.21:987][  0]LogTargetPlatformManager: Display: Loaded TargetPlatform 'WindowsClient'
[2024.04.24-11.37.21:990][  0]LogTargetPlatformManager: Display: Loaded TargetPlatform 'WindowsServer'
[2024.04.24-11.37.21:990][  0]LogTargetPlatformManager: Display: Building Assets For Windows
[2024.04.24-11.37.21:994][  0]LogAudioDebug: Display: Lib vorbis DLL was dynamically loaded.
[2024.04.24-11.37.22:013][  0]LogTextureFormatOodle: Display: Oodle Texture 2.9.0 init RDO Off
[2024.04.24-11.37.22:033][  0]LogRendererCore: Ray tracing is disabled. Reason: r.RayTracing=0.
[2024.04.24-11.37.22:033][  0]LogShaderCompilers: Guid format shader working directory is -22 characters bigger than the processId version (../../../../../../Users/edgos/Documents/GitHub/Jelly-Hunt/JellyHunt/Intermediate/Shaders/WorkingDirectory/18580/).
[2024.04.24-11.37.22:033][  0]LogShaderCompilers: Cleaned the shader compiler working directory 'C:/Users/edgos/AppData/Local/Temp/UnrealShaderWorkingDir/3529DD6245EC78700AF51CB8F8517C23/'.
[2024.04.24-11.37.22:033][  0]LogXGEController: Cannot use XGE Controller as Incredibuild is not installed on this machine.
[2024.04.24-11.37.22:033][  0]LogShaderCompilers: Cannot use XGE Shader Compiler as Incredibuild is not installed on this machine.
[2024.04.24-11.37.22:033][  0]LogShaderCompilers: Display: Using Local Shader Compiler.
[2024.04.24-11.37.22:453][  0]LogDerivedDataCache: Display: Max Cache Size: 512 MB
[2024.04.24-11.37.22:492][  0]LogDerivedDataCache: Loaded boot cache 0.04s 94MB C:/Users/edgos/AppData/Local/UnrealEngine/4.27/DerivedDataCache/Boot.ddc.
[2024.04.24-11.37.22:492][  0]LogDerivedDataCache: Display: Loaded Boot cache: C:/Users/edgos/AppData/Local/UnrealEngine/4.27/DerivedDataCache/Boot.ddc
[2024.04.24-11.37.22:492][  0]LogDerivedDataCache: FDerivedDataBackendGraph:  Pak pak cache file ../../../../../../Users/edgos/Documents/GitHub/Jelly-Hunt/JellyHunt/DerivedDataCache/DDC.ddp not found, will not use a pak cache.
[2024.04.24-11.37.22:492][  0]LogDerivedDataCache: Unable to find inner node Pak for hierarchical cache Hierarchy.
[2024.04.24-11.37.22:492][  0]LogDerivedDataCache: FDerivedDataBackendGraph:  CompressedPak pak cache file ../../../../../../Users/edgos/Documents/GitHub/Jelly-Hunt/JellyHunt/DerivedDataCache/Compressed.ddp not found, will not use a pak cache.
[2024.04.24-11.37.22:492][  0]LogDerivedDataCache: Unable to find inner node CompressedPak for hierarchical cache Hierarchy.
[2024.04.24-11.37.22:502][  0]LogDerivedDataCache: Display: Pak cache opened for reading ../../../Engine/DerivedDataCache/Compressed.ddp.
[2024.04.24-11.37.22:502][  0]LogDerivedDataCache: FDerivedDataBackendGraph:  EnterprisePak pak cache file ../../../Enterprise/DerivedDataCache/Compressed.ddp not found, will not use a pak cache.
[2024.04.24-11.37.22:502][  0]LogDerivedDataCache: Unable to find inner node EnterprisePak for hierarchical cache Hierarchy.
[2024.04.24-11.37.22:505][  0]LogDerivedDataCache: Speed tests for C:/Users/edgos/AppData/Local/UnrealEngine/Common/DerivedDataCache took 0.00 seconds
[2024.04.24-11.37.22:505][  0]LogDerivedDataCache: Display: Performance to C:/Users/edgos/AppData/Local/UnrealEngine/Common/DerivedDataCache: Latency=0.01ms. RandomReadSpeed=3064.23MBs, RandomWriteSpeed=351.40MBs. Assigned SpeedClass 'Local'
[2024.04.24-11.37.22:506][  0]LogDerivedDataCache: Using Local data cache path C:/Users/edgos/AppData/Local/UnrealEngine/Common/DerivedDataCache: Writable
[2024.04.24-11.37.22:506][  0]LogDerivedDataCache: Shared data cache path not found in *engine.ini, will not use an Shared cache.
[2024.04.24-11.37.22:506][  0]LogDerivedDataCache: Unable to find inner node Shared for hierarchical cache Hierarchy.
[2024.04.24-11.37.22:530][  0]LogSlate: Using FreeType 2.10.0
[2024.04.24-11.37.22:530][  0]LogSlate: SlateFontServices - WITH_FREETYPE: 1, WITH_HARFBUZZ: 1
[2024.04.24-11.37.22:544][  0]LogAssetRegistry: FAssetRegistry took 0.0016 seconds to start up
[2024.04.24-11.37.22:665][  0]LogInit: Selected Device Profile: [Windows]
[2024.04.24-11.37.22:665][  0]LogInit: Active device profile: [00000266D43A0B00][00000266CB2DF800 49] Windows
[2024.04.24-11.37.22:665][  0]LogInit: Profiles: [00000266D43A0B00][00000266CB2DF800 49] Windows, [00000266D435E100][00000266C8085980 49] WindowsNoEditor, [00000266D43A1900][00000266C8089B00 49] WindowsServer, [00000266D435EE00][00000266C808C100 49] WindowsClient, [00000266D43A3C00][00000266C8090280 49] IOS, [00000266D435CF00][00000266C8094400 49] iPadAir, [00000266D43A3E00][00000266C8098580 49] iPadAir2, [00000266D430CE00][00000266C8080800 49] IPadPro, [00000266D430CF00][00000266C809C840 49] iPadAir3, [00000266D435FB00][00000266C80A0980 49] iPadAir4, [00000266D430F800][00000266C80A4AC0 49] iPadMini2, [00000266D435EF00][00000266C80ACC40 49] iPadMini3, [00000266D430FA00][00000266C80B0DC0 49] iPadMini4, [00000266D435F800][00000266C80B4F40 49] iPadMini5, [00000266D434C600][00000266D4BF1200 49] iPhone6, [00000266D434C700][00000266D4BED240 49] iPodTouch6, [00000266D43A2800][00000266D4BF9500 49] iPhone7, [00000266D43A2600][00000266D4BF5540 49] iPodTouch7, [00000266D434C100][00000266D4BFD6C0 49] iPhone5S, [00000266D430C700][00000266D4C01840 49] iPhone6Plus, [00000266D434E500][00000266D4C059C0 49] iPhone6S, [00000266D430D300][00000266D4C09B40 49] iPhone6SPlus, [00000266D434FB00][00000266D4C0C140 49] iPhone7Plus, [00000266D430F700][00000266D4C102C0 49] iPhoneSE, [00000266D43A2B00][00000266D4C14440 49] iPhone8, [00000266D430C600][00000266D4C185C0 49] iPhone8Plus, [00000266D43A2100][00000266D4C1C740 49] iPhoneX, [00000266D430E900][00000266D4C208C0 49] iPhoneXS, [00000266D43A3700][00000266C80A8A00 49] iPhoneXSMax, [00000266D430EF00][00000266D4C24B40 49] iPhoneXR, [00000266D43A3B00][00000266D4C28C80 49] iPhone11, [00000266D430DE00][00000266D4C2CDC0 49] iPhone11Pro, [00000266D43A0700][00000266D4C34F40 49] iPhone11ProMax, [00000266D430E000][00000266D4C390C0 49] iPhoneSE2, [00000266D43A3A00][00000266D4C3D240 49] iPhone12Mini, [00000266D430E100][00000266D4C413C0 49] iPhone12, [00000266D43A0600][00000266D4C45540 49] iPhone12Pro, [00000266D430F400][00000266D4C496C0 49] iPhone12ProMax, [00000266D43A0800][00000266D4C4D840 49] iPadPro105, [00000266D430D900][00000266D4C519C0 49] iPadPro129, [00000266D43A3F00][00000266D4C55B40 49] iPadPro97, [00000266D430FC00][00000266D4C58140 49] iPadPro2_129, [00000266D43A3900][00000266D4C5C2C0 49] iPad5, [00000266D430C300][00000266D4C60440 49] iPad6, [00000266D43A1B00][00000266D4C645C0 49] iPad7, [00000266D430F600][00000266D4C68740 49] iPad8, [00000266D43A1600][00000266D4C6C8C0 49] iPadPro11, [00000266D430ED00][00000266D4C70A40 49] iPadPro2_11, [00000266D43A1A00][00000266D4C30B80 49] iPadPro3_129, [00000266D430EE00][00000266D4C74CC0 49] iPadPro4_129, [00000266D43A0500][00000266D4C78E00 49] AppleTV, [00000266D430F000][00000266D4C7CF40 49] AppleTV4K, [00000266D43A1C00][00000266D4C850C0 49] TVOS, [00000266D430C800][00000266D4C89240 49] Mac, [00000266D43A2500][00000266D4C8D3C0 49] MacClient, [00000266D430EC00][00000266D4C91540 49] MacNoEditor, [00000266D43A3500][00000266D4C956C0 49] MacServer, [00000266D430CA00][00000266D4C99840 49] Linux, [00000266D43A0400][00000266D4C9D9C0 49] LinuxAArch64, [00000266D430DA00][00000266D4CA1B40 49] LinuxNoEditor, [00000266D43A1D00][00000266D4CA4140 49] LinuxAArch64NoEditor, [00000266D430E700][00000266D4CA82C0 49] LinuxClient, [00000266D43A1400][00000266D4CAC440 49] LinuxAArch64Client, [00000266D430E800][00000266D4CB05C0 49] LinuxServer, [00000266D43A2F00][00000266D4CB4740 49] LinuxAArch64Server, [00000266D430D700][00000266D4CB88C0 49] Android, [00000266D43A3D00][00000266D4CBCA40 49] Android_Low, [00000266D430CB00][00000266D4CC0BC0 49] Android_Mid, [00000266D43A2200][00000266D4CC4D40 49] Android_High, [00000266D430CC00][00000266D4C80E80 49] Android_Default, [00000266D43A1300][00000266D4CC8FC0 49] Android_Adreno4xx, [00000266D435E300][00000266D4CCD100 49] Android_Adreno5xx_Low, [00000266D434DC00][00000266D4CD5280 49] Android_Adreno5xx, [00000266D435E600][00000266D4CD9400 49] Android_Adreno6xx, [00000266D434E000][00000266D4CDD580 49] Android_Adreno6xx_Vulkan, [00000266D435C400][00000266D4CE1700 49] Android_Mali_T6xx, [00000266D434CF00][00000266D4CE5880 49] Android_Mali_T7xx, [00000266D435DC00][00000266D4CE9A00 49] Android_Mali_T8xx, [00000266D434DF00][00000266D4CEDB80 49] Android_Mali_G71, [00000266D435E800][00000266D4CF0180 49] Android_Mali_G72, [00000266D434F300][00000266D4CF4300 49] Android_Mali_G72_Vulkan, [00000266D435FE00][00000266D4CF8480 49] Android_Mali_G76, [00000266D434E200][00000266D4CFC600 49] Android_Mali_G76_Vulkan, [00000266D435DE00][00000266D4D00780 49] Android_Mali_G77, [00000266D434C900][00000266D4D04900 49] Android_Mali_G77_Vulkan, [00000266D435FF00][00000266D4D08A80 49] Android_Mali_G78, [00000266D434D300][00000266D4D0CC00 49] Android_Mali_G78_Vulkan, [00000266D435F400][00000266D4D10D80 49] Android_Mali_G710, [00000266D434FE00][00000266D4D14F00 49] Android_Mali_G710_Vulkan, [00000266D435C700][00000266D4CD1040 49] Android_Vulkan_SM5, [00000266D434FF00][00000266D4D19180 49] Android_PowerVR_G6xxx, [00000266D435DF00][00000266D4D1D2C0 49] Android_PowerVR_GT7xxx, [00000266D434EB00][00000266D4D25440 49] Android_PowerVR_GE8xxx, [00000266D435F700][00000266D4D295C0 49] Android_PowerVR_GM9xxx, [00000266D434E800][00000266D4D2D740 49] Android_PowerVR_GM9xxx_Vulkan, [00000266D435D500][00000266D4D318C0 49] Android_TegraK1, [00000266D434D700][00000266D4D35A40 49] Android_Unknown_Vulkan, [00000266D435EC00][00000266D4D39BC0 49] Lumin, [00000266D434FD00][00000266D4D3C1C0 49] Lumin_Desktop, [00000266D435CE00][00000266D4D50340 49] HoloLens, 
[2024.04.24-11.37.22:734][  0]LogMeshReduction: Using QuadricMeshReduction for automatic static mesh reduction
[2024.04.24-11.37.22:734][  0]LogMeshReduction: Using SimplygonMeshReduction for automatic skeletal mesh reduction
[2024.04.24-11.37.22:734][  0]LogMeshReduction: Using ProxyLODMeshReduction for automatic mesh merging
[2024.04.24-11.37.22:734][  0]LogMeshReduction: No distributed automatic mesh merging module available
[2024.04.24-11.37.22:734][  0]LogMeshMerging: No distributed automatic mesh merging module available
[2024.04.24-11.37.22:742][  0]LogNetVersion: JellyHunt 1.0.0, NetCL: 17155196, EngineNetVer: 17, GameNetVer: 0 (Checksum: 2506878787)
[2024.04.24-11.37.22:941][  0]LogTexture: Default maximum texture size for cubemaps generated from long-lat sources has been changed from 512 to unlimited. In order to preserve old behaiour for '/Engine/MapTemplates/Sky/DaylightAmbientCubemap.DaylightAmbientCubemap', its maximum texture size has been explicitly set to 512.
[2024.04.24-11.37.22:977][  0]LogHMD: PokeAHoleMaterial loaded successfully
[2024.04.24-11.37.22:980][  0]LogUObjectArray: 17178 objects as part of root set at end of initial load.
[2024.04.24-11.37.22:980][  0]LogUObjectAllocator: 4302048 out of 0 bytes used by permanent object pool.
[2024.04.24-11.37.22:980][  0]LogUObjectArray: CloseDisregardForGC: 0/0 objects in disregard for GC pool
[2024.04.24-11.37.23:179][  0]LogNiagaraDebuggerClient: Niagara Debugger Client Initialized | Session: E2A3B7FE482A00E03666A5BC134B5AEE | Instance: 020687464ACFCD7544CFB6A8DE36BB05 (LASTCHANCE-18580).
[2024.04.24-11.37.23:202][  0]LogUdpMessaging: Initializing bridge on interface 0.0.0.0:0 to multicast group 230.0.0.1:6666.
[2024.04.24-11.37.23:209][  0]LogPython: Using Python 3.7.7
[2024.04.24-11.37.23:471][  0]LogTcpMessaging: Initializing TcpMessaging bridge
[2024.04.24-11.37.23:499][  0]LogTemp: Warning: NodeName
[2024.04.24-11.37.23:500][  0]LogTemp: Warning: NodeName
[2024.04.24-11.37.23:990][  0]LogWindows: Error: === Critical error: ===
[2024.04.24-11.37.23:990][  0]LogWindows: Error: 
[2024.04.24-11.37.23:990][  0]LogWindows: Error: Fatal error!
[2024.04.24-11.37.23:990][  0]LogWindows: Error: 
[2024.04.24-11.37.23:990][  0]LogWindows: Error: Unhandled Exception: EXCEPTION_ACCESS_VIOLATION reading address 0x0000000000000bb0
[2024.04.24-11.37.23:990][  0]LogWindows: Error: 
[2024.04.24-11.37.23:990][  0]LogWindows: Error: [Callstack] 0x00007ffc746562ff UE4Editor-Engine.dll!UnknownFunction []
[2024.04.24-11.37.23:990][  0]LogWindows: Error: [Callstack] 0x00007ffc4df231d7 UE4Editor-JellyHunt-0010.dll!ANPC_AIController::ANPC_AIController() [C:\Users\edgos\Documents\GitHub\Jelly-Hunt\JellyHunt\Source\JellyHunt\NPC_AIController.cpp:19]
[2024.04.24-11.37.23:990][  0]LogWindows: Error: [Callstack] 0x00007ffc7e7061d3 UE4Editor-CoreUObject.dll!UnknownFunction []
[2024.04.24-11.37.23:990][  0]LogWindows: Error: [Callstack] 0x00007ffc7ea28faf UE4Editor-CoreUObject.dll!UnknownFunction []
[2024.04.24-11.37.23:990][  0]LogWindows: Error: [Callstack] 0x00007ffc7ea05411 UE4Editor-CoreUObject.dll!UnknownFunction []
[2024.04.24-11.37.23:990][  0]LogWindows: Error: [Callstack] 0x00007ffc7e8cddc5 UE4Editor-CoreUObject.dll!UnknownFunction []
[2024.04.24-11.37.23:990][  0]LogWindows: Error: [Callstack] 0x00007ffc7f0e1bea UE4Editor-Core.dll!UnknownFunction []
[2024.04.24-11.37.23:990][  0]LogWindows: Error: [Callstack] 0x00007ffc7f1015a3 UE4Editor-Core.dll!UnknownFunction []
[2024.04.24-11.37.23:990][  0]LogWindows: Error: [Callstack] 0x00007ffc83186433 UE4Editor-Projects.dll!UnknownFunction []
[2024.04.24-11.37.23:990][  0]LogWindows: Error: [Callstack] 0x00007ffc8318674f UE4Editor-Projects.dll!UnknownFunction []
[2024.04.24-11.37.23:990][  0]LogWindows: Error: [Callstack] 0x00007ff64dcc5642 UE4Editor.exe!UnknownFunction []
[2024.04.24-11.37.23:990][  0]LogWindows: Error: [Callstack] 0x00007ff64dcc9000 UE4Editor.exe!UnknownFunction []
[2024.04.24-11.37.23:990][  0]LogWindows: Error: [Callstack] 0x00007ff64dcc0d2c UE4Editor.exe!UnknownFunction []
[2024.04.24-11.37.23:990][  0]LogWindows: Error: [Callstack] 0x00007ff64dcc10ba UE4Editor.exe!UnknownFunction []
[2024.04.24-11.37.23:990][  0]LogWindows: Error: [Callstack] 0x00007ff64dcc40dd UE4Editor.exe!UnknownFunction []
[2024.04.24-11.37.23:990][  0]LogWindows: Error: [Callstack] 0x00007ff64dcd5984 UE4Editor.exe!UnknownFunction []
[2024.04.24-11.37.23:990][  0]LogWindows: Error: [Callstack] 0x00007ff64dcd853a UE4Editor.exe!UnknownFunction []
[2024.04.24-11.37.23:990][  0]LogWindows: Error: [Callstack] 0x00007ffd48d2257d KERNEL32.DLL!UnknownFunction []
[2024.04.24-11.37.23:990][  0]LogWindows: Error: [Callstack] 0x00007ffd4a14aa48 ntdll.dll!UnknownFunction []
[2024.04.24-11.37.23:990][  0]LogWindows: Error: 
[2024.04.24-11.37.24:000][  0]LogExit: Executing StaticShutdownAfterError
[2024.04.24-11.37.24:000][  0]LogWindows: FPlatformMisc::RequestExit(1)
[2024.04.24-11.37.24:000][  0]LogWindows: FPlatformMisc::RequestExitWithStatus(1, 3)
[2024.04.24-11.37.24:000][  0]LogCore: Engine exit requested (reason: Win RequestExit)
[2024.04.24-11.37.24:017][  0]Log file closed, 04/24/24 12:37:24
