Log file open, 04/24/24 12:30:11
LogWindows: Failed to load 'aqProf.dll' (GetLastError=126)
LogWindows: File 'aqProf.dll' does not exist
LogWindows: Failed to load 'VtuneApi.dll' (GetLastError=126)
LogWindows: File 'VtuneApi.dll' does not exist
LogWindows: Failed to load 'VtuneApi32e.dll' (GetLastError=126)
LogWindows: File 'VtuneApi32e.dll' does not exist
LogConsoleResponse: Display: Failed to find resolution value strings in scalability ini. Falling back to default.
LogConsoleResponse: Display: Failed to find resolution value strings in scalability ini. Falling back to default.
LogInit: Display: Running engine for game: JellyHunt
LogPlatformFile: Not using cached read wrapper
LogTaskGraph: Started task graph with 5 named threads and 83 total threads with 3 sets of task threads.
LogStats: Stats thread started at 0.148225
LogICUInternationalization: ICU TimeZone Detection - Raw Offset: +0:00, Platform Override: ''
LogInit: Display: Loading text-based GConfig....
LogPluginManager: Mounting plugin MeshPainting
LogPluginManager: Mounting plugin XGEController
LogPluginManager: Mounting plugin AISupport
LogPluginManager: Mounting plugin Paper2D
LogPluginManager: Mounting plugin LiveLink
LogPluginManager: Mounting plugin EnvironmentQueryEditor
LogPluginManager: Mounting plugin CameraShakePreviewer
LogPluginManager: Mounting plugin GameplayCameras
LogPluginManager: Mounting plugin LightPropagationVolume
LogPluginManager: Mounting plugin OodleNetwork
LogPluginManager: Mounting plugin OodleData
LogPluginManager: Mounting plugin AnimationSharing
LogPluginManager: Mounting plugin Niagara
LogPluginManager: Mounting plugin DatasmithContent
LogPluginManager: Mounting plugin VariantManagerContent
LogPluginManager: Mounting plugin AlembicImporter
LogPluginManager: Mounting plugin BackChannel
LogPluginManager: Mounting plugin ChaosCloth
LogPluginManager: Mounting plugin ChaosClothEditor
LogPluginManager: Mounting plugin ChaosSolverPlugin
LogPluginManager: Mounting plugin ChaosNiagara
LogPluginManager: Mounting plugin CharacterAI
LogPluginManager: Mounting plugin AutomationUtils
LogPluginManager: Mounting plugin LuminPlatformFeatures
LogPluginManager: Mounting plugin ChaosEditor
LogPluginManager: Mounting plugin MagicLeapMedia
LogPluginManager: Mounting plugin MagicLeap
LogPluginManager: Mounting plugin AndroidMedia
LogPluginManager: Mounting plugin MagicLeapLightEstimation
LogPluginManager: Mounting plugin MagicLeapPassableWorld
LogPluginManager: Mounting plugin MLSDK
LogPluginManager: Mounting plugin WebMMedia
LogPluginManager: Mounting plugin WmfMedia
LogPluginManager: Mounting plugin ImgMedia
LogPluginManager: Mounting plugin MediaCompositing
LogPluginManager: Mounting plugin CodeLiteSourceCodeAccess
LogPluginManager: Mounting plugin MediaPlayerEditor
LogPluginManager: Mounting plugin PluginUtils
LogPluginManager: Mounting plugin PropertyAccessNode
LogPluginManager: Mounting plugin AvfMedia
LogPluginManager: Mounting plugin RiderSourceCodeAccess
LogPluginManager: Mounting plugin PlasticSourceControl
LogPluginManager: Mounting plugin PerforceSourceControl
LogPluginManager: Mounting plugin UObjectPlugin
LogPluginManager: Mounting plugin NullSourceCodeAccess
LogPluginManager: Mounting plugin CLionSourceCodeAccess
LogPluginManager: Mounting plugin TextureFormatOodle
LogPluginManager: Mounting plugin GitSourceControl
LogPluginManager: Mounting plugin PixWinPlugin
LogPluginManager: Mounting plugin VisualStudioSourceCodeAccess
LogPluginManager: Mounting plugin SubversionSourceControl
LogPluginManager: Mounting plugin XCodeSourceCodeAccess
LogPluginManager: Mounting plugin GeometryProcessing
LogPluginManager: Mounting plugin PlatformCrypto
LogPluginManager: Mounting plugin MotoSynth
LogPluginManager: Mounting plugin PlanarCut
LogPluginManager: Mounting plugin ActorSequence
LogPluginManager: Mounting plugin LevelSequenceEditor
LogPluginManager: Mounting plugin GeometryCollectionPlugin
LogPluginManager: Mounting plugin PythonScriptPlugin
LogPluginManager: Mounting plugin VisualStudioCodeSourceCodeAccess
LogPluginManager: Mounting plugin MatineeToLevelSequence
LogPluginManager: Mounting plugin GeometryCache
LogPluginManager: Mounting plugin KDevelopSourceCodeAccess
LogPluginManager: Mounting plugin OpenImageDenoise
LogPluginManager: Mounting plugin SkeletalReduction
LogPluginManager: Mounting plugin ProxyLODPlugin
LogPluginManager: Mounting plugin TcpMessaging
LogPluginManager: Mounting plugin UdpMessaging
LogPluginManager: Mounting plugin OnlineSubsystem
LogPluginManager: Mounting plugin OnlineSubsystemNull
LogPluginManager: Mounting plugin TemplateSequence
LogPluginManager: Mounting plugin ScreenshotTools
LogPluginManager: Mounting plugin LauncherChunkInstaller
LogPluginManager: Mounting plugin AssetManagerEditor
LogPluginManager: Mounting plugin MaterialAnalyzer
LogPluginManager: Mounting plugin GameplayTagsEditor
LogPluginManager: Mounting plugin OnlineSubsystemUtils
LogPluginManager: Mounting plugin SpeedTreeImporter
LogPluginManager: Mounting plugin DataValidation
LogPluginManager: Mounting plugin MobileLauncherProfileWizard
LogPluginManager: Mounting plugin ActorLayerUtilities
LogPluginManager: Mounting plugin CurveEditorTools
LogPluginManager: Mounting plugin FacialAnimation
LogPluginManager: Mounting plugin MacGraphicsSwitching
LogPluginManager: Mounting plugin CryptoKeys
LogPluginManager: Mounting plugin GeometryMode
LogPluginManager: Mounting plugin PluginBrowser
LogPluginManager: Mounting plugin AndroidMoviePlayer
LogPluginManager: Mounting plugin AndroidPermission
LogPluginManager: Mounting plugin AppleImageUtils
LogPluginManager: Mounting plugin AudioSynesthesia
LogPluginManager: Mounting plugin CableComponent
LogPluginManager: Mounting plugin AssetTags
LogPluginManager: Mounting plugin AppleMoviePlayer
LogPluginManager: Mounting plugin ArchVisCharacter
LogPluginManager: Mounting plugin AudioCapture
LogPluginManager: Mounting plugin CustomMeshComponent
LogPluginManager: Mounting plugin EditableMesh
LogPluginManager: Mounting plugin AndroidDeviceProfileSelector
LogPluginManager: Mounting plugin Takes
LogPluginManager: Mounting plugin ChunkDownloader
LogPluginManager: Mounting plugin LinuxDeviceProfileSelector
LogPluginManager: Mounting plugin ExampleDeviceProfileSelector
LogPluginManager: Mounting plugin GoogleCloudMessaging
LogPluginManager: Mounting plugin IOSDeviceProfileSelector
LogPluginManager: Mounting plugin MobilePatchingUtils
LogPluginManager: Mounting plugin LocationServicesBPLibrary
LogPluginManager: Mounting plugin OpenXRHandTracking
LogPluginManager: Mounting plugin PropertyAccessEditor
LogPluginManager: Mounting plugin SignificanceManager
LogPluginManager: Mounting plugin PhysXVehicles
LogPluginManager: Mounting plugin Synthesis
LogPluginManager: Mounting plugin RuntimePhysXCooking
LogPluginManager: Mounting plugin PostSplashScreen
LogPluginManager: Mounting plugin ProceduralMeshComponent
LogPluginManager: Mounting plugin SoundFields
LogPluginManager: Mounting plugin OpenXREyeTracker
LogPluginManager: Mounting plugin OpenXR
LogPluginManager: Mounting plugin WebMMoviePlayer
LogPluginManager: Mounting plugin WindowsMoviePlayer
LogPluginManager: Mounting plugin GooglePAD
LogPluginManager: Mounting plugin OnlineSubsystemGooglePlay
LogPluginManager: Mounting plugin OnlineSubsystemIOS
LogPluginManager: Mounting plugin ContentBrowserAssetDataSource
LogPluginManager: Mounting plugin ContentBrowserClassDataSource
LogPluginManager: Mounting plugin ContentBrowserFileDataSource
LogPluginManager: Mounting plugin SteamVR
LogPluginManager: Mounting plugin OculusVR
PixWinPlugin: PIX capture plugin failed to initialize! Check that the process is launched from PIX.
LogInit: Using libcurl 7.55.1-DEV
LogInit:  - built for x86_64-pc-win32
LogInit:  - supports SSL with OpenSSL/1.1.1
LogInit:  - supports HTTP deflate (compression) using libz 1.2.8
LogInit:  - other features:
LogInit:      CURL_VERSION_SSL
LogInit:      CURL_VERSION_LIBZ
LogInit:      CURL_VERSION_IPV6
LogInit:      CURL_VERSION_ASYNCHDNS
LogInit:      CURL_VERSION_LARGEFILE
LogInit:      CURL_VERSION_IDN
LogInit:  CurlRequestOptions (configurable via config and command line):
LogInit:  - bVerifyPeer = true  - Libcurl will verify peer certificate
LogInit:  - bUseHttpProxy = false  - Libcurl will NOT use HTTP proxy
LogInit:  - bDontReuseConnections = false  - Libcurl will reuse connections
LogInit:  - MaxHostConnections = 16  - Libcurl will limit the number of connections to a host
LogInit:  - LocalHostAddr = Default
LogInit:  - BufferSize = 65536
LogOnline: OSS: Creating online subsystem instance for: NULL
LogInit: WinSock: version 1.1 (2.2), MaxSocks=32767, MaxUdp=65467
LogOnline: OSS: TryLoadSubsystemAndSetDefault: Loaded subsystem for module [NULL]
LogOculusPluginWrapper: OculusPlugin initialized successfully
LogHMD: Failed initializing OVRPlugin 1.59.0
LogInit: Build: ++UE4+Release-4.27-CL-18319896
LogInit: Engine Version: 4.27.2-18319896+++UE4+Release-4.27
LogInit: Compatible Engine Version: 4.27.0-17155196+++UE4+Release-4.27
LogInit: Net CL: 17155196
LogInit: OS: Windows 10 (Release 2009) (), CPU: Intel(R) Core(TM) i9-14900F, GPU: NVIDIA GeForce RTX 4080 SUPER
LogInit: Compiled (64-bit): Nov 30 2021 07:12:08
LogInit: Compiled with Visual C++: 19.24.28315.00
LogInit: Build Configuration: Development
LogInit: Branch Name: ++UE4+Release-4.27
LogInit: Command Line:  -AUTH_LOGIN=unused -AUTH_PASSWORD=42fa30cc2cde4e6f83f5c2621560ba1b -AUTH_TYPE=exchangecode -epicapp=UE_4.27 -epicenv=Prod -EpicPortal -epicusername="edko gaming" -epicuserid=4f6c2e5fb35d4132ac4c07cb3dc93df3 -epiclocale=en -epicsandboxid=ue
LogInit: Base Directory: C:/Program Files/Epic Games/UE_4.27/Engine/Binaries/Win64/
LogInit: Allocator: TBB
LogInit: Installed Engine Build: 1
LogDevObjectVersion: Number of dev versions registered: 29
LogDevObjectVersion:   Dev-Blueprints (B0D832E4-1F89-4F0D-ACCF-7EB736FD4AA2): 10
LogDevObjectVersion:   Dev-Build (E1C64328-A22C-4D53-A36C-8E866417BD8C): 0
LogDevObjectVersion:   Dev-Core (375EC13C-06E4-48FB-B500-84F0262A717E): 4
LogDevObjectVersion:   Dev-Editor (E4B068ED-F494-42E9-A231-DA0B2E46BB41): 40
LogDevObjectVersion:   Dev-Framework (CFFC743F-43B0-4480-9391-14DF171D2073): 37
LogDevObjectVersion:   Dev-Mobile (B02B49B5-BB20-44E9-A304-32B752E40360): 3
LogDevObjectVersion:   Dev-Networking (A4E4105C-59A1-49B5-A7C5-40C4547EDFEE): 0
LogDevObjectVersion:   Dev-Online (39C831C9-5AE6-47DC-9A44-9C173E1C8E7C): 0
LogDevObjectVersion:   Dev-Physics (78F01B33-EBEA-4F98-B9B4-84EACCB95AA2): 14
LogDevObjectVersion:   Dev-Platform (6631380F-2D4D-43E0-8009-CF276956A95A): 0
LogDevObjectVersion:   Dev-Rendering (12F88B9F-8875-4AFC-A67C-D90C383ABD29): 45
LogDevObjectVersion:   Dev-Sequencer (7B5AE74C-D270-4C10-A958-57980B212A5A): 13
LogDevObjectVersion:   Dev-VR (D7296918-1DD6-4BDD-9DE2-64A83CC13884): 3
LogDevObjectVersion:   Dev-LoadTimes (C2A15278-BFE7-4AFE-6C17-90FF531DF755): 1
LogDevObjectVersion:   Private-Geometry (6EACA3D4-40EC-4CC1-B786-8BED09428FC5): 3
LogDevObjectVersion:   Dev-AnimPhys (29E575DD-E0A3-4627-9D10-D276232CDCEA): 17
LogDevObjectVersion:   Dev-Anim (AF43A65D-7FD3-4947-9873-3E8ED9C1BB05): 15
LogDevObjectVersion:   Dev-ReflectionCapture (6B266CEC-1EC7-4B8F-A30B-E4D90942FC07): 1
LogDevObjectVersion:   Dev-Automation (0DF73D61-A23F-47EA-B727-89E90C41499A): 1
LogDevObjectVersion:   FortniteMain (601D1886-AC64-4F84-AA16-D3DE0DEAC7D6): 47
LogDevObjectVersion:   FortniteRelease (E7086368-6B23-4C58-8439-1B7016265E91): 1
LogDevObjectVersion:   Dev-Enterprise (9DFFBCD6-494F-0158-E221-12823C92A888): 10
LogDevObjectVersion:   Dev-Niagara (F2AED0AC-9AFE-416F-8664-AA7FFA26D6FC): 1
LogDevObjectVersion:   Dev-Destruction (174F1F0B-B4C6-45A5-B13F-2EE8D0FB917D): 10
LogDevObjectVersion:   Dev-Physics-Ext (35F94A83-E258-406C-A318-09F59610247C): 41
LogDevObjectVersion:   Dev-PhysicsMaterial-Chaos (B68FC16E-8B1B-42E2-B453-215C058844FE): 1
LogDevObjectVersion:   Dev-CineCamera (B2E18506-4273-CFC2-A54E-F4BB758BBA07): 1
LogDevObjectVersion:   Dev-VirtualProduction (64F58936-FD1B-42BA-BA96-7289D5D0FA4E): 1
LogDevObjectVersion:   Dev-MediaFramework (6F0ED827-A609-4895-9C91-998D90180EA4): 2
LogInit: Presizing for max 25165824 objects, including 0 objects not considered by GC, pre-allocating 0 bytes for permanent pool.
LogConfig: Applying CVar settings from Section [/Script/Engine.StreamingSettings] File [C:/Users/edgos/Documents/GitHub/Jelly-Hunt/JellyHunt/Saved/Config/Windows/Engine.ini]
LogConfig: Setting CVar [[s.MinBulkDataSizeForAsyncLoading:131072]]
LogConfig: Setting CVar [[s.AsyncLoadingThreadEnabled:0]]
LogConfig: Setting CVar [[s.EventDrivenLoaderEnabled:1]]
LogConfig: Setting CVar [[s.WarnIfTimeLimitExceeded:0]]
LogConfig: Setting CVar [[s.TimeLimitExceededMultiplier:1.5]]
LogConfig: Setting CVar [[s.TimeLimitExceededMinTime:0.005]]
LogConfig: Setting CVar [[s.UseBackgroundLevelStreaming:1]]
LogConfig: Setting CVar [[s.PriorityAsyncLoadingExtraTime:15.0]]
LogConfig: Setting CVar [[s.LevelStreamingActorsUpdateTimeLimit:5.0]]
LogConfig: Setting CVar [[s.PriorityLevelStreamingActorsUpdateExtraTime:5.0]]
LogConfig: Setting CVar [[s.LevelStreamingComponentsRegistrationGranularity:10]]
LogConfig: Setting CVar [[s.UnregisterComponentsTimeLimit:1.0]]
LogConfig: Setting CVar [[s.LevelStreamingComponentsUnregistrationGranularity:5]]
LogConfig: Setting CVar [[s.FlushStreamingOnExit:1]]
LogInit: Object subsystem initialized
LogConfig: Setting CVar [[con.DebugEarlyDefault:1]]
LogConfig: Setting CVar [[r.setres:1280x720]]
[2024.04.24-11.30.11:409][  0]LogConfig: Setting CVar [[r.VSync:0]]
[2024.04.24-11.30.11:409][  0]LogConfig: Setting CVar [[r.RHICmdBypass:0]]
[2024.04.24-11.30.11:409][  0]LogConfig: Applying CVar settings from Section [/Script/Engine.RendererSettings] File [C:/Users/edgos/Documents/GitHub/Jelly-Hunt/JellyHunt/Saved/Config/Windows/Engine.ini]
[2024.04.24-11.30.11:409][  0]LogConfig: Setting CVar [[r.GPUCrashDebugging:0]]
[2024.04.24-11.30.11:409][  0]LogConfig: Applying CVar settings from Section [/Script/Engine.RendererOverrideSettings] File [C:/Users/edgos/Documents/GitHub/Jelly-Hunt/JellyHunt/Saved/Config/Windows/Engine.ini]
[2024.04.24-11.30.11:409][  0]LogConfig: Applying CVar settings from Section [/Script/Engine.StreamingSettings] File [C:/Users/edgos/Documents/GitHub/Jelly-Hunt/JellyHunt/Saved/Config/Windows/Engine.ini]
[2024.04.24-11.30.11:409][  0]LogConfig: Setting CVar [[s.MinBulkDataSizeForAsyncLoading:131072]]
[2024.04.24-11.30.11:409][  0]LogConfig: Setting CVar [[s.AsyncLoadingThreadEnabled:0]]
[2024.04.24-11.30.11:409][  0]LogConfig: Setting CVar [[s.EventDrivenLoaderEnabled:1]]
[2024.04.24-11.30.11:409][  0]LogConfig: Setting CVar [[s.WarnIfTimeLimitExceeded:0]]
[2024.04.24-11.30.11:409][  0]LogConfig: Setting CVar [[s.TimeLimitExceededMultiplier:1.5]]
[2024.04.24-11.30.11:409][  0]LogConfig: Setting CVar [[s.TimeLimitExceededMinTime:0.005]]
[2024.04.24-11.30.11:409][  0]LogConfig: Setting CVar [[s.UseBackgroundLevelStreaming:1]]
[2024.04.24-11.30.11:409][  0]LogConfig: Setting CVar [[s.PriorityAsyncLoadingExtraTime:15.0]]
[2024.04.24-11.30.11:409][  0]LogConfig: Setting CVar [[s.LevelStreamingActorsUpdateTimeLimit:5.0]]
[2024.04.24-11.30.11:409][  0]LogConfig: Setting CVar [[s.PriorityLevelStreamingActorsUpdateExtraTime:5.0]]
[2024.04.24-11.30.11:409][  0]LogConfig: Setting CVar [[s.LevelStreamingComponentsRegistrationGranularity:10]]
[2024.04.24-11.30.11:410][  0]LogConfig: Setting CVar [[s.UnregisterComponentsTimeLimit:1.0]]
[2024.04.24-11.30.11:410][  0]LogConfig: Setting CVar [[s.LevelStreamingComponentsUnregistrationGranularity:5]]
[2024.04.24-11.30.11:410][  0]LogConfig: Setting CVar [[s.FlushStreamingOnExit:1]]
[2024.04.24-11.30.11:410][  0]LogConfig: Applying CVar settings from Section [/Script/Engine.GarbageCollectionSettings] File [C:/Users/edgos/Documents/GitHub/Jelly-Hunt/JellyHunt/Saved/Config/Windows/Engine.ini]
[2024.04.24-11.30.11:410][  0]LogConfig: Setting CVar [[gc.MaxObjectsNotConsideredByGC:1]]
[2024.04.24-11.30.11:410][  0]LogConfig: Setting CVar [[gc.SizeOfPermanentObjectPool:0]]
[2024.04.24-11.30.11:410][  0]LogConfig: Setting CVar [[gc.FlushStreamingOnGC:0]]
[2024.04.24-11.30.11:410][  0]LogConfig: Setting CVar [[gc.NumRetriesBeforeForcingGC:10]]
[2024.04.24-11.30.11:410][  0]LogConfig: Setting CVar [[gc.AllowParallelGC:1]]
[2024.04.24-11.30.11:410][  0]LogConfig: Setting CVar [[gc.TimeBetweenPurgingPendingKillObjects:61.1]]
[2024.04.24-11.30.11:410][  0]LogConfig: Setting CVar [[gc.MaxObjectsInEditor:25165824]]
[2024.04.24-11.30.11:410][  0]LogConfig: Setting CVar [[gc.IncrementalBeginDestroyEnabled:1]]
[2024.04.24-11.30.11:410][  0]LogConfig: Setting CVar [[gc.CreateGCClusters:1]]
[2024.04.24-11.30.11:410][  0]LogConfig: Setting CVar [[gc.MinGCClusterSize:5]]
[2024.04.24-11.30.11:410][  0]LogConfig: Setting CVar [[gc.ActorClusteringEnabled:0]]
[2024.04.24-11.30.11:410][  0]LogConfig: Setting CVar [[gc.BlueprintClusteringEnabled:0]]
[2024.04.24-11.30.11:410][  0]LogConfig: Setting CVar [[gc.UseDisregardForGCOnDedicatedServers:0]]
[2024.04.24-11.30.11:410][  0]LogConfig: Setting CVar [[gc.MultithreadedDestructionEnabled:1]]
[2024.04.24-11.30.11:410][  0]LogConfig: Applying CVar settings from Section [/Script/Engine.NetworkSettings] File [C:/Users/edgos/Documents/GitHub/Jelly-Hunt/JellyHunt/Saved/Config/Windows/Engine.ini]
[2024.04.24-11.30.11:410][  0]LogConfig: Applying CVar settings from Section [/Script/UnrealEd.CookerSettings] File [C:/Users/edgos/Documents/GitHub/Jelly-Hunt/JellyHunt/Saved/Config/Windows/Engine.ini]
[2024.04.24-11.30.11:436][  0]LogConfig: Applying CVar settings from Section [ViewDistanceQuality@3] File [C:/Users/edgos/Documents/GitHub/Jelly-Hunt/JellyHunt/Saved/Config/Windows/Scalability.ini]
[2024.04.24-11.30.11:436][  0]LogConfig: Setting CVar [[r.SkeletalMeshLODBias:0]]
[2024.04.24-11.30.11:436][  0]LogConfig: Setting CVar [[r.ViewDistanceScale:1.0]]
[2024.04.24-11.30.11:436][  0]LogConfig: Applying CVar settings from Section [AntiAliasingQuality@3] File [C:/Users/edgos/Documents/GitHub/Jelly-Hunt/JellyHunt/Saved/Config/Windows/Scalability.ini]
[2024.04.24-11.30.11:436][  0]LogConfig: Setting CVar [[r.PostProcessAAQuality:4]]
[2024.04.24-11.30.11:436][  0]LogConfig: Applying CVar settings from Section [ShadowQuality@3] File [C:/Users/edgos/Documents/GitHub/Jelly-Hunt/JellyHunt/Saved/Config/Windows/Scalability.ini]
[2024.04.24-11.30.11:436][  0]LogConfig: Setting CVar [[r.LightFunctionQuality:1]]
[2024.04.24-11.30.11:436][  0]LogConfig: Setting CVar [[r.ShadowQuality:5]]
[2024.04.24-11.30.11:436][  0]LogConfig: Setting CVar [[r.Shadow.CSM.MaxCascades:10]]
[2024.04.24-11.30.11:436][  0]LogConfig: Setting CVar [[r.Shadow.MaxResolution:2048]]
[2024.04.24-11.30.11:436][  0]LogConfig: Setting CVar [[r.Shadow.MaxCSMResolution:2048]]
[2024.04.24-11.30.11:436][  0]LogConfig: Setting CVar [[r.Shadow.RadiusThreshold:0.01]]
[2024.04.24-11.30.11:436][  0]LogConfig: Setting CVar [[r.Shadow.DistanceScale:1.0]]
[2024.04.24-11.30.11:436][  0]LogConfig: Setting CVar [[r.Shadow.CSM.TransitionScale:1.0]]
[2024.04.24-11.30.11:436][  0]LogConfig: Setting CVar [[r.Shadow.PreShadowResolutionFactor:1.0]]
[2024.04.24-11.30.11:436][  0]LogConfig: Setting CVar [[r.DistanceFieldShadowing:1]]
[2024.04.24-11.30.11:436][  0]LogConfig: Setting CVar [[r.DistanceFieldAO:1]]
[2024.04.24-11.30.11:436][  0]LogConfig: Setting CVar [[r.AOQuality:2]]
[2024.04.24-11.30.11:436][  0]LogConfig: Setting CVar [[r.VolumetricFog:1]]
[2024.04.24-11.30.11:436][  0]LogConfig: Setting CVar [[r.VolumetricFog.GridPixelSize:8]]
[2024.04.24-11.30.11:436][  0]LogConfig: Setting CVar [[r.VolumetricFog.GridSizeZ:128]]
[2024.04.24-11.30.11:436][  0]LogConfig: Setting CVar [[r.VolumetricFog.HistoryMissSupersampleCount:4]]
[2024.04.24-11.30.11:436][  0]LogConfig: Setting CVar [[r.LightMaxDrawDistanceScale:1]]
[2024.04.24-11.30.11:436][  0]LogConfig: Setting CVar [[r.CapsuleShadows:1]]
[2024.04.24-11.30.11:436][  0]LogConfig: Applying CVar settings from Section [PostProcessQuality@3] File [C:/Users/edgos/Documents/GitHub/Jelly-Hunt/JellyHunt/Saved/Config/Windows/Scalability.ini]
[2024.04.24-11.30.11:436][  0]LogConfig: Setting CVar [[r.MotionBlurQuality:4]]
[2024.04.24-11.30.11:436][  0]LogConfig: Setting CVar [[r.AmbientOcclusionMipLevelFactor:0.4]]
[2024.04.24-11.30.11:436][  0]LogConfig: Setting CVar [[r.AmbientOcclusionMaxQuality:100]]
[2024.04.24-11.30.11:436][  0]LogConfig: Setting CVar [[r.AmbientOcclusionLevels:-1]]
[2024.04.24-11.30.11:436][  0]LogConfig: Setting CVar [[r.AmbientOcclusionRadiusScale:1.0]]
[2024.04.24-11.30.11:436][  0]LogConfig: Setting CVar [[r.DepthOfFieldQuality:2]]
[2024.04.24-11.30.11:436][  0]LogConfig: Setting CVar [[r.RenderTargetPoolMin:400]]
[2024.04.24-11.30.11:436][  0]LogConfig: Setting CVar [[r.LensFlareQuality:2]]
[2024.04.24-11.30.11:436][  0]LogConfig: Setting CVar [[r.SceneColorFringeQuality:1]]
[2024.04.24-11.30.11:436][  0]LogConfig: Setting CVar [[r.EyeAdaptationQuality:2]]
[2024.04.24-11.30.11:436][  0]LogConfig: Setting CVar [[r.BloomQuality:5]]
[2024.04.24-11.30.11:436][  0]LogConfig: Setting CVar [[r.FastBlurThreshold:100]]
[2024.04.24-11.30.11:436][  0]LogConfig: Setting CVar [[r.Upscale.Quality:3]]
[2024.04.24-11.30.11:436][  0]LogConfig: Setting CVar [[r.Tonemapper.GrainQuantization:1]]
[2024.04.24-11.30.11:436][  0]LogConfig: Setting CVar [[r.LightShaftQuality:1]]
[2024.04.24-11.30.11:436][  0]LogConfig: Setting CVar [[r.Filter.SizeScale:1]]
[2024.04.24-11.30.11:436][  0]LogConfig: Setting CVar [[r.Tonemapper.Quality:5]]
[2024.04.24-11.30.11:436][  0]LogConfig: Setting CVar [[r.DOF.Gather.AccumulatorQuality:1        ; higher gathering accumulator quality]]
[2024.04.24-11.30.11:436][  0]LogConfig: Setting CVar [[r.DOF.Gather.PostfilterMethod:1          ; Median3x3 postfilering method]]
[2024.04.24-11.30.11:436][  0]LogConfig: Setting CVar [[r.DOF.Gather.EnableBokehSettings:0       ; no bokeh simulation when gathering]]
[2024.04.24-11.30.11:436][  0]LogConfig: Setting CVar [[r.DOF.Gather.RingCount:4                 ; medium number of samples when gathering]]
[2024.04.24-11.30.11:436][  0]LogConfig: Setting CVar [[r.DOF.Scatter.ForegroundCompositing:1    ; additive foreground scattering]]
[2024.04.24-11.30.11:436][  0]LogConfig: Setting CVar [[r.DOF.Scatter.BackgroundCompositing:2    ; additive background scattering]]
[2024.04.24-11.30.11:436][  0]LogConfig: Setting CVar [[r.DOF.Scatter.EnableBokehSettings:1      ; bokeh simulation when scattering]]
[2024.04.24-11.30.11:436][  0]LogConfig: Setting CVar [[r.DOF.Scatter.MaxSpriteRatio:0.1         ; only a maximum of 10% of scattered bokeh]]
[2024.04.24-11.30.11:436][  0]LogConfig: Setting CVar [[r.DOF.Recombine.Quality:1                ; cheap slight out of focus]]
[2024.04.24-11.30.11:436][  0]LogConfig: Setting CVar [[r.DOF.Recombine.EnableBokehSettings:0    ; no bokeh simulation on slight out of focus]]
[2024.04.24-11.30.11:436][  0]LogConfig: Setting CVar [[r.DOF.TemporalAAQuality:1                ; more stable temporal accumulation]]
[2024.04.24-11.30.11:436][  0]LogConfig: Setting CVar [[r.DOF.Kernel.MaxForegroundRadius:0.025]]
[2024.04.24-11.30.11:436][  0]LogConfig: Setting CVar [[r.DOF.Kernel.MaxBackgroundRadius:0.025]]
[2024.04.24-11.30.11:436][  0]LogConfig: Applying CVar settings from Section [TextureQuality@3] File [C:/Users/edgos/Documents/GitHub/Jelly-Hunt/JellyHunt/Saved/Config/Windows/Scalability.ini]
[2024.04.24-11.30.11:436][  0]LogConfig: Setting CVar [[r.Streaming.MipBias:0]]
[2024.04.24-11.30.11:436][  0]LogConfig: Setting CVar [[r.Streaming.AmortizeCPUToGPUCopy:0]]
[2024.04.24-11.30.11:436][  0]LogConfig: Setting CVar [[r.Streaming.MaxNumTexturesToStreamPerFrame:0]]
[2024.04.24-11.30.11:436][  0]LogConfig: Setting CVar [[r.Streaming.Boost:1]]
[2024.04.24-11.30.11:436][  0]LogConfig: Setting CVar [[r.MaxAnisotropy:8]]
[2024.04.24-11.30.11:436][  0]LogConfig: Setting CVar [[r.VT.MaxAnisotropy:8]]
[2024.04.24-11.30.11:436][  0]LogConfig: Setting CVar [[r.Streaming.LimitPoolSizeToVRAM:0]]
[2024.04.24-11.30.11:436][  0]LogConfig: Setting CVar [[r.Streaming.PoolSize:1000]]
[2024.04.24-11.30.11:436][  0]LogConfig: Setting CVar [[r.Streaming.MaxEffectiveScreenSize:0]]
[2024.04.24-11.30.11:436][  0]LogConfig: Applying CVar settings from Section [EffectsQuality@3] File [C:/Users/edgos/Documents/GitHub/Jelly-Hunt/JellyHunt/Saved/Config/Windows/Scalability.ini]
[2024.04.24-11.30.11:436][  0]LogConfig: Setting CVar [[r.TranslucencyLightingVolumeDim:64]]
[2024.04.24-11.30.11:436][  0]LogConfig: Setting CVar [[r.RefractionQuality:2]]
[2024.04.24-11.30.11:436][  0]LogConfig: Setting CVar [[r.SSR.Quality:3]]
[2024.04.24-11.30.11:436][  0]LogConfig: Setting CVar [[r.SSR.HalfResSceneColor:0]]
[2024.04.24-11.30.11:436][  0]LogConfig: Setting CVar [[r.SceneColorFormat:4]]
[2024.04.24-11.30.11:436][  0]LogConfig: Setting CVar [[r.DetailMode:2]]
[2024.04.24-11.30.11:436][  0]LogConfig: Setting CVar [[r.TranslucencyVolumeBlur:1]]
[2024.04.24-11.30.11:436][  0]LogConfig: Setting CVar [[r.MaterialQualityLevel:1 ; High quality]]
[2024.04.24-11.30.11:436][  0]LogConfig: Setting CVar [[r.AnisotropicMaterials:1]]
[2024.04.24-11.30.11:436][  0]LogConfig: Setting CVar [[r.SSS.Scale:1]]
[2024.04.24-11.30.11:436][  0]LogConfig: Setting CVar [[r.SSS.SampleSet:2]]
[2024.04.24-11.30.11:436][  0]LogConfig: Setting CVar [[r.SSS.Quality:1]]
[2024.04.24-11.30.11:436][  0]LogConfig: Setting CVar [[r.SSS.HalfRes:0]]
[2024.04.24-11.30.11:436][  0]LogConfig: Setting CVar [[r.SSGI.Quality:3]]
[2024.04.24-11.30.11:436][  0]LogConfig: Setting CVar [[r.EmitterSpawnRateScale:1.0]]
[2024.04.24-11.30.11:436][  0]LogConfig: Setting CVar [[r.ParticleLightQuality:2]]
[2024.04.24-11.30.11:436][  0]LogConfig: Setting CVar [[r.SkyAtmosphere.AerialPerspectiveLUT.FastApplyOnOpaque:1 ; Always have FastSkyLUT 1 in this case to avoid wrong sky]]
[2024.04.24-11.30.11:436][  0]LogConfig: Setting CVar [[r.SkyAtmosphere.AerialPerspectiveLUT.SampleCountMaxPerSlice:4]]
[2024.04.24-11.30.11:436][  0]LogConfig: Setting CVar [[r.SkyAtmosphere.AerialPerspectiveLUT.DepthResolution:16.0]]
[2024.04.24-11.30.11:436][  0]LogConfig: Setting CVar [[r.SkyAtmosphere.FastSkyLUT:1]]
[2024.04.24-11.30.11:436][  0]LogConfig: Setting CVar [[r.SkyAtmosphere.FastSkyLUT.SampleCountMin:4.0]]
[2024.04.24-11.30.11:436][  0]LogConfig: Setting CVar [[r.SkyAtmosphere.FastSkyLUT.SampleCountMax:128.0]]
[2024.04.24-11.30.11:436][  0]LogConfig: Setting CVar [[r.SkyAtmosphere.SampleCountMin:4.0]]
[2024.04.24-11.30.11:436][  0]LogConfig: Setting CVar [[r.SkyAtmosphere.SampleCountMax:128.0]]
[2024.04.24-11.30.11:436][  0]LogConfig: Setting CVar [[r.SkyAtmosphere.TransmittanceLUT.UseSmallFormat:0]]
[2024.04.24-11.30.11:436][  0]LogConfig: Setting CVar [[r.SkyAtmosphere.TransmittanceLUT.SampleCount:10.0]]
[2024.04.24-11.30.11:436][  0]LogConfig: Setting CVar [[r.SkyAtmosphere.MultiScatteringLUT.SampleCount:15.0]]
[2024.04.24-11.30.11:436][  0]LogConfig: Setting CVar [[r.SkyLight.RealTimeReflectionCapture:1]]
[2024.04.24-11.30.11:436][  0]LogConfig: Applying CVar settings from Section [FoliageQuality@3] File [C:/Users/edgos/Documents/GitHub/Jelly-Hunt/JellyHunt/Saved/Config/Windows/Scalability.ini]
[2024.04.24-11.30.11:436][  0]LogConfig: Setting CVar [[foliage.DensityScale:1.0]]
[2024.04.24-11.30.11:436][  0]LogConfig: Setting CVar [[grass.DensityScale:1.0]]
[2024.04.24-11.30.11:436][  0]LogConfig: Applying CVar settings from Section [ShadingQuality@3] File [C:/Users/edgos/Documents/GitHub/Jelly-Hunt/JellyHunt/Saved/Config/Windows/Scalability.ini]
[2024.04.24-11.30.11:436][  0]LogConfig: Setting CVar [[r.HairStrands.SkyLighting.IntegrationType:2]]
[2024.04.24-11.30.11:436][  0]LogConfig: Setting CVar [[r.HairStrands.SkyAO.SampleCount:4]]
[2024.04.24-11.30.11:436][  0]LogConfig: Setting CVar [[r.HairStrands.Visibility.MSAA.SamplePerPixel:4]]
[2024.04.24-11.30.11:436][  0]LogInit: Selected Device Profile: [Windows]
[2024.04.24-11.30.11:436][  0]LogInit: Applying CVar settings loaded from the selected device profile: [Windows]
[2024.04.24-11.30.11:436][  0]LogHAL: Display: Platform has ~ 64 GB [68423933952 / 68719476736 / 64], which maps to Largest [LargestMinGB=32, LargerMinGB=12, DefaultMinGB=8, SmallerMinGB=6, SmallestMinGB=0)
[2024.04.24-11.30.11:436][  0]LogInit: Going up to parent DeviceProfile []
[2024.04.24-11.30.11:436][  0]LogConfig: Applying CVar settings from Section [ViewDistanceQuality@3] File [C:/Users/edgos/Documents/GitHub/Jelly-Hunt/JellyHunt/Saved/Config/Windows/Scalability.ini]
[2024.04.24-11.30.11:436][  0]LogConfig: Setting CVar [[r.SkeletalMeshLODBias:0]]
[2024.04.24-11.30.11:436][  0]LogConfig: Setting CVar [[r.ViewDistanceScale:1.0]]
[2024.04.24-11.30.11:436][  0]LogConfig: Applying CVar settings from Section [AntiAliasingQuality@3] File [C:/Users/edgos/Documents/GitHub/Jelly-Hunt/JellyHunt/Saved/Config/Windows/Scalability.ini]
[2024.04.24-11.30.11:436][  0]LogConfig: Setting CVar [[r.PostProcessAAQuality:4]]
[2024.04.24-11.30.11:436][  0]LogConfig: Applying CVar settings from Section [ShadowQuality@3] File [C:/Users/edgos/Documents/GitHub/Jelly-Hunt/JellyHunt/Saved/Config/Windows/Scalability.ini]
[2024.04.24-11.30.11:436][  0]LogConfig: Setting CVar [[r.LightFunctionQuality:1]]
[2024.04.24-11.30.11:436][  0]LogConfig: Setting CVar [[r.ShadowQuality:5]]
[2024.04.24-11.30.11:436][  0]LogConfig: Setting CVar [[r.Shadow.CSM.MaxCascades:10]]
[2024.04.24-11.30.11:436][  0]LogConfig: Setting CVar [[r.Shadow.MaxResolution:2048]]
[2024.04.24-11.30.11:436][  0]LogConfig: Setting CVar [[r.Shadow.MaxCSMResolution:2048]]
[2024.04.24-11.30.11:436][  0]LogConfig: Setting CVar [[r.Shadow.RadiusThreshold:0.01]]
[2024.04.24-11.30.11:436][  0]LogConfig: Setting CVar [[r.Shadow.DistanceScale:1.0]]
[2024.04.24-11.30.11:436][  0]LogConfig: Setting CVar [[r.Shadow.CSM.TransitionScale:1.0]]
[2024.04.24-11.30.11:436][  0]LogConfig: Setting CVar [[r.Shadow.PreShadowResolutionFactor:1.0]]
[2024.04.24-11.30.11:436][  0]LogConfig: Setting CVar [[r.DistanceFieldShadowing:1]]
[2024.04.24-11.30.11:436][  0]LogConfig: Setting CVar [[r.DistanceFieldAO:1]]
[2024.04.24-11.30.11:436][  0]LogConfig: Setting CVar [[r.AOQuality:2]]
[2024.04.24-11.30.11:436][  0]LogConfig: Setting CVar [[r.VolumetricFog:1]]
[2024.04.24-11.30.11:436][  0]LogConfig: Setting CVar [[r.VolumetricFog.GridPixelSize:8]]
[2024.04.24-11.30.11:436][  0]LogConfig: Setting CVar [[r.VolumetricFog.GridSizeZ:128]]
[2024.04.24-11.30.11:436][  0]LogConfig: Setting CVar [[r.VolumetricFog.HistoryMissSupersampleCount:4]]
[2024.04.24-11.30.11:436][  0]LogConfig: Setting CVar [[r.LightMaxDrawDistanceScale:1]]
[2024.04.24-11.30.11:436][  0]LogConfig: Setting CVar [[r.CapsuleShadows:1]]
[2024.04.24-11.30.11:436][  0]LogConfig: Applying CVar settings from Section [PostProcessQuality@3] File [C:/Users/edgos/Documents/GitHub/Jelly-Hunt/JellyHunt/Saved/Config/Windows/Scalability.ini]
[2024.04.24-11.30.11:436][  0]LogConfig: Setting CVar [[r.MotionBlurQuality:4]]
[2024.04.24-11.30.11:437][  0]LogConfig: Setting CVar [[r.AmbientOcclusionMipLevelFactor:0.4]]
[2024.04.24-11.30.11:437][  0]LogConfig: Setting CVar [[r.AmbientOcclusionMaxQuality:100]]
[2024.04.24-11.30.11:437][  0]LogConfig: Setting CVar [[r.AmbientOcclusionLevels:-1]]
[2024.04.24-11.30.11:437][  0]LogConfig: Setting CVar [[r.AmbientOcclusionRadiusScale:1.0]]
[2024.04.24-11.30.11:437][  0]LogConfig: Setting CVar [[r.DepthOfFieldQuality:2]]
[2024.04.24-11.30.11:437][  0]LogConfig: Setting CVar [[r.RenderTargetPoolMin:400]]
[2024.04.24-11.30.11:437][  0]LogConfig: Setting CVar [[r.LensFlareQuality:2]]
[2024.04.24-11.30.11:437][  0]LogConfig: Setting CVar [[r.SceneColorFringeQuality:1]]
[2024.04.24-11.30.11:437][  0]LogConfig: Setting CVar [[r.EyeAdaptationQuality:2]]
[2024.04.24-11.30.11:437][  0]LogConfig: Setting CVar [[r.BloomQuality:5]]
[2024.04.24-11.30.11:437][  0]LogConfig: Setting CVar [[r.FastBlurThreshold:100]]
[2024.04.24-11.30.11:437][  0]LogConfig: Setting CVar [[r.Upscale.Quality:3]]
[2024.04.24-11.30.11:437][  0]LogConfig: Setting CVar [[r.Tonemapper.GrainQuantization:1]]
[2024.04.24-11.30.11:437][  0]LogConfig: Setting CVar [[r.LightShaftQuality:1]]
[2024.04.24-11.30.11:437][  0]LogConfig: Setting CVar [[r.Filter.SizeScale:1]]
[2024.04.24-11.30.11:437][  0]LogConfig: Setting CVar [[r.Tonemapper.Quality:5]]
[2024.04.24-11.30.11:437][  0]LogConfig: Setting CVar [[r.DOF.Gather.AccumulatorQuality:1        ; higher gathering accumulator quality]]
[2024.04.24-11.30.11:437][  0]LogConfig: Setting CVar [[r.DOF.Gather.PostfilterMethod:1          ; Median3x3 postfilering method]]
[2024.04.24-11.30.11:437][  0]LogConfig: Setting CVar [[r.DOF.Gather.EnableBokehSettings:0       ; no bokeh simulation when gathering]]
[2024.04.24-11.30.11:437][  0]LogConfig: Setting CVar [[r.DOF.Gather.RingCount:4                 ; medium number of samples when gathering]]
[2024.04.24-11.30.11:437][  0]LogConfig: Setting CVar [[r.DOF.Scatter.ForegroundCompositing:1    ; additive foreground scattering]]
[2024.04.24-11.30.11:437][  0]LogConfig: Setting CVar [[r.DOF.Scatter.BackgroundCompositing:2    ; additive background scattering]]
[2024.04.24-11.30.11:437][  0]LogConfig: Setting CVar [[r.DOF.Scatter.EnableBokehSettings:1      ; bokeh simulation when scattering]]
[2024.04.24-11.30.11:437][  0]LogConfig: Setting CVar [[r.DOF.Scatter.MaxSpriteRatio:0.1         ; only a maximum of 10% of scattered bokeh]]
[2024.04.24-11.30.11:437][  0]LogConfig: Setting CVar [[r.DOF.Recombine.Quality:1                ; cheap slight out of focus]]
[2024.04.24-11.30.11:437][  0]LogConfig: Setting CVar [[r.DOF.Recombine.EnableBokehSettings:0    ; no bokeh simulation on slight out of focus]]
[2024.04.24-11.30.11:437][  0]LogConfig: Setting CVar [[r.DOF.TemporalAAQuality:1                ; more stable temporal accumulation]]
[2024.04.24-11.30.11:437][  0]LogConfig: Setting CVar [[r.DOF.Kernel.MaxForegroundRadius:0.025]]
[2024.04.24-11.30.11:437][  0]LogConfig: Setting CVar [[r.DOF.Kernel.MaxBackgroundRadius:0.025]]
[2024.04.24-11.30.11:437][  0]LogConfig: Applying CVar settings from Section [TextureQuality@3] File [C:/Users/edgos/Documents/GitHub/Jelly-Hunt/JellyHunt/Saved/Config/Windows/Scalability.ini]
[2024.04.24-11.30.11:437][  0]LogConfig: Setting CVar [[r.Streaming.MipBias:0]]
[2024.04.24-11.30.11:437][  0]LogConfig: Setting CVar [[r.Streaming.AmortizeCPUToGPUCopy:0]]
[2024.04.24-11.30.11:437][  0]LogConfig: Setting CVar [[r.Streaming.MaxNumTexturesToStreamPerFrame:0]]
[2024.04.24-11.30.11:437][  0]LogConfig: Setting CVar [[r.Streaming.Boost:1]]
[2024.04.24-11.30.11:437][  0]LogConfig: Setting CVar [[r.MaxAnisotropy:8]]
[2024.04.24-11.30.11:437][  0]LogConfig: Setting CVar [[r.VT.MaxAnisotropy:8]]
[2024.04.24-11.30.11:437][  0]LogConfig: Setting CVar [[r.Streaming.LimitPoolSizeToVRAM:0]]
[2024.04.24-11.30.11:437][  0]LogConfig: Setting CVar [[r.Streaming.PoolSize:1000]]
[2024.04.24-11.30.11:437][  0]LogConfig: Setting CVar [[r.Streaming.MaxEffectiveScreenSize:0]]
[2024.04.24-11.30.11:437][  0]LogConfig: Applying CVar settings from Section [EffectsQuality@3] File [C:/Users/edgos/Documents/GitHub/Jelly-Hunt/JellyHunt/Saved/Config/Windows/Scalability.ini]
[2024.04.24-11.30.11:437][  0]LogConfig: Setting CVar [[r.TranslucencyLightingVolumeDim:64]]
[2024.04.24-11.30.11:437][  0]LogConfig: Setting CVar [[r.RefractionQuality:2]]
[2024.04.24-11.30.11:437][  0]LogConfig: Setting CVar [[r.SSR.Quality:3]]
[2024.04.24-11.30.11:437][  0]LogConfig: Setting CVar [[r.SSR.HalfResSceneColor:0]]
[2024.04.24-11.30.11:437][  0]LogConfig: Setting CVar [[r.SceneColorFormat:4]]
[2024.04.24-11.30.11:437][  0]LogConfig: Setting CVar [[r.DetailMode:2]]
[2024.04.24-11.30.11:437][  0]LogConfig: Setting CVar [[r.TranslucencyVolumeBlur:1]]
[2024.04.24-11.30.11:437][  0]LogConfig: Setting CVar [[r.MaterialQualityLevel:1 ; High quality]]
[2024.04.24-11.30.11:437][  0]LogConfig: Setting CVar [[r.AnisotropicMaterials:1]]
[2024.04.24-11.30.11:437][  0]LogConfig: Setting CVar [[r.SSS.Scale:1]]
[2024.04.24-11.30.11:437][  0]LogConfig: Setting CVar [[r.SSS.SampleSet:2]]
[2024.04.24-11.30.11:437][  0]LogConfig: Setting CVar [[r.SSS.Quality:1]]
[2024.04.24-11.30.11:437][  0]LogConfig: Setting CVar [[r.SSS.HalfRes:0]]
[2024.04.24-11.30.11:437][  0]LogConfig: Setting CVar [[r.SSGI.Quality:3]]
[2024.04.24-11.30.11:437][  0]LogConfig: Setting CVar [[r.EmitterSpawnRateScale:1.0]]
[2024.04.24-11.30.11:437][  0]LogConfig: Setting CVar [[r.ParticleLightQuality:2]]
[2024.04.24-11.30.11:437][  0]LogConfig: Setting CVar [[r.SkyAtmosphere.AerialPerspectiveLUT.FastApplyOnOpaque:1 ; Always have FastSkyLUT 1 in this case to avoid wrong sky]]
[2024.04.24-11.30.11:437][  0]LogConfig: Setting CVar [[r.SkyAtmosphere.AerialPerspectiveLUT.SampleCountMaxPerSlice:4]]
[2024.04.24-11.30.11:437][  0]LogConfig: Setting CVar [[r.SkyAtmosphere.AerialPerspectiveLUT.DepthResolution:16.0]]
[2024.04.24-11.30.11:437][  0]LogConfig: Setting CVar [[r.SkyAtmosphere.FastSkyLUT:1]]
[2024.04.24-11.30.11:437][  0]LogConfig: Setting CVar [[r.SkyAtmosphere.FastSkyLUT.SampleCountMin:4.0]]
[2024.04.24-11.30.11:437][  0]LogConfig: Setting CVar [[r.SkyAtmosphere.FastSkyLUT.SampleCountMax:128.0]]
[2024.04.24-11.30.11:437][  0]LogConfig: Setting CVar [[r.SkyAtmosphere.SampleCountMin:4.0]]
[2024.04.24-11.30.11:437][  0]LogConfig: Setting CVar [[r.SkyAtmosphere.SampleCountMax:128.0]]
[2024.04.24-11.30.11:437][  0]LogConfig: Setting CVar [[r.SkyAtmosphere.TransmittanceLUT.UseSmallFormat:0]]
[2024.04.24-11.30.11:437][  0]LogConfig: Setting CVar [[r.SkyAtmosphere.TransmittanceLUT.SampleCount:10.0]]
[2024.04.24-11.30.11:437][  0]LogConfig: Setting CVar [[r.SkyAtmosphere.MultiScatteringLUT.SampleCount:15.0]]
[2024.04.24-11.30.11:437][  0]LogConfig: Setting CVar [[r.SkyLight.RealTimeReflectionCapture:1]]
[2024.04.24-11.30.11:437][  0]LogConfig: Applying CVar settings from Section [FoliageQuality@3] File [C:/Users/edgos/Documents/GitHub/Jelly-Hunt/JellyHunt/Saved/Config/Windows/Scalability.ini]
[2024.04.24-11.30.11:437][  0]LogConfig: Setting CVar [[foliage.DensityScale:1.0]]
[2024.04.24-11.30.11:437][  0]LogConfig: Setting CVar [[grass.DensityScale:1.0]]
[2024.04.24-11.30.11:437][  0]LogConfig: Applying CVar settings from Section [ShadingQuality@3] File [C:/Users/edgos/Documents/GitHub/Jelly-Hunt/JellyHunt/Saved/Config/Windows/Scalability.ini]
[2024.04.24-11.30.11:437][  0]LogConfig: Setting CVar [[r.HairStrands.SkyLighting.IntegrationType:2]]
[2024.04.24-11.30.11:437][  0]LogConfig: Setting CVar [[r.HairStrands.SkyAO.SampleCount:4]]
[2024.04.24-11.30.11:437][  0]LogConfig: Setting CVar [[r.HairStrands.Visibility.MSAA.SamplePerPixel:4]]
[2024.04.24-11.30.11:437][  0]LogConfig: Applying CVar settings from Section [Startup] File [../../../Engine/Config/ConsoleVariables.ini]
[2024.04.24-11.30.11:437][  0]LogConfig: Setting CVar [[net.UseAdaptiveNetUpdateFrequency:0]]
[2024.04.24-11.30.11:437][  0]LogConfig: Setting CVar [[p.chaos.AllowCreatePhysxBodies:1]]
[2024.04.24-11.30.11:437][  0]LogConfig: Setting CVar [[fx.SkipVectorVMBackendOptimizations:1]]
[2024.04.24-11.30.11:437][  0]LogConfig: Applying CVar settings from Section [ConsoleVariables] File [C:/Users/edgos/Documents/GitHub/Jelly-Hunt/JellyHunt/Saved/Config/Windows/Engine.ini]
[2024.04.24-11.30.11:437][  0]LogConfig: Applying CVar settings from Section [ConsoleVariables] File [C:/Users/edgos/Documents/GitHub/Jelly-Hunt/JellyHunt/Saved/Config/Windows/Editor.ini]
[2024.04.24-11.30.11:437][  0]LogInit: Computer: LASTCHANCE
[2024.04.24-11.30.11:437][  0]LogInit: User: edgos
[2024.04.24-11.30.11:437][  0]LogInit: CPU Page size=4096, Cores=24
[2024.04.24-11.30.11:437][  0]LogInit: High frequency timer resolution =10.000000 MHz
[2024.04.24-11.30.11:437][  0]LogMemory: Memory total: Physical=63.7GB (64GB approx)
[2024.04.24-11.30.11:437][  0]LogMemory: Platform Memory Stats for Windows
[2024.04.24-11.30.11:437][  0]LogMemory: Process Physical Memory: 151.87 MB used, 151.87 MB peak
[2024.04.24-11.30.11:437][  0]LogMemory: Process Virtual Memory: 129.82 MB used, 129.82 MB peak
[2024.04.24-11.30.11:437][  0]LogMemory: Physical Memory: 16871.23 MB used,  48382.92 MB free, 65254.15 MB total
[2024.04.24-11.30.11:437][  0]LogMemory: Virtual Memory: 134168664.00 MB used,  49067.82 MB free, 134217728.00 MB total
[2024.04.24-11.30.11:440][  0]LogWindows: WindowsPlatformFeatures enabled
[2024.04.24-11.30.11:468][  0]LogInit: Physics initialised using underlying interface: PhysX
[2024.04.24-11.30.11:468][  0]LogInit: Using OS detected language (en-US).
[2024.04.24-11.30.11:468][  0]LogInit: Using OS detected locale (en-GB).
[2024.04.24-11.30.11:471][  0]LogTextLocalizationManager: No specific localization for 'en-US' exists, so the 'en' localization will be used.
[2024.04.24-11.30.11:570][  0]LogInit: Setting process to per monitor DPI aware
[2024.04.24-11.30.11:586][  0]LogWindowsTextInputMethodSystem: Display: IME system deactivated.
[2024.04.24-11.30.11:596][  0]LogSlate: New Slate User Created.  User Index 0, Is Virtual User: 0
[2024.04.24-11.30.11:596][  0]LogSlate: Slate User Registered.  User Index 0, Is Virtual User: 0
[2024.04.24-11.30.11:651][  0]LogD3D11RHI: Loaded GFSDK_Aftermath_Lib.x64.dll
[2024.04.24-11.30.11:654][  0]LogHMD: Failed to initialize OpenVR with code 110
[2024.04.24-11.30.11:654][  0]LogD3D11RHI: D3D11 min allowed feature level: 11_0
[2024.04.24-11.30.11:654][  0]LogD3D11RHI: D3D11 max allowed feature level: 11_0
[2024.04.24-11.30.11:654][  0]LogD3D11RHI: D3D11 adapters:
[2024.04.24-11.30.11:767][  0]LogD3D11RHI:    0. 'NVIDIA GeForce RTX 4080 SUPER' (Feature Level 11_0)
[2024.04.24-11.30.11:767][  0]LogD3D11RHI:       16047/0/32627 MB DedicatedVideo/DedicatedSystem/SharedSystem, Outputs:2, VendorId:0x10de
[2024.04.24-11.30.11:769][  0]LogD3D11RHI:    1. 'Microsoft Basic Render Driver' (Feature Level 11_0)
[2024.04.24-11.30.11:769][  0]LogD3D11RHI:       0/0/32627 MB DedicatedVideo/DedicatedSystem/SharedSystem, Outputs:0, VendorId:0x1414
[2024.04.24-11.30.11:769][  0]LogD3D11RHI: Chosen D3D11 Adapter:
[2024.04.24-11.30.11:769][  0]LogD3D11RHI:     Description : NVIDIA GeForce RTX 4080 SUPER
[2024.04.24-11.30.11:769][  0]LogD3D11RHI:     VendorId    : 10de
[2024.04.24-11.30.11:769][  0]LogD3D11RHI:     DeviceId    : 2702
[2024.04.24-11.30.11:769][  0]LogD3D11RHI:     SubSysId    : 511d1028
[2024.04.24-11.30.11:769][  0]LogD3D11RHI:     Revision    : 00a1
[2024.04.24-11.30.11:769][  0]LogD3D11RHI:     DedicatedVideoMemory : 16826499072 bytes
[2024.04.24-11.30.11:769][  0]LogD3D11RHI:     DedicatedSystemMemory : 0 bytes
[2024.04.24-11.30.11:769][  0]LogD3D11RHI:     SharedSystemMemory : 34211966976 bytes
[2024.04.24-11.30.11:769][  0]LogD3D11RHI:     AdapterLuid : 0 73323
[2024.04.24-11.30.11:776][  0]LogD3D11RHI: Creating new Direct3DDevice
[2024.04.24-11.30.11:776][  0]LogD3D11RHI:     GPU DeviceId: 0x2702 (for the marketing name, search the web for "GPU Device Id")
[2024.04.24-11.30.11:776][  0]LogWindows: EnumDisplayDevices:
[2024.04.24-11.30.11:776][  0]LogWindows:    0. 'NVIDIA GeForce RTX 4080 SUPER' (P:1 D:1)
[2024.04.24-11.30.11:777][  0]LogWindows:    1. 'NVIDIA GeForce RTX 4080 SUPER' (P:0 D:1)
[2024.04.24-11.30.11:777][  0]LogWindows:    2. 'NVIDIA GeForce RTX 4080 SUPER' (P:0 D:0)
[2024.04.24-11.30.11:777][  0]LogWindows:    3. 'NVIDIA GeForce RTX 4080 SUPER' (P:0 D:0)
[2024.04.24-11.30.11:777][  0]LogWindows: DebugString: FoundDriverCount:4 
[2024.04.24-11.30.11:777][  0]LogD3D11RHI:     Adapter Name: NVIDIA GeForce RTX 4080 SUPER
[2024.04.24-11.30.11:777][  0]LogD3D11RHI:   Driver Version: 552.22 (internal:31.0.15.5222, unified:552.22)
[2024.04.24-11.30.11:777][  0]LogD3D11RHI:      Driver Date: 4-11-2024
[2024.04.24-11.30.11:777][  0]LogRHI: Texture pool is 11232 MB (70% of 16047 MB)
[2024.04.24-11.30.11:777][  0]LogD3D11RHI: Creating D3DDevice using adapter:
[2024.04.24-11.30.11:777][  0]LogD3D11RHI:     Description : NVIDIA GeForce RTX 4080 SUPER
[2024.04.24-11.30.11:777][  0]LogD3D11RHI:     VendorId    : 10de
[2024.04.24-11.30.11:777][  0]LogD3D11RHI:     DeviceId    : 2702
[2024.04.24-11.30.11:777][  0]LogD3D11RHI:     SubSysId    : 511d1028
[2024.04.24-11.30.11:777][  0]LogD3D11RHI:     Revision    : 00a1
[2024.04.24-11.30.11:777][  0]LogD3D11RHI:     DedicatedVideoMemory : 16826499072 bytes
[2024.04.24-11.30.11:777][  0]LogD3D11RHI:     DedicatedSystemMemory : 0 bytes
[2024.04.24-11.30.11:777][  0]LogD3D11RHI:     SharedSystemMemory : 34211966976 bytes
[2024.04.24-11.30.11:777][  0]LogD3D11RHI:     AdapterLuid : 0 73323
[2024.04.24-11.30.11:825][  0]LogD3D11RHI: RHI has support for 64 bit atomics
[2024.04.24-11.30.11:826][  0]LogD3D11RHI: Async texture creation enabled
[2024.04.24-11.30.11:826][  0]LogD3D11RHI: Array index from any shader is supported
[2024.04.24-11.30.11:826][  0]LogD3D11RHI: HDR output is supported on display 0 (NvId: 0x80061082).
[2024.04.24-11.30.11:844][  0]LogD3D11RHI: GPU Timing Frequency: 1000.000000 (Debug: 2 2)
[2024.04.24-11.30.11:858][  0]LogRHI: GeForceNow SDK initialized: 1
[2024.04.24-11.30.12:017][  0]LogTargetPlatformManager: Display: Loaded TargetPlatform 'AllDesktop'
[2024.04.24-11.30.12:028][  0]LogTargetPlatformManager: Display: Loaded TargetPlatform 'Android'
[2024.04.24-11.30.12:028][  0]LogTargetPlatformManager: Display: Loaded TargetPlatform 'Android_ASTC'
[2024.04.24-11.30.12:028][  0]LogTargetPlatformManager: Display: Loaded TargetPlatform 'Android_DXT'
[2024.04.24-11.30.12:028][  0]LogTargetPlatformManager: Display: Loaded TargetPlatform 'Android_ETC2'
[2024.04.24-11.30.12:028][  0]LogTargetPlatformManager: Display: Loaded TargetPlatform 'AndroidClient'
[2024.04.24-11.30.12:028][  0]LogTargetPlatformManager: Display: Loaded TargetPlatform 'Android_ASTCClient'
[2024.04.24-11.30.12:028][  0]LogTargetPlatformManager: Display: Loaded TargetPlatform 'Android_DXTClient'
[2024.04.24-11.30.12:028][  0]LogTargetPlatformManager: Display: Loaded TargetPlatform 'Android_ETC2Client'
[2024.04.24-11.30.12:028][  0]LogTargetPlatformManager: Display: Loaded TargetPlatform 'Android_Multi'
[2024.04.24-11.30.12:028][  0]LogTargetPlatformManager: Display: Loaded TargetPlatform 'Android_MultiClient'
[2024.04.24-11.30.12:037][  0]LogTargetPlatformManager: Display: Loaded TargetPlatform 'IOSClient'
[2024.04.24-11.30.12:037][  0]LogTargetPlatformManager: Display: Loaded TargetPlatform 'IOS'
[2024.04.24-11.30.12:042][  0]LogTargetPlatformManager: Display: Loaded TargetPlatform 'Linux'
[2024.04.24-11.30.12:044][  0]LogTargetPlatformManager: Display: Loaded TargetPlatform 'LinuxNoEditor'
[2024.04.24-11.30.12:047][  0]LogTargetPlatformManager: Display: Loaded TargetPlatform 'LinuxClient'
[2024.04.24-11.30.12:049][  0]LogTargetPlatformManager: Display: Loaded TargetPlatform 'LinuxServer'
[2024.04.24-11.30.12:054][  0]LogTargetPlatformManager: Display: Loaded TargetPlatform 'LinuxAArch64NoEditor'
[2024.04.24-11.30.12:056][  0]LogTargetPlatformManager: Display: Loaded TargetPlatform 'LinuxAArch64Client'
[2024.04.24-11.30.12:058][  0]LogTargetPlatformManager: Display: Loaded TargetPlatform 'LinuxAArch64Server'
[2024.04.24-11.30.12:070][  0]LogTargetPlatformManager: Display: Loaded TargetPlatform 'Lumin'
[2024.04.24-11.30.12:070][  0]LogTargetPlatformManager: Display: Loaded TargetPlatform 'LuminClient'
[2024.04.24-11.30.12:074][  0]LogTargetPlatformManager: Display: Loaded TargetPlatform 'MacNoEditor'
[2024.04.24-11.30.12:076][  0]LogTargetPlatformManager: Display: Loaded TargetPlatform 'Mac'
[2024.04.24-11.30.12:078][  0]LogTargetPlatformManager: Display: Loaded TargetPlatform 'MacClient'
[2024.04.24-11.30.12:081][  0]LogTargetPlatformManager: Display: Loaded TargetPlatform 'MacServer'
[2024.04.24-11.30.12:086][  0]LogTargetPlatformManager: Display: Loaded TargetPlatform 'TVOSClient'
[2024.04.24-11.30.12:086][  0]LogTargetPlatformManager: Display: Loaded TargetPlatform 'TVOS'
[2024.04.24-11.30.12:090][  0]LogTargetPlatformManager: Display: Loaded TargetPlatform 'WindowsNoEditor'
[2024.04.24-11.30.12:093][  0]LogTargetPlatformManager: Display: Loaded TargetPlatform 'Windows'
[2024.04.24-11.30.12:095][  0]LogTargetPlatformManager: Display: Loaded TargetPlatform 'WindowsClient'
[2024.04.24-11.30.12:098][  0]LogTargetPlatformManager: Display: Loaded TargetPlatform 'WindowsServer'
[2024.04.24-11.30.12:098][  0]LogTargetPlatformManager: Display: Building Assets For Windows
[2024.04.24-11.30.12:102][  0]LogAudioDebug: Display: Lib vorbis DLL was dynamically loaded.
[2024.04.24-11.30.12:119][  0]LogTextureFormatOodle: Display: Oodle Texture 2.9.0 init RDO Off
[2024.04.24-11.30.12:138][  0]LogRendererCore: Ray tracing is disabled. Reason: r.RayTracing=0.
[2024.04.24-11.30.12:138][  0]LogShaderCompilers: Guid format shader working directory is -22 characters bigger than the processId version (../../../../../../Users/edgos/Documents/GitHub/Jelly-Hunt/JellyHunt/Intermediate/Shaders/WorkingDirectory/23460/).
[2024.04.24-11.30.12:138][  0]LogShaderCompilers: Cleaned the shader compiler working directory 'C:/Users/edgos/AppData/Local/Temp/UnrealShaderWorkingDir/24349EF949BA7590CA946C8CFC49BC04/'.
[2024.04.24-11.30.12:138][  0]LogXGEController: Cannot use XGE Controller as Incredibuild is not installed on this machine.
[2024.04.24-11.30.12:138][  0]LogShaderCompilers: Cannot use XGE Shader Compiler as Incredibuild is not installed on this machine.
[2024.04.24-11.30.12:138][  0]LogShaderCompilers: Display: Using Local Shader Compiler.
[2024.04.24-11.30.12:553][  0]LogDerivedDataCache: Display: Max Cache Size: 512 MB
[2024.04.24-11.30.12:591][  0]LogDerivedDataCache: Loaded boot cache 0.04s 94MB C:/Users/edgos/AppData/Local/UnrealEngine/4.27/DerivedDataCache/Boot.ddc.
[2024.04.24-11.30.12:591][  0]LogDerivedDataCache: Display: Loaded Boot cache: C:/Users/edgos/AppData/Local/UnrealEngine/4.27/DerivedDataCache/Boot.ddc
[2024.04.24-11.30.12:591][  0]LogDerivedDataCache: FDerivedDataBackendGraph:  Pak pak cache file ../../../../../../Users/edgos/Documents/GitHub/Jelly-Hunt/JellyHunt/DerivedDataCache/DDC.ddp not found, will not use a pak cache.
[2024.04.24-11.30.12:591][  0]LogDerivedDataCache: Unable to find inner node Pak for hierarchical cache Hierarchy.
[2024.04.24-11.30.12:591][  0]LogDerivedDataCache: FDerivedDataBackendGraph:  CompressedPak pak cache file ../../../../../../Users/edgos/Documents/GitHub/Jelly-Hunt/JellyHunt/DerivedDataCache/Compressed.ddp not found, will not use a pak cache.
[2024.04.24-11.30.12:591][  0]LogDerivedDataCache: Unable to find inner node CompressedPak for hierarchical cache Hierarchy.
[2024.04.24-11.30.12:601][  0]LogDerivedDataCache: Display: Pak cache opened for reading ../../../Engine/DerivedDataCache/Compressed.ddp.
[2024.04.24-11.30.12:601][  0]LogDerivedDataCache: FDerivedDataBackendGraph:  EnterprisePak pak cache file ../../../Enterprise/DerivedDataCache/Compressed.ddp not found, will not use a pak cache.
[2024.04.24-11.30.12:601][  0]LogDerivedDataCache: Unable to find inner node EnterprisePak for hierarchical cache Hierarchy.
[2024.04.24-11.30.12:605][  0]LogDerivedDataCache: Speed tests for C:/Users/edgos/AppData/Local/UnrealEngine/Common/DerivedDataCache took 0.00 seconds
[2024.04.24-11.30.12:605][  0]LogDerivedDataCache: Display: Performance to C:/Users/edgos/AppData/Local/UnrealEngine/Common/DerivedDataCache: Latency=0.01ms. RandomReadSpeed=3215.80MBs, RandomWriteSpeed=267.95MBs. Assigned SpeedClass 'Local'
[2024.04.24-11.30.12:607][  0]LogDerivedDataCache: Using Local data cache path C:/Users/edgos/AppData/Local/UnrealEngine/Common/DerivedDataCache: Writable
[2024.04.24-11.30.12:607][  0]LogDerivedDataCache: Shared data cache path not found in *engine.ini, will not use an Shared cache.
[2024.04.24-11.30.12:607][  0]LogDerivedDataCache: Unable to find inner node Shared for hierarchical cache Hierarchy.
[2024.04.24-11.30.12:630][  0]LogSlate: Using FreeType 2.10.0
[2024.04.24-11.30.12:630][  0]LogSlate: SlateFontServices - WITH_FREETYPE: 1, WITH_HARFBUZZ: 1
[2024.04.24-11.30.12:644][  0]LogAssetRegistry: FAssetRegistry took 0.0016 seconds to start up
[2024.04.24-11.30.12:758][  0]LogInit: Selected Device Profile: [Windows]
[2024.04.24-11.30.12:758][  0]LogInit: Active device profile: [0000028C91FE8B00][0000028C8AB32100 49] Windows
[2024.04.24-11.30.12:758][  0]LogInit: Profiles: [0000028C91FE8B00][0000028C8AB32100 49] Windows, [0000028C91FAE100][0000028C90514280 49] WindowsNoEditor, [0000028C91FE9900][0000028C90518400 49] WindowsServer, [0000028C91FAEE00][0000028C9051C580 49] WindowsClient, [0000028C91FEBC00][0000028C90520700 49] IOS, [0000028C91FACF00][0000028C90510840 49] iPadAir, [0000028C91FEBE00][0000028C90524980 49] iPadAir2, [0000028C91F68E00][0000028C9052CBC0 49] IPadPro, [0000028C91F68F00][0000028C90528C00 49] iPadAir3, [0000028C91FAFB00][0000028C927F0D80 49] iPadAir4, [0000028C91F6B800][0000028C927F4F00 49] iPadMini2, [0000028C91FAEF00][0000028C927F9080 49] iPadMini3, [0000028C91F6BA00][0000028C927FD200 49] iPadMini4, [0000028C91FAF800][0000028C92801380 49] iPadMini5, [0000028C91FA0600][0000028C92809640 49] iPhone6, [0000028C91FA0700][0000028C92805680 49] iPodTouch6, [0000028C91FEA800][0000028C92811940 49] iPhone7, [0000028C91FEA600][0000028C9280D980 49] iPodTouch7, [0000028C91FA0100][0000028C92815B00 49] iPhone5S, [0000028C91F68700][0000028C92818100 49] iPhone6Plus, [0000028C91FA2500][0000028C9281C280 49] iPhone6S, [0000028C91F69300][0000028C92820400 49] iPhone6SPlus, [0000028C91FA3B00][0000028C92824580 49] iPhone7Plus, [0000028C91F6B700][0000028C92828700 49] iPhoneSE, [0000028C91FEAB00][0000028C9282C880 49] iPhone8, [0000028C91F68600][0000028C927EC9C0 49] iPhone8Plus, [0000028C91FEA100][0000028C92830B00 49] iPhoneX, [0000028C91F6A900][0000028C92834C40 49] iPhoneXS, [0000028C91FEB700][0000028C92838D80 49] iPhoneXSMax, [0000028C91F6AF00][0000028C92840F00 49] iPhoneXR, [0000028C91FEBB00][0000028C92845080 49] iPhone11, [0000028C91F69E00][0000028C92849200 49] iPhone11Pro, [0000028C91FE8700][0000028C9284D380 49] iPhone11ProMax, [0000028C91F6A000][0000028C92851500 49] iPhoneSE2, [0000028C91FEBA00][0000028C92855680 49] iPhone12Mini, [0000028C91F6A100][0000028C92859800 49] iPhone12, [0000028C91FE8600][0000028C9285D980 49] iPhone12Pro, [0000028C91F6B400][0000028C92861B00 49] iPhone12ProMax, [0000028C91FE8800][0000028C92864100 49] iPadPro105, [0000028C91F69900][0000028C92868280 49] iPadPro129, [0000028C91FEBF00][0000028C9286C400 49] iPadPro97, [0000028C91F6BC00][0000028C92870580 49] iPadPro2_129, [0000028C91FEB900][0000028C92874700 49] iPad5, [0000028C91F68300][0000028C92878880 49] iPad6, [0000028C91FE9B00][0000028C9287CA00 49] iPad7, [0000028C91F6B600][0000028C9283CB40 49] iPad8, [0000028C91FE9600][0000028C92880C80 49] iPadPro11, [0000028C91F6AD00][0000028C92884DC0 49] iPadPro2_11, [0000028C91FE9A00][0000028C92888F00 49] iPadPro3_129, [0000028C91F6AE00][0000028C92891080 49] iPadPro4_129, [0000028C91FE8500][0000028C92895200 49] AppleTV, [0000028C91F6B000][0000028C92899380 49] AppleTV4K, [0000028C91FE9C00][0000028C9289D500 49] TVOS, [0000028C91F68800][0000028C928A1680 49] Mac, [0000028C91FEA500][0000028C928A5800 49] MacClient, [0000028C91F6AC00][0000028C928A9980 49] MacNoEditor, [0000028C91FEB500][0000028C928ADB00 49] MacServer, [0000028C91F68A00][0000028C928B0100 49] Linux, [0000028C91FE8400][0000028C928B4280 49] LinuxAArch64, [0000028C91F69A00][0000028C928B8400 49] LinuxNoEditor, [0000028C91FE9D00][0000028C928BC580 49] LinuxAArch64NoEditor, [0000028C91F6A700][0000028C928C0700 49] LinuxClient, [0000028C91FE9400][0000028C928C4880 49] LinuxAArch64Client, [0000028C91F6A800][0000028C928C8A00 49] LinuxServer, [0000028C91FEAF00][0000028C928CCB80 49] LinuxAArch64Server, [0000028C91F69700][0000028C928D0D00 49] Android, [0000028C91FEBD00][0000028C9288CE40 49] Android_Low, [0000028C91F68B00][0000028C928D4F80 49] Android_Mid, [0000028C91FEA200][0000028C928D90C0 49] Android_High, [0000028C91F68C00][0000028C928E1240 49] Android_Default, [0000028C91FE9300][0000028C928E53C0 49] Android_Adreno4xx, [0000028C91FAE300][0000028C928E9540 49] Android_Adreno5xx_Low, [0000028C91FA1C00][0000028C928ED6C0 49] Android_Adreno5xx, [0000028C91FAE600][0000028C928F1840 49] Android_Adreno6xx, [0000028C91FA2000][0000028C928F59C0 49] Android_Adreno6xx_Vulkan, [0000028C91FAC400][0000028C928F9B40 49] Android_Mali_T6xx, [0000028C91FA0F00][0000028C928FC140 49] Android_Mali_T7xx, [0000028C91FADC00][0000028C929002C0 49] Android_Mali_T8xx, [0000028C91FA1F00][0000028C92904440 49] Android_Mali_G71, [0000028C91FAE800][0000028C929085C0 49] Android_Mali_G72, [0000028C91FA3300][0000028C9290C740 49] Android_Mali_G72_Vulkan, [0000028C91FAFE00][0000028C929108C0 49] Android_Mali_G76, [0000028C91FA2200][0000028C92914A40 49] Android_Mali_G76_Vulkan, [0000028C91FADE00][0000028C92918BC0 49] Android_Mali_G77, [0000028C91FA0900][0000028C9291CD40 49] Android_Mali_G77_Vulkan, [0000028C91FAFF00][0000028C92920EC0 49] Android_Mali_G78, [0000028C91FA1300][0000028C928DD000 49] Android_Mali_G78_Vulkan, [0000028C91FAF400][0000028C92925140 49] Android_Mali_G710, [0000028C91FA3E00][0000028C92929280 49] Android_Mali_G710_Vulkan, [0000028C91FAC700][0000028C9292D3C0 49] Android_Vulkan_SM5, [0000028C91FA3F00][0000028C92935540 49] Android_PowerVR_G6xxx, [0000028C91FADF00][0000028C929396C0 49] Android_PowerVR_GT7xxx, [0000028C91FA2B00][0000028C9293D840 49] Android_PowerVR_GE8xxx, [0000028C91FAF700][0000028C929519C0 49] Android_PowerVR_GM9xxx, [0000028C91FA2800][0000028C92955B40 49] Android_PowerVR_GM9xxx_Vulkan, [0000028C91FAD500][0000028C92958140 49] Android_TegraK1, [0000028C91FA1700][0000028C9295C2C0 49] Android_Unknown_Vulkan, [0000028C91FAEC00][0000028C92960440 49] Lumin, [0000028C91FA3D00][0000028C929645C0 49] Lumin_Desktop, [0000028C91FACE00][0000028C92968740 49] HoloLens, 
[2024.04.24-11.30.12:825][  0]LogMeshReduction: Using QuadricMeshReduction for automatic static mesh reduction
[2024.04.24-11.30.12:825][  0]LogMeshReduction: Using SimplygonMeshReduction for automatic skeletal mesh reduction
[2024.04.24-11.30.12:825][  0]LogMeshReduction: Using ProxyLODMeshReduction for automatic mesh merging
[2024.04.24-11.30.12:825][  0]LogMeshReduction: No distributed automatic mesh merging module available
[2024.04.24-11.30.12:825][  0]LogMeshMerging: No distributed automatic mesh merging module available
[2024.04.24-11.30.12:842][  0]LogNetVersion: JellyHunt 1.0.0, NetCL: 17155196, EngineNetVer: 17, GameNetVer: 0 (Checksum: 2506878787)
[2024.04.24-11.30.13:037][  0]LogTexture: Default maximum texture size for cubemaps generated from long-lat sources has been changed from 512 to unlimited. In order to preserve old behaiour for '/Engine/MapTemplates/Sky/DaylightAmbientCubemap.DaylightAmbientCubemap', its maximum texture size has been explicitly set to 512.
[2024.04.24-11.30.13:068][  0]LogHMD: PokeAHoleMaterial loaded successfully
[2024.04.24-11.30.13:071][  0]LogUObjectArray: 17178 objects as part of root set at end of initial load.
[2024.04.24-11.30.13:071][  0]LogUObjectAllocator: 4302048 out of 0 bytes used by permanent object pool.
[2024.04.24-11.30.13:071][  0]LogUObjectArray: CloseDisregardForGC: 0/0 objects in disregard for GC pool
[2024.04.24-11.30.13:159][  0]LogNiagaraDebuggerClient: Niagara Debugger Client Initialized | Session: 65A0E8534AE3B7EFF9BBB89F938B731E | Instance: 3B2794F74D2791004AF85B89788827BA (LASTCHANCE-23460).
[2024.04.24-11.30.13:224][  0]LogPython: Using Python 3.7.7
[2024.04.24-11.30.13:480][  0]LogTcpMessaging: Initializing TcpMessaging bridge
[2024.04.24-11.30.13:482][  0]LogUdpMessaging: Initializing bridge on interface 0.0.0.0:0 to multicast group 230.0.0.1:6666.
[2024.04.24-11.30.13:560][  0]LogTemp: Warning: NodeName
[2024.04.24-11.30.13:561][  0]LogTemp: Warning: NodeName
[2024.04.24-11.30.13:990][  0]LogWindows: Error: === Critical error: ===
[2024.04.24-11.30.13:990][  0]LogWindows: Error: 
[2024.04.24-11.30.13:990][  0]LogWindows: Error: Fatal error!
[2024.04.24-11.30.13:990][  0]LogWindows: Error: 
[2024.04.24-11.30.13:990][  0]LogWindows: Error: Unhandled Exception: EXCEPTION_ACCESS_VIOLATION reading address 0x0000000000000bb0
[2024.04.24-11.30.13:990][  0]LogWindows: Error: 
[2024.04.24-11.30.13:990][  0]LogWindows: Error: [Callstack] 0x00007ffcaa9c62ff UE4Editor-Engine.dll!UnknownFunction []
[2024.04.24-11.30.13:990][  0]LogWindows: Error: [Callstack] 0x00007ffc8c3431d7 UE4Editor-JellyHunt-0010.dll!ANPC_AIController::ANPC_AIController() [C:\Users\edgos\Documents\GitHub\Jelly-Hunt\JellyHunt\Source\JellyHunt\NPC_AIController.cpp:19]
[2024.04.24-11.30.13:990][  0]LogWindows: Error: [Callstack] 0x00007ffccb5061d3 UE4Editor-CoreUObject.dll!UnknownFunction []
[2024.04.24-11.30.13:990][  0]LogWindows: Error: [Callstack] 0x00007ffccb828faf UE4Editor-CoreUObject.dll!UnknownFunction []
[2024.04.24-11.30.13:990][  0]LogWindows: Error: [Callstack] 0x00007ffccb805411 UE4Editor-CoreUObject.dll!UnknownFunction []
[2024.04.24-11.30.13:990][  0]LogWindows: Error: [Callstack] 0x00007ffccb6cddc5 UE4Editor-CoreUObject.dll!UnknownFunction []
[2024.04.24-11.30.13:990][  0]LogWindows: Error: [Callstack] 0x00007ffcc7031bea UE4Editor-Core.dll!UnknownFunction []
[2024.04.24-11.30.13:990][  0]LogWindows: Error: [Callstack] 0x00007ffcc70515a3 UE4Editor-Core.dll!UnknownFunction []
[2024.04.24-11.30.13:990][  0]LogWindows: Error: [Callstack] 0x00007ffcf5876433 UE4Editor-Projects.dll!UnknownFunction []
[2024.04.24-11.30.13:990][  0]LogWindows: Error: [Callstack] 0x00007ffcf587674f UE4Editor-Projects.dll!UnknownFunction []
[2024.04.24-11.30.13:990][  0]LogWindows: Error: [Callstack] 0x00007ff64dcc5642 UE4Editor.exe!UnknownFunction []
[2024.04.24-11.30.13:990][  0]LogWindows: Error: [Callstack] 0x00007ff64dcc9000 UE4Editor.exe!UnknownFunction []
[2024.04.24-11.30.13:990][  0]LogWindows: Error: [Callstack] 0x00007ff64dcc0d2c UE4Editor.exe!UnknownFunction []
[2024.04.24-11.30.13:990][  0]LogWindows: Error: [Callstack] 0x00007ff64dcc10ba UE4Editor.exe!UnknownFunction []
[2024.04.24-11.30.13:990][  0]LogWindows: Error: [Callstack] 0x00007ff64dcc40dd UE4Editor.exe!UnknownFunction []
[2024.04.24-11.30.13:990][  0]LogWindows: Error: [Callstack] 0x00007ff64dcd5984 UE4Editor.exe!UnknownFunction []
[2024.04.24-11.30.13:990][  0]LogWindows: Error: [Callstack] 0x00007ff64dcd853a UE4Editor.exe!UnknownFunction []
[2024.04.24-11.30.13:990][  0]LogWindows: Error: [Callstack] 0x00007ffd48d2257d KERNEL32.DLL!UnknownFunction []
[2024.04.24-11.30.13:990][  0]LogWindows: Error: [Callstack] 0x00007ffd4a14aa48 ntdll.dll!UnknownFunction []
[2024.04.24-11.30.13:990][  0]LogWindows: Error: 
[2024.04.24-11.30.13:999][  0]LogExit: Executing StaticShutdownAfterError
[2024.04.24-11.30.14:000][  0]LogWindows: FPlatformMisc::RequestExit(1)
[2024.04.24-11.30.14:000][  0]LogWindows: FPlatformMisc::RequestExitWithStatus(1, 3)
[2024.04.24-11.30.14:000][  0]LogCore: Engine exit requested (reason: Win RequestExit)
[2024.04.24-11.30.14:011][  0]Log file closed, 04/24/24 12:30:14
