Log file open, 04/24/24 12:41:04
LogWindows: Failed to load 'aqProf.dll' (GetLastError=126)
LogWindows: File 'aqProf.dll' does not exist
LogWindows: Failed to load 'VtuneApi.dll' (GetLastError=126)
LogWindows: File 'VtuneApi.dll' does not exist
LogWindows: Failed to load 'VtuneApi32e.dll' (GetLastError=126)
LogWindows: File 'VtuneApi32e.dll' does not exist
LogConsoleResponse: Display: Failed to find resolution value strings in scalability ini. Falling back to default.
LogConsoleResponse: Display: Failed to find resolution value strings in scalability ini. Falling back to default.
LogInit: Display: Running engine for game: JellyHunt
LogPlatformFile: Not using cached read wrapper
LogTaskGraph: Started task graph with 5 named threads and 83 total threads with 3 sets of task threads.
LogStats: Stats thread started at 0.207443
LogICUInternationalization: ICU TimeZone Detection - Raw Offset: +0:00, Platform Override: ''
LogInit: Display: Loading text-based GConfig....
LogPluginManager: Mounting plugin MeshPainting
LogPluginManager: Mounting plugin XGEController
LogPluginManager: Mounting plugin LiveLink
LogPluginManager: Mounting plugin Paper2D
LogPluginManager: Mounting plugin AISupport
LogPluginManager: Mounting plugin LightPropagationVolume
LogPluginManager: Mounting plugin EnvironmentQueryEditor
LogPluginManager: Mounting plugin GameplayCameras
LogPluginManager: Mounting plugin OodleData
LogPluginManager: Mounting plugin OodleNetwork
LogPluginManager: Mounting plugin AnimationSharing
LogPluginManager: Mounting plugin CameraShakePreviewer
LogPluginManager: Mounting plugin CodeLiteSourceCodeAccess
LogPluginManager: Mounting plugin KDevelopSourceCodeAccess
LogPluginManager: Mounting plugin CLionSourceCodeAccess
LogPluginManager: Mounting plugin GitSourceControl
LogPluginManager: Mounting plugin NullSourceCodeAccess
LogPluginManager: Mounting plugin PerforceSourceControl
LogPluginManager: Mounting plugin PlasticSourceControl
LogPluginManager: Mounting plugin TextureFormatOodle
LogPluginManager: Mounting plugin PixWinPlugin
LogPluginManager: Mounting plugin PluginUtils
LogPluginManager: Mounting plugin PropertyAccessNode
LogPluginManager: Mounting plugin RiderSourceCodeAccess
LogPluginManager: Mounting plugin UObjectPlugin
LogPluginManager: Mounting plugin VisualStudioSourceCodeAccess
LogPluginManager: Mounting plugin XCodeSourceCodeAccess
LogPluginManager: Mounting plugin VisualStudioCodeSourceCodeAccess
LogPluginManager: Mounting plugin SubversionSourceControl
LogPluginManager: Mounting plugin DatasmithContent
LogPluginManager: Mounting plugin VariantManagerContent
LogPluginManager: Mounting plugin AssetManagerEditor
LogPluginManager: Mounting plugin CryptoKeys
LogPluginManager: Mounting plugin DataValidation
LogPluginManager: Mounting plugin CurveEditorTools
LogPluginManager: Mounting plugin AlembicImporter
LogPluginManager: Mounting plugin BackChannel
LogPluginManager: Mounting plugin AutomationUtils
LogPluginManager: Mounting plugin ChaosClothEditor
LogPluginManager: Mounting plugin GameplayTagsEditor
LogPluginManager: Mounting plugin FacialAnimation
LogPluginManager: Mounting plugin ChaosNiagara
LogPluginManager: Mounting plugin ChaosSolverPlugin
LogPluginManager: Mounting plugin ChaosCloth
LogPluginManager: Mounting plugin MacGraphicsSwitching
LogPluginManager: Mounting plugin GeometryMode
LogPluginManager: Mounting plugin MaterialAnalyzer
LogPluginManager: Mounting plugin PluginBrowser
LogPluginManager: Mounting plugin ChaosEditor
LogPluginManager: Mounting plugin SpeedTreeImporter
LogPluginManager: Mounting plugin CharacterAI
LogPluginManager: Mounting plugin Niagara
LogPluginManager: Mounting plugin MobileLauncherProfileWizard
LogPluginManager: Mounting plugin GeometryProcessing
LogPluginManager: Mounting plugin GeometryCollectionPlugin
LogPluginManager: Mounting plugin GeometryCache
LogPluginManager: Mounting plugin OpenImageDenoise
LogPluginManager: Mounting plugin MagicLeapMedia
LogPluginManager: Mounting plugin LuminPlatformFeatures
LogPluginManager: Mounting plugin MagicLeapLightEstimation
LogPluginManager: Mounting plugin AndroidMedia
LogPluginManager: Mounting plugin PythonScriptPlugin
LogPluginManager: Mounting plugin MLSDK
LogPluginManager: Mounting plugin PlanarCut
LogPluginManager: Mounting plugin ProxyLODPlugin
LogPluginManager: Mounting plugin PlatformCrypto
LogPluginManager: Mounting plugin AvfMedia
LogPluginManager: Mounting plugin MagicLeapPassableWorld
LogPluginManager: Mounting plugin MotoSynth
LogPluginManager: Mounting plugin ImgMedia
LogPluginManager: Mounting plugin MediaCompositing
LogPluginManager: Mounting plugin WebMMedia
LogPluginManager: Mounting plugin WmfMedia
LogPluginManager: Mounting plugin SkeletalReduction
LogPluginManager: Mounting plugin MediaPlayerEditor
LogPluginManager: Mounting plugin LevelSequenceEditor
LogPluginManager: Mounting plugin ActorSequence
LogPluginManager: Mounting plugin TemplateSequence
LogPluginManager: Mounting plugin TcpMessaging
LogPluginManager: Mounting plugin MatineeToLevelSequence
LogPluginManager: Mounting plugin MagicLeap
LogPluginManager: Mounting plugin OnlineSubsystemNull
LogPluginManager: Mounting plugin OnlineSubsystem
LogPluginManager: Mounting plugin ActorLayerUtilities
LogPluginManager: Mounting plugin AndroidPermission
LogPluginManager: Mounting plugin ArchVisCharacter
LogPluginManager: Mounting plugin AppleImageUtils
LogPluginManager: Mounting plugin AndroidMoviePlayer
LogPluginManager: Mounting plugin AppleMoviePlayer
LogPluginManager: Mounting plugin AndroidDeviceProfileSelector
LogPluginManager: Mounting plugin OnlineSubsystemUtils
LogPluginManager: Mounting plugin AssetTags
LogPluginManager: Mounting plugin AudioCapture
LogPluginManager: Mounting plugin CableComponent
LogPluginManager: Mounting plugin ChunkDownloader
LogPluginManager: Mounting plugin CustomMeshComponent
LogPluginManager: Mounting plugin AudioSynesthesia
LogPluginManager: Mounting plugin GooglePAD
LogPluginManager: Mounting plugin LauncherChunkInstaller
LogPluginManager: Mounting plugin EditableMesh
LogPluginManager: Mounting plugin UdpMessaging
LogPluginManager: Mounting plugin GoogleCloudMessaging
LogPluginManager: Mounting plugin LinuxDeviceProfileSelector
LogPluginManager: Mounting plugin ExampleDeviceProfileSelector
LogPluginManager: Mounting plugin LocationServicesBPLibrary
LogPluginManager: Mounting plugin IOSDeviceProfileSelector
LogPluginManager: Mounting plugin OpenXR
LogPluginManager: Mounting plugin OpenXREyeTracker
LogPluginManager: Mounting plugin OpenXRHandTracking
LogPluginManager: Mounting plugin ScreenshotTools
LogPluginManager: Mounting plugin PostSplashScreen
LogPluginManager: Mounting plugin RuntimePhysXCooking
LogPluginManager: Mounting plugin SignificanceManager
LogPluginManager: Mounting plugin ProceduralMeshComponent
LogPluginManager: Mounting plugin PhysXVehicles
LogPluginManager: Mounting plugin PropertyAccessEditor
LogPluginManager: Mounting plugin Synthesis
LogPluginManager: Mounting plugin MobilePatchingUtils
LogPluginManager: Mounting plugin SoundFields
LogPluginManager: Mounting plugin WebMMoviePlayer
LogPluginManager: Mounting plugin Takes
LogPluginManager: Mounting plugin WindowsMoviePlayer
LogPluginManager: Mounting plugin ContentBrowserFileDataSource
LogPluginManager: Mounting plugin ContentBrowserClassDataSource
LogPluginManager: Mounting plugin ContentBrowserAssetDataSource
LogPluginManager: Mounting plugin OnlineSubsystemGooglePlay
LogPluginManager: Mounting plugin OnlineSubsystemIOS
LogPluginManager: Mounting plugin OculusVR
LogPluginManager: Mounting plugin SteamVR
PixWinPlugin: PIX capture plugin failed to initialize! Check that the process is launched from PIX.
LogInit: Using libcurl 7.55.1-DEV
LogInit:  - built for x86_64-pc-win32
LogInit:  - supports SSL with OpenSSL/1.1.1
LogInit:  - supports HTTP deflate (compression) using libz 1.2.8
LogInit:  - other features:
LogInit:      CURL_VERSION_SSL
LogInit:      CURL_VERSION_LIBZ
LogInit:      CURL_VERSION_IPV6
LogInit:      CURL_VERSION_ASYNCHDNS
LogInit:      CURL_VERSION_LARGEFILE
LogInit:      CURL_VERSION_IDN
LogInit:  CurlRequestOptions (configurable via config and command line):
LogInit:  - bVerifyPeer = true  - Libcurl will verify peer certificate
LogInit:  - bUseHttpProxy = false  - Libcurl will NOT use HTTP proxy
LogInit:  - bDontReuseConnections = false  - Libcurl will reuse connections
LogInit:  - MaxHostConnections = 16  - Libcurl will limit the number of connections to a host
LogInit:  - LocalHostAddr = Default
LogInit:  - BufferSize = 65536
LogOnline: OSS: Creating online subsystem instance for: NULL
LogInit: WinSock: version 1.1 (2.2), MaxSocks=32767, MaxUdp=65467
LogOnline: OSS: TryLoadSubsystemAndSetDefault: Loaded subsystem for module [NULL]
LogOculusPluginWrapper: OculusPlugin initialized successfully
LogHMD: Failed initializing OVRPlugin 1.59.0
LogInit: Build: ++UE4+Release-4.27-CL-18319896
LogInit: Engine Version: 4.27.2-18319896+++UE4+Release-4.27
LogInit: Compatible Engine Version: 4.27.0-17155196+++UE4+Release-4.27
LogInit: Net CL: 17155196
LogInit: OS: Windows 10 (Release 2009) (), CPU: Intel(R) Core(TM) i9-14900F, GPU: NVIDIA GeForce RTX 4080 SUPER
LogInit: Compiled (64-bit): Nov 30 2021 07:12:08
LogInit: Compiled with Visual C++: 19.24.28315.00
LogInit: Build Configuration: Development
LogInit: Branch Name: ++UE4+Release-4.27
LogInit: Command Line:  -AUTH_LOGIN=unused -AUTH_PASSWORD=22aee965c5164d2ca2e4e7bffdd31c5a -AUTH_TYPE=exchangecode -epicapp=UE_4.27 -epicenv=Prod -EpicPortal -epicusername="edko gaming" -epicuserid=4f6c2e5fb35d4132ac4c07cb3dc93df3 -epiclocale=en -epicsandboxid=ue
LogInit: Base Directory: C:/Program Files/Epic Games/UE_4.27/Engine/Binaries/Win64/
LogInit: Allocator: TBB
LogInit: Installed Engine Build: 1
LogDevObjectVersion: Number of dev versions registered: 29
LogDevObjectVersion:   Dev-Blueprints (B0D832E4-1F89-4F0D-ACCF-7EB736FD4AA2): 10
LogDevObjectVersion:   Dev-Build (E1C64328-A22C-4D53-A36C-8E866417BD8C): 0
LogDevObjectVersion:   Dev-Core (375EC13C-06E4-48FB-B500-84F0262A717E): 4
LogDevObjectVersion:   Dev-Editor (E4B068ED-F494-42E9-A231-DA0B2E46BB41): 40
LogDevObjectVersion:   Dev-Framework (CFFC743F-43B0-4480-9391-14DF171D2073): 37
LogDevObjectVersion:   Dev-Mobile (B02B49B5-BB20-44E9-A304-32B752E40360): 3
LogDevObjectVersion:   Dev-Networking (A4E4105C-59A1-49B5-A7C5-40C4547EDFEE): 0
LogDevObjectVersion:   Dev-Online (39C831C9-5AE6-47DC-9A44-9C173E1C8E7C): 0
LogDevObjectVersion:   Dev-Physics (78F01B33-EBEA-4F98-B9B4-84EACCB95AA2): 14
LogDevObjectVersion:   Dev-Platform (6631380F-2D4D-43E0-8009-CF276956A95A): 0
LogDevObjectVersion:   Dev-Rendering (12F88B9F-8875-4AFC-A67C-D90C383ABD29): 45
LogDevObjectVersion:   Dev-Sequencer (7B5AE74C-D270-4C10-A958-57980B212A5A): 13
LogDevObjectVersion:   Dev-VR (D7296918-1DD6-4BDD-9DE2-64A83CC13884): 3
LogDevObjectVersion:   Dev-LoadTimes (C2A15278-BFE7-4AFE-6C17-90FF531DF755): 1
LogDevObjectVersion:   Private-Geometry (6EACA3D4-40EC-4CC1-B786-8BED09428FC5): 3
LogDevObjectVersion:   Dev-AnimPhys (29E575DD-E0A3-4627-9D10-D276232CDCEA): 17
LogDevObjectVersion:   Dev-Anim (AF43A65D-7FD3-4947-9873-3E8ED9C1BB05): 15
LogDevObjectVersion:   Dev-ReflectionCapture (6B266CEC-1EC7-4B8F-A30B-E4D90942FC07): 1
LogDevObjectVersion:   Dev-Automation (0DF73D61-A23F-47EA-B727-89E90C41499A): 1
LogDevObjectVersion:   FortniteMain (601D1886-AC64-4F84-AA16-D3DE0DEAC7D6): 47
LogDevObjectVersion:   FortniteRelease (E7086368-6B23-4C58-8439-1B7016265E91): 1
LogDevObjectVersion:   Dev-Enterprise (9DFFBCD6-494F-0158-E221-12823C92A888): 10
LogDevObjectVersion:   Dev-Niagara (F2AED0AC-9AFE-416F-8664-AA7FFA26D6FC): 1
LogDevObjectVersion:   Dev-Destruction (174F1F0B-B4C6-45A5-B13F-2EE8D0FB917D): 10
LogDevObjectVersion:   Dev-Physics-Ext (35F94A83-E258-406C-A318-09F59610247C): 41
LogDevObjectVersion:   Dev-PhysicsMaterial-Chaos (B68FC16E-8B1B-42E2-B453-215C058844FE): 1
LogDevObjectVersion:   Dev-CineCamera (B2E18506-4273-CFC2-A54E-F4BB758BBA07): 1
LogDevObjectVersion:   Dev-VirtualProduction (64F58936-FD1B-42BA-BA96-7289D5D0FA4E): 1
LogDevObjectVersion:   Dev-MediaFramework (6F0ED827-A609-4895-9C91-998D90180EA4): 2
LogInit: Presizing for max 25165824 objects, including 0 objects not considered by GC, pre-allocating 0 bytes for permanent pool.
LogConfig: Applying CVar settings from Section [/Script/Engine.StreamingSettings] File [C:/Users/edgos/Documents/GitHub/Jelly-Hunt/JellyHunt/Saved/Config/Windows/Engine.ini]
LogConfig: Setting CVar [[s.MinBulkDataSizeForAsyncLoading:131072]]
LogConfig: Setting CVar [[s.AsyncLoadingThreadEnabled:0]]
LogConfig: Setting CVar [[s.EventDrivenLoaderEnabled:1]]
LogConfig: Setting CVar [[s.WarnIfTimeLimitExceeded:0]]
LogConfig: Setting CVar [[s.TimeLimitExceededMultiplier:1.5]]
LogConfig: Setting CVar [[s.TimeLimitExceededMinTime:0.005]]
LogConfig: Setting CVar [[s.UseBackgroundLevelStreaming:1]]
LogConfig: Setting CVar [[s.PriorityAsyncLoadingExtraTime:15.0]]
LogConfig: Setting CVar [[s.LevelStreamingActorsUpdateTimeLimit:5.0]]
LogConfig: Setting CVar [[s.PriorityLevelStreamingActorsUpdateExtraTime:5.0]]
LogConfig: Setting CVar [[s.LevelStreamingComponentsRegistrationGranularity:10]]
LogConfig: Setting CVar [[s.UnregisterComponentsTimeLimit:1.0]]
LogConfig: Setting CVar [[s.LevelStreamingComponentsUnregistrationGranularity:5]]
LogConfig: Setting CVar [[s.FlushStreamingOnExit:1]]
LogInit: Object subsystem initialized
LogConfig: Setting CVar [[con.DebugEarlyDefault:1]]
LogConfig: Setting CVar [[r.setres:1280x720]]
[2024.04.24-11.41.04:564][  0]LogConfig: Setting CVar [[r.VSync:0]]
[2024.04.24-11.41.04:564][  0]LogConfig: Setting CVar [[r.RHICmdBypass:0]]
[2024.04.24-11.41.04:565][  0]LogConfig: Applying CVar settings from Section [/Script/Engine.RendererSettings] File [C:/Users/edgos/Documents/GitHub/Jelly-Hunt/JellyHunt/Saved/Config/Windows/Engine.ini]
[2024.04.24-11.41.04:565][  0]LogConfig: Setting CVar [[r.GPUCrashDebugging:0]]
[2024.04.24-11.41.04:565][  0]LogConfig: Applying CVar settings from Section [/Script/Engine.RendererOverrideSettings] File [C:/Users/edgos/Documents/GitHub/Jelly-Hunt/JellyHunt/Saved/Config/Windows/Engine.ini]
[2024.04.24-11.41.04:565][  0]LogConfig: Applying CVar settings from Section [/Script/Engine.StreamingSettings] File [C:/Users/edgos/Documents/GitHub/Jelly-Hunt/JellyHunt/Saved/Config/Windows/Engine.ini]
[2024.04.24-11.41.04:565][  0]LogConfig: Setting CVar [[s.MinBulkDataSizeForAsyncLoading:131072]]
[2024.04.24-11.41.04:565][  0]LogConfig: Setting CVar [[s.AsyncLoadingThreadEnabled:0]]
[2024.04.24-11.41.04:565][  0]LogConfig: Setting CVar [[s.EventDrivenLoaderEnabled:1]]
[2024.04.24-11.41.04:565][  0]LogConfig: Setting CVar [[s.WarnIfTimeLimitExceeded:0]]
[2024.04.24-11.41.04:565][  0]LogConfig: Setting CVar [[s.TimeLimitExceededMultiplier:1.5]]
[2024.04.24-11.41.04:565][  0]LogConfig: Setting CVar [[s.TimeLimitExceededMinTime:0.005]]
[2024.04.24-11.41.04:565][  0]LogConfig: Setting CVar [[s.UseBackgroundLevelStreaming:1]]
[2024.04.24-11.41.04:565][  0]LogConfig: Setting CVar [[s.PriorityAsyncLoadingExtraTime:15.0]]
[2024.04.24-11.41.04:565][  0]LogConfig: Setting CVar [[s.LevelStreamingActorsUpdateTimeLimit:5.0]]
[2024.04.24-11.41.04:565][  0]LogConfig: Setting CVar [[s.PriorityLevelStreamingActorsUpdateExtraTime:5.0]]
[2024.04.24-11.41.04:565][  0]LogConfig: Setting CVar [[s.LevelStreamingComponentsRegistrationGranularity:10]]
[2024.04.24-11.41.04:565][  0]LogConfig: Setting CVar [[s.UnregisterComponentsTimeLimit:1.0]]
[2024.04.24-11.41.04:565][  0]LogConfig: Setting CVar [[s.LevelStreamingComponentsUnregistrationGranularity:5]]
[2024.04.24-11.41.04:565][  0]LogConfig: Setting CVar [[s.FlushStreamingOnExit:1]]
[2024.04.24-11.41.04:565][  0]LogConfig: Applying CVar settings from Section [/Script/Engine.GarbageCollectionSettings] File [C:/Users/edgos/Documents/GitHub/Jelly-Hunt/JellyHunt/Saved/Config/Windows/Engine.ini]
[2024.04.24-11.41.04:565][  0]LogConfig: Setting CVar [[gc.MaxObjectsNotConsideredByGC:1]]
[2024.04.24-11.41.04:565][  0]LogConfig: Setting CVar [[gc.SizeOfPermanentObjectPool:0]]
[2024.04.24-11.41.04:565][  0]LogConfig: Setting CVar [[gc.FlushStreamingOnGC:0]]
[2024.04.24-11.41.04:565][  0]LogConfig: Setting CVar [[gc.NumRetriesBeforeForcingGC:10]]
[2024.04.24-11.41.04:565][  0]LogConfig: Setting CVar [[gc.AllowParallelGC:1]]
[2024.04.24-11.41.04:565][  0]LogConfig: Setting CVar [[gc.TimeBetweenPurgingPendingKillObjects:61.1]]
[2024.04.24-11.41.04:565][  0]LogConfig: Setting CVar [[gc.MaxObjectsInEditor:25165824]]
[2024.04.24-11.41.04:565][  0]LogConfig: Setting CVar [[gc.IncrementalBeginDestroyEnabled:1]]
[2024.04.24-11.41.04:565][  0]LogConfig: Setting CVar [[gc.CreateGCClusters:1]]
[2024.04.24-11.41.04:565][  0]LogConfig: Setting CVar [[gc.MinGCClusterSize:5]]
[2024.04.24-11.41.04:565][  0]LogConfig: Setting CVar [[gc.ActorClusteringEnabled:0]]
[2024.04.24-11.41.04:565][  0]LogConfig: Setting CVar [[gc.BlueprintClusteringEnabled:0]]
[2024.04.24-11.41.04:565][  0]LogConfig: Setting CVar [[gc.UseDisregardForGCOnDedicatedServers:0]]
[2024.04.24-11.41.04:565][  0]LogConfig: Setting CVar [[gc.MultithreadedDestructionEnabled:1]]
[2024.04.24-11.41.04:565][  0]LogConfig: Applying CVar settings from Section [/Script/Engine.NetworkSettings] File [C:/Users/edgos/Documents/GitHub/Jelly-Hunt/JellyHunt/Saved/Config/Windows/Engine.ini]
[2024.04.24-11.41.04:565][  0]LogConfig: Applying CVar settings from Section [/Script/UnrealEd.CookerSettings] File [C:/Users/edgos/Documents/GitHub/Jelly-Hunt/JellyHunt/Saved/Config/Windows/Engine.ini]
[2024.04.24-11.41.04:582][  0]LogConfig: Applying CVar settings from Section [ViewDistanceQuality@3] File [C:/Users/edgos/Documents/GitHub/Jelly-Hunt/JellyHunt/Saved/Config/Windows/Scalability.ini]
[2024.04.24-11.41.04:582][  0]LogConfig: Setting CVar [[r.SkeletalMeshLODBias:0]]
[2024.04.24-11.41.04:582][  0]LogConfig: Setting CVar [[r.ViewDistanceScale:1.0]]
[2024.04.24-11.41.04:582][  0]LogConfig: Applying CVar settings from Section [AntiAliasingQuality@3] File [C:/Users/edgos/Documents/GitHub/Jelly-Hunt/JellyHunt/Saved/Config/Windows/Scalability.ini]
[2024.04.24-11.41.04:582][  0]LogConfig: Setting CVar [[r.PostProcessAAQuality:4]]
[2024.04.24-11.41.04:582][  0]LogConfig: Applying CVar settings from Section [ShadowQuality@3] File [C:/Users/edgos/Documents/GitHub/Jelly-Hunt/JellyHunt/Saved/Config/Windows/Scalability.ini]
[2024.04.24-11.41.04:582][  0]LogConfig: Setting CVar [[r.LightFunctionQuality:1]]
[2024.04.24-11.41.04:582][  0]LogConfig: Setting CVar [[r.ShadowQuality:5]]
[2024.04.24-11.41.04:582][  0]LogConfig: Setting CVar [[r.Shadow.CSM.MaxCascades:10]]
[2024.04.24-11.41.04:582][  0]LogConfig: Setting CVar [[r.Shadow.MaxResolution:2048]]
[2024.04.24-11.41.04:582][  0]LogConfig: Setting CVar [[r.Shadow.MaxCSMResolution:2048]]
[2024.04.24-11.41.04:582][  0]LogConfig: Setting CVar [[r.Shadow.RadiusThreshold:0.01]]
[2024.04.24-11.41.04:582][  0]LogConfig: Setting CVar [[r.Shadow.DistanceScale:1.0]]
[2024.04.24-11.41.04:582][  0]LogConfig: Setting CVar [[r.Shadow.CSM.TransitionScale:1.0]]
[2024.04.24-11.41.04:582][  0]LogConfig: Setting CVar [[r.Shadow.PreShadowResolutionFactor:1.0]]
[2024.04.24-11.41.04:582][  0]LogConfig: Setting CVar [[r.DistanceFieldShadowing:1]]
[2024.04.24-11.41.04:582][  0]LogConfig: Setting CVar [[r.DistanceFieldAO:1]]
[2024.04.24-11.41.04:582][  0]LogConfig: Setting CVar [[r.AOQuality:2]]
[2024.04.24-11.41.04:582][  0]LogConfig: Setting CVar [[r.VolumetricFog:1]]
[2024.04.24-11.41.04:582][  0]LogConfig: Setting CVar [[r.VolumetricFog.GridPixelSize:8]]
[2024.04.24-11.41.04:582][  0]LogConfig: Setting CVar [[r.VolumetricFog.GridSizeZ:128]]
[2024.04.24-11.41.04:582][  0]LogConfig: Setting CVar [[r.VolumetricFog.HistoryMissSupersampleCount:4]]
[2024.04.24-11.41.04:582][  0]LogConfig: Setting CVar [[r.LightMaxDrawDistanceScale:1]]
[2024.04.24-11.41.04:582][  0]LogConfig: Setting CVar [[r.CapsuleShadows:1]]
[2024.04.24-11.41.04:582][  0]LogConfig: Applying CVar settings from Section [PostProcessQuality@3] File [C:/Users/edgos/Documents/GitHub/Jelly-Hunt/JellyHunt/Saved/Config/Windows/Scalability.ini]
[2024.04.24-11.41.04:582][  0]LogConfig: Setting CVar [[r.MotionBlurQuality:4]]
[2024.04.24-11.41.04:582][  0]LogConfig: Setting CVar [[r.AmbientOcclusionMipLevelFactor:0.4]]
[2024.04.24-11.41.04:582][  0]LogConfig: Setting CVar [[r.AmbientOcclusionMaxQuality:100]]
[2024.04.24-11.41.04:582][  0]LogConfig: Setting CVar [[r.AmbientOcclusionLevels:-1]]
[2024.04.24-11.41.04:582][  0]LogConfig: Setting CVar [[r.AmbientOcclusionRadiusScale:1.0]]
[2024.04.24-11.41.04:582][  0]LogConfig: Setting CVar [[r.DepthOfFieldQuality:2]]
[2024.04.24-11.41.04:583][  0]LogConfig: Setting CVar [[r.RenderTargetPoolMin:400]]
[2024.04.24-11.41.04:583][  0]LogConfig: Setting CVar [[r.LensFlareQuality:2]]
[2024.04.24-11.41.04:583][  0]LogConfig: Setting CVar [[r.SceneColorFringeQuality:1]]
[2024.04.24-11.41.04:583][  0]LogConfig: Setting CVar [[r.EyeAdaptationQuality:2]]
[2024.04.24-11.41.04:583][  0]LogConfig: Setting CVar [[r.BloomQuality:5]]
[2024.04.24-11.41.04:583][  0]LogConfig: Setting CVar [[r.FastBlurThreshold:100]]
[2024.04.24-11.41.04:583][  0]LogConfig: Setting CVar [[r.Upscale.Quality:3]]
[2024.04.24-11.41.04:583][  0]LogConfig: Setting CVar [[r.Tonemapper.GrainQuantization:1]]
[2024.04.24-11.41.04:583][  0]LogConfig: Setting CVar [[r.LightShaftQuality:1]]
[2024.04.24-11.41.04:583][  0]LogConfig: Setting CVar [[r.Filter.SizeScale:1]]
[2024.04.24-11.41.04:583][  0]LogConfig: Setting CVar [[r.Tonemapper.Quality:5]]
[2024.04.24-11.41.04:583][  0]LogConfig: Setting CVar [[r.DOF.Gather.AccumulatorQuality:1        ; higher gathering accumulator quality]]
[2024.04.24-11.41.04:583][  0]LogConfig: Setting CVar [[r.DOF.Gather.PostfilterMethod:1          ; Median3x3 postfilering method]]
[2024.04.24-11.41.04:583][  0]LogConfig: Setting CVar [[r.DOF.Gather.EnableBokehSettings:0       ; no bokeh simulation when gathering]]
[2024.04.24-11.41.04:583][  0]LogConfig: Setting CVar [[r.DOF.Gather.RingCount:4                 ; medium number of samples when gathering]]
[2024.04.24-11.41.04:583][  0]LogConfig: Setting CVar [[r.DOF.Scatter.ForegroundCompositing:1    ; additive foreground scattering]]
[2024.04.24-11.41.04:583][  0]LogConfig: Setting CVar [[r.DOF.Scatter.BackgroundCompositing:2    ; additive background scattering]]
[2024.04.24-11.41.04:583][  0]LogConfig: Setting CVar [[r.DOF.Scatter.EnableBokehSettings:1      ; bokeh simulation when scattering]]
[2024.04.24-11.41.04:583][  0]LogConfig: Setting CVar [[r.DOF.Scatter.MaxSpriteRatio:0.1         ; only a maximum of 10% of scattered bokeh]]
[2024.04.24-11.41.04:583][  0]LogConfig: Setting CVar [[r.DOF.Recombine.Quality:1                ; cheap slight out of focus]]
[2024.04.24-11.41.04:583][  0]LogConfig: Setting CVar [[r.DOF.Recombine.EnableBokehSettings:0    ; no bokeh simulation on slight out of focus]]
[2024.04.24-11.41.04:583][  0]LogConfig: Setting CVar [[r.DOF.TemporalAAQuality:1                ; more stable temporal accumulation]]
[2024.04.24-11.41.04:583][  0]LogConfig: Setting CVar [[r.DOF.Kernel.MaxForegroundRadius:0.025]]
[2024.04.24-11.41.04:583][  0]LogConfig: Setting CVar [[r.DOF.Kernel.MaxBackgroundRadius:0.025]]
[2024.04.24-11.41.04:583][  0]LogConfig: Applying CVar settings from Section [TextureQuality@3] File [C:/Users/edgos/Documents/GitHub/Jelly-Hunt/JellyHunt/Saved/Config/Windows/Scalability.ini]
[2024.04.24-11.41.04:583][  0]LogConfig: Setting CVar [[r.Streaming.MipBias:0]]
[2024.04.24-11.41.04:583][  0]LogConfig: Setting CVar [[r.Streaming.AmortizeCPUToGPUCopy:0]]
[2024.04.24-11.41.04:583][  0]LogConfig: Setting CVar [[r.Streaming.MaxNumTexturesToStreamPerFrame:0]]
[2024.04.24-11.41.04:583][  0]LogConfig: Setting CVar [[r.Streaming.Boost:1]]
[2024.04.24-11.41.04:583][  0]LogConfig: Setting CVar [[r.MaxAnisotropy:8]]
[2024.04.24-11.41.04:583][  0]LogConfig: Setting CVar [[r.VT.MaxAnisotropy:8]]
[2024.04.24-11.41.04:583][  0]LogConfig: Setting CVar [[r.Streaming.LimitPoolSizeToVRAM:0]]
[2024.04.24-11.41.04:583][  0]LogConfig: Setting CVar [[r.Streaming.PoolSize:1000]]
[2024.04.24-11.41.04:583][  0]LogConfig: Setting CVar [[r.Streaming.MaxEffectiveScreenSize:0]]
[2024.04.24-11.41.04:583][  0]LogConfig: Applying CVar settings from Section [EffectsQuality@3] File [C:/Users/edgos/Documents/GitHub/Jelly-Hunt/JellyHunt/Saved/Config/Windows/Scalability.ini]
[2024.04.24-11.41.04:583][  0]LogConfig: Setting CVar [[r.TranslucencyLightingVolumeDim:64]]
[2024.04.24-11.41.04:583][  0]LogConfig: Setting CVar [[r.RefractionQuality:2]]
[2024.04.24-11.41.04:583][  0]LogConfig: Setting CVar [[r.SSR.Quality:3]]
[2024.04.24-11.41.04:583][  0]LogConfig: Setting CVar [[r.SSR.HalfResSceneColor:0]]
[2024.04.24-11.41.04:583][  0]LogConfig: Setting CVar [[r.SceneColorFormat:4]]
[2024.04.24-11.41.04:583][  0]LogConfig: Setting CVar [[r.DetailMode:2]]
[2024.04.24-11.41.04:583][  0]LogConfig: Setting CVar [[r.TranslucencyVolumeBlur:1]]
[2024.04.24-11.41.04:583][  0]LogConfig: Setting CVar [[r.MaterialQualityLevel:1 ; High quality]]
[2024.04.24-11.41.04:583][  0]LogConfig: Setting CVar [[r.AnisotropicMaterials:1]]
[2024.04.24-11.41.04:583][  0]LogConfig: Setting CVar [[r.SSS.Scale:1]]
[2024.04.24-11.41.04:583][  0]LogConfig: Setting CVar [[r.SSS.SampleSet:2]]
[2024.04.24-11.41.04:583][  0]LogConfig: Setting CVar [[r.SSS.Quality:1]]
[2024.04.24-11.41.04:583][  0]LogConfig: Setting CVar [[r.SSS.HalfRes:0]]
[2024.04.24-11.41.04:583][  0]LogConfig: Setting CVar [[r.SSGI.Quality:3]]
[2024.04.24-11.41.04:583][  0]LogConfig: Setting CVar [[r.EmitterSpawnRateScale:1.0]]
[2024.04.24-11.41.04:583][  0]LogConfig: Setting CVar [[r.ParticleLightQuality:2]]
[2024.04.24-11.41.04:583][  0]LogConfig: Setting CVar [[r.SkyAtmosphere.AerialPerspectiveLUT.FastApplyOnOpaque:1 ; Always have FastSkyLUT 1 in this case to avoid wrong sky]]
[2024.04.24-11.41.04:583][  0]LogConfig: Setting CVar [[r.SkyAtmosphere.AerialPerspectiveLUT.SampleCountMaxPerSlice:4]]
[2024.04.24-11.41.04:583][  0]LogConfig: Setting CVar [[r.SkyAtmosphere.AerialPerspectiveLUT.DepthResolution:16.0]]
[2024.04.24-11.41.04:583][  0]LogConfig: Setting CVar [[r.SkyAtmosphere.FastSkyLUT:1]]
[2024.04.24-11.41.04:583][  0]LogConfig: Setting CVar [[r.SkyAtmosphere.FastSkyLUT.SampleCountMin:4.0]]
[2024.04.24-11.41.04:583][  0]LogConfig: Setting CVar [[r.SkyAtmosphere.FastSkyLUT.SampleCountMax:128.0]]
[2024.04.24-11.41.04:583][  0]LogConfig: Setting CVar [[r.SkyAtmosphere.SampleCountMin:4.0]]
[2024.04.24-11.41.04:583][  0]LogConfig: Setting CVar [[r.SkyAtmosphere.SampleCountMax:128.0]]
[2024.04.24-11.41.04:583][  0]LogConfig: Setting CVar [[r.SkyAtmosphere.TransmittanceLUT.UseSmallFormat:0]]
[2024.04.24-11.41.04:583][  0]LogConfig: Setting CVar [[r.SkyAtmosphere.TransmittanceLUT.SampleCount:10.0]]
[2024.04.24-11.41.04:583][  0]LogConfig: Setting CVar [[r.SkyAtmosphere.MultiScatteringLUT.SampleCount:15.0]]
[2024.04.24-11.41.04:583][  0]LogConfig: Setting CVar [[r.SkyLight.RealTimeReflectionCapture:1]]
[2024.04.24-11.41.04:583][  0]LogConfig: Applying CVar settings from Section [FoliageQuality@3] File [C:/Users/edgos/Documents/GitHub/Jelly-Hunt/JellyHunt/Saved/Config/Windows/Scalability.ini]
[2024.04.24-11.41.04:583][  0]LogConfig: Setting CVar [[foliage.DensityScale:1.0]]
[2024.04.24-11.41.04:583][  0]LogConfig: Setting CVar [[grass.DensityScale:1.0]]
[2024.04.24-11.41.04:583][  0]LogConfig: Applying CVar settings from Section [ShadingQuality@3] File [C:/Users/edgos/Documents/GitHub/Jelly-Hunt/JellyHunt/Saved/Config/Windows/Scalability.ini]
[2024.04.24-11.41.04:583][  0]LogConfig: Setting CVar [[r.HairStrands.SkyLighting.IntegrationType:2]]
[2024.04.24-11.41.04:583][  0]LogConfig: Setting CVar [[r.HairStrands.SkyAO.SampleCount:4]]
[2024.04.24-11.41.04:583][  0]LogConfig: Setting CVar [[r.HairStrands.Visibility.MSAA.SamplePerPixel:4]]
[2024.04.24-11.41.04:583][  0]LogInit: Selected Device Profile: [Windows]
[2024.04.24-11.41.04:583][  0]LogInit: Applying CVar settings loaded from the selected device profile: [Windows]
[2024.04.24-11.41.04:583][  0]LogHAL: Display: Platform has ~ 64 GB [68423933952 / 68719476736 / 64], which maps to Largest [LargestMinGB=32, LargerMinGB=12, DefaultMinGB=8, SmallerMinGB=6, SmallestMinGB=0)
[2024.04.24-11.41.04:583][  0]LogInit: Going up to parent DeviceProfile []
[2024.04.24-11.41.04:583][  0]LogConfig: Applying CVar settings from Section [ViewDistanceQuality@3] File [C:/Users/edgos/Documents/GitHub/Jelly-Hunt/JellyHunt/Saved/Config/Windows/Scalability.ini]
[2024.04.24-11.41.04:583][  0]LogConfig: Setting CVar [[r.SkeletalMeshLODBias:0]]
[2024.04.24-11.41.04:583][  0]LogConfig: Setting CVar [[r.ViewDistanceScale:1.0]]
[2024.04.24-11.41.04:583][  0]LogConfig: Applying CVar settings from Section [AntiAliasingQuality@3] File [C:/Users/edgos/Documents/GitHub/Jelly-Hunt/JellyHunt/Saved/Config/Windows/Scalability.ini]
[2024.04.24-11.41.04:583][  0]LogConfig: Setting CVar [[r.PostProcessAAQuality:4]]
[2024.04.24-11.41.04:583][  0]LogConfig: Applying CVar settings from Section [ShadowQuality@3] File [C:/Users/edgos/Documents/GitHub/Jelly-Hunt/JellyHunt/Saved/Config/Windows/Scalability.ini]
[2024.04.24-11.41.04:583][  0]LogConfig: Setting CVar [[r.LightFunctionQuality:1]]
[2024.04.24-11.41.04:583][  0]LogConfig: Setting CVar [[r.ShadowQuality:5]]
[2024.04.24-11.41.04:583][  0]LogConfig: Setting CVar [[r.Shadow.CSM.MaxCascades:10]]
[2024.04.24-11.41.04:583][  0]LogConfig: Setting CVar [[r.Shadow.MaxResolution:2048]]
[2024.04.24-11.41.04:583][  0]LogConfig: Setting CVar [[r.Shadow.MaxCSMResolution:2048]]
[2024.04.24-11.41.04:583][  0]LogConfig: Setting CVar [[r.Shadow.RadiusThreshold:0.01]]
[2024.04.24-11.41.04:583][  0]LogConfig: Setting CVar [[r.Shadow.DistanceScale:1.0]]
[2024.04.24-11.41.04:583][  0]LogConfig: Setting CVar [[r.Shadow.CSM.TransitionScale:1.0]]
[2024.04.24-11.41.04:583][  0]LogConfig: Setting CVar [[r.Shadow.PreShadowResolutionFactor:1.0]]
[2024.04.24-11.41.04:583][  0]LogConfig: Setting CVar [[r.DistanceFieldShadowing:1]]
[2024.04.24-11.41.04:583][  0]LogConfig: Setting CVar [[r.DistanceFieldAO:1]]
[2024.04.24-11.41.04:583][  0]LogConfig: Setting CVar [[r.AOQuality:2]]
[2024.04.24-11.41.04:583][  0]LogConfig: Setting CVar [[r.VolumetricFog:1]]
[2024.04.24-11.41.04:583][  0]LogConfig: Setting CVar [[r.VolumetricFog.GridPixelSize:8]]
[2024.04.24-11.41.04:583][  0]LogConfig: Setting CVar [[r.VolumetricFog.GridSizeZ:128]]
[2024.04.24-11.41.04:583][  0]LogConfig: Setting CVar [[r.VolumetricFog.HistoryMissSupersampleCount:4]]
[2024.04.24-11.41.04:583][  0]LogConfig: Setting CVar [[r.LightMaxDrawDistanceScale:1]]
[2024.04.24-11.41.04:583][  0]LogConfig: Setting CVar [[r.CapsuleShadows:1]]
[2024.04.24-11.41.04:583][  0]LogConfig: Applying CVar settings from Section [PostProcessQuality@3] File [C:/Users/edgos/Documents/GitHub/Jelly-Hunt/JellyHunt/Saved/Config/Windows/Scalability.ini]
[2024.04.24-11.41.04:583][  0]LogConfig: Setting CVar [[r.MotionBlurQuality:4]]
[2024.04.24-11.41.04:583][  0]LogConfig: Setting CVar [[r.AmbientOcclusionMipLevelFactor:0.4]]
[2024.04.24-11.41.04:583][  0]LogConfig: Setting CVar [[r.AmbientOcclusionMaxQuality:100]]
[2024.04.24-11.41.04:583][  0]LogConfig: Setting CVar [[r.AmbientOcclusionLevels:-1]]
[2024.04.24-11.41.04:583][  0]LogConfig: Setting CVar [[r.AmbientOcclusionRadiusScale:1.0]]
[2024.04.24-11.41.04:583][  0]LogConfig: Setting CVar [[r.DepthOfFieldQuality:2]]
[2024.04.24-11.41.04:583][  0]LogConfig: Setting CVar [[r.RenderTargetPoolMin:400]]
[2024.04.24-11.41.04:583][  0]LogConfig: Setting CVar [[r.LensFlareQuality:2]]
[2024.04.24-11.41.04:583][  0]LogConfig: Setting CVar [[r.SceneColorFringeQuality:1]]
[2024.04.24-11.41.04:583][  0]LogConfig: Setting CVar [[r.EyeAdaptationQuality:2]]
[2024.04.24-11.41.04:583][  0]LogConfig: Setting CVar [[r.BloomQuality:5]]
[2024.04.24-11.41.04:583][  0]LogConfig: Setting CVar [[r.FastBlurThreshold:100]]
[2024.04.24-11.41.04:583][  0]LogConfig: Setting CVar [[r.Upscale.Quality:3]]
[2024.04.24-11.41.04:583][  0]LogConfig: Setting CVar [[r.Tonemapper.GrainQuantization:1]]
[2024.04.24-11.41.04:583][  0]LogConfig: Setting CVar [[r.LightShaftQuality:1]]
[2024.04.24-11.41.04:583][  0]LogConfig: Setting CVar [[r.Filter.SizeScale:1]]
[2024.04.24-11.41.04:583][  0]LogConfig: Setting CVar [[r.Tonemapper.Quality:5]]
[2024.04.24-11.41.04:583][  0]LogConfig: Setting CVar [[r.DOF.Gather.AccumulatorQuality:1        ; higher gathering accumulator quality]]
[2024.04.24-11.41.04:583][  0]LogConfig: Setting CVar [[r.DOF.Gather.PostfilterMethod:1          ; Median3x3 postfilering method]]
[2024.04.24-11.41.04:583][  0]LogConfig: Setting CVar [[r.DOF.Gather.EnableBokehSettings:0       ; no bokeh simulation when gathering]]
[2024.04.24-11.41.04:583][  0]LogConfig: Setting CVar [[r.DOF.Gather.RingCount:4                 ; medium number of samples when gathering]]
[2024.04.24-11.41.04:583][  0]LogConfig: Setting CVar [[r.DOF.Scatter.ForegroundCompositing:1    ; additive foreground scattering]]
[2024.04.24-11.41.04:583][  0]LogConfig: Setting CVar [[r.DOF.Scatter.BackgroundCompositing:2    ; additive background scattering]]
[2024.04.24-11.41.04:583][  0]LogConfig: Setting CVar [[r.DOF.Scatter.EnableBokehSettings:1      ; bokeh simulation when scattering]]
[2024.04.24-11.41.04:583][  0]LogConfig: Setting CVar [[r.DOF.Scatter.MaxSpriteRatio:0.1         ; only a maximum of 10% of scattered bokeh]]
[2024.04.24-11.41.04:583][  0]LogConfig: Setting CVar [[r.DOF.Recombine.Quality:1                ; cheap slight out of focus]]
[2024.04.24-11.41.04:583][  0]LogConfig: Setting CVar [[r.DOF.Recombine.EnableBokehSettings:0    ; no bokeh simulation on slight out of focus]]
[2024.04.24-11.41.04:583][  0]LogConfig: Setting CVar [[r.DOF.TemporalAAQuality:1                ; more stable temporal accumulation]]
[2024.04.24-11.41.04:583][  0]LogConfig: Setting CVar [[r.DOF.Kernel.MaxForegroundRadius:0.025]]
[2024.04.24-11.41.04:583][  0]LogConfig: Setting CVar [[r.DOF.Kernel.MaxBackgroundRadius:0.025]]
[2024.04.24-11.41.04:583][  0]LogConfig: Applying CVar settings from Section [TextureQuality@3] File [C:/Users/edgos/Documents/GitHub/Jelly-Hunt/JellyHunt/Saved/Config/Windows/Scalability.ini]
[2024.04.24-11.41.04:583][  0]LogConfig: Setting CVar [[r.Streaming.MipBias:0]]
[2024.04.24-11.41.04:583][  0]LogConfig: Setting CVar [[r.Streaming.AmortizeCPUToGPUCopy:0]]
[2024.04.24-11.41.04:583][  0]LogConfig: Setting CVar [[r.Streaming.MaxNumTexturesToStreamPerFrame:0]]
[2024.04.24-11.41.04:583][  0]LogConfig: Setting CVar [[r.Streaming.Boost:1]]
[2024.04.24-11.41.04:583][  0]LogConfig: Setting CVar [[r.MaxAnisotropy:8]]
[2024.04.24-11.41.04:583][  0]LogConfig: Setting CVar [[r.VT.MaxAnisotropy:8]]
[2024.04.24-11.41.04:583][  0]LogConfig: Setting CVar [[r.Streaming.LimitPoolSizeToVRAM:0]]
[2024.04.24-11.41.04:583][  0]LogConfig: Setting CVar [[r.Streaming.PoolSize:1000]]
[2024.04.24-11.41.04:583][  0]LogConfig: Setting CVar [[r.Streaming.MaxEffectiveScreenSize:0]]
[2024.04.24-11.41.04:583][  0]LogConfig: Applying CVar settings from Section [EffectsQuality@3] File [C:/Users/edgos/Documents/GitHub/Jelly-Hunt/JellyHunt/Saved/Config/Windows/Scalability.ini]
[2024.04.24-11.41.04:583][  0]LogConfig: Setting CVar [[r.TranslucencyLightingVolumeDim:64]]
[2024.04.24-11.41.04:583][  0]LogConfig: Setting CVar [[r.RefractionQuality:2]]
[2024.04.24-11.41.04:583][  0]LogConfig: Setting CVar [[r.SSR.Quality:3]]
[2024.04.24-11.41.04:583][  0]LogConfig: Setting CVar [[r.SSR.HalfResSceneColor:0]]
[2024.04.24-11.41.04:583][  0]LogConfig: Setting CVar [[r.SceneColorFormat:4]]
[2024.04.24-11.41.04:583][  0]LogConfig: Setting CVar [[r.DetailMode:2]]
[2024.04.24-11.41.04:583][  0]LogConfig: Setting CVar [[r.TranslucencyVolumeBlur:1]]
[2024.04.24-11.41.04:583][  0]LogConfig: Setting CVar [[r.MaterialQualityLevel:1 ; High quality]]
[2024.04.24-11.41.04:583][  0]LogConfig: Setting CVar [[r.AnisotropicMaterials:1]]
[2024.04.24-11.41.04:583][  0]LogConfig: Setting CVar [[r.SSS.Scale:1]]
[2024.04.24-11.41.04:583][  0]LogConfig: Setting CVar [[r.SSS.SampleSet:2]]
[2024.04.24-11.41.04:583][  0]LogConfig: Setting CVar [[r.SSS.Quality:1]]
[2024.04.24-11.41.04:583][  0]LogConfig: Setting CVar [[r.SSS.HalfRes:0]]
[2024.04.24-11.41.04:583][  0]LogConfig: Setting CVar [[r.SSGI.Quality:3]]
[2024.04.24-11.41.04:583][  0]LogConfig: Setting CVar [[r.EmitterSpawnRateScale:1.0]]
[2024.04.24-11.41.04:583][  0]LogConfig: Setting CVar [[r.ParticleLightQuality:2]]
[2024.04.24-11.41.04:583][  0]LogConfig: Setting CVar [[r.SkyAtmosphere.AerialPerspectiveLUT.FastApplyOnOpaque:1 ; Always have FastSkyLUT 1 in this case to avoid wrong sky]]
[2024.04.24-11.41.04:583][  0]LogConfig: Setting CVar [[r.SkyAtmosphere.AerialPerspectiveLUT.SampleCountMaxPerSlice:4]]
[2024.04.24-11.41.04:583][  0]LogConfig: Setting CVar [[r.SkyAtmosphere.AerialPerspectiveLUT.DepthResolution:16.0]]
[2024.04.24-11.41.04:583][  0]LogConfig: Setting CVar [[r.SkyAtmosphere.FastSkyLUT:1]]
[2024.04.24-11.41.04:583][  0]LogConfig: Setting CVar [[r.SkyAtmosphere.FastSkyLUT.SampleCountMin:4.0]]
[2024.04.24-11.41.04:583][  0]LogConfig: Setting CVar [[r.SkyAtmosphere.FastSkyLUT.SampleCountMax:128.0]]
[2024.04.24-11.41.04:583][  0]LogConfig: Setting CVar [[r.SkyAtmosphere.SampleCountMin:4.0]]
[2024.04.24-11.41.04:583][  0]LogConfig: Setting CVar [[r.SkyAtmosphere.SampleCountMax:128.0]]
[2024.04.24-11.41.04:583][  0]LogConfig: Setting CVar [[r.SkyAtmosphere.TransmittanceLUT.UseSmallFormat:0]]
[2024.04.24-11.41.04:583][  0]LogConfig: Setting CVar [[r.SkyAtmosphere.TransmittanceLUT.SampleCount:10.0]]
[2024.04.24-11.41.04:583][  0]LogConfig: Setting CVar [[r.SkyAtmosphere.MultiScatteringLUT.SampleCount:15.0]]
[2024.04.24-11.41.04:583][  0]LogConfig: Setting CVar [[r.SkyLight.RealTimeReflectionCapture:1]]
[2024.04.24-11.41.04:583][  0]LogConfig: Applying CVar settings from Section [FoliageQuality@3] File [C:/Users/edgos/Documents/GitHub/Jelly-Hunt/JellyHunt/Saved/Config/Windows/Scalability.ini]
[2024.04.24-11.41.04:583][  0]LogConfig: Setting CVar [[foliage.DensityScale:1.0]]
[2024.04.24-11.41.04:583][  0]LogConfig: Setting CVar [[grass.DensityScale:1.0]]
[2024.04.24-11.41.04:583][  0]LogConfig: Applying CVar settings from Section [ShadingQuality@3] File [C:/Users/edgos/Documents/GitHub/Jelly-Hunt/JellyHunt/Saved/Config/Windows/Scalability.ini]
[2024.04.24-11.41.04:583][  0]LogConfig: Setting CVar [[r.HairStrands.SkyLighting.IntegrationType:2]]
[2024.04.24-11.41.04:583][  0]LogConfig: Setting CVar [[r.HairStrands.SkyAO.SampleCount:4]]
[2024.04.24-11.41.04:583][  0]LogConfig: Setting CVar [[r.HairStrands.Visibility.MSAA.SamplePerPixel:4]]
[2024.04.24-11.41.04:583][  0]LogConfig: Applying CVar settings from Section [Startup] File [../../../Engine/Config/ConsoleVariables.ini]
[2024.04.24-11.41.04:584][  0]LogConfig: Setting CVar [[net.UseAdaptiveNetUpdateFrequency:0]]
[2024.04.24-11.41.04:584][  0]LogConfig: Setting CVar [[p.chaos.AllowCreatePhysxBodies:1]]
[2024.04.24-11.41.04:584][  0]LogConfig: Setting CVar [[fx.SkipVectorVMBackendOptimizations:1]]
[2024.04.24-11.41.04:584][  0]LogConfig: Applying CVar settings from Section [ConsoleVariables] File [C:/Users/edgos/Documents/GitHub/Jelly-Hunt/JellyHunt/Saved/Config/Windows/Engine.ini]
[2024.04.24-11.41.04:584][  0]LogConfig: Applying CVar settings from Section [ConsoleVariables] File [C:/Users/edgos/Documents/GitHub/Jelly-Hunt/JellyHunt/Saved/Config/Windows/Editor.ini]
[2024.04.24-11.41.04:584][  0]LogInit: Computer: LASTCHANCE
[2024.04.24-11.41.04:584][  0]LogInit: User: edgos
[2024.04.24-11.41.04:584][  0]LogInit: CPU Page size=4096, Cores=24
[2024.04.24-11.41.04:584][  0]LogInit: High frequency timer resolution =10.000000 MHz
[2024.04.24-11.41.04:584][  0]LogMemory: Memory total: Physical=63.7GB (64GB approx)
[2024.04.24-11.41.04:584][  0]LogMemory: Platform Memory Stats for Windows
[2024.04.24-11.41.04:584][  0]LogMemory: Process Physical Memory: 151.88 MB used, 151.88 MB peak
[2024.04.24-11.41.04:584][  0]LogMemory: Process Virtual Memory: 129.60 MB used, 129.60 MB peak
[2024.04.24-11.41.04:584][  0]LogMemory: Physical Memory: 17738.68 MB used,  47515.46 MB free, 65254.15 MB total
[2024.04.24-11.41.04:584][  0]LogMemory: Virtual Memory: 134169440.00 MB used,  48285.07 MB free, 134217728.00 MB total
[2024.04.24-11.41.04:586][  0]LogWindows: WindowsPlatformFeatures enabled
[2024.04.24-11.41.04:610][  0]LogInit: Physics initialised using underlying interface: PhysX
[2024.04.24-11.41.04:610][  0]LogInit: Using OS detected language (en-US).
[2024.04.24-11.41.04:610][  0]LogInit: Using OS detected locale (en-GB).
[2024.04.24-11.41.04:611][  0]LogTextLocalizationManager: No specific localization for 'en-US' exists, so the 'en' localization will be used.
[2024.04.24-11.41.04:707][  0]LogInit: Setting process to per monitor DPI aware
[2024.04.24-11.41.04:720][  0]LogWindowsTextInputMethodSystem: Display: IME system deactivated.
[2024.04.24-11.41.04:733][  0]LogSlate: New Slate User Created.  User Index 0, Is Virtual User: 0
[2024.04.24-11.41.04:733][  0]LogSlate: Slate User Registered.  User Index 0, Is Virtual User: 0
[2024.04.24-11.41.04:792][  0]LogD3D11RHI: Loaded GFSDK_Aftermath_Lib.x64.dll
[2024.04.24-11.41.04:796][  0]LogHMD: Failed to initialize OpenVR with code 110
[2024.04.24-11.41.04:796][  0]LogD3D11RHI: D3D11 min allowed feature level: 11_0
[2024.04.24-11.41.04:796][  0]LogD3D11RHI: D3D11 max allowed feature level: 11_0
[2024.04.24-11.41.04:796][  0]LogD3D11RHI: D3D11 adapters:
[2024.04.24-11.41.04:953][  0]LogD3D11RHI:    0. 'NVIDIA GeForce RTX 4080 SUPER' (Feature Level 11_0)
[2024.04.24-11.41.04:953][  0]LogD3D11RHI:       16047/0/32627 MB DedicatedVideo/DedicatedSystem/SharedSystem, Outputs:2, VendorId:0x10de
[2024.04.24-11.41.04:955][  0]LogD3D11RHI:    1. 'Microsoft Basic Render Driver' (Feature Level 11_0)
[2024.04.24-11.41.04:955][  0]LogD3D11RHI:       0/0/32627 MB DedicatedVideo/DedicatedSystem/SharedSystem, Outputs:0, VendorId:0x1414
[2024.04.24-11.41.04:955][  0]LogD3D11RHI: Chosen D3D11 Adapter:
[2024.04.24-11.41.04:955][  0]LogD3D11RHI:     Description : NVIDIA GeForce RTX 4080 SUPER
[2024.04.24-11.41.04:955][  0]LogD3D11RHI:     VendorId    : 10de
[2024.04.24-11.41.04:955][  0]LogD3D11RHI:     DeviceId    : 2702
[2024.04.24-11.41.04:955][  0]LogD3D11RHI:     SubSysId    : 511d1028
[2024.04.24-11.41.04:955][  0]LogD3D11RHI:     Revision    : 00a1
[2024.04.24-11.41.04:955][  0]LogD3D11RHI:     DedicatedVideoMemory : 16826499072 bytes
[2024.04.24-11.41.04:955][  0]LogD3D11RHI:     DedicatedSystemMemory : 0 bytes
[2024.04.24-11.41.04:955][  0]LogD3D11RHI:     SharedSystemMemory : 34211966976 bytes
[2024.04.24-11.41.04:955][  0]LogD3D11RHI:     AdapterLuid : 0 73323
[2024.04.24-11.41.04:961][  0]LogD3D11RHI: Creating new Direct3DDevice
[2024.04.24-11.41.04:961][  0]LogD3D11RHI:     GPU DeviceId: 0x2702 (for the marketing name, search the web for "GPU Device Id")
[2024.04.24-11.41.04:961][  0]LogWindows: EnumDisplayDevices:
[2024.04.24-11.41.04:961][  0]LogWindows:    0. 'NVIDIA GeForce RTX 4080 SUPER' (P:1 D:1)
[2024.04.24-11.41.04:961][  0]LogWindows:    1. 'NVIDIA GeForce RTX 4080 SUPER' (P:0 D:1)
[2024.04.24-11.41.04:962][  0]LogWindows:    2. 'NVIDIA GeForce RTX 4080 SUPER' (P:0 D:0)
[2024.04.24-11.41.04:962][  0]LogWindows:    3. 'NVIDIA GeForce RTX 4080 SUPER' (P:0 D:0)
[2024.04.24-11.41.04:962][  0]LogWindows: DebugString: FoundDriverCount:4 
[2024.04.24-11.41.04:962][  0]LogD3D11RHI:     Adapter Name: NVIDIA GeForce RTX 4080 SUPER
[2024.04.24-11.41.04:962][  0]LogD3D11RHI:   Driver Version: 552.22 (internal:31.0.15.5222, unified:552.22)
[2024.04.24-11.41.04:962][  0]LogD3D11RHI:      Driver Date: 4-11-2024
[2024.04.24-11.41.04:962][  0]LogRHI: Texture pool is 11232 MB (70% of 16047 MB)
[2024.04.24-11.41.04:962][  0]LogD3D11RHI: Creating D3DDevice using adapter:
[2024.04.24-11.41.04:962][  0]LogD3D11RHI:     Description : NVIDIA GeForce RTX 4080 SUPER
[2024.04.24-11.41.04:962][  0]LogD3D11RHI:     VendorId    : 10de
[2024.04.24-11.41.04:962][  0]LogD3D11RHI:     DeviceId    : 2702
[2024.04.24-11.41.04:962][  0]LogD3D11RHI:     SubSysId    : 511d1028
[2024.04.24-11.41.04:962][  0]LogD3D11RHI:     Revision    : 00a1
[2024.04.24-11.41.04:962][  0]LogD3D11RHI:     DedicatedVideoMemory : 16826499072 bytes
[2024.04.24-11.41.04:962][  0]LogD3D11RHI:     DedicatedSystemMemory : 0 bytes
[2024.04.24-11.41.04:962][  0]LogD3D11RHI:     SharedSystemMemory : 34211966976 bytes
[2024.04.24-11.41.04:962][  0]LogD3D11RHI:     AdapterLuid : 0 73323
[2024.04.24-11.41.05:005][  0]LogD3D11RHI: RHI has support for 64 bit atomics
[2024.04.24-11.41.05:006][  0]LogD3D11RHI: Async texture creation enabled
[2024.04.24-11.41.05:006][  0]LogD3D11RHI: Array index from any shader is supported
[2024.04.24-11.41.05:006][  0]LogD3D11RHI: HDR output is supported on display 0 (NvId: 0x80061082).
[2024.04.24-11.41.05:023][  0]LogD3D11RHI: GPU Timing Frequency: 1000.000000 (Debug: 2 2)
[2024.04.24-11.41.05:037][  0]LogRHI: GeForceNow SDK initialized: 1
[2024.04.24-11.41.05:197][  0]LogTargetPlatformManager: Display: Loaded TargetPlatform 'AllDesktop'
[2024.04.24-11.41.05:208][  0]LogTargetPlatformManager: Display: Loaded TargetPlatform 'Android'
[2024.04.24-11.41.05:208][  0]LogTargetPlatformManager: Display: Loaded TargetPlatform 'Android_ASTC'
[2024.04.24-11.41.05:208][  0]LogTargetPlatformManager: Display: Loaded TargetPlatform 'Android_DXT'
[2024.04.24-11.41.05:208][  0]LogTargetPlatformManager: Display: Loaded TargetPlatform 'Android_ETC2'
[2024.04.24-11.41.05:208][  0]LogTargetPlatformManager: Display: Loaded TargetPlatform 'AndroidClient'
[2024.04.24-11.41.05:208][  0]LogTargetPlatformManager: Display: Loaded TargetPlatform 'Android_ASTCClient'
[2024.04.24-11.41.05:208][  0]LogTargetPlatformManager: Display: Loaded TargetPlatform 'Android_DXTClient'
[2024.04.24-11.41.05:208][  0]LogTargetPlatformManager: Display: Loaded TargetPlatform 'Android_ETC2Client'
[2024.04.24-11.41.05:208][  0]LogTargetPlatformManager: Display: Loaded TargetPlatform 'Android_Multi'
[2024.04.24-11.41.05:208][  0]LogTargetPlatformManager: Display: Loaded TargetPlatform 'Android_MultiClient'
[2024.04.24-11.41.05:217][  0]LogTargetPlatformManager: Display: Loaded TargetPlatform 'IOSClient'
[2024.04.24-11.41.05:218][  0]LogTargetPlatformManager: Display: Loaded TargetPlatform 'IOS'
[2024.04.24-11.41.05:222][  0]LogTargetPlatformManager: Display: Loaded TargetPlatform 'Linux'
[2024.04.24-11.41.05:225][  0]LogTargetPlatformManager: Display: Loaded TargetPlatform 'LinuxNoEditor'
[2024.04.24-11.41.05:227][  0]LogTargetPlatformManager: Display: Loaded TargetPlatform 'LinuxClient'
[2024.04.24-11.41.05:229][  0]LogTargetPlatformManager: Display: Loaded TargetPlatform 'LinuxServer'
[2024.04.24-11.41.05:234][  0]LogTargetPlatformManager: Display: Loaded TargetPlatform 'LinuxAArch64NoEditor'
[2024.04.24-11.41.05:236][  0]LogTargetPlatformManager: Display: Loaded TargetPlatform 'LinuxAArch64Client'
[2024.04.24-11.41.05:238][  0]LogTargetPlatformManager: Display: Loaded TargetPlatform 'LinuxAArch64Server'
[2024.04.24-11.41.05:250][  0]LogTargetPlatformManager: Display: Loaded TargetPlatform 'Lumin'
[2024.04.24-11.41.05:250][  0]LogTargetPlatformManager: Display: Loaded TargetPlatform 'LuminClient'
[2024.04.24-11.41.05:254][  0]LogTargetPlatformManager: Display: Loaded TargetPlatform 'MacNoEditor'
[2024.04.24-11.41.05:256][  0]LogTargetPlatformManager: Display: Loaded TargetPlatform 'Mac'
[2024.04.24-11.41.05:258][  0]LogTargetPlatformManager: Display: Loaded TargetPlatform 'MacClient'
[2024.04.24-11.41.05:261][  0]LogTargetPlatformManager: Display: Loaded TargetPlatform 'MacServer'
[2024.04.24-11.41.05:266][  0]LogTargetPlatformManager: Display: Loaded TargetPlatform 'TVOSClient'
[2024.04.24-11.41.05:266][  0]LogTargetPlatformManager: Display: Loaded TargetPlatform 'TVOS'
[2024.04.24-11.41.05:270][  0]LogTargetPlatformManager: Display: Loaded TargetPlatform 'WindowsNoEditor'
[2024.04.24-11.41.05:272][  0]LogTargetPlatformManager: Display: Loaded TargetPlatform 'Windows'
[2024.04.24-11.41.05:275][  0]LogTargetPlatformManager: Display: Loaded TargetPlatform 'WindowsClient'
[2024.04.24-11.41.05:277][  0]LogTargetPlatformManager: Display: Loaded TargetPlatform 'WindowsServer'
[2024.04.24-11.41.05:277][  0]LogTargetPlatformManager: Display: Building Assets For Windows
[2024.04.24-11.41.05:281][  0]LogAudioDebug: Display: Lib vorbis DLL was dynamically loaded.
[2024.04.24-11.41.05:298][  0]LogTextureFormatOodle: Display: Oodle Texture 2.9.0 init RDO Off
[2024.04.24-11.41.05:315][  0]LogRendererCore: Ray tracing is disabled. Reason: r.RayTracing=0.
[2024.04.24-11.41.05:315][  0]LogShaderCompilers: Guid format shader working directory is -22 characters bigger than the processId version (../../../../../../Users/edgos/Documents/GitHub/Jelly-Hunt/JellyHunt/Intermediate/Shaders/WorkingDirectory/35680/).
[2024.04.24-11.41.05:315][  0]LogShaderCompilers: Cleaned the shader compiler working directory 'C:/Users/edgos/AppData/Local/Temp/UnrealShaderWorkingDir/4468617D424D50608FDD2DB6E1A6090E/'.
[2024.04.24-11.41.05:316][  0]LogXGEController: Cannot use XGE Controller as Incredibuild is not installed on this machine.
[2024.04.24-11.41.05:316][  0]LogShaderCompilers: Cannot use XGE Shader Compiler as Incredibuild is not installed on this machine.
[2024.04.24-11.41.05:316][  0]LogShaderCompilers: Display: Using Local Shader Compiler.
[2024.04.24-11.41.05:728][  0]LogDerivedDataCache: Display: Max Cache Size: 512 MB
[2024.04.24-11.41.05:766][  0]LogDerivedDataCache: Loaded boot cache 0.04s 94MB C:/Users/edgos/AppData/Local/UnrealEngine/4.27/DerivedDataCache/Boot.ddc.
[2024.04.24-11.41.05:766][  0]LogDerivedDataCache: Display: Loaded Boot cache: C:/Users/edgos/AppData/Local/UnrealEngine/4.27/DerivedDataCache/Boot.ddc
[2024.04.24-11.41.05:766][  0]LogDerivedDataCache: FDerivedDataBackendGraph:  Pak pak cache file ../../../../../../Users/edgos/Documents/GitHub/Jelly-Hunt/JellyHunt/DerivedDataCache/DDC.ddp not found, will not use a pak cache.
[2024.04.24-11.41.05:766][  0]LogDerivedDataCache: Unable to find inner node Pak for hierarchical cache Hierarchy.
[2024.04.24-11.41.05:766][  0]LogDerivedDataCache: FDerivedDataBackendGraph:  CompressedPak pak cache file ../../../../../../Users/edgos/Documents/GitHub/Jelly-Hunt/JellyHunt/DerivedDataCache/Compressed.ddp not found, will not use a pak cache.
[2024.04.24-11.41.05:766][  0]LogDerivedDataCache: Unable to find inner node CompressedPak for hierarchical cache Hierarchy.
[2024.04.24-11.41.05:776][  0]LogDerivedDataCache: Display: Pak cache opened for reading ../../../Engine/DerivedDataCache/Compressed.ddp.
[2024.04.24-11.41.05:776][  0]LogDerivedDataCache: FDerivedDataBackendGraph:  EnterprisePak pak cache file ../../../Enterprise/DerivedDataCache/Compressed.ddp not found, will not use a pak cache.
[2024.04.24-11.41.05:776][  0]LogDerivedDataCache: Unable to find inner node EnterprisePak for hierarchical cache Hierarchy.
[2024.04.24-11.41.05:779][  0]LogDerivedDataCache: Speed tests for C:/Users/edgos/AppData/Local/UnrealEngine/Common/DerivedDataCache took 0.00 seconds
[2024.04.24-11.41.05:779][  0]LogDerivedDataCache: Display: Performance to C:/Users/edgos/AppData/Local/UnrealEngine/Common/DerivedDataCache: Latency=0.01ms. RandomReadSpeed=3057.18MBs, RandomWriteSpeed=388.78MBs. Assigned SpeedClass 'Local'
[2024.04.24-11.41.05:780][  0]LogDerivedDataCache: Using Local data cache path C:/Users/edgos/AppData/Local/UnrealEngine/Common/DerivedDataCache: Writable
[2024.04.24-11.41.05:780][  0]LogDerivedDataCache: Shared data cache path not found in *engine.ini, will not use an Shared cache.
[2024.04.24-11.41.05:780][  0]LogDerivedDataCache: Unable to find inner node Shared for hierarchical cache Hierarchy.
[2024.04.24-11.41.05:803][  0]LogSlate: Using FreeType 2.10.0
[2024.04.24-11.41.05:803][  0]LogSlate: SlateFontServices - WITH_FREETYPE: 1, WITH_HARFBUZZ: 1
[2024.04.24-11.41.05:818][  0]LogAssetRegistry: FAssetRegistry took 0.0016 seconds to start up
[2024.04.24-11.41.05:930][  0]LogInit: Selected Device Profile: [Windows]
[2024.04.24-11.41.05:930][  0]LogInit: Active device profile: [0000026889B84B00][0000026886B4FB40 49] Windows
[2024.04.24-11.41.05:930][  0]LogInit: Profiles: [0000026889B84B00][0000026886B4FB40 49] Windows, [0000026889B4E100][000002688809C140 49] WindowsNoEditor, [0000026889B85900][00000268880A02C0 49] WindowsServer, [0000026889B4EE00][00000268880A4440 49] WindowsClient, [0000026889B87C00][00000268880A85C0 49] IOS, [0000026889B4CF00][00000268880AC740 49] iPadAir, [0000026889B87E00][0000026888098880 49] iPadAir2, [0000026889AFCE00][00000268880B4AC0 49] IPadPro, [0000026889AFCF00][00000268880B0B00 49] iPadAir3, [0000026889B4FB00][00000268880BCC80 49] iPadAir4, [0000026889AFF800][00000268880C0E00 49] iPadMini2, [0000026889B4EF00][00000268880C4F80 49] iPadMini3, [0000026889AFFA00][00000268880C9100 49] iPadMini4, [0000026889B4F800][00000268880CD280 49] iPadMini5, [0000026889B40600][00000268880D5540 49] iPhone6, [0000026889B40700][00000268880D1580 49] iPodTouch6, [0000026889B86800][00000268880DD840 49] iPhone7, [0000026889B86600][00000268880D9880 49] iPodTouch7, [0000026889B40100][00000268880E1A00 49] iPhone5S, [0000026889AFC700][00000268880E5B80 49] iPhone6Plus, [0000026889B42500][00000268880E8180 49] iPhone6S, [0000026889AFD300][00000268880EC300 49] iPhone6SPlus, [0000026889B43B00][000002688A352480 49] iPhone7Plus, [0000026889AFF700][000002688A356600 49] iPhoneSE, [0000026889B86B00][000002688A35A780 49] iPhone8, [0000026889AFC600][000002688A35E900 49] iPhone8Plus, [0000026889B86100][00000268880B8A40 49] iPhoneX, [0000026889AFE900][000002688A362B80 49] iPhoneXS, [0000026889B87700][000002688A366CC0 49] iPhoneXSMax, [0000026889AFEF00][000002688A36EE40 49] iPhoneXR, [0000026889B87B00][000002688A372FC0 49] iPhone11, [0000026889AFDE00][000002688A377140 49] iPhone11Pro, [0000026889B84700][000002688A37B2C0 49] iPhone11ProMax, [0000026889AFE000][000002688A37F440 49] iPhoneSE2, [0000026889B87A00][000002688A3835C0 49] iPhone12Mini, [0000026889AFE100][000002688A387740 49] iPhone12, [0000026889B84600][000002688A38B8C0 49] iPhone12Pro, [0000026889AFF400][000002688A38FA40 49] iPhone12ProMax, [0000026889B84800][000002688A393BC0 49] iPadPro105, [0000026889AFD900][000002688A3961C0 49] iPadPro129, [0000026889B87F00][000002688A39A340 49] iPadPro97, [0000026889AFFC00][000002688A39E4C0 49] iPadPro2_129, [0000026889B87900][000002688A3A2640 49] iPad5, [0000026889AFC300][000002688A3A67C0 49] iPad6, [0000026889B85B00][000002688A3AA940 49] iPad7, [0000026889AFF600][000002688A3AEAC0 49] iPad8, [0000026889B85600][000002688A36AC00 49] iPadPro11, [0000026889AFED00][000002688A3B2D40 49] iPadPro2_11, [0000026889B85A00][000002688A3B6E80 49] iPadPro3_129, [0000026889AFEE00][000002688A3BAFC0 49] iPadPro4_129, [0000026889B84500][000002688A3C3140 49] AppleTV, [0000026889AFF000][000002688A3C72C0 49] AppleTV4K, [0000026889B85C00][000002688A3CB440 49] TVOS, [0000026889AFC800][000002688A3CF5C0 49] Mac, [0000026889B86500][000002688A3D3740 49] MacClient, [0000026889AFEC00][000002688A3D78C0 49] MacNoEditor, [0000026889B87500][000002688A3DBA40 49] MacServer, [0000026889AFCA00][000002688A3DFBC0 49] Linux, [0000026889B84400][000002688A3E21C0 49] LinuxAArch64, [0000026889AFDA00][000002688A3E6340 49] LinuxNoEditor, [0000026889B85D00][000002688A3EA4C0 49] LinuxAArch64NoEditor, [0000026889AFE700][000002688A3EE640 49] LinuxClient, [0000026889B85400][000002688A3F27C0 49] LinuxAArch64Client, [0000026889AFE800][000002688A3F6940 49] LinuxServer, [0000026889B86F00][000002688A3FAAC0 49] LinuxAArch64Server, [0000026889AFD700][000002688A3FEC40 49] Android, [0000026889B87D00][000002688A3BED80 49] Android_Low, [0000026889AFCB00][000002688A402EC0 49] Android_Mid, [0000026889B86200][000002688A407000 49] Android_High, [0000026889AFCC00][000002688A40B140 49] Android_Default, [0000026889B85300][000002688A4132C0 49] Android_Adreno4xx, [0000026889B4E300][000002688A417440 49] Android_Adreno5xx_Low, [0000026889B41C00][000002688A41B5C0 49] Android_Adreno5xx, [0000026889B4E600][000002688A41F740 49] Android_Adreno6xx, [0000026889B42000][000002688A4238C0 49] Android_Adreno6xx_Vulkan, [0000026889B4C400][000002688A427A40 49] Android_Mali_T6xx, [0000026889B40F00][000002688A42BBC0 49] Android_Mali_T7xx, [0000026889B4DC00][000002688A42E1C0 49] Android_Mali_T8xx, [0000026889B41F00][000002688A432340 49] Android_Mali_G71, [0000026889B4E800][000002688A4364C0 49] Android_Mali_G72, [0000026889B43300][000002688A43A640 49] Android_Mali_G72_Vulkan, [0000026889B4FE00][000002688A43E7C0 49] Android_Mali_G76, [0000026889B42200][000002688A442940 49] Android_Mali_G76_Vulkan, [0000026889B4DE00][000002688A446AC0 49] Android_Mali_G77, [0000026889B40900][000002688A44AC40 49] Android_Mali_G77_Vulkan, [0000026889B4FF00][000002688A44EDC0 49] Android_Mali_G78, [0000026889B41300][000002688A452F40 49] Android_Mali_G78_Vulkan, [0000026889B4F400][000002688A40F080 49] Android_Mali_G710, [0000026889B43E00][000002688A4571C0 49] Android_Mali_G710_Vulkan, [0000026889B4C700][000002688A45B300 49] Android_Vulkan_SM5, [0000026889B43F00][000002688A463480 49] Android_PowerVR_G6xxx, [0000026889B4DF00][000002688A467600 49] Android_PowerVR_GT7xxx, [0000026889B42B00][000002688A46B780 49] Android_PowerVR_GE8xxx, [0000026889B4F700][000002688A46F900 49] Android_PowerVR_GM9xxx, [0000026889B42800][000002688A473A80 49] Android_PowerVR_GM9xxx_Vulkan, [0000026889B4D500][000002688A477C00 49] Android_TegraK1, [0000026889B41700][000002688A47A200 49] Android_Unknown_Vulkan, [0000026889B4EC00][000002688A47E380 49] Lumin, [0000026889B43D00][000002688A482500 49] Lumin_Desktop, [0000026889B4CE00][00000268F7DDE680 49] HoloLens, 
[2024.04.24-11.41.05:996][  0]LogMeshReduction: Using QuadricMeshReduction for automatic static mesh reduction
[2024.04.24-11.41.05:996][  0]LogMeshReduction: Using SimplygonMeshReduction for automatic skeletal mesh reduction
[2024.04.24-11.41.05:996][  0]LogMeshReduction: Using ProxyLODMeshReduction for automatic mesh merging
[2024.04.24-11.41.05:996][  0]LogMeshReduction: No distributed automatic mesh merging module available
[2024.04.24-11.41.05:996][  0]LogMeshMerging: No distributed automatic mesh merging module available
[2024.04.24-11.41.06:004][  0]LogNetVersion: JellyHunt 1.0.0, NetCL: 17155196, EngineNetVer: 17, GameNetVer: 0 (Checksum: 2506878787)
[2024.04.24-11.41.06:191][  0]LogTexture: Default maximum texture size for cubemaps generated from long-lat sources has been changed from 512 to unlimited. In order to preserve old behaiour for '/Engine/MapTemplates/Sky/DaylightAmbientCubemap.DaylightAmbientCubemap', its maximum texture size has been explicitly set to 512.
[2024.04.24-11.41.06:223][  0]LogHMD: PokeAHoleMaterial loaded successfully
[2024.04.24-11.41.06:226][  0]LogUObjectArray: 17178 objects as part of root set at end of initial load.
[2024.04.24-11.41.06:226][  0]LogUObjectAllocator: 4302048 out of 0 bytes used by permanent object pool.
[2024.04.24-11.41.06:226][  0]LogUObjectArray: CloseDisregardForGC: 0/0 objects in disregard for GC pool
[2024.04.24-11.41.06:374][  0]LogNiagaraDebuggerClient: Niagara Debugger Client Initialized | Session: BED992B64BAA51E0D0ACB0BF00942703 | Instance: 5E8C9A944318D063308CBBA72D8DEB16 (LASTCHANCE-35680).
[2024.04.24-11.41.06:392][  0]LogPython: Using Python 3.7.7
[2024.04.24-11.41.06:667][  0]LogTcpMessaging: Initializing TcpMessaging bridge
[2024.04.24-11.41.06:709][  0]LogUdpMessaging: Initializing bridge on interface 0.0.0.0:0 to multicast group 230.0.0.1:6666.
[2024.04.24-11.41.06:726][  0]LogTemp: Warning: NodeName
[2024.04.24-11.41.06:726][  0]LogTemp: Warning: NodeName
[2024.04.24-11.41.07:166][  0]LogWindows: Error: === Critical error: ===
[2024.04.24-11.41.07:167][  0]LogWindows: Error: 
[2024.04.24-11.41.07:167][  0]LogWindows: Error: Fatal error!
[2024.04.24-11.41.07:167][  0]LogWindows: Error: 
[2024.04.24-11.41.07:167][  0]LogWindows: Error: Unhandled Exception: EXCEPTION_ACCESS_VIOLATION reading address 0x0000000000000bb0
[2024.04.24-11.41.07:167][  0]LogWindows: Error: 
[2024.04.24-11.41.07:167][  0]LogWindows: Error: [Callstack] 0x00007ffcaa9c62ff UE4Editor-Engine.dll!UnknownFunction []
[2024.04.24-11.41.07:167][  0]LogWindows: Error: [Callstack] 0x00007ffc8a2b31d7 UE4Editor-JellyHunt-0010.dll!ANPC_AIController::ANPC_AIController() [C:\Users\edgos\Documents\GitHub\Jelly-Hunt\JellyHunt\Source\JellyHunt\NPC_AIController.cpp:19]
[2024.04.24-11.41.07:167][  0]LogWindows: Error: [Callstack] 0x00007ffccb5061d3 UE4Editor-CoreUObject.dll!UnknownFunction []
[2024.04.24-11.41.07:167][  0]LogWindows: Error: [Callstack] 0x00007ffccb828faf UE4Editor-CoreUObject.dll!UnknownFunction []
[2024.04.24-11.41.07:167][  0]LogWindows: Error: [Callstack] 0x00007ffccb805411 UE4Editor-CoreUObject.dll!UnknownFunction []
[2024.04.24-11.41.07:167][  0]LogWindows: Error: [Callstack] 0x00007ffccb6cddc5 UE4Editor-CoreUObject.dll!UnknownFunction []
[2024.04.24-11.41.07:167][  0]LogWindows: Error: [Callstack] 0x00007ffcc7031bea UE4Editor-Core.dll!UnknownFunction []
[2024.04.24-11.41.07:167][  0]LogWindows: Error: [Callstack] 0x00007ffcc70515a3 UE4Editor-Core.dll!UnknownFunction []
[2024.04.24-11.41.07:167][  0]LogWindows: Error: [Callstack] 0x00007ffcf5876433 UE4Editor-Projects.dll!UnknownFunction []
[2024.04.24-11.41.07:167][  0]LogWindows: Error: [Callstack] 0x00007ffcf587674f UE4Editor-Projects.dll!UnknownFunction []
[2024.04.24-11.41.07:167][  0]LogWindows: Error: [Callstack] 0x00007ff64dcc5642 UE4Editor.exe!UnknownFunction []
[2024.04.24-11.41.07:167][  0]LogWindows: Error: [Callstack] 0x00007ff64dcc9000 UE4Editor.exe!UnknownFunction []
[2024.04.24-11.41.07:167][  0]LogWindows: Error: [Callstack] 0x00007ff64dcc0d2c UE4Editor.exe!UnknownFunction []
[2024.04.24-11.41.07:167][  0]LogWindows: Error: [Callstack] 0x00007ff64dcc10ba UE4Editor.exe!UnknownFunction []
[2024.04.24-11.41.07:167][  0]LogWindows: Error: [Callstack] 0x00007ff64dcc40dd UE4Editor.exe!UnknownFunction []
[2024.04.24-11.41.07:167][  0]LogWindows: Error: [Callstack] 0x00007ff64dcd5984 UE4Editor.exe!UnknownFunction []
[2024.04.24-11.41.07:167][  0]LogWindows: Error: [Callstack] 0x00007ff64dcd853a UE4Editor.exe!UnknownFunction []
[2024.04.24-11.41.07:167][  0]LogWindows: Error: [Callstack] 0x00007ffd48d2257d KERNEL32.DLL!UnknownFunction []
[2024.04.24-11.41.07:167][  0]LogWindows: Error: [Callstack] 0x00007ffd4a14aa48 ntdll.dll!UnknownFunction []
[2024.04.24-11.41.07:167][  0]LogWindows: Error: 
[2024.04.24-11.41.07:176][  0]LogExit: Executing StaticShutdownAfterError
[2024.04.24-11.41.07:176][  0]LogWindows: FPlatformMisc::RequestExit(1)
[2024.04.24-11.41.07:176][  0]LogWindows: FPlatformMisc::RequestExitWithStatus(1, 3)
[2024.04.24-11.41.07:176][  0]LogCore: Engine exit requested (reason: Win RequestExit)
[2024.04.24-11.41.07:187][  0]Log file closed, 04/24/24 12:41:07
