Log file open, 05/01/24 15:57:20
LogWindows: Failed to load 'aqProf.dll' (GetLastError=126)
LogWindows: File 'aqProf.dll' does not exist
LogWindows: Failed to load 'VtuneApi.dll' (GetLastError=126)
LogWindows: File 'VtuneApi.dll' does not exist
LogWindows: Failed to load 'VtuneApi32e.dll' (GetLastError=126)
LogWindows: File 'VtuneApi32e.dll' does not exist
LogConsoleResponse: Display: Failed to find resolution value strings in scalability ini. Falling back to default.
LogConsoleResponse: Display: Failed to find resolution value strings in scalability ini. Falling back to default.
LogInit: Display: Running engine for game: JellyHunt
LogPlatformFile: Not using cached read wrapper
LogTaskGraph: Started task graph with 5 named threads and 83 total threads with 3 sets of task threads.
LogStats: Stats thread started at 0.267818
LogICUInternationalization: ICU TimeZone Detection - Raw Offset: +0:00, Platform Override: ''
LogInit: Display: Loading text-based GConfig....
LogPluginManager: Mounting plugin MeshPainting
LogPluginManager: Mounting plugin XGEController
LogPluginManager: Mounting plugin Paper2D
LogPluginManager: Mounting plugin LiveLink
LogPluginManager: Mounting plugin AISupport
LogPluginManager: Mounting plugin EnvironmentQueryEditor
LogPluginManager: Mounting plugin OodleNetwork
LogPluginManager: Mounting plugin LightPropagationVolume
LogPluginManager: Mounting plugin OodleData
LogPluginManager: Mounting plugin DatasmithContent
LogPluginManager: Mounting plugin VariantManagerContent
LogPluginManager: Mounting plugin CLionSourceCodeAccess
LogPluginManager: Mounting plugin AnimationSharing
LogPluginManager: Mounting plugin CodeLiteSourceCodeAccess
LogPluginManager: Mounting plugin GitSourceControl
LogPluginManager: Mounting plugin CameraShakePreviewer
LogPluginManager: Mounting plugin PixWinPlugin
LogPluginManager: Mounting plugin NullSourceCodeAccess
LogPluginManager: Mounting plugin KDevelopSourceCodeAccess
LogPluginManager: Mounting plugin PropertyAccessNode
LogPluginManager: Mounting plugin PluginUtils
LogPluginManager: Mounting plugin PerforceSourceControl
LogPluginManager: Mounting plugin PlasticSourceControl
LogPluginManager: Mounting plugin TextureFormatOodle
LogPluginManager: Mounting plugin RiderSourceCodeAccess
LogPluginManager: Mounting plugin UObjectPlugin
LogPluginManager: Mounting plugin GameplayCameras
LogPluginManager: Mounting plugin SubversionSourceControl
LogPluginManager: Mounting plugin VisualStudioSourceCodeAccess
LogPluginManager: Mounting plugin AutomationUtils
LogPluginManager: Mounting plugin BackChannel
LogPluginManager: Mounting plugin AlembicImporter
LogPluginManager: Mounting plugin ChaosCloth
LogPluginManager: Mounting plugin ChaosNiagara
LogPluginManager: Mounting plugin ChaosClothEditor
LogPluginManager: Mounting plugin XCodeSourceCodeAccess
LogPluginManager: Mounting plugin ChaosEditor
LogPluginManager: Mounting plugin ChaosSolverPlugin
LogPluginManager: Mounting plugin AssetManagerEditor
LogPluginManager: Mounting plugin CharacterAI
LogPluginManager: Mounting plugin VisualStudioCodeSourceCodeAccess
LogPluginManager: Mounting plugin CryptoKeys
LogPluginManager: Mounting plugin GeometryMode
LogPluginManager: Mounting plugin DataValidation
LogPluginManager: Mounting plugin GameplayTagsEditor
LogPluginManager: Mounting plugin CurveEditorTools
LogPluginManager: Mounting plugin MacGraphicsSwitching
LogPluginManager: Mounting plugin MobileLauncherProfileWizard
LogPluginManager: Mounting plugin FacialAnimation
LogPluginManager: Mounting plugin GeometryCollectionPlugin
LogPluginManager: Mounting plugin MaterialAnalyzer
LogPluginManager: Mounting plugin PluginBrowser
LogPluginManager: Mounting plugin SpeedTreeImporter
LogPluginManager: Mounting plugin GeometryProcessing
LogPluginManager: Mounting plugin MotoSynth
LogPluginManager: Mounting plugin OpenImageDenoise
LogPluginManager: Mounting plugin GeometryCache
LogPluginManager: Mounting plugin PlatformCrypto
LogPluginManager: Mounting plugin PythonScriptPlugin
LogPluginManager: Mounting plugin PlanarCut
LogPluginManager: Mounting plugin ProxyLODPlugin
LogPluginManager: Mounting plugin AndroidMedia
LogPluginManager: Mounting plugin AvfMedia
LogPluginManager: Mounting plugin ImgMedia
LogPluginManager: Mounting plugin MediaPlayerEditor
LogPluginManager: Mounting plugin WmfMedia
LogPluginManager: Mounting plugin LuminPlatformFeatures
LogPluginManager: Mounting plugin MediaCompositing
LogPluginManager: Mounting plugin WebMMedia
LogPluginManager: Mounting plugin MagicLeap
LogPluginManager: Mounting plugin SkeletalReduction
LogPluginManager: Mounting plugin UdpMessaging
LogPluginManager: Mounting plugin MagicLeapMedia
LogPluginManager: Mounting plugin MLSDK
LogPluginManager: Mounting plugin MagicLeapPassableWorld
LogPluginManager: Mounting plugin MagicLeapLightEstimation
LogPluginManager: Mounting plugin LevelSequenceEditor
LogPluginManager: Mounting plugin TemplateSequence
LogPluginManager: Mounting plugin MatineeToLevelSequence
LogPluginManager: Mounting plugin ActorSequence
LogPluginManager: Mounting plugin AndroidMoviePlayer
LogPluginManager: Mounting plugin AppleImageUtils
LogPluginManager: Mounting plugin ActorLayerUtilities
LogPluginManager: Mounting plugin TcpMessaging
LogPluginManager: Mounting plugin ArchVisCharacter
LogPluginManager: Mounting plugin AndroidPermission
LogPluginManager: Mounting plugin AssetTags
LogPluginManager: Mounting plugin AndroidDeviceProfileSelector
LogPluginManager: Mounting plugin AudioSynesthesia
LogPluginManager: Mounting plugin EditableMesh
LogPluginManager: Mounting plugin CustomMeshComponent
LogPluginManager: Mounting plugin AudioCapture
LogPluginManager: Mounting plugin AppleMoviePlayer
LogPluginManager: Mounting plugin ExampleDeviceProfileSelector
LogPluginManager: Mounting plugin OnlineSubsystemNull
LogPluginManager: Mounting plugin OnlineSubsystem
LogPluginManager: Mounting plugin CableComponent
LogPluginManager: Mounting plugin ChunkDownloader
LogPluginManager: Mounting plugin OnlineSubsystemUtils
LogPluginManager: Mounting plugin ScreenshotTools
LogPluginManager: Mounting plugin GoogleCloudMessaging
LogPluginManager: Mounting plugin IOSDeviceProfileSelector
LogPluginManager: Mounting plugin LinuxDeviceProfileSelector
LogPluginManager: Mounting plugin GooglePAD
LogPluginManager: Mounting plugin LocationServicesBPLibrary
LogPluginManager: Mounting plugin MobilePatchingUtils
LogPluginManager: Mounting plugin OpenXR
LogPluginManager: Mounting plugin OpenXREyeTracker
LogPluginManager: Mounting plugin PhysXVehicles
LogPluginManager: Mounting plugin ProceduralMeshComponent
LogPluginManager: Mounting plugin PostSplashScreen
LogPluginManager: Mounting plugin PropertyAccessEditor
LogPluginManager: Mounting plugin SoundFields
LogPluginManager: Mounting plugin RuntimePhysXCooking
LogPluginManager: Mounting plugin SignificanceManager
LogPluginManager: Mounting plugin Takes
LogPluginManager: Mounting plugin OpenXRHandTracking
LogPluginManager: Mounting plugin Synthesis
LogPluginManager: Mounting plugin WebMMoviePlayer
LogPluginManager: Mounting plugin WindowsMoviePlayer
LogPluginManager: Mounting plugin Niagara
LogPluginManager: Mounting plugin LauncherChunkInstaller
LogPluginManager: Mounting plugin ContentBrowserAssetDataSource
LogPluginManager: Mounting plugin ContentBrowserClassDataSource
LogPluginManager: Mounting plugin ContentBrowserFileDataSource
LogPluginManager: Mounting plugin OnlineSubsystemIOS
LogPluginManager: Mounting plugin OnlineSubsystemGooglePlay
LogPluginManager: Mounting plugin OculusVR
LogPluginManager: Mounting plugin SteamVR
PixWinPlugin: PIX capture plugin failed to initialize! Check that the process is launched from PIX.
LogInit: Using libcurl 7.55.1-DEV
LogInit:  - built for x86_64-pc-win32
LogInit:  - supports SSL with OpenSSL/1.1.1
LogInit:  - supports HTTP deflate (compression) using libz 1.2.8
LogInit:  - other features:
LogInit:      CURL_VERSION_SSL
LogInit:      CURL_VERSION_LIBZ
LogInit:      CURL_VERSION_IPV6
LogInit:      CURL_VERSION_ASYNCHDNS
LogInit:      CURL_VERSION_LARGEFILE
LogInit:      CURL_VERSION_IDN
LogInit:  CurlRequestOptions (configurable via config and command line):
LogInit:  - bVerifyPeer = true  - Libcurl will verify peer certificate
LogInit:  - bUseHttpProxy = false  - Libcurl will NOT use HTTP proxy
LogInit:  - bDontReuseConnections = false  - Libcurl will reuse connections
LogInit:  - MaxHostConnections = 16  - Libcurl will limit the number of connections to a host
LogInit:  - LocalHostAddr = Default
LogInit:  - BufferSize = 65536
LogOnline: OSS: Creating online subsystem instance for: NULL
LogInit: WinSock: version 1.1 (2.2), MaxSocks=32767, MaxUdp=65467
LogOnline: OSS: TryLoadSubsystemAndSetDefault: Loaded subsystem for module [NULL]
LogOculusPluginWrapper: OculusPlugin initialized successfully
LogHMD: Failed initializing OVRPlugin 1.59.0
LogInit: Build: ++UE4+Release-4.27-CL-18319896
LogInit: Engine Version: 4.27.2-18319896+++UE4+Release-4.27
LogInit: Compatible Engine Version: 4.27.0-17155196+++UE4+Release-4.27
LogInit: Net CL: 17155196
LogInit: OS: Windows 10 (Release 2009) (), CPU: Intel(R) Core(TM) i9-14900F, GPU: NVIDIA GeForce RTX 4080 SUPER
LogInit: Compiled (64-bit): Nov 30 2021 07:12:08
LogInit: Compiled with Visual C++: 19.24.28315.00
LogInit: Build Configuration: Development
LogInit: Branch Name: ++UE4+Release-4.27
LogInit: Command Line:  -skipcompile
LogInit: Base Directory: C:/Program Files/Epic Games/UE_4.27/Engine/Binaries/Win64/
LogInit: Allocator: TBB
LogInit: Installed Engine Build: 1
LogDevObjectVersion: Number of dev versions registered: 29
LogDevObjectVersion:   Dev-Blueprints (B0D832E4-1F89-4F0D-ACCF-7EB736FD4AA2): 10
LogDevObjectVersion:   Dev-Build (E1C64328-A22C-4D53-A36C-8E866417BD8C): 0
LogDevObjectVersion:   Dev-Core (375EC13C-06E4-48FB-B500-84F0262A717E): 4
LogDevObjectVersion:   Dev-Editor (E4B068ED-F494-42E9-A231-DA0B2E46BB41): 40
LogDevObjectVersion:   Dev-Framework (CFFC743F-43B0-4480-9391-14DF171D2073): 37
LogDevObjectVersion:   Dev-Mobile (B02B49B5-BB20-44E9-A304-32B752E40360): 3
LogDevObjectVersion:   Dev-Networking (A4E4105C-59A1-49B5-A7C5-40C4547EDFEE): 0
LogDevObjectVersion:   Dev-Online (39C831C9-5AE6-47DC-9A44-9C173E1C8E7C): 0
LogDevObjectVersion:   Dev-Physics (78F01B33-EBEA-4F98-B9B4-84EACCB95AA2): 14
LogDevObjectVersion:   Dev-Platform (6631380F-2D4D-43E0-8009-CF276956A95A): 0
LogDevObjectVersion:   Dev-Rendering (12F88B9F-8875-4AFC-A67C-D90C383ABD29): 45
LogDevObjectVersion:   Dev-Sequencer (7B5AE74C-D270-4C10-A958-57980B212A5A): 13
LogDevObjectVersion:   Dev-VR (D7296918-1DD6-4BDD-9DE2-64A83CC13884): 3
LogDevObjectVersion:   Dev-LoadTimes (C2A15278-BFE7-4AFE-6C17-90FF531DF755): 1
LogDevObjectVersion:   Private-Geometry (6EACA3D4-40EC-4CC1-B786-8BED09428FC5): 3
LogDevObjectVersion:   Dev-AnimPhys (29E575DD-E0A3-4627-9D10-D276232CDCEA): 17
LogDevObjectVersion:   Dev-Anim (AF43A65D-7FD3-4947-9873-3E8ED9C1BB05): 15
LogDevObjectVersion:   Dev-ReflectionCapture (6B266CEC-1EC7-4B8F-A30B-E4D90942FC07): 1
LogDevObjectVersion:   Dev-Automation (0DF73D61-A23F-47EA-B727-89E90C41499A): 1
LogDevObjectVersion:   FortniteMain (601D1886-AC64-4F84-AA16-D3DE0DEAC7D6): 47
LogDevObjectVersion:   FortniteRelease (E7086368-6B23-4C58-8439-1B7016265E91): 1
LogDevObjectVersion:   Dev-Enterprise (9DFFBCD6-494F-0158-E221-12823C92A888): 10
LogDevObjectVersion:   Dev-Niagara (F2AED0AC-9AFE-416F-8664-AA7FFA26D6FC): 1
LogDevObjectVersion:   Dev-Destruction (174F1F0B-B4C6-45A5-B13F-2EE8D0FB917D): 10
LogDevObjectVersion:   Dev-Physics-Ext (35F94A83-E258-406C-A318-09F59610247C): 41
LogDevObjectVersion:   Dev-PhysicsMaterial-Chaos (B68FC16E-8B1B-42E2-B453-215C058844FE): 1
LogDevObjectVersion:   Dev-CineCamera (B2E18506-4273-CFC2-A54E-F4BB758BBA07): 1
LogDevObjectVersion:   Dev-VirtualProduction (64F58936-FD1B-42BA-BA96-7289D5D0FA4E): 1
LogDevObjectVersion:   Dev-MediaFramework (6F0ED827-A609-4895-9C91-998D90180EA4): 2
LogInit: Presizing for max 25165824 objects, including 0 objects not considered by GC, pre-allocating 0 bytes for permanent pool.
LogConfig: Applying CVar settings from Section [/Script/Engine.StreamingSettings] File [C:/Users/edgos/Documents/GitHub/Jelly-Hunt/JellyHunt/Saved/Config/Windows/Engine.ini]
LogConfig: Setting CVar [[s.MinBulkDataSizeForAsyncLoading:131072]]
LogConfig: Setting CVar [[s.AsyncLoadingThreadEnabled:0]]
LogConfig: Setting CVar [[s.EventDrivenLoaderEnabled:1]]
LogConfig: Setting CVar [[s.WarnIfTimeLimitExceeded:0]]
LogConfig: Setting CVar [[s.TimeLimitExceededMultiplier:1.5]]
LogConfig: Setting CVar [[s.TimeLimitExceededMinTime:0.005]]
LogConfig: Setting CVar [[s.UseBackgroundLevelStreaming:1]]
LogConfig: Setting CVar [[s.PriorityAsyncLoadingExtraTime:15.0]]
LogConfig: Setting CVar [[s.LevelStreamingActorsUpdateTimeLimit:5.0]]
LogConfig: Setting CVar [[s.PriorityLevelStreamingActorsUpdateExtraTime:5.0]]
LogConfig: Setting CVar [[s.LevelStreamingComponentsRegistrationGranularity:10]]
LogConfig: Setting CVar [[s.UnregisterComponentsTimeLimit:1.0]]
LogConfig: Setting CVar [[s.LevelStreamingComponentsUnregistrationGranularity:5]]
LogConfig: Setting CVar [[s.FlushStreamingOnExit:1]]
LogInit: Object subsystem initialized
LogConfig: Setting CVar [[con.DebugEarlyDefault:1]]
LogConfig: Setting CVar [[r.setres:1280x720]]
[2024.05.01-14.57.21:119][  0]LogConfig: Setting CVar [[r.VSync:0]]
[2024.05.01-14.57.21:119][  0]LogConfig: Setting CVar [[r.RHICmdBypass:0]]
[2024.05.01-14.57.21:119][  0]LogConfig: Applying CVar settings from Section [/Script/Engine.RendererSettings] File [C:/Users/edgos/Documents/GitHub/Jelly-Hunt/JellyHunt/Saved/Config/Windows/Engine.ini]
[2024.05.01-14.57.21:119][  0]LogConfig: Setting CVar [[r.GPUCrashDebugging:0]]
[2024.05.01-14.57.21:119][  0]LogConfig: Applying CVar settings from Section [/Script/Engine.RendererOverrideSettings] File [C:/Users/edgos/Documents/GitHub/Jelly-Hunt/JellyHunt/Saved/Config/Windows/Engine.ini]
[2024.05.01-14.57.21:119][  0]LogConfig: Applying CVar settings from Section [/Script/Engine.StreamingSettings] File [C:/Users/edgos/Documents/GitHub/Jelly-Hunt/JellyHunt/Saved/Config/Windows/Engine.ini]
[2024.05.01-14.57.21:119][  0]LogConfig: Setting CVar [[s.MinBulkDataSizeForAsyncLoading:131072]]
[2024.05.01-14.57.21:121][  0]LogConfig: Setting CVar [[s.AsyncLoadingThreadEnabled:0]]
[2024.05.01-14.57.21:121][  0]LogConfig: Setting CVar [[s.EventDrivenLoaderEnabled:1]]
[2024.05.01-14.57.21:121][  0]LogConfig: Setting CVar [[s.WarnIfTimeLimitExceeded:0]]
[2024.05.01-14.57.21:121][  0]LogConfig: Setting CVar [[s.TimeLimitExceededMultiplier:1.5]]
[2024.05.01-14.57.21:121][  0]LogConfig: Setting CVar [[s.TimeLimitExceededMinTime:0.005]]
[2024.05.01-14.57.21:121][  0]LogConfig: Setting CVar [[s.UseBackgroundLevelStreaming:1]]
[2024.05.01-14.57.21:121][  0]LogConfig: Setting CVar [[s.PriorityAsyncLoadingExtraTime:15.0]]
[2024.05.01-14.57.21:121][  0]LogConfig: Setting CVar [[s.LevelStreamingActorsUpdateTimeLimit:5.0]]
[2024.05.01-14.57.21:121][  0]LogConfig: Setting CVar [[s.PriorityLevelStreamingActorsUpdateExtraTime:5.0]]
[2024.05.01-14.57.21:121][  0]LogConfig: Setting CVar [[s.LevelStreamingComponentsRegistrationGranularity:10]]
[2024.05.01-14.57.21:121][  0]LogConfig: Setting CVar [[s.UnregisterComponentsTimeLimit:1.0]]
[2024.05.01-14.57.21:121][  0]LogConfig: Setting CVar [[s.LevelStreamingComponentsUnregistrationGranularity:5]]
[2024.05.01-14.57.21:121][  0]LogConfig: Setting CVar [[s.FlushStreamingOnExit:1]]
[2024.05.01-14.57.21:121][  0]LogConfig: Applying CVar settings from Section [/Script/Engine.GarbageCollectionSettings] File [C:/Users/edgos/Documents/GitHub/Jelly-Hunt/JellyHunt/Saved/Config/Windows/Engine.ini]
[2024.05.01-14.57.21:121][  0]LogConfig: Setting CVar [[gc.MaxObjectsNotConsideredByGC:1]]
[2024.05.01-14.57.21:121][  0]LogConfig: Setting CVar [[gc.SizeOfPermanentObjectPool:0]]
[2024.05.01-14.57.21:121][  0]LogConfig: Setting CVar [[gc.FlushStreamingOnGC:0]]
[2024.05.01-14.57.21:121][  0]LogConfig: Setting CVar [[gc.NumRetriesBeforeForcingGC:10]]
[2024.05.01-14.57.21:121][  0]LogConfig: Setting CVar [[gc.AllowParallelGC:1]]
[2024.05.01-14.57.21:121][  0]LogConfig: Setting CVar [[gc.TimeBetweenPurgingPendingKillObjects:61.1]]
[2024.05.01-14.57.21:121][  0]LogConfig: Setting CVar [[gc.MaxObjectsInEditor:25165824]]
[2024.05.01-14.57.21:121][  0]LogConfig: Setting CVar [[gc.IncrementalBeginDestroyEnabled:1]]
[2024.05.01-14.57.21:121][  0]LogConfig: Setting CVar [[gc.CreateGCClusters:1]]
[2024.05.01-14.57.21:121][  0]LogConfig: Setting CVar [[gc.MinGCClusterSize:5]]
[2024.05.01-14.57.21:122][  0]LogConfig: Setting CVar [[gc.ActorClusteringEnabled:0]]
[2024.05.01-14.57.21:122][  0]LogConfig: Setting CVar [[gc.BlueprintClusteringEnabled:0]]
[2024.05.01-14.57.21:122][  0]LogConfig: Setting CVar [[gc.UseDisregardForGCOnDedicatedServers:0]]
[2024.05.01-14.57.21:122][  0]LogConfig: Setting CVar [[gc.MultithreadedDestructionEnabled:1]]
[2024.05.01-14.57.21:122][  0]LogConfig: Applying CVar settings from Section [/Script/Engine.NetworkSettings] File [C:/Users/edgos/Documents/GitHub/Jelly-Hunt/JellyHunt/Saved/Config/Windows/Engine.ini]
[2024.05.01-14.57.21:122][  0]LogConfig: Applying CVar settings from Section [/Script/UnrealEd.CookerSettings] File [C:/Users/edgos/Documents/GitHub/Jelly-Hunt/JellyHunt/Saved/Config/Windows/Engine.ini]
[2024.05.01-14.57.21:152][  0]LogConfig: Applying CVar settings from Section [ViewDistanceQuality@3] File [C:/Users/edgos/Documents/GitHub/Jelly-Hunt/JellyHunt/Saved/Config/Windows/Scalability.ini]
[2024.05.01-14.57.21:152][  0]LogConfig: Setting CVar [[r.SkeletalMeshLODBias:0]]
[2024.05.01-14.57.21:152][  0]LogConfig: Setting CVar [[r.ViewDistanceScale:1.0]]
[2024.05.01-14.57.21:152][  0]LogConfig: Applying CVar settings from Section [AntiAliasingQuality@3] File [C:/Users/edgos/Documents/GitHub/Jelly-Hunt/JellyHunt/Saved/Config/Windows/Scalability.ini]
[2024.05.01-14.57.21:152][  0]LogConfig: Setting CVar [[r.PostProcessAAQuality:4]]
[2024.05.01-14.57.21:152][  0]LogConfig: Applying CVar settings from Section [ShadowQuality@3] File [C:/Users/edgos/Documents/GitHub/Jelly-Hunt/JellyHunt/Saved/Config/Windows/Scalability.ini]
[2024.05.01-14.57.21:152][  0]LogConfig: Setting CVar [[r.LightFunctionQuality:1]]
[2024.05.01-14.57.21:152][  0]LogConfig: Setting CVar [[r.ShadowQuality:5]]
[2024.05.01-14.57.21:152][  0]LogConfig: Setting CVar [[r.Shadow.CSM.MaxCascades:10]]
[2024.05.01-14.57.21:152][  0]LogConfig: Setting CVar [[r.Shadow.MaxResolution:2048]]
[2024.05.01-14.57.21:152][  0]LogConfig: Setting CVar [[r.Shadow.MaxCSMResolution:2048]]
[2024.05.01-14.57.21:152][  0]LogConfig: Setting CVar [[r.Shadow.RadiusThreshold:0.01]]
[2024.05.01-14.57.21:152][  0]LogConfig: Setting CVar [[r.Shadow.DistanceScale:1.0]]
[2024.05.01-14.57.21:152][  0]LogConfig: Setting CVar [[r.Shadow.CSM.TransitionScale:1.0]]
[2024.05.01-14.57.21:152][  0]LogConfig: Setting CVar [[r.Shadow.PreShadowResolutionFactor:1.0]]
[2024.05.01-14.57.21:152][  0]LogConfig: Setting CVar [[r.DistanceFieldShadowing:1]]
[2024.05.01-14.57.21:152][  0]LogConfig: Setting CVar [[r.DistanceFieldAO:1]]
[2024.05.01-14.57.21:152][  0]LogConfig: Setting CVar [[r.AOQuality:2]]
[2024.05.01-14.57.21:152][  0]LogConfig: Setting CVar [[r.VolumetricFog:1]]
[2024.05.01-14.57.21:152][  0]LogConfig: Setting CVar [[r.VolumetricFog.GridPixelSize:8]]
[2024.05.01-14.57.21:152][  0]LogConfig: Setting CVar [[r.VolumetricFog.GridSizeZ:128]]
[2024.05.01-14.57.21:152][  0]LogConfig: Setting CVar [[r.VolumetricFog.HistoryMissSupersampleCount:4]]
[2024.05.01-14.57.21:152][  0]LogConfig: Setting CVar [[r.LightMaxDrawDistanceScale:1]]
[2024.05.01-14.57.21:152][  0]LogConfig: Setting CVar [[r.CapsuleShadows:1]]
[2024.05.01-14.57.21:152][  0]LogConfig: Applying CVar settings from Section [PostProcessQuality@3] File [C:/Users/edgos/Documents/GitHub/Jelly-Hunt/JellyHunt/Saved/Config/Windows/Scalability.ini]
[2024.05.01-14.57.21:154][  0]LogConfig: Setting CVar [[r.MotionBlurQuality:4]]
[2024.05.01-14.57.21:154][  0]LogConfig: Setting CVar [[r.AmbientOcclusionMipLevelFactor:0.4]]
[2024.05.01-14.57.21:154][  0]LogConfig: Setting CVar [[r.AmbientOcclusionMaxQuality:100]]
[2024.05.01-14.57.21:154][  0]LogConfig: Setting CVar [[r.AmbientOcclusionLevels:-1]]
[2024.05.01-14.57.21:154][  0]LogConfig: Setting CVar [[r.AmbientOcclusionRadiusScale:1.0]]
[2024.05.01-14.57.21:154][  0]LogConfig: Setting CVar [[r.DepthOfFieldQuality:2]]
[2024.05.01-14.57.21:154][  0]LogConfig: Setting CVar [[r.RenderTargetPoolMin:400]]
[2024.05.01-14.57.21:154][  0]LogConfig: Setting CVar [[r.LensFlareQuality:2]]
[2024.05.01-14.57.21:154][  0]LogConfig: Setting CVar [[r.SceneColorFringeQuality:1]]
[2024.05.01-14.57.21:154][  0]LogConfig: Setting CVar [[r.EyeAdaptationQuality:2]]
[2024.05.01-14.57.21:154][  0]LogConfig: Setting CVar [[r.BloomQuality:5]]
[2024.05.01-14.57.21:154][  0]LogConfig: Setting CVar [[r.FastBlurThreshold:100]]
[2024.05.01-14.57.21:154][  0]LogConfig: Setting CVar [[r.Upscale.Quality:3]]
[2024.05.01-14.57.21:154][  0]LogConfig: Setting CVar [[r.Tonemapper.GrainQuantization:1]]
[2024.05.01-14.57.21:154][  0]LogConfig: Setting CVar [[r.LightShaftQuality:1]]
[2024.05.01-14.57.21:154][  0]LogConfig: Setting CVar [[r.Filter.SizeScale:1]]
[2024.05.01-14.57.21:154][  0]LogConfig: Setting CVar [[r.Tonemapper.Quality:5]]
[2024.05.01-14.57.21:154][  0]LogConfig: Setting CVar [[r.DOF.Gather.AccumulatorQuality:1        ; higher gathering accumulator quality]]
[2024.05.01-14.57.21:154][  0]LogConfig: Setting CVar [[r.DOF.Gather.PostfilterMethod:1          ; Median3x3 postfilering method]]
[2024.05.01-14.57.21:154][  0]LogConfig: Setting CVar [[r.DOF.Gather.EnableBokehSettings:0       ; no bokeh simulation when gathering]]
[2024.05.01-14.57.21:154][  0]LogConfig: Setting CVar [[r.DOF.Gather.RingCount:4                 ; medium number of samples when gathering]]
[2024.05.01-14.57.21:154][  0]LogConfig: Setting CVar [[r.DOF.Scatter.ForegroundCompositing:1    ; additive foreground scattering]]
[2024.05.01-14.57.21:154][  0]LogConfig: Setting CVar [[r.DOF.Scatter.BackgroundCompositing:2    ; additive background scattering]]
[2024.05.01-14.57.21:154][  0]LogConfig: Setting CVar [[r.DOF.Scatter.EnableBokehSettings:1      ; bokeh simulation when scattering]]
[2024.05.01-14.57.21:154][  0]LogConfig: Setting CVar [[r.DOF.Scatter.MaxSpriteRatio:0.1         ; only a maximum of 10% of scattered bokeh]]
[2024.05.01-14.57.21:155][  0]LogConfig: Setting CVar [[r.DOF.Recombine.Quality:1                ; cheap slight out of focus]]
[2024.05.01-14.57.21:155][  0]LogConfig: Setting CVar [[r.DOF.Recombine.EnableBokehSettings:0    ; no bokeh simulation on slight out of focus]]
[2024.05.01-14.57.21:155][  0]LogConfig: Setting CVar [[r.DOF.TemporalAAQuality:1                ; more stable temporal accumulation]]
[2024.05.01-14.57.21:155][  0]LogConfig: Setting CVar [[r.DOF.Kernel.MaxForegroundRadius:0.025]]
[2024.05.01-14.57.21:155][  0]LogConfig: Setting CVar [[r.DOF.Kernel.MaxBackgroundRadius:0.025]]
[2024.05.01-14.57.21:155][  0]LogConfig: Applying CVar settings from Section [TextureQuality@3] File [C:/Users/edgos/Documents/GitHub/Jelly-Hunt/JellyHunt/Saved/Config/Windows/Scalability.ini]
[2024.05.01-14.57.21:155][  0]LogConfig: Setting CVar [[r.Streaming.MipBias:0]]
[2024.05.01-14.57.21:155][  0]LogConfig: Setting CVar [[r.Streaming.AmortizeCPUToGPUCopy:0]]
[2024.05.01-14.57.21:155][  0]LogConfig: Setting CVar [[r.Streaming.MaxNumTexturesToStreamPerFrame:0]]
[2024.05.01-14.57.21:155][  0]LogConfig: Setting CVar [[r.Streaming.Boost:1]]
[2024.05.01-14.57.21:155][  0]LogConfig: Setting CVar [[r.MaxAnisotropy:8]]
[2024.05.01-14.57.21:155][  0]LogConfig: Setting CVar [[r.VT.MaxAnisotropy:8]]
[2024.05.01-14.57.21:155][  0]LogConfig: Setting CVar [[r.Streaming.LimitPoolSizeToVRAM:0]]
[2024.05.01-14.57.21:155][  0]LogConfig: Setting CVar [[r.Streaming.PoolSize:1000]]
[2024.05.01-14.57.21:155][  0]LogConfig: Setting CVar [[r.Streaming.MaxEffectiveScreenSize:0]]
[2024.05.01-14.57.21:155][  0]LogConfig: Applying CVar settings from Section [EffectsQuality@3] File [C:/Users/edgos/Documents/GitHub/Jelly-Hunt/JellyHunt/Saved/Config/Windows/Scalability.ini]
[2024.05.01-14.57.21:155][  0]LogConfig: Setting CVar [[r.TranslucencyLightingVolumeDim:64]]
[2024.05.01-14.57.21:155][  0]LogConfig: Setting CVar [[r.RefractionQuality:2]]
[2024.05.01-14.57.21:155][  0]LogConfig: Setting CVar [[r.SSR.Quality:3]]
[2024.05.01-14.57.21:155][  0]LogConfig: Setting CVar [[r.SSR.HalfResSceneColor:0]]
[2024.05.01-14.57.21:156][  0]LogConfig: Setting CVar [[r.SceneColorFormat:4]]
[2024.05.01-14.57.21:156][  0]LogConfig: Setting CVar [[r.DetailMode:2]]
[2024.05.01-14.57.21:156][  0]LogConfig: Setting CVar [[r.TranslucencyVolumeBlur:1]]
[2024.05.01-14.57.21:156][  0]LogConfig: Setting CVar [[r.MaterialQualityLevel:1 ; High quality]]
[2024.05.01-14.57.21:156][  0]LogConfig: Setting CVar [[r.AnisotropicMaterials:1]]
[2024.05.01-14.57.21:156][  0]LogConfig: Setting CVar [[r.SSS.Scale:1]]
[2024.05.01-14.57.21:156][  0]LogConfig: Setting CVar [[r.SSS.SampleSet:2]]
[2024.05.01-14.57.21:156][  0]LogConfig: Setting CVar [[r.SSS.Quality:1]]
[2024.05.01-14.57.21:156][  0]LogConfig: Setting CVar [[r.SSS.HalfRes:0]]
[2024.05.01-14.57.21:156][  0]LogConfig: Setting CVar [[r.SSGI.Quality:3]]
[2024.05.01-14.57.21:156][  0]LogConfig: Setting CVar [[r.EmitterSpawnRateScale:1.0]]
[2024.05.01-14.57.21:156][  0]LogConfig: Setting CVar [[r.ParticleLightQuality:2]]
[2024.05.01-14.57.21:156][  0]LogConfig: Setting CVar [[r.SkyAtmosphere.AerialPerspectiveLUT.FastApplyOnOpaque:1 ; Always have FastSkyLUT 1 in this case to avoid wrong sky]]
[2024.05.01-14.57.21:156][  0]LogConfig: Setting CVar [[r.SkyAtmosphere.AerialPerspectiveLUT.SampleCountMaxPerSlice:4]]
[2024.05.01-14.57.21:156][  0]LogConfig: Setting CVar [[r.SkyAtmosphere.AerialPerspectiveLUT.DepthResolution:16.0]]
[2024.05.01-14.57.21:156][  0]LogConfig: Setting CVar [[r.SkyAtmosphere.FastSkyLUT:1]]
[2024.05.01-14.57.21:156][  0]LogConfig: Setting CVar [[r.SkyAtmosphere.FastSkyLUT.SampleCountMin:4.0]]
[2024.05.01-14.57.21:156][  0]LogConfig: Setting CVar [[r.SkyAtmosphere.FastSkyLUT.SampleCountMax:128.0]]
[2024.05.01-14.57.21:156][  0]LogConfig: Setting CVar [[r.SkyAtmosphere.SampleCountMin:4.0]]
[2024.05.01-14.57.21:156][  0]LogConfig: Setting CVar [[r.SkyAtmosphere.SampleCountMax:128.0]]
[2024.05.01-14.57.21:156][  0]LogConfig: Setting CVar [[r.SkyAtmosphere.TransmittanceLUT.UseSmallFormat:0]]
[2024.05.01-14.57.21:156][  0]LogConfig: Setting CVar [[r.SkyAtmosphere.TransmittanceLUT.SampleCount:10.0]]
[2024.05.01-14.57.21:156][  0]LogConfig: Setting CVar [[r.SkyAtmosphere.MultiScatteringLUT.SampleCount:15.0]]
[2024.05.01-14.57.21:156][  0]LogConfig: Setting CVar [[r.SkyLight.RealTimeReflectionCapture:1]]
[2024.05.01-14.57.21:156][  0]LogConfig: Applying CVar settings from Section [FoliageQuality@3] File [C:/Users/edgos/Documents/GitHub/Jelly-Hunt/JellyHunt/Saved/Config/Windows/Scalability.ini]
[2024.05.01-14.57.21:157][  0]LogConfig: Setting CVar [[foliage.DensityScale:1.0]]
[2024.05.01-14.57.21:157][  0]LogConfig: Setting CVar [[grass.DensityScale:1.0]]
[2024.05.01-14.57.21:157][  0]LogConfig: Applying CVar settings from Section [ShadingQuality@3] File [C:/Users/edgos/Documents/GitHub/Jelly-Hunt/JellyHunt/Saved/Config/Windows/Scalability.ini]
[2024.05.01-14.57.21:157][  0]LogConfig: Setting CVar [[r.HairStrands.SkyLighting.IntegrationType:2]]
[2024.05.01-14.57.21:157][  0]LogConfig: Setting CVar [[r.HairStrands.SkyAO.SampleCount:4]]
[2024.05.01-14.57.21:157][  0]LogConfig: Setting CVar [[r.HairStrands.Visibility.MSAA.SamplePerPixel:4]]
[2024.05.01-14.57.21:157][  0]LogInit: Selected Device Profile: [Windows]
[2024.05.01-14.57.21:157][  0]LogInit: Applying CVar settings loaded from the selected device profile: [Windows]
[2024.05.01-14.57.21:157][  0]LogHAL: Display: Platform has ~ 64 GB [68423933952 / 68719476736 / 64], which maps to Largest [LargestMinGB=32, LargerMinGB=12, DefaultMinGB=8, SmallerMinGB=6, SmallestMinGB=0)
[2024.05.01-14.57.21:157][  0]LogInit: Going up to parent DeviceProfile []
[2024.05.01-14.57.21:157][  0]LogConfig: Applying CVar settings from Section [ViewDistanceQuality@3] File [C:/Users/edgos/Documents/GitHub/Jelly-Hunt/JellyHunt/Saved/Config/Windows/Scalability.ini]
[2024.05.01-14.57.21:157][  0]LogConfig: Setting CVar [[r.SkeletalMeshLODBias:0]]
[2024.05.01-14.57.21:157][  0]LogConfig: Setting CVar [[r.ViewDistanceScale:1.0]]
[2024.05.01-14.57.21:157][  0]LogConfig: Applying CVar settings from Section [AntiAliasingQuality@3] File [C:/Users/edgos/Documents/GitHub/Jelly-Hunt/JellyHunt/Saved/Config/Windows/Scalability.ini]
[2024.05.01-14.57.21:157][  0]LogConfig: Setting CVar [[r.PostProcessAAQuality:4]]
[2024.05.01-14.57.21:157][  0]LogConfig: Applying CVar settings from Section [ShadowQuality@3] File [C:/Users/edgos/Documents/GitHub/Jelly-Hunt/JellyHunt/Saved/Config/Windows/Scalability.ini]
[2024.05.01-14.57.21:157][  0]LogConfig: Setting CVar [[r.LightFunctionQuality:1]]
[2024.05.01-14.57.21:157][  0]LogConfig: Setting CVar [[r.ShadowQuality:5]]
[2024.05.01-14.57.21:157][  0]LogConfig: Setting CVar [[r.Shadow.CSM.MaxCascades:10]]
[2024.05.01-14.57.21:157][  0]LogConfig: Setting CVar [[r.Shadow.MaxResolution:2048]]
[2024.05.01-14.57.21:157][  0]LogConfig: Setting CVar [[r.Shadow.MaxCSMResolution:2048]]
[2024.05.01-14.57.21:157][  0]LogConfig: Setting CVar [[r.Shadow.RadiusThreshold:0.01]]
[2024.05.01-14.57.21:157][  0]LogConfig: Setting CVar [[r.Shadow.DistanceScale:1.0]]
[2024.05.01-14.57.21:157][  0]LogConfig: Setting CVar [[r.Shadow.CSM.TransitionScale:1.0]]
[2024.05.01-14.57.21:157][  0]LogConfig: Setting CVar [[r.Shadow.PreShadowResolutionFactor:1.0]]
[2024.05.01-14.57.21:157][  0]LogConfig: Setting CVar [[r.DistanceFieldShadowing:1]]
[2024.05.01-14.57.21:157][  0]LogConfig: Setting CVar [[r.DistanceFieldAO:1]]
[2024.05.01-14.57.21:157][  0]LogConfig: Setting CVar [[r.AOQuality:2]]
[2024.05.01-14.57.21:157][  0]LogConfig: Setting CVar [[r.VolumetricFog:1]]
[2024.05.01-14.57.21:157][  0]LogConfig: Setting CVar [[r.VolumetricFog.GridPixelSize:8]]
[2024.05.01-14.57.21:157][  0]LogConfig: Setting CVar [[r.VolumetricFog.GridSizeZ:128]]
[2024.05.01-14.57.21:157][  0]LogConfig: Setting CVar [[r.VolumetricFog.HistoryMissSupersampleCount:4]]
[2024.05.01-14.57.21:158][  0]LogConfig: Setting CVar [[r.LightMaxDrawDistanceScale:1]]
[2024.05.01-14.57.21:158][  0]LogConfig: Setting CVar [[r.CapsuleShadows:1]]
[2024.05.01-14.57.21:158][  0]LogConfig: Applying CVar settings from Section [PostProcessQuality@3] File [C:/Users/edgos/Documents/GitHub/Jelly-Hunt/JellyHunt/Saved/Config/Windows/Scalability.ini]
[2024.05.01-14.57.21:158][  0]LogConfig: Setting CVar [[r.MotionBlurQuality:4]]
[2024.05.01-14.57.21:158][  0]LogConfig: Setting CVar [[r.AmbientOcclusionMipLevelFactor:0.4]]
[2024.05.01-14.57.21:158][  0]LogConfig: Setting CVar [[r.AmbientOcclusionMaxQuality:100]]
[2024.05.01-14.57.21:158][  0]LogConfig: Setting CVar [[r.AmbientOcclusionLevels:-1]]
[2024.05.01-14.57.21:158][  0]LogConfig: Setting CVar [[r.AmbientOcclusionRadiusScale:1.0]]
[2024.05.01-14.57.21:158][  0]LogConfig: Setting CVar [[r.DepthOfFieldQuality:2]]
[2024.05.01-14.57.21:158][  0]LogConfig: Setting CVar [[r.RenderTargetPoolMin:400]]
[2024.05.01-14.57.21:158][  0]LogConfig: Setting CVar [[r.LensFlareQuality:2]]
[2024.05.01-14.57.21:158][  0]LogConfig: Setting CVar [[r.SceneColorFringeQuality:1]]
[2024.05.01-14.57.21:158][  0]LogConfig: Setting CVar [[r.EyeAdaptationQuality:2]]
[2024.05.01-14.57.21:158][  0]LogConfig: Setting CVar [[r.BloomQuality:5]]
[2024.05.01-14.57.21:158][  0]LogConfig: Setting CVar [[r.FastBlurThreshold:100]]
[2024.05.01-14.57.21:158][  0]LogConfig: Setting CVar [[r.Upscale.Quality:3]]
[2024.05.01-14.57.21:158][  0]LogConfig: Setting CVar [[r.Tonemapper.GrainQuantization:1]]
[2024.05.01-14.57.21:158][  0]LogConfig: Setting CVar [[r.LightShaftQuality:1]]
[2024.05.01-14.57.21:158][  0]LogConfig: Setting CVar [[r.Filter.SizeScale:1]]
[2024.05.01-14.57.21:158][  0]LogConfig: Setting CVar [[r.Tonemapper.Quality:5]]
[2024.05.01-14.57.21:158][  0]LogConfig: Setting CVar [[r.DOF.Gather.AccumulatorQuality:1        ; higher gathering accumulator quality]]
[2024.05.01-14.57.21:158][  0]LogConfig: Setting CVar [[r.DOF.Gather.PostfilterMethod:1          ; Median3x3 postfilering method]]
[2024.05.01-14.57.21:158][  0]LogConfig: Setting CVar [[r.DOF.Gather.EnableBokehSettings:0       ; no bokeh simulation when gathering]]
[2024.05.01-14.57.21:158][  0]LogConfig: Setting CVar [[r.DOF.Gather.RingCount:4                 ; medium number of samples when gathering]]
[2024.05.01-14.57.21:158][  0]LogConfig: Setting CVar [[r.DOF.Scatter.ForegroundCompositing:1    ; additive foreground scattering]]
[2024.05.01-14.57.21:159][  0]LogConfig: Setting CVar [[r.DOF.Scatter.BackgroundCompositing:2    ; additive background scattering]]
[2024.05.01-14.57.21:159][  0]LogConfig: Setting CVar [[r.DOF.Scatter.EnableBokehSettings:1      ; bokeh simulation when scattering]]
[2024.05.01-14.57.21:159][  0]LogConfig: Setting CVar [[r.DOF.Scatter.MaxSpriteRatio:0.1         ; only a maximum of 10% of scattered bokeh]]
[2024.05.01-14.57.21:159][  0]LogConfig: Setting CVar [[r.DOF.Recombine.Quality:1                ; cheap slight out of focus]]
[2024.05.01-14.57.21:159][  0]LogConfig: Setting CVar [[r.DOF.Recombine.EnableBokehSettings:0    ; no bokeh simulation on slight out of focus]]
[2024.05.01-14.57.21:159][  0]LogConfig: Setting CVar [[r.DOF.TemporalAAQuality:1                ; more stable temporal accumulation]]
[2024.05.01-14.57.21:159][  0]LogConfig: Setting CVar [[r.DOF.Kernel.MaxForegroundRadius:0.025]]
[2024.05.01-14.57.21:159][  0]LogConfig: Setting CVar [[r.DOF.Kernel.MaxBackgroundRadius:0.025]]
[2024.05.01-14.57.21:159][  0]LogConfig: Applying CVar settings from Section [TextureQuality@3] File [C:/Users/edgos/Documents/GitHub/Jelly-Hunt/JellyHunt/Saved/Config/Windows/Scalability.ini]
[2024.05.01-14.57.21:159][  0]LogConfig: Setting CVar [[r.Streaming.MipBias:0]]
[2024.05.01-14.57.21:159][  0]LogConfig: Setting CVar [[r.Streaming.AmortizeCPUToGPUCopy:0]]
[2024.05.01-14.57.21:159][  0]LogConfig: Setting CVar [[r.Streaming.MaxNumTexturesToStreamPerFrame:0]]
[2024.05.01-14.57.21:159][  0]LogConfig: Setting CVar [[r.Streaming.Boost:1]]
[2024.05.01-14.57.21:159][  0]LogConfig: Setting CVar [[r.MaxAnisotropy:8]]
[2024.05.01-14.57.21:159][  0]LogConfig: Setting CVar [[r.VT.MaxAnisotropy:8]]
[2024.05.01-14.57.21:159][  0]LogConfig: Setting CVar [[r.Streaming.LimitPoolSizeToVRAM:0]]
[2024.05.01-14.57.21:159][  0]LogConfig: Setting CVar [[r.Streaming.PoolSize:1000]]
[2024.05.01-14.57.21:159][  0]LogConfig: Setting CVar [[r.Streaming.MaxEffectiveScreenSize:0]]
[2024.05.01-14.57.21:159][  0]LogConfig: Applying CVar settings from Section [EffectsQuality@3] File [C:/Users/edgos/Documents/GitHub/Jelly-Hunt/JellyHunt/Saved/Config/Windows/Scalability.ini]
[2024.05.01-14.57.21:159][  0]LogConfig: Setting CVar [[r.TranslucencyLightingVolumeDim:64]]
[2024.05.01-14.57.21:159][  0]LogConfig: Setting CVar [[r.RefractionQuality:2]]
[2024.05.01-14.57.21:159][  0]LogConfig: Setting CVar [[r.SSR.Quality:3]]
[2024.05.01-14.57.21:159][  0]LogConfig: Setting CVar [[r.SSR.HalfResSceneColor:0]]
[2024.05.01-14.57.21:159][  0]LogConfig: Setting CVar [[r.SceneColorFormat:4]]
[2024.05.01-14.57.21:160][  0]LogConfig: Setting CVar [[r.DetailMode:2]]
[2024.05.01-14.57.21:160][  0]LogConfig: Setting CVar [[r.TranslucencyVolumeBlur:1]]
[2024.05.01-14.57.21:160][  0]LogConfig: Setting CVar [[r.MaterialQualityLevel:1 ; High quality]]
[2024.05.01-14.57.21:160][  0]LogConfig: Setting CVar [[r.AnisotropicMaterials:1]]
[2024.05.01-14.57.21:160][  0]LogConfig: Setting CVar [[r.SSS.Scale:1]]
[2024.05.01-14.57.21:160][  0]LogConfig: Setting CVar [[r.SSS.SampleSet:2]]
[2024.05.01-14.57.21:160][  0]LogConfig: Setting CVar [[r.SSS.Quality:1]]
[2024.05.01-14.57.21:160][  0]LogConfig: Setting CVar [[r.SSS.HalfRes:0]]
[2024.05.01-14.57.21:160][  0]LogConfig: Setting CVar [[r.SSGI.Quality:3]]
[2024.05.01-14.57.21:160][  0]LogConfig: Setting CVar [[r.EmitterSpawnRateScale:1.0]]
[2024.05.01-14.57.21:160][  0]LogConfig: Setting CVar [[r.ParticleLightQuality:2]]
[2024.05.01-14.57.21:160][  0]LogConfig: Setting CVar [[r.SkyAtmosphere.AerialPerspectiveLUT.FastApplyOnOpaque:1 ; Always have FastSkyLUT 1 in this case to avoid wrong sky]]
[2024.05.01-14.57.21:160][  0]LogConfig: Setting CVar [[r.SkyAtmosphere.AerialPerspectiveLUT.SampleCountMaxPerSlice:4]]
[2024.05.01-14.57.21:160][  0]LogConfig: Setting CVar [[r.SkyAtmosphere.AerialPerspectiveLUT.DepthResolution:16.0]]
[2024.05.01-14.57.21:160][  0]LogConfig: Setting CVar [[r.SkyAtmosphere.FastSkyLUT:1]]
[2024.05.01-14.57.21:160][  0]LogConfig: Setting CVar [[r.SkyAtmosphere.FastSkyLUT.SampleCountMin:4.0]]
[2024.05.01-14.57.21:160][  0]LogConfig: Setting CVar [[r.SkyAtmosphere.FastSkyLUT.SampleCountMax:128.0]]
[2024.05.01-14.57.21:160][  0]LogConfig: Setting CVar [[r.SkyAtmosphere.SampleCountMin:4.0]]
[2024.05.01-14.57.21:160][  0]LogConfig: Setting CVar [[r.SkyAtmosphere.SampleCountMax:128.0]]
[2024.05.01-14.57.21:160][  0]LogConfig: Setting CVar [[r.SkyAtmosphere.TransmittanceLUT.UseSmallFormat:0]]
[2024.05.01-14.57.21:160][  0]LogConfig: Setting CVar [[r.SkyAtmosphere.TransmittanceLUT.SampleCount:10.0]]
[2024.05.01-14.57.21:160][  0]LogConfig: Setting CVar [[r.SkyAtmosphere.MultiScatteringLUT.SampleCount:15.0]]
[2024.05.01-14.57.21:160][  0]LogConfig: Setting CVar [[r.SkyLight.RealTimeReflectionCapture:1]]
[2024.05.01-14.57.21:160][  0]LogConfig: Applying CVar settings from Section [FoliageQuality@3] File [C:/Users/edgos/Documents/GitHub/Jelly-Hunt/JellyHunt/Saved/Config/Windows/Scalability.ini]
[2024.05.01-14.57.21:160][  0]LogConfig: Setting CVar [[foliage.DensityScale:1.0]]
[2024.05.01-14.57.21:160][  0]LogConfig: Setting CVar [[grass.DensityScale:1.0]]
[2024.05.01-14.57.21:160][  0]LogConfig: Applying CVar settings from Section [ShadingQuality@3] File [C:/Users/edgos/Documents/GitHub/Jelly-Hunt/JellyHunt/Saved/Config/Windows/Scalability.ini]
[2024.05.01-14.57.21:160][  0]LogConfig: Setting CVar [[r.HairStrands.SkyLighting.IntegrationType:2]]
[2024.05.01-14.57.21:160][  0]LogConfig: Setting CVar [[r.HairStrands.SkyAO.SampleCount:4]]
[2024.05.01-14.57.21:160][  0]LogConfig: Setting CVar [[r.HairStrands.Visibility.MSAA.SamplePerPixel:4]]
[2024.05.01-14.57.21:160][  0]LogConfig: Applying CVar settings from Section [Startup] File [../../../Engine/Config/ConsoleVariables.ini]
[2024.05.01-14.57.21:162][  0]LogConfig: Setting CVar [[net.UseAdaptiveNetUpdateFrequency:0]]
[2024.05.01-14.57.21:162][  0]LogConfig: Setting CVar [[p.chaos.AllowCreatePhysxBodies:1]]
[2024.05.01-14.57.21:162][  0]LogConfig: Setting CVar [[fx.SkipVectorVMBackendOptimizations:1]]
[2024.05.01-14.57.21:162][  0]LogConfig: Applying CVar settings from Section [ConsoleVariables] File [C:/Users/edgos/Documents/GitHub/Jelly-Hunt/JellyHunt/Saved/Config/Windows/Engine.ini]
[2024.05.01-14.57.21:162][  0]LogConfig: Applying CVar settings from Section [ConsoleVariables] File [C:/Users/edgos/Documents/GitHub/Jelly-Hunt/JellyHunt/Saved/Config/Windows/Editor.ini]
[2024.05.01-14.57.21:162][  0]LogInit: Computer: LASTCHANCE
[2024.05.01-14.57.21:162][  0]LogInit: User: edgos
[2024.05.01-14.57.21:162][  0]LogInit: CPU Page size=4096, Cores=24
[2024.05.01-14.57.21:162][  0]LogInit: High frequency timer resolution =10.000000 MHz
[2024.05.01-14.57.21:162][  0]LogMemory: Memory total: Physical=63.7GB (64GB approx)
[2024.05.01-14.57.21:162][  0]LogMemory: Platform Memory Stats for Windows
[2024.05.01-14.57.21:162][  0]LogMemory: Process Physical Memory: 153.39 MB used, 153.39 MB peak
[2024.05.01-14.57.21:162][  0]LogMemory: Process Virtual Memory: 131.48 MB used, 131.48 MB peak
[2024.05.01-14.57.21:162][  0]LogMemory: Physical Memory: 25478.88 MB used,  39775.27 MB free, 65254.15 MB total
[2024.05.01-14.57.21:162][  0]LogMemory: Virtual Memory: 134182248.00 MB used,  35481.38 MB free, 134217728.00 MB total
[2024.05.01-14.57.21:166][  0]LogWindows: WindowsPlatformFeatures enabled
[2024.05.01-14.57.21:222][  0]LogInit: Physics initialised using underlying interface: PhysX
[2024.05.01-14.57.21:223][  0]LogInit: Using OS detected language (en-US).
[2024.05.01-14.57.21:223][  0]LogInit: Using OS detected locale (en-GB).
[2024.05.01-14.57.21:225][  0]LogTextLocalizationManager: No specific localization for 'en-US' exists, so the 'en' localization will be used.
[2024.05.01-14.57.21:331][  0]LogInit: Setting process to per monitor DPI aware
[2024.05.01-14.57.21:346][  0]LogWindowsTextInputMethodSystem: Display: IME system deactivated.
[2024.05.01-14.57.21:357][  0]LogSlate: New Slate User Created.  User Index 0, Is Virtual User: 0
[2024.05.01-14.57.21:357][  0]LogSlate: Slate User Registered.  User Index 0, Is Virtual User: 0
[2024.05.01-14.57.21:412][  0]LogD3D11RHI: Loaded GFSDK_Aftermath_Lib.x64.dll
[2024.05.01-14.57.21:417][  0]LogHMD: Failed to initialize OpenVR with code 110
[2024.05.01-14.57.21:417][  0]LogD3D11RHI: D3D11 min allowed feature level: 11_0
[2024.05.01-14.57.21:417][  0]LogD3D11RHI: D3D11 max allowed feature level: 11_0
[2024.05.01-14.57.21:417][  0]LogD3D11RHI: D3D11 adapters:
[2024.05.01-14.57.21:616][  0]LogD3D11RHI:    0. 'NVIDIA GeForce RTX 4080 SUPER' (Feature Level 11_0)
[2024.05.01-14.57.21:616][  0]LogD3D11RHI:       16047/0/32627 MB DedicatedVideo/DedicatedSystem/SharedSystem, Outputs:2, VendorId:0x10de
[2024.05.01-14.57.21:619][  0]LogD3D11RHI:    1. 'Microsoft Basic Render Driver' (Feature Level 11_0)
[2024.05.01-14.57.21:619][  0]LogD3D11RHI:       0/0/32627 MB DedicatedVideo/DedicatedSystem/SharedSystem, Outputs:0, VendorId:0x1414
[2024.05.01-14.57.21:619][  0]LogD3D11RHI: Chosen D3D11 Adapter:
[2024.05.01-14.57.21:620][  0]LogD3D11RHI:     Description : NVIDIA GeForce RTX 4080 SUPER
[2024.05.01-14.57.21:620][  0]LogD3D11RHI:     VendorId    : 10de
[2024.05.01-14.57.21:620][  0]LogD3D11RHI:     DeviceId    : 2702
[2024.05.01-14.57.21:620][  0]LogD3D11RHI:     SubSysId    : 511d1028
[2024.05.01-14.57.21:620][  0]LogD3D11RHI:     Revision    : 00a1
[2024.05.01-14.57.21:620][  0]LogD3D11RHI:     DedicatedVideoMemory : 16826499072 bytes
[2024.05.01-14.57.21:620][  0]LogD3D11RHI:     DedicatedSystemMemory : 0 bytes
[2024.05.01-14.57.21:620][  0]LogD3D11RHI:     SharedSystemMemory : 34211966976 bytes
[2024.05.01-14.57.21:620][  0]LogD3D11RHI:     AdapterLuid : 0 73022
[2024.05.01-14.57.21:626][  0]LogD3D11RHI: Creating new Direct3DDevice
[2024.05.01-14.57.21:626][  0]LogD3D11RHI:     GPU DeviceId: 0x2702 (for the marketing name, search the web for "GPU Device Id")
[2024.05.01-14.57.21:626][  0]LogWindows: EnumDisplayDevices:
[2024.05.01-14.57.21:627][  0]LogWindows:    0. 'NVIDIA GeForce RTX 4080 SUPER' (P:1 D:1)
[2024.05.01-14.57.21:627][  0]LogWindows:    1. 'NVIDIA GeForce RTX 4080 SUPER' (P:0 D:1)
[2024.05.01-14.57.21:627][  0]LogWindows:    2. 'NVIDIA GeForce RTX 4080 SUPER' (P:0 D:0)
[2024.05.01-14.57.21:627][  0]LogWindows:    3. 'NVIDIA GeForce RTX 4080 SUPER' (P:0 D:0)
[2024.05.01-14.57.21:627][  0]LogWindows: DebugString: FoundDriverCount:4 
[2024.05.01-14.57.21:627][  0]LogD3D11RHI:     Adapter Name: NVIDIA GeForce RTX 4080 SUPER
[2024.05.01-14.57.21:627][  0]LogD3D11RHI:   Driver Version: 552.22 (internal:31.0.15.5222, unified:552.22)
[2024.05.01-14.57.21:627][  0]LogD3D11RHI:      Driver Date: 4-11-2024
[2024.05.01-14.57.21:627][  0]LogRHI: Texture pool is 11232 MB (70% of 16047 MB)
[2024.05.01-14.57.21:627][  0]LogD3D11RHI: Creating D3DDevice using adapter:
[2024.05.01-14.57.21:627][  0]LogD3D11RHI:     Description : NVIDIA GeForce RTX 4080 SUPER
[2024.05.01-14.57.21:627][  0]LogD3D11RHI:     VendorId    : 10de
[2024.05.01-14.57.21:627][  0]LogD3D11RHI:     DeviceId    : 2702
[2024.05.01-14.57.21:627][  0]LogD3D11RHI:     SubSysId    : 511d1028
[2024.05.01-14.57.21:627][  0]LogD3D11RHI:     Revision    : 00a1
[2024.05.01-14.57.21:627][  0]LogD3D11RHI:     DedicatedVideoMemory : 16826499072 bytes
[2024.05.01-14.57.21:627][  0]LogD3D11RHI:     DedicatedSystemMemory : 0 bytes
[2024.05.01-14.57.21:627][  0]LogD3D11RHI:     SharedSystemMemory : 34211966976 bytes
[2024.05.01-14.57.21:628][  0]LogD3D11RHI:     AdapterLuid : 0 73022
[2024.05.01-14.57.21:696][  0]LogD3D11RHI: RHI has support for 64 bit atomics
[2024.05.01-14.57.21:697][  0]LogD3D11RHI: Async texture creation enabled
[2024.05.01-14.57.21:697][  0]LogD3D11RHI: Array index from any shader is supported
[2024.05.01-14.57.21:698][  0]LogD3D11RHI: HDR output is supported on display 0 (NvId: 0x80061082).
[2024.05.01-14.57.21:722][  0]LogD3D11RHI: GPU Timing Frequency: 1000.000000 (Debug: 2 2)
[2024.05.01-14.57.21:741][  0]LogRHI: GeForceNow SDK initialized: 1
[2024.05.01-14.57.21:909][  0]LogTargetPlatformManager: Display: Loaded TargetPlatform 'AllDesktop'
[2024.05.01-14.57.21:923][  0]LogTargetPlatformManager: Display: Loaded TargetPlatform 'Android'
[2024.05.01-14.57.21:923][  0]LogTargetPlatformManager: Display: Loaded TargetPlatform 'Android_ASTC'
[2024.05.01-14.57.21:923][  0]LogTargetPlatformManager: Display: Loaded TargetPlatform 'Android_DXT'
[2024.05.01-14.57.21:923][  0]LogTargetPlatformManager: Display: Loaded TargetPlatform 'Android_ETC2'
[2024.05.01-14.57.21:923][  0]LogTargetPlatformManager: Display: Loaded TargetPlatform 'AndroidClient'
[2024.05.01-14.57.21:923][  0]LogTargetPlatformManager: Display: Loaded TargetPlatform 'Android_ASTCClient'
[2024.05.01-14.57.21:923][  0]LogTargetPlatformManager: Display: Loaded TargetPlatform 'Android_DXTClient'
[2024.05.01-14.57.21:924][  0]LogTargetPlatformManager: Display: Loaded TargetPlatform 'Android_ETC2Client'
[2024.05.01-14.57.21:924][  0]LogTargetPlatformManager: Display: Loaded TargetPlatform 'Android_Multi'
[2024.05.01-14.57.21:924][  0]LogTargetPlatformManager: Display: Loaded TargetPlatform 'Android_MultiClient'
[2024.05.01-14.57.21:942][  0]LogTargetPlatformManager: Display: Loaded TargetPlatform 'IOSClient'
[2024.05.01-14.57.21:942][  0]LogTargetPlatformManager: Display: Loaded TargetPlatform 'IOS'
[2024.05.01-14.57.21:949][  0]LogTargetPlatformManager: Display: Loaded TargetPlatform 'Linux'
[2024.05.01-14.57.21:952][  0]LogTargetPlatformManager: Display: Loaded TargetPlatform 'LinuxNoEditor'
[2024.05.01-14.57.21:956][  0]LogTargetPlatformManager: Display: Loaded TargetPlatform 'LinuxClient'
[2024.05.01-14.57.21:959][  0]LogTargetPlatformManager: Display: Loaded TargetPlatform 'LinuxServer'
[2024.05.01-14.57.21:965][  0]LogTargetPlatformManager: Display: Loaded TargetPlatform 'LinuxAArch64NoEditor'
[2024.05.01-14.57.21:969][  0]LogTargetPlatformManager: Display: Loaded TargetPlatform 'LinuxAArch64Client'
[2024.05.01-14.57.21:973][  0]LogTargetPlatformManager: Display: Loaded TargetPlatform 'LinuxAArch64Server'
[2024.05.01-14.57.21:986][  0]LogTargetPlatformManager: Display: Loaded TargetPlatform 'Lumin'
[2024.05.01-14.57.21:986][  0]LogTargetPlatformManager: Display: Loaded TargetPlatform 'LuminClient'
[2024.05.01-14.57.21:992][  0]LogTargetPlatformManager: Display: Loaded TargetPlatform 'MacNoEditor'
[2024.05.01-14.57.21:996][  0]LogTargetPlatformManager: Display: Loaded TargetPlatform 'Mac'
[2024.05.01-14.57.21:999][  0]LogTargetPlatformManager: Display: Loaded TargetPlatform 'MacClient'
[2024.05.01-14.57.22:003][  0]LogTargetPlatformManager: Display: Loaded TargetPlatform 'MacServer'
[2024.05.01-14.57.22:009][  0]LogTargetPlatformManager: Display: Loaded TargetPlatform 'TVOSClient'
[2024.05.01-14.57.22:009][  0]LogTargetPlatformManager: Display: Loaded TargetPlatform 'TVOS'
[2024.05.01-14.57.22:015][  0]LogTargetPlatformManager: Display: Loaded TargetPlatform 'WindowsNoEditor'
[2024.05.01-14.57.22:018][  0]LogTargetPlatformManager: Display: Loaded TargetPlatform 'Windows'
[2024.05.01-14.57.22:021][  0]LogTargetPlatformManager: Display: Loaded TargetPlatform 'WindowsClient'
[2024.05.01-14.57.22:024][  0]LogTargetPlatformManager: Display: Loaded TargetPlatform 'WindowsServer'
[2024.05.01-14.57.22:024][  0]LogTargetPlatformManager: Display: Building Assets For Windows
[2024.05.01-14.57.22:035][  0]LogAudioDebug: Display: Lib vorbis DLL was dynamically loaded.
[2024.05.01-14.57.22:065][  0]LogTextureFormatOodle: Display: Oodle Texture 2.9.0 init RDO Off
[2024.05.01-14.57.22:099][  0]LogRendererCore: Ray tracing is disabled. Reason: r.RayTracing=0.
[2024.05.01-14.57.22:099][  0]LogShaderCompilers: Guid format shader working directory is -21 characters bigger than the processId version (../../../../../../Users/edgos/Documents/GitHub/Jelly-Hunt/JellyHunt/Intermediate/Shaders/WorkingDirectory/6560/).
[2024.05.01-14.57.22:099][  0]LogShaderCompilers: Cleaned the shader compiler working directory 'C:/Users/edgos/AppData/Local/Temp/UnrealShaderWorkingDir/3FD156D24016B411FA722BA418446BCD/'.
[2024.05.01-14.57.22:099][  0]LogXGEController: Cannot use XGE Controller as Incredibuild is not installed on this machine.
[2024.05.01-14.57.22:100][  0]LogShaderCompilers: Cannot use XGE Shader Compiler as Incredibuild is not installed on this machine.
[2024.05.01-14.57.22:100][  0]LogShaderCompilers: Display: Using Local Shader Compiler.
[2024.05.01-14.57.22:532][  0]LogDerivedDataCache: Display: Max Cache Size: 512 MB
[2024.05.01-14.57.22:572][  0]LogDerivedDataCache: Loaded boot cache 0.04s 94MB C:/Users/edgos/AppData/Local/UnrealEngine/4.27/DerivedDataCache/Boot.ddc.
[2024.05.01-14.57.22:572][  0]LogDerivedDataCache: Display: Loaded Boot cache: C:/Users/edgos/AppData/Local/UnrealEngine/4.27/DerivedDataCache/Boot.ddc
[2024.05.01-14.57.22:572][  0]LogDerivedDataCache: FDerivedDataBackendGraph:  Pak pak cache file ../../../../../../Users/edgos/Documents/GitHub/Jelly-Hunt/JellyHunt/DerivedDataCache/DDC.ddp not found, will not use a pak cache.
[2024.05.01-14.57.22:572][  0]LogDerivedDataCache: Unable to find inner node Pak for hierarchical cache Hierarchy.
[2024.05.01-14.57.22:572][  0]LogDerivedDataCache: FDerivedDataBackendGraph:  CompressedPak pak cache file ../../../../../../Users/edgos/Documents/GitHub/Jelly-Hunt/JellyHunt/DerivedDataCache/Compressed.ddp not found, will not use a pak cache.
[2024.05.01-14.57.22:572][  0]LogDerivedDataCache: Unable to find inner node CompressedPak for hierarchical cache Hierarchy.
[2024.05.01-14.57.22:583][  0]LogDerivedDataCache: Display: Pak cache opened for reading ../../../Engine/DerivedDataCache/Compressed.ddp.
[2024.05.01-14.57.22:583][  0]LogDerivedDataCache: FDerivedDataBackendGraph:  EnterprisePak pak cache file ../../../Enterprise/DerivedDataCache/Compressed.ddp not found, will not use a pak cache.
[2024.05.01-14.57.22:583][  0]LogDerivedDataCache: Unable to find inner node EnterprisePak for hierarchical cache Hierarchy.
[2024.05.01-14.57.22:587][  0]LogDerivedDataCache: Speed tests for C:/Users/edgos/AppData/Local/UnrealEngine/Common/DerivedDataCache took 0.00 seconds
[2024.05.01-14.57.22:587][  0]LogDerivedDataCache: Display: Performance to C:/Users/edgos/AppData/Local/UnrealEngine/Common/DerivedDataCache: Latency=0.01ms. RandomReadSpeed=2137.70MBs, RandomWriteSpeed=364.25MBs. Assigned SpeedClass 'Local'
[2024.05.01-14.57.22:587][  0]LogDerivedDataCache: Using Local data cache path C:/Users/edgos/AppData/Local/UnrealEngine/Common/DerivedDataCache: Writable
[2024.05.01-14.57.22:587][  0]LogDerivedDataCache: Shared data cache path not found in *engine.ini, will not use an Shared cache.
[2024.05.01-14.57.22:587][  0]LogDerivedDataCache: Unable to find inner node Shared for hierarchical cache Hierarchy.
[2024.05.01-14.57.22:615][  0]LogSlate: Using FreeType 2.10.0
[2024.05.01-14.57.22:616][  0]LogSlate: SlateFontServices - WITH_FREETYPE: 1, WITH_HARFBUZZ: 1
[2024.05.01-14.57.22:634][  0]LogAssetRegistry: FAssetRegistry took 0.0033 seconds to start up
[2024.05.01-14.57.22:752][  0]LogInit: Selected Device Profile: [Windows]
[2024.05.01-14.57.22:752][  0]LogInit: Active device profile: [0000021071B38B00][000002106A8E4400 49] Windows
[2024.05.01-14.57.22:752][  0]LogInit: Profiles: [0000021071B38B00][000002106A8E4400 49] Windows, [0000021071B02100][0000021070100580 49] WindowsNoEditor, [0000021071B39900][0000021070104700 49] WindowsServer, [0000021071B02E00][00000210700FC840 49] WindowsClient, [0000021071B3BC00][0000021070108980 49] IOS, [0000021071B00F00][000002107010CAC0 49] iPadAir, [0000021071B3BE00][00000210722E2C40 49] iPadAir2, [0000021071AB0E00][00000210722EAF00 49] IPadPro, [0000021071AB0F00][00000210722E6F40 49] iPadAir3, [0000021071B03B00][00000210722EF0C0 49] iPadAir4, [0000021071AB3800][00000210722F3240 49] iPadMini2, [0000021071B02F00][00000210722F73C0 49] iPadMini3, [0000021071AB3A00][00000210722FB540 49] iPadMini4, [0000021071B03800][00000210722FF6C0 49] iPadMini5, [0000021071AB4600][0000021072307980 49] iPhone6, [0000021071AB4700][00000210723039C0 49] iPodTouch6, [0000021071B3A800][000002107230E100 49] iPhone7, [0000021071B3A600][000002107230A140 49] iPodTouch7, [0000021071AB4100][00000210723122C0 49] iPhone5S, [0000021071AB0700][0000021072316440 49] iPhone6Plus, [0000021071AB6500][000002107231A5C0 49] iPhone6S, [0000021071AB1300][000002107231E740 49] iPhone6SPlus, [0000021071AB7B00][00000210723228C0 49] iPhone7Plus, [0000021071AB3700][00000210722DEA00 49] iPhoneSE, [0000021071B3AB00][0000021072326B40 49] iPhone8, [0000021071AB0600][000002107232AC80 49] iPhone8Plus, [0000021071B3A100][000002107232EDC0 49] iPhoneX, [0000021071AB2900][0000021072336F40 49] iPhoneXS, [0000021071B3B700][000002107233B0C0 49] iPhoneXSMax, [0000021071AB2F00][000002107233F240 49] iPhoneXR, [0000021071B3BB00][00000210723433C0 49] iPhone11, [0000021071AB1E00][0000021072347540 49] iPhone11Pro, [0000021071B38700][000002107234B6C0 49] iPhone11ProMax, [0000021071AB2000][000002107234F840 49] iPhoneSE2, [0000021071B3BA00][00000210723539C0 49] iPhone12Mini, [0000021071AB2100][0000021072357B40 49] iPhone12, [0000021071B38600][000002107235A140 49] iPhone12Pro, [0000021071AB3400][000002107235E2C0 49] iPhone12ProMax, [0000021071B38800][0000021072362440 49] iPadPro105, [0000021071AB1900][00000210723665C0 49] iPadPro129, [0000021071B3BF00][000002107236A740 49] iPadPro97, [0000021071AB3C00][000002107236E8C0 49] iPadPro2_129, [0000021071B3B900][0000021072372A40 49] iPad5, [0000021071AB0300][0000021072332B80 49] iPad6, [0000021071B39B00][0000021072376CC0 49] iPad7, [0000021071AB3600][000002107237AE00 49] iPad8, [0000021071B39600][000002107237EF40 49] iPadPro11, [0000021071AB2D00][00000210723870C0 49] iPadPro2_11, [0000021071B39A00][000002107238B240 49] iPadPro3_129, [0000021071AB2E00][000002107238F3C0 49] iPadPro4_129, [0000021071B38500][0000021072393540 49] AppleTV, [0000021071AB3000][00000210723976C0 49] AppleTV4K, [0000021071B39C00][000002107239B840 49] TVOS, [0000021071AB0800][000002107239F9C0 49] Mac, [0000021071B3A500][00000210723A3B40 49] MacClient, [0000021071AB2C00][00000210723A6140 49] MacNoEditor, [0000021071B3B500][00000210723AA2C0 49] MacServer, [0000021071AB0A00][00000210723AE440 49] Linux, [0000021071B38400][00000210723B25C0 49] LinuxAArch64, [0000021071AB1A00][00000210723B6740 49] LinuxNoEditor, [0000021071B39D00][00000210723BA8C0 49] LinuxAArch64NoEditor, [0000021071AB2700][00000210723BEA40 49] LinuxClient, [0000021071B39400][00000210723C2BC0 49] LinuxAArch64Client, [0000021071AB2800][00000210723C6D40 49] LinuxServer, [0000021071B3AF00][0000021072382E80 49] LinuxAArch64Server, [0000021071AB1700][00000210723CAFC0 49] Android, [0000021071B3BD00][00000210723CF100 49] Android_Low, [0000021071AB0B00][00000210723D7280 49] Android_Mid, [0000021071B3A200][00000210723DB400 49] Android_High, [0000021071AB0C00][00000210723DF580 49] Android_Default, [0000021071B39300][00000210723E3700 49] Android_Adreno4xx, [0000021071B02300][00000210723E7880 49] Android_Adreno5xx_Low, [0000021071AB5C00][00000210723EBA00 49] Android_Adreno5xx, [0000021071B02600][00000210723EFB80 49] Android_Adreno6xx, [0000021071AB6000][00000210723F2180 49] Android_Adreno6xx_Vulkan, [0000021071B00400][00000210723F6300 49] Android_Mali_T6xx, [0000021071AB4F00][00000210723FA480 49] Android_Mali_T7xx, [0000021071B01C00][00000210723FE600 49] Android_Mali_T8xx, [0000021071AB5F00][0000021072402780 49] Android_Mali_G71, [0000021071B02800][0000021072406900 49] Android_Mali_G72, [0000021071AB7300][000002107240AA80 49] Android_Mali_G72_Vulkan, [0000021071B03E00][000002107240EC00 49] Android_Mali_G76, [0000021071AB6200][0000021072412D80 49] Android_Mali_G76_Vulkan, [0000021071B01E00][0000021072416F00 49] Android_Mali_G77, [0000021071AB4900][00000210723D3040 49] Android_Mali_G77_Vulkan, [0000021071B03F00][000002107241B180 49] Android_Mali_G78, [0000021071AB5300][000002107241F2C0 49] Android_Mali_G78_Vulkan, [0000021071B03400][0000021072427440 49] Android_Mali_G710, [0000021071AB7E00][000002107242B5C0 49] Android_Mali_G710_Vulkan, [0000021071B00700][000002107242F740 49] Android_Vulkan_SM5, [0000021071AB7F00][00000210724338C0 49] Android_PowerVR_G6xxx, [0000021071B01F00][0000021072437A40 49] Android_PowerVR_GT7xxx, [0000021071AB6B00][000002107243BBC0 49] Android_PowerVR_GE8xxx, [0000021071B03700][000002107243E1C0 49] Android_PowerVR_GM9xxx, [0000021071AB6800][0000021072442340 49] Android_PowerVR_GM9xxx_Vulkan, [0000021071B01500][00000210724464C0 49] Android_TegraK1, [0000021071AB5700][000002107244A640 49] Android_Unknown_Vulkan, [0000021071B02C00][000002107244E7C0 49] Lumin, [0000021071AB7D00][0000021072452940 49] Lumin_Desktop, [0000021071B00E00][0000021072456AC0 49] HoloLens, 
[2024.05.01-14.57.22:826][  0]LogMeshReduction: Using QuadricMeshReduction for automatic static mesh reduction
[2024.05.01-14.57.22:826][  0]LogMeshReduction: Using SimplygonMeshReduction for automatic skeletal mesh reduction
[2024.05.01-14.57.22:826][  0]LogMeshReduction: Using ProxyLODMeshReduction for automatic mesh merging
[2024.05.01-14.57.22:826][  0]LogMeshReduction: No distributed automatic mesh merging module available
[2024.05.01-14.57.22:826][  0]LogMeshMerging: No distributed automatic mesh merging module available
[2024.05.01-14.57.22:836][  0]LogNetVersion: JellyHunt 1.0.0, NetCL: 17155196, EngineNetVer: 17, GameNetVer: 0 (Checksum: 2506878787)
[2024.05.01-14.57.23:032][  0]LogTexture: Default maximum texture size for cubemaps generated from long-lat sources has been changed from 512 to unlimited. In order to preserve old behaiour for '/Engine/MapTemplates/Sky/DaylightAmbientCubemap.DaylightAmbientCubemap', its maximum texture size has been explicitly set to 512.
[2024.05.01-14.57.23:066][  0]LogHMD: PokeAHoleMaterial loaded successfully
[2024.05.01-14.57.23:069][  0]LogUObjectArray: 17178 objects as part of root set at end of initial load.
[2024.05.01-14.57.23:069][  0]LogUObjectAllocator: 4302048 out of 0 bytes used by permanent object pool.
[2024.05.01-14.57.23:069][  0]LogUObjectArray: CloseDisregardForGC: 0/0 objects in disregard for GC pool
[2024.05.01-14.57.23:240][  0]LogPython: Using Python 3.7.7
[2024.05.01-14.57.23:634][  0]LogUdpMessaging: Initializing bridge on interface 0.0.0.0:0 to multicast group 230.0.0.1:6666.
[2024.05.01-14.57.23:646][  0]LogTcpMessaging: Initializing TcpMessaging bridge
[2024.05.01-14.57.23:682][  0]LogNiagaraDebuggerClient: Niagara Debugger Client Initialized | Session: 233EF1834672A825FCB77D9D7D9D8B53 | Instance: FA71BE1746F2B1F7D28DDD83B82E39B3 (LASTCHANCE-6560).
[2024.05.01-14.57.23:734][  0]LogTemp: Warning: set up
[2024.05.01-14.57.23:853][  0]SourceControl: Source control is disabled
[2024.05.01-14.57.23:853][  0]SourceControl: Source control is disabled
[2024.05.01-14.57.23:859][  0]SourceControl: Source control is disabled
[2024.05.01-14.57.23:862][  0]SourceControl: Source control is disabled
[2024.05.01-14.57.23:871][  0]SourceControl: Source control is disabled
[2024.05.01-14.57.23:874][  0]LogUProjectInfo: Found projects:
[2024.05.01-14.57.24:028][  0]LogOpenImageDenoise: OIDN starting up
[2024.05.01-14.57.24:101][  0]LogAndroidPermission: UAndroidPermissionCallbackProxy::GetInstance
[2024.05.01-14.57.24:129][  0]LogAudioCaptureCore: Display: No Audio Capture implementations found. Audio input will be silent.
[2024.05.01-14.57.24:129][  0]LogAudioCaptureCore: Display: No Audio Capture implementations found. Audio input will be silent.
[2024.05.01-14.57.24:243][  0]LogCollectionManager: Loaded 0 collections in 0.001068 seconds
[2024.05.01-14.57.24:263][  0]LogFileCache: Scanning file cache for directory 'C:/Users/edgos/Documents/GitHub/Jelly-Hunt/JellyHunt/Saved/Collections/' took 0.00s
[2024.05.01-14.57.24:263][  0]LogFileCache: Scanning file cache for directory 'C:/Users/edgos/Documents/GitHub/Jelly-Hunt/JellyHunt/Content/Developers/edgos/Collections/' took 0.00s
[2024.05.01-14.57.24:263][  0]LogFileCache: Scanning file cache for directory 'C:/Users/edgos/Documents/GitHub/Jelly-Hunt/JellyHunt/Content/Collections/' took 0.00s
[2024.05.01-14.57.24:263][  0]LogOcInput: OculusInput pre-init called
[2024.05.01-14.57.24:461][  0]LogEngine: Initializing Engine...
[2024.05.01-14.57.24:467][  0]LogHMD: Failed to enumerate extensions. Please check that you have a valid OpenXR runtime installed.
[2024.05.01-14.57.24:467][  0]LogHMD: Failed to initialize OpenVR with code 110
[2024.05.01-14.57.24:467][  0]LogMagicLeap: Warning: VR disabled because ZI is not enabled.  To enable, in the editor, Edit -> Project Settings -> Plugins -> Magic Leap Plugin -> Enable Zero Iteration
[2024.05.01-14.57.24:467][  0]LogStats: UGameplayTagsManager::InitializeManager -  0.000 s
[2024.05.01-14.57.24:575][  0]LogInit: Initializing FReadOnlyCVARCache
[2024.05.01-14.57.24:584][  0]LogAIModule: Creating AISystem for world Untitled
[2024.05.01-14.57.24:693][  0]LogAudio: Display: Initializing Audio Device Manager...
[2024.05.01-14.57.24:697][  0]LogAudio: Display: Loading Default Audio Settings Objects...
[2024.05.01-14.57.24:697][  0]LogAudio: Display: No default SoundConcurrencyObject specified (or failed to load).
[2024.05.01-14.57.24:697][  0]LogAudio: Display: Audio Device Manager Initialized
[2024.05.01-14.57.24:697][  0]LogAudio: Display: Creating Audio Device:                 Id: 1, Scope: Shared, Realtime: True
[2024.05.01-14.57.24:698][  0]LogAudioMixer: Display: Audio Mixer Platform Settings:
[2024.05.01-14.57.24:698][  0]LogAudioMixer: Display: 	Sample Rate:						  48000
[2024.05.01-14.57.24:698][  0]LogAudioMixer: Display: 	Callback Buffer Frame Size Requested: 1024
[2024.05.01-14.57.24:698][  0]LogAudioMixer: Display: 	Callback Buffer Frame Size To Use:	  1024
[2024.05.01-14.57.24:698][  0]LogAudioMixer: Display: 	Number of buffers to queue:			  2
[2024.05.01-14.57.24:698][  0]LogAudioMixer: Display: 	Max Channels (voices):				  32
[2024.05.01-14.57.24:698][  0]LogAudioMixer: Display: 	Number of Async Source Workers:		  0
[2024.05.01-14.57.24:698][  0]LogAudio: Display: AudioDevice MaxSources: 32
[2024.05.01-14.57.24:699][  0]LogAudio: Display: Audio Spatialization Plugin: None (built-in).
[2024.05.01-14.57.24:699][  0]LogAudio: Display: Audio Reverb Plugin: None (built-in).
[2024.05.01-14.57.24:699][  0]LogAudio: Display: Audio Occlusion Plugin: None (built-in).
[2024.05.01-14.57.24:699][  0]LogAudioMixer: Display: Initializing audio mixer.
[2024.05.01-14.57.24:709][  0]LogAudioMixer: Display: 0: FrontLeft
[2024.05.01-14.57.24:709][  0]LogAudioMixer: Display: 1: FrontRight
[2024.05.01-14.57.24:733][  0]LogAudioMixer: Display: Using Audio Device Speakers (Realtek(R) Audio)
[2024.05.01-14.57.24:735][  0]LogAudioMixer: Display: Initializing Sound Submixes...
[2024.05.01-14.57.24:737][  0]LogAudioMixer: Display: Creating Master Submix 'MasterSubmixDefault'
[2024.05.01-14.57.24:737][  0]LogAudioMixer: Display: Creating Master Submix 'MasterReverbSubmixDefault'
[2024.05.01-14.57.24:737][  0]LogAudioMixer: Display: Creating Master Submix 'MasterEQSubmixDefault'
[2024.05.01-14.57.24:737][  0]LogAudioMixer: FMixerPlatformXAudio2::StartAudioStream() called
[2024.05.01-14.57.24:737][  0]LogAudioMixer: Display: Output buffers initialized: Frames=1024, Channels=2, Samples=2048
[2024.05.01-14.57.24:740][  0]LogAudioMixer: Display: Starting AudioMixerPlatformInterface::RunInternal()
[2024.05.01-14.57.24:740][  0]LogAudioMixer: Display: FMixerPlatformXAudio2::SubmitBuffer() called for the first time
[2024.05.01-14.57.24:740][  0]LogInit: FAudioDevice initialized.
[2024.05.01-14.57.24:740][  0]LogAudio: Display: Audio Device (ID: 1) registered with world 'Untitled'.
[2024.05.01-14.57.24:740][  0]LogNetVersion: Set ProjectVersion to 1.0.0.0. Version Checksum will be recalculated on next use.
[2024.05.01-14.57.24:784][  0]LogDerivedDataCache: Saved boot cache 0.04s 94MB C:/Users/edgos/AppData/Local/UnrealEngine/4.27/DerivedDataCache/Boot.ddc.
[2024.05.01-14.57.24:785][  0]LogInit: Texture streaming: Enabled
[2024.05.01-14.57.24:801][  0]LogAnalytics: Display: [UEEditor.Rocket.Release] APIServer = https://datarouter.ol.epicgames.com/. AppVersion = 4.27.2-18319896+++UE4+Release-4.27
[2024.05.01-14.57.24:805][  0]LogEngineSessionManager: EngineSessionManager initialized
[2024.05.01-14.57.24:805][  0]LogEditorSessionSummary: Verbose: Initializing EditorSessionSummaryWriter for editor session tracking
[2024.05.01-14.57.24:807][  0]LogEditorSessionSummary: EditorSessionSummaryWriter initialized
[2024.05.01-14.57.24:847][  0]LogInit: Transaction tracking system initialized
[2024.05.01-14.57.24:869][  0]BlueprintLog: New page: Editor Load
[2024.05.01-14.57.24:912][  0]LocalizationService: Localization service is disabled
[2024.05.01-14.57.24:936][  0]TimingProfiler: Initialize
[2024.05.01-14.57.24:936][  0]TimingProfiler: OnSessionChanged
[2024.05.01-14.57.24:936][  0]LoadingProfiler: Initialize
[2024.05.01-14.57.24:936][  0]LoadingProfiler: OnSessionChanged
[2024.05.01-14.57.24:936][  0]NetworkingProfiler: Initialize
[2024.05.01-14.57.24:936][  0]NetworkingProfiler: OnSessionChanged
[2024.05.01-14.57.24:936][  0]MemoryProfiler: Initialize
[2024.05.01-14.57.24:936][  0]MemoryProfiler: OnSessionChanged
[2024.05.01-14.57.25:041][  0]LogCook: Display: CookSettings for Memory: MemoryMaxUsedVirtual 0MiB, MemoryMaxUsedPhysical 16384MiB, MemoryMinFreeVirtual 0MiB, MemoryMinFreePhysical 1024MiB
[2024.05.01-14.57.25:041][  0]LogCook: Display: Mobile HDR setting 1
[2024.05.01-14.57.25:217][  0]LogFileCache: Scanning file cache for directory 'C:/Users/edgos/Documents/GitHub/Jelly-Hunt/JellyHunt/Content/' took 0.01s
[2024.05.01-14.57.25:321][  0]LogInit: Display: Engine is initialized. Leaving FEngineLoop::Init()
[2024.05.01-14.57.25:324][  0]SourceControl: Source control is disabled
[2024.05.01-14.57.25:436][  0]LogSlate: Took 0.000118 seconds to synchronously load lazily loaded font '../../../Engine/Content/Slate/Fonts/Roboto-Regular.ttf' (155K)
[2024.05.01-14.57.29:082][  0]LogSlate: Window 'Restore Packages' being destroyed
[2024.05.01-14.57.29:107][  0]LogUnrealEdMisc: Loading editor; pre map load, took 9.048
[2024.05.01-14.57.29:107][  0]Cmd: MAP LOAD FILE="../../../../../../Users/edgos/Documents/GitHub/Jelly-Hunt/JellyHunt/Content/StarterContent/Maps/Minimal_Default.umap" TEMPLATE=0 SHOWPROGRESS=1 FEATURELEVEL=3
[2024.05.01-14.57.29:110][  0]LightingResults: New page: Lighting Build
[2024.05.01-14.57.29:111][  0]LogWorld: UWorld::CleanupWorld for Untitled, bSessionEnded=true, bCleanupResources=true
[2024.05.01-14.57.29:113][  0]LogSlate: InvalidateAllWidgets triggered.  All widgets were invalidated
[2024.05.01-14.57.29:113][  0]MapCheck: New page: Map Check
[2024.05.01-14.57.29:113][  0]LightingResults: New page: Lighting Build
[2024.05.01-14.57.29:126][  0]LogAudio: Display: Audio Device unregistered from world 'None'.
[2024.05.01-14.57.29:130][  0]LogUObjectHash: Compacting FUObjectHashTables data took   0.43ms
[2024.05.01-14.57.29:155][  0]LogBlueprint: Warning: [AssetLog] C:\Users\edgos\Documents\GitHub\Jelly-Hunt\JellyHunt\Content\StarterContent\Blueprints\FPSCharacter.uasset: [Compiler] InputAction Event references unknown Action 'Crouch' for  InputAction Crouch
[2024.05.01-14.57.29:155][  0]LogBlueprint: Warning: [AssetLog] C:\Users\edgos\Documents\GitHub\Jelly-Hunt\JellyHunt\Content\StarterContent\Blueprints\FPSCharacter.uasset: [Compiler] Input Axis Event references unknown Axis 'Forwards/Backwards' for  InputAxis Forwards/Backwards
[2024.05.01-14.57.29:156][  0]LogBlueprint: Warning: [AssetLog] C:\Users\edgos\Documents\GitHub\Jelly-Hunt\JellyHunt\Content\StarterContent\Blueprints\FPSCharacter.uasset: [Compiler] Input Axis Event references unknown Axis 'Look Up/LookDown' for  InputAxis Look Up/LookDown
[2024.05.01-14.57.29:156][  0]LogBlueprint: Warning: [AssetLog] C:\Users\edgos\Documents\GitHub\Jelly-Hunt\JellyHunt\Content\StarterContent\Blueprints\FPSCharacter.uasset: [Compiler] Input Axis Event references unknown Axis 'Right/Left' for  InputAxis Right/Left
[2024.05.01-14.57.29:156][  0]LogBlueprint: Warning: [AssetLog] C:\Users\edgos\Documents\GitHub\Jelly-Hunt\JellyHunt\Content\StarterContent\Blueprints\FPSCharacter.uasset: [Compiler] Input Axis Event references unknown Axis 'Look Left/Right' for  InputAxis Look Left/Right
[2024.05.01-14.57.29:184][  0]LogAudio: Display: Audio Device (ID: 1) registered with world 'Minimal_Default'.
[2024.05.01-14.57.29:187][  0]LogAIModule: Creating AISystem for world Minimal_Default
[2024.05.01-14.57.29:190][  0]LogEditorServer: Finished looking for orphan Actors (0.000 secs)
[2024.05.01-14.57.29:220][  0]LogUObjectHash: Compacting FUObjectHashTables data took   4.25ms
[2024.05.01-14.57.29:221][  0]Cmd: MAP CHECKDEP NOCLEARLOG
[2024.05.01-14.57.29:221][  0]MapCheck: Map check complete: 0 Error(s), 0 Warning(s), took 0.102ms to complete.
[2024.05.01-14.57.29:221][  0]LogFileHelpers: Loading map 'Minimal_Default' took 0.114
[2024.05.01-14.57.29:224][  0]LogUnrealEdMisc: Total Editor Startup Time, took 9.164
[2024.05.01-14.57.29:290][  0]LogSlate: Updating window title bar state: overlay mode, drag disabled, window buttons hidden, title bar hidden
[2024.05.01-14.57.29:308][  0]LogSlate: Updating window title bar state: overlay mode, drag disabled, window buttons hidden, title bar hidden
[2024.05.01-14.57.29:329][  0]LogSlate: Updating window title bar state: overlay mode, drag disabled, window buttons hidden, title bar hidden
[2024.05.01-14.57.29:344][  0]LogSlate: Updating window title bar state: overlay mode, drag disabled, window buttons hidden, title bar hidden
[2024.05.01-14.57.29:360][  0]LogNativeClassHierarchy: Verbose: Native class hierarchy populated in 0.0107 seconds. Added 3828 classes and 930 folders.
[2024.05.01-14.57.29:364][  0]LogNativeClassHierarchy: Verbose: Native class hierarchy updated for 'WidgetCarousel' in 0.0001 seconds. Added 0 classes and 0 folders.
[2024.05.01-14.57.29:365][  0]LogPakFile: PakFile PrimaryIndexSize=187
[2024.05.01-14.57.29:365][  0]LogPakFile: PakFile PathHashIndexSize=101
[2024.05.01-14.57.29:366][  0]LogPakFile: PakFile FullDirectoryIndexSize=148
[2024.05.01-14.57.29:366][  0]LogShaderLibrary: Display: ShaderCodeLibraryPakFileMountedCallback: PakFile 'C:/Program Files/Epic Games/UE_4.27/FeaturePacks/FP_FirstPerson.upack' (chunk index -1, root 'root:/') mounted
[2024.05.01-14.57.29:366][  0]LogShaderLibrary: Display: ShaderCodeLibraryPakFileMountedCallback: pending pak file info (ChunkID:-1 Root:root:/ File:C:/Program Files/Epic Games/UE_4.27/FeaturePacks/FP_FirstPerson.upack)
[2024.05.01-14.57.29:366][  0]LogPakFile: OnPakFileMounted2Time == 0.000152
[2024.05.01-14.57.29:367][  0]LogPakFile: PakFile PrimaryIndexSize=189
[2024.05.01-14.57.29:367][  0]LogPakFile: PakFile PathHashIndexSize=101
[2024.05.01-14.57.29:367][  0]LogPakFile: PakFile FullDirectoryIndexSize=152
[2024.05.01-14.57.29:367][  0]LogShaderLibrary: Display: ShaderCodeLibraryPakFileMountedCallback: PakFile 'C:/Program Files/Epic Games/UE_4.27/FeaturePacks/FP_FirstPersonBP.upack' (chunk index -1, root 'root:/') mounted
[2024.05.01-14.57.29:367][  0]LogShaderLibrary: Display: ShaderCodeLibraryPakFileMountedCallback: pending pak file info (ChunkID:-1 Root:root:/ File:C:/Program Files/Epic Games/UE_4.27/FeaturePacks/FP_FirstPersonBP.upack)
[2024.05.01-14.57.29:367][  0]LogPakFile: OnPakFileMounted2Time == 0.000151
[2024.05.01-14.57.29:367][  0]LogPakFile: PakFile PrimaryIndexSize=191
[2024.05.01-14.57.29:367][  0]LogPakFile: PakFile PathHashIndexSize=101
[2024.05.01-14.57.29:367][  0]LogPakFile: PakFile FullDirectoryIndexSize=160
[2024.05.01-14.57.29:367][  0]LogShaderLibrary: Display: ShaderCodeLibraryPakFileMountedCallback: PakFile 'C:/Program Files/Epic Games/UE_4.27/FeaturePacks/MobileStarterContent.upack' (chunk index -1, root 'root:/') mounted
[2024.05.01-14.57.29:367][  0]LogShaderLibrary: Display: ShaderCodeLibraryPakFileMountedCallback: pending pak file info (ChunkID:-1 Root:root:/ File:C:/Program Files/Epic Games/UE_4.27/FeaturePacks/MobileStarterContent.upack)
[2024.05.01-14.57.29:367][  0]LogPakFile: OnPakFileMounted2Time == 0.000204
[2024.05.01-14.57.29:368][  0]LogPakFile: PakFile PrimaryIndexSize=185
[2024.05.01-14.57.29:368][  0]LogPakFile: PakFile PathHashIndexSize=101
[2024.05.01-14.57.29:368][  0]LogPakFile: PakFile FullDirectoryIndexSize=148
[2024.05.01-14.57.29:368][  0]LogShaderLibrary: Display: ShaderCodeLibraryPakFileMountedCallback: PakFile 'C:/Program Files/Epic Games/UE_4.27/FeaturePacks/StarterContent.upack' (chunk index -1, root 'root:/') mounted
[2024.05.01-14.57.29:368][  0]LogShaderLibrary: Display: ShaderCodeLibraryPakFileMountedCallback: pending pak file info (ChunkID:-1 Root:root:/ File:C:/Program Files/Epic Games/UE_4.27/FeaturePacks/StarterContent.upack)
[2024.05.01-14.57.29:368][  0]LogPakFile: OnPakFileMounted2Time == 0.000149
[2024.05.01-14.57.29:369][  0]LogPakFile: PakFile PrimaryIndexSize=190
[2024.05.01-14.57.29:369][  0]LogPakFile: PakFile PathHashIndexSize=101
[2024.05.01-14.57.29:369][  0]LogPakFile: PakFile FullDirectoryIndexSize=154
[2024.05.01-14.57.29:369][  0]LogShaderLibrary: Display: ShaderCodeLibraryPakFileMountedCallback: PakFile 'C:/Program Files/Epic Games/UE_4.27/FeaturePacks/TP_2DSideScroller.upack' (chunk index -1, root 'root:/') mounted
[2024.05.01-14.57.29:369][  0]LogShaderLibrary: Display: ShaderCodeLibraryPakFileMountedCallback: pending pak file info (ChunkID:-1 Root:root:/ File:C:/Program Files/Epic Games/UE_4.27/FeaturePacks/TP_2DSideScroller.upack)
[2024.05.01-14.57.29:369][  0]LogPakFile: OnPakFileMounted2Time == 0.000191
[2024.05.01-14.57.29:370][  0]LogPakFile: PakFile PrimaryIndexSize=192
[2024.05.01-14.57.29:370][  0]LogPakFile: PakFile PathHashIndexSize=101
[2024.05.01-14.57.29:370][  0]LogPakFile: PakFile FullDirectoryIndexSize=158
[2024.05.01-14.57.29:370][  0]LogShaderLibrary: Display: ShaderCodeLibraryPakFileMountedCallback: PakFile 'C:/Program Files/Epic Games/UE_4.27/FeaturePacks/TP_2DSideScrollerBP.upack' (chunk index -1, root 'root:/') mounted
[2024.05.01-14.57.29:370][  0]LogShaderLibrary: Display: ShaderCodeLibraryPakFileMountedCallback: pending pak file info (ChunkID:-1 Root:root:/ File:C:/Program Files/Epic Games/UE_4.27/FeaturePacks/TP_2DSideScrollerBP.upack)
[2024.05.01-14.57.29:370][  0]LogPakFile: OnPakFileMounted2Time == 0.000134
[2024.05.01-14.57.29:370][  0]LogPakFile: PakFile PrimaryIndexSize=182
[2024.05.01-14.57.29:370][  0]LogPakFile: PakFile PathHashIndexSize=101
[2024.05.01-14.57.29:370][  0]LogPakFile: PakFile FullDirectoryIndexSize=138
[2024.05.01-14.57.29:371][  0]LogShaderLibrary: Display: ShaderCodeLibraryPakFileMountedCallback: PakFile 'C:/Program Files/Epic Games/UE_4.27/FeaturePacks/TP_Flying.upack' (chunk index -1, root 'root:/') mounted
[2024.05.01-14.57.29:371][  0]LogShaderLibrary: Display: ShaderCodeLibraryPakFileMountedCallback: pending pak file info (ChunkID:-1 Root:root:/ File:C:/Program Files/Epic Games/UE_4.27/FeaturePacks/TP_Flying.upack)
[2024.05.01-14.57.29:371][  0]LogPakFile: OnPakFileMounted2Time == 0.000141
[2024.05.01-14.57.29:371][  0]LogPakFile: PakFile PrimaryIndexSize=184
[2024.05.01-14.57.29:371][  0]LogPakFile: PakFile PathHashIndexSize=101
[2024.05.01-14.57.29:371][  0]LogPakFile: PakFile FullDirectoryIndexSize=142
[2024.05.01-14.57.29:371][  0]LogShaderLibrary: Display: ShaderCodeLibraryPakFileMountedCallback: PakFile 'C:/Program Files/Epic Games/UE_4.27/FeaturePacks/TP_FlyingBP.upack' (chunk index -1, root 'root:/') mounted
[2024.05.01-14.57.29:371][  0]LogShaderLibrary: Display: ShaderCodeLibraryPakFileMountedCallback: pending pak file info (ChunkID:-1 Root:root:/ File:C:/Program Files/Epic Games/UE_4.27/FeaturePacks/TP_FlyingBP.upack)
[2024.05.01-14.57.29:371][  0]LogPakFile: OnPakFileMounted2Time == 0.000128
[2024.05.01-14.57.29:372][  0]LogPakFile: PakFile PrimaryIndexSize=188
[2024.05.01-14.57.29:372][  0]LogPakFile: PakFile PathHashIndexSize=101
[2024.05.01-14.57.29:372][  0]LogPakFile: PakFile FullDirectoryIndexSize=150
[2024.05.01-14.57.29:372][  0]LogShaderLibrary: Display: ShaderCodeLibraryPakFileMountedCallback: PakFile 'C:/Program Files/Epic Games/UE_4.27/FeaturePacks/TP_HandheldARBP.upack' (chunk index -1, root 'root:/') mounted
[2024.05.01-14.57.29:372][  0]LogShaderLibrary: Display: ShaderCodeLibraryPakFileMountedCallback: pending pak file info (ChunkID:-1 Root:root:/ File:C:/Program Files/Epic Games/UE_4.27/FeaturePacks/TP_HandheldARBP.upack)
[2024.05.01-14.57.29:372][  0]LogPakFile: OnPakFileMounted2Time == 0.000129
[2024.05.01-14.57.29:373][  0]LogPakFile: PakFile PrimaryIndexSize=182
[2024.05.01-14.57.29:373][  0]LogPakFile: PakFile PathHashIndexSize=101
[2024.05.01-14.57.29:373][  0]LogPakFile: PakFile FullDirectoryIndexSize=138
[2024.05.01-14.57.29:373][  0]LogShaderLibrary: Display: ShaderCodeLibraryPakFileMountedCallback: PakFile 'C:/Program Files/Epic Games/UE_4.27/FeaturePacks/TP_Puzzle.upack' (chunk index -1, root 'root:/') mounted
[2024.05.01-14.57.29:373][  0]LogShaderLibrary: Display: ShaderCodeLibraryPakFileMountedCallback: pending pak file info (ChunkID:-1 Root:root:/ File:C:/Program Files/Epic Games/UE_4.27/FeaturePacks/TP_Puzzle.upack)
[2024.05.01-14.57.29:373][  0]LogPakFile: OnPakFileMounted2Time == 0.000146
[2024.05.01-14.57.29:373][  0]LogPakFile: PakFile PrimaryIndexSize=184
[2024.05.01-14.57.29:373][  0]LogPakFile: PakFile PathHashIndexSize=101
[2024.05.01-14.57.29:373][  0]LogPakFile: PakFile FullDirectoryIndexSize=142
[2024.05.01-14.57.29:373][  0]LogShaderLibrary: Display: ShaderCodeLibraryPakFileMountedCallback: PakFile 'C:/Program Files/Epic Games/UE_4.27/FeaturePacks/TP_PuzzleBP.upack' (chunk index -1, root 'root:/') mounted
[2024.05.01-14.57.29:374][  0]LogShaderLibrary: Display: ShaderCodeLibraryPakFileMountedCallback: pending pak file info (ChunkID:-1 Root:root:/ File:C:/Program Files/Epic Games/UE_4.27/FeaturePacks/TP_PuzzleBP.upack)
[2024.05.01-14.57.29:374][  0]LogPakFile: OnPakFileMounted2Time == 0.000143
[2024.05.01-14.57.29:374][  0]LogPakFile: PakFile PrimaryIndexSize=183
[2024.05.01-14.57.29:374][  0]LogPakFile: PakFile PathHashIndexSize=101
[2024.05.01-14.57.29:374][  0]LogPakFile: PakFile FullDirectoryIndexSize=140
[2024.05.01-14.57.29:374][  0]LogShaderLibrary: Display: ShaderCodeLibraryPakFileMountedCallback: PakFile 'C:/Program Files/Epic Games/UE_4.27/FeaturePacks/TP_Rolling.upack' (chunk index -1, root 'root:/') mounted
[2024.05.01-14.57.29:374][  0]LogShaderLibrary: Display: ShaderCodeLibraryPakFileMountedCallback: pending pak file info (ChunkID:-1 Root:root:/ File:C:/Program Files/Epic Games/UE_4.27/FeaturePacks/TP_Rolling.upack)
[2024.05.01-14.57.29:374][  0]LogPakFile: OnPakFileMounted2Time == 0.000131
[2024.05.01-14.57.29:375][  0]LogPakFile: PakFile PrimaryIndexSize=185
[2024.05.01-14.57.29:375][  0]LogPakFile: PakFile PathHashIndexSize=101
[2024.05.01-14.57.29:375][  0]LogPakFile: PakFile FullDirectoryIndexSize=144
[2024.05.01-14.57.29:375][  0]LogShaderLibrary: Display: ShaderCodeLibraryPakFileMountedCallback: PakFile 'C:/Program Files/Epic Games/UE_4.27/FeaturePacks/TP_RollingBP.upack' (chunk index -1, root 'root:/') mounted
[2024.05.01-14.57.29:375][  0]LogShaderLibrary: Display: ShaderCodeLibraryPakFileMountedCallback: pending pak file info (ChunkID:-1 Root:root:/ File:C:/Program Files/Epic Games/UE_4.27/FeaturePacks/TP_RollingBP.upack)
[2024.05.01-14.57.29:375][  0]LogPakFile: OnPakFileMounted2Time == 0.000131
[2024.05.01-14.57.29:375][  0]LogPakFile: PakFile PrimaryIndexSize=188
[2024.05.01-14.57.29:375][  0]LogPakFile: PakFile PathHashIndexSize=101
[2024.05.01-14.57.29:375][  0]LogPakFile: PakFile FullDirectoryIndexSize=150
[2024.05.01-14.57.29:375][  0]LogShaderLibrary: Display: ShaderCodeLibraryPakFileMountedCallback: PakFile 'C:/Program Files/Epic Games/UE_4.27/FeaturePacks/TP_SideScroller.upack' (chunk index -1, root 'root:/') mounted
[2024.05.01-14.57.29:376][  0]LogShaderLibrary: Display: ShaderCodeLibraryPakFileMountedCallback: pending pak file info (ChunkID:-1 Root:root:/ File:C:/Program Files/Epic Games/UE_4.27/FeaturePacks/TP_SideScroller.upack)
[2024.05.01-14.57.29:376][  0]LogPakFile: OnPakFileMounted2Time == 0.000138
[2024.05.01-14.57.29:376][  0]LogPakFile: PakFile PrimaryIndexSize=190
[2024.05.01-14.57.29:376][  0]LogPakFile: PakFile PathHashIndexSize=101
[2024.05.01-14.57.29:376][  0]LogPakFile: PakFile FullDirectoryIndexSize=154
[2024.05.01-14.57.29:376][  0]LogShaderLibrary: Display: ShaderCodeLibraryPakFileMountedCallback: PakFile 'C:/Program Files/Epic Games/UE_4.27/FeaturePacks/TP_SideScrollerBP.upack' (chunk index -1, root 'root:/') mounted
[2024.05.01-14.57.29:376][  0]LogShaderLibrary: Display: ShaderCodeLibraryPakFileMountedCallback: pending pak file info (ChunkID:-1 Root:root:/ File:C:/Program Files/Epic Games/UE_4.27/FeaturePacks/TP_SideScrollerBP.upack)
[2024.05.01-14.57.29:376][  0]LogPakFile: OnPakFileMounted2Time == 0.000136
[2024.05.01-14.57.29:377][  0]LogPakFile: PakFile PrimaryIndexSize=187
[2024.05.01-14.57.29:377][  0]LogPakFile: PakFile PathHashIndexSize=101
[2024.05.01-14.57.29:377][  0]LogPakFile: PakFile FullDirectoryIndexSize=148
[2024.05.01-14.57.29:377][  0]LogShaderLibrary: Display: ShaderCodeLibraryPakFileMountedCallback: PakFile 'C:/Program Files/Epic Games/UE_4.27/FeaturePacks/TP_ThirdPerson.upack' (chunk index -1, root 'root:/') mounted
[2024.05.01-14.57.29:377][  0]LogShaderLibrary: Display: ShaderCodeLibraryPakFileMountedCallback: pending pak file info (ChunkID:-1 Root:root:/ File:C:/Program Files/Epic Games/UE_4.27/FeaturePacks/TP_ThirdPerson.upack)
[2024.05.01-14.57.29:377][  0]LogPakFile: OnPakFileMounted2Time == 0.000140
[2024.05.01-14.57.29:377][  0]LogPakFile: PakFile PrimaryIndexSize=189
[2024.05.01-14.57.29:377][  0]LogPakFile: PakFile PathHashIndexSize=101
[2024.05.01-14.57.29:377][  0]LogPakFile: PakFile FullDirectoryIndexSize=152
[2024.05.01-14.57.29:377][  0]LogShaderLibrary: Display: ShaderCodeLibraryPakFileMountedCallback: PakFile 'C:/Program Files/Epic Games/UE_4.27/FeaturePacks/TP_ThirdPersonBP.upack' (chunk index -1, root 'root:/') mounted
[2024.05.01-14.57.29:378][  0]LogShaderLibrary: Display: ShaderCodeLibraryPakFileMountedCallback: pending pak file info (ChunkID:-1 Root:root:/ File:C:/Program Files/Epic Games/UE_4.27/FeaturePacks/TP_ThirdPersonBP.upack)
[2024.05.01-14.57.29:378][  0]LogPakFile: OnPakFileMounted2Time == 0.000126
[2024.05.01-14.57.29:378][  0]LogPakFile: PakFile PrimaryIndexSize=183
[2024.05.01-14.57.29:378][  0]LogPakFile: PakFile PathHashIndexSize=101
[2024.05.01-14.57.29:378][  0]LogPakFile: PakFile FullDirectoryIndexSize=140
[2024.05.01-14.57.29:378][  0]LogShaderLibrary: Display: ShaderCodeLibraryPakFileMountedCallback: PakFile 'C:/Program Files/Epic Games/UE_4.27/FeaturePacks/TP_TopDown.upack' (chunk index -1, root 'root:/') mounted
[2024.05.01-14.57.29:378][  0]LogShaderLibrary: Display: ShaderCodeLibraryPakFileMountedCallback: pending pak file info (ChunkID:-1 Root:root:/ File:C:/Program Files/Epic Games/UE_4.27/FeaturePacks/TP_TopDown.upack)
[2024.05.01-14.57.29:378][  0]LogPakFile: OnPakFileMounted2Time == 0.000143
[2024.05.01-14.57.29:379][  0]LogPakFile: PakFile PrimaryIndexSize=185
[2024.05.01-14.57.29:379][  0]LogPakFile: PakFile PathHashIndexSize=101
[2024.05.01-14.57.29:379][  0]LogPakFile: PakFile FullDirectoryIndexSize=144
[2024.05.01-14.57.29:379][  0]LogShaderLibrary: Display: ShaderCodeLibraryPakFileMountedCallback: PakFile 'C:/Program Files/Epic Games/UE_4.27/FeaturePacks/TP_TopDownBP.upack' (chunk index -1, root 'root:/') mounted
[2024.05.01-14.57.29:379][  0]LogShaderLibrary: Display: ShaderCodeLibraryPakFileMountedCallback: pending pak file info (ChunkID:-1 Root:root:/ File:C:/Program Files/Epic Games/UE_4.27/FeaturePacks/TP_TopDownBP.upack)
[2024.05.01-14.57.29:379][  0]LogPakFile: OnPakFileMounted2Time == 0.000134
[2024.05.01-14.57.29:380][  0]LogPakFile: PakFile PrimaryIndexSize=185
[2024.05.01-14.57.29:380][  0]LogPakFile: PakFile PathHashIndexSize=101
[2024.05.01-14.57.29:380][  0]LogPakFile: PakFile FullDirectoryIndexSize=144
[2024.05.01-14.57.29:380][  0]LogShaderLibrary: Display: ShaderCodeLibraryPakFileMountedCallback: PakFile 'C:/Program Files/Epic Games/UE_4.27/FeaturePacks/TP_TwinStick.upack' (chunk index -1, root 'root:/') mounted
[2024.05.01-14.57.29:380][  0]LogShaderLibrary: Display: ShaderCodeLibraryPakFileMountedCallback: pending pak file info (ChunkID:-1 Root:root:/ File:C:/Program Files/Epic Games/UE_4.27/FeaturePacks/TP_TwinStick.upack)
[2024.05.01-14.57.29:380][  0]LogPakFile: OnPakFileMounted2Time == 0.000131
[2024.05.01-14.57.29:380][  0]LogPakFile: PakFile PrimaryIndexSize=187
[2024.05.01-14.57.29:380][  0]LogPakFile: PakFile PathHashIndexSize=101
[2024.05.01-14.57.29:380][  0]LogPakFile: PakFile FullDirectoryIndexSize=148
[2024.05.01-14.57.29:380][  0]LogShaderLibrary: Display: ShaderCodeLibraryPakFileMountedCallback: PakFile 'C:/Program Files/Epic Games/UE_4.27/FeaturePacks/TP_TwinStickBP.upack' (chunk index -1, root 'root:/') mounted
[2024.05.01-14.57.29:381][  0]LogShaderLibrary: Display: ShaderCodeLibraryPakFileMountedCallback: pending pak file info (ChunkID:-1 Root:root:/ File:C:/Program Files/Epic Games/UE_4.27/FeaturePacks/TP_TwinStickBP.upack)
[2024.05.01-14.57.29:381][  0]LogPakFile: OnPakFileMounted2Time == 0.000149
[2024.05.01-14.57.29:381][  0]LogPakFile: PakFile PrimaryIndexSize=183
[2024.05.01-14.57.29:381][  0]LogPakFile: PakFile PathHashIndexSize=101
[2024.05.01-14.57.29:382][  0]LogPakFile: PakFile FullDirectoryIndexSize=140
[2024.05.01-14.57.29:382][  0]LogShaderLibrary: Display: ShaderCodeLibraryPakFileMountedCallback: PakFile 'C:/Program Files/Epic Games/UE_4.27/FeaturePacks/TP_Vehicle.upack' (chunk index -1, root 'root:/') mounted
[2024.05.01-14.57.29:382][  0]LogShaderLibrary: Display: ShaderCodeLibraryPakFileMountedCallback: pending pak file info (ChunkID:-1 Root:root:/ File:C:/Program Files/Epic Games/UE_4.27/FeaturePacks/TP_Vehicle.upack)
[2024.05.01-14.57.29:382][  0]LogPakFile: OnPakFileMounted2Time == 0.000138
[2024.05.01-14.57.29:382][  0]LogPakFile: PakFile PrimaryIndexSize=186
[2024.05.01-14.57.29:382][  0]LogPakFile: PakFile PathHashIndexSize=101
[2024.05.01-14.57.29:382][  0]LogPakFile: PakFile FullDirectoryIndexSize=146
[2024.05.01-14.57.29:382][  0]LogShaderLibrary: Display: ShaderCodeLibraryPakFileMountedCallback: PakFile 'C:/Program Files/Epic Games/UE_4.27/FeaturePacks/TP_VehicleAdv.upack' (chunk index -1, root 'root:/') mounted
[2024.05.01-14.57.29:383][  0]LogShaderLibrary: Display: ShaderCodeLibraryPakFileMountedCallback: pending pak file info (ChunkID:-1 Root:root:/ File:C:/Program Files/Epic Games/UE_4.27/FeaturePacks/TP_VehicleAdv.upack)
[2024.05.01-14.57.29:383][  0]LogPakFile: OnPakFileMounted2Time == 0.000157
[2024.05.01-14.57.29:383][  0]LogPakFile: PakFile PrimaryIndexSize=188
[2024.05.01-14.57.29:383][  0]LogPakFile: PakFile PathHashIndexSize=101
[2024.05.01-14.57.29:383][  0]LogPakFile: PakFile FullDirectoryIndexSize=150
[2024.05.01-14.57.29:383][  0]LogShaderLibrary: Display: ShaderCodeLibraryPakFileMountedCallback: PakFile 'C:/Program Files/Epic Games/UE_4.27/FeaturePacks/TP_VehicleAdvBP.upack' (chunk index -1, root 'root:/') mounted
[2024.05.01-14.57.29:384][  0]LogShaderLibrary: Display: ShaderCodeLibraryPakFileMountedCallback: pending pak file info (ChunkID:-1 Root:root:/ File:C:/Program Files/Epic Games/UE_4.27/FeaturePacks/TP_VehicleAdvBP.upack)
[2024.05.01-14.57.29:384][  0]LogPakFile: OnPakFileMounted2Time == 0.000189
[2024.05.01-14.57.29:384][  0]LogPakFile: PakFile PrimaryIndexSize=185
[2024.05.01-14.57.29:384][  0]LogPakFile: PakFile PathHashIndexSize=101
[2024.05.01-14.57.29:384][  0]LogPakFile: PakFile FullDirectoryIndexSize=144
[2024.05.01-14.57.29:384][  0]LogShaderLibrary: Display: ShaderCodeLibraryPakFileMountedCallback: PakFile 'C:/Program Files/Epic Games/UE_4.27/FeaturePacks/TP_VehicleBP.upack' (chunk index -1, root 'root:/') mounted
[2024.05.01-14.57.29:384][  0]LogShaderLibrary: Display: ShaderCodeLibraryPakFileMountedCallback: pending pak file info (ChunkID:-1 Root:root:/ File:C:/Program Files/Epic Games/UE_4.27/FeaturePacks/TP_VehicleBP.upack)
[2024.05.01-14.57.29:384][  0]LogPakFile: OnPakFileMounted2Time == 0.000162
[2024.05.01-14.57.29:385][  0]LogPakFile: PakFile PrimaryIndexSize=192
[2024.05.01-14.57.29:385][  0]LogPakFile: PakFile PathHashIndexSize=101
[2024.05.01-14.57.29:385][  0]LogPakFile: PakFile FullDirectoryIndexSize=158
[2024.05.01-14.57.29:385][  0]LogShaderLibrary: Display: ShaderCodeLibraryPakFileMountedCallback: PakFile 'C:/Program Files/Epic Games/UE_4.27/FeaturePacks/TP_VirtualRealityBP.upack' (chunk index -1, root 'root:/') mounted
[2024.05.01-14.57.29:385][  0]LogShaderLibrary: Display: ShaderCodeLibraryPakFileMountedCallback: pending pak file info (ChunkID:-1 Root:root:/ File:C:/Program Files/Epic Games/UE_4.27/FeaturePacks/TP_VirtualRealityBP.upack)
[2024.05.01-14.57.29:385][  0]LogPakFile: OnPakFileMounted2Time == 0.000131
[2024.05.01-14.57.29:411][  0]LogNativeClassHierarchy: Verbose: Native class hierarchy updated for 'AddContentDialog' in 0.0002 seconds. Added 0 classes and 0 folders.
[2024.05.01-14.57.29:414][  0]LogNativeClassHierarchy: Verbose: Native class hierarchy updated for 'SceneOutliner' in 0.0001 seconds. Added 2 classes and 0 folders.
[2024.05.01-14.57.29:496][  0]LogSlate: Took 0.000239 seconds to synchronously load lazily loaded font '../../../Engine/Content/Editor/Slate/Fonts/FontAwesome.ttf' (139K)
[2024.05.01-14.57.29:496][  0]LogSlate: Took 0.000105 seconds to synchronously load lazily loaded font '../../../Engine/Content/Slate/Fonts/Roboto-Bold.ttf' (160K)
[2024.05.01-14.57.29:553][  0]LogRenderer: Reallocating scene render targets to support 1208x600 Format 10 NumSamples 1 (Frame:1).
[2024.05.01-14.57.29:605][  0]LogSlate: Took 0.000213 seconds to synchronously load lazily loaded font '../../../Engine/Content/Slate/Fonts/Roboto-Light.ttf' (167K)
[2024.05.01-14.57.29:701][  0]LogNativeClassHierarchy: Verbose: Native class hierarchy updated for 'HierarchicalLODOutliner' in 0.0001 seconds. Added 0 classes and 0 folders.
[2024.05.01-14.57.29:701][  0]LogLoad: (Engine Initialization) Total time: 9.64 seconds
[2024.05.01-14.57.29:701][  0]LogLoad: (Engine Initialization) Total Blueprint compile time: 0.00 seconds
[2024.05.01-14.57.29:766][  0]LogAssetRegistry: Asset discovery search completed in 7.1342 seconds
[2024.05.01-14.57.29:768][  0]LogCollectionManager: Fixed up redirectors for 0 collections in 0.000002 seconds (updated 0 objects)
[2024.05.01-14.57.29:770][  0]LogContentStreaming: Texture pool size now 1000 MB
[2024.05.01-14.57.30:718][ 84]LogSlate: Took 0.000089 seconds to synchronously load lazily loaded font '../../../Engine/Content/Slate/Fonts/Roboto-Light.ttf' (167K)
