  Using 'git status' to determine working set for adaptive non-unity build (C:\Users\edgos\Documents\GitHub\Jelly-Hunt).
  Invalidating makefile for JellyHuntEditor (NPC_AIController.cpp.obj.response modified)
  Parsing headers for JellyHuntEditor
    Running UnrealHeaderTool "C:\Users\edgos\Documents\GitHub\Jelly-Hunt\JellyHunt\JellyHunt.uproject" "C:\Users\edgos\Documents\GitHub\Jelly-Hunt\JellyHunt\Intermediate\Build\Win64\JellyHuntEditor\Development\JellyHuntEditor.uhtmanifest" -LogCmds="loginit warning, logexit warning, logdatabase error" -Unattended -WarningsAsErrors -abslog="C:\Users\edgos\AppData\Local\UnrealBuildTool\Log_UHT.txt" -installed
  LogInit: Display: Loading text-based GConfig....
  Reflection code generated for JellyHuntEditor in 2.8379418 seconds
  Building JellyHuntEditor...
  Using Visual Studio 2022 14.39.33523 toolchain (C:\Program Files\Microsoft Visual Studio\2022\Community\VC\Tools\MSVC\14.39.33519) and Windows 10.0.22621.0 SDK (C:\Program Files (x86)\Windows Kits\10).
  Building 8 actions with 32 processes...
    [1/8] JellyHunt.init.gen.cpp
    [2/8] NPC_AIController.gen.cpp
    [3/8] NPC_AIController.cpp
    [4/8] FindRandomLocation.cpp
    [5/8] FindPlayerLocation.cpp
    [6/8] UE4Editor-JellyHunt-0049.lib
       Creating library C:\Users\edgos\Documents\GitHub\Jelly-Hunt\JellyHunt\Intermediate\Build\Win64\UE4Editor\Development\JellyHunt\UE4Editor-JellyHunt-0049.lib and object C:\Users\edgos\Documents\GitHub\Jelly-Hunt\JellyHunt\Intermediate\Build\Win64\UE4Editor\Development\JellyHunt\UE4Editor-JellyHunt-0049.exp
    [7/8] UE4Editor-JellyHunt-0049.dll
       Creating library C:\Users\edgos\Documents\GitHub\Jelly-Hunt\JellyHunt\Intermediate\Build\Win64\UE4Editor\Development\JellyHunt\UE4Editor-JellyHunt-0049.suppressed.lib and object C:\Users\edgos\Documents\GitHub\Jelly-Hunt\JellyHunt\Intermediate\Build\Win64\UE4Editor\Development\JellyHunt\UE4Editor-JellyHunt-0049.suppressed.exp
    [8/8] JellyHuntEditor.target
  Total time in Parallel executor: 2.54 seconds
  Total execution time: 6.58 seconds
